[0.052s] Invoking command in '/home/hj926217/ros2ws/build/px4_ros_com': CMAKE_PREFIX_PATH=/home/hj926217/ros2ws/install/px4_msgs:/home/hj926217/ros2ws/install/px4_ros_com:/home/hj926217/aruco/install/vision_opencv:/home/hj926217/aruco/install/vertiport_land:/home/hj926217/aruco/install/translation_node:/home/hj926217/aruco/install/precision_land:/home/hj926217/aruco/install/example_rover_velocity_mode_cpp:/home/hj926217/aruco/install/example_mode_with_executor_cpp:/home/hj926217/aruco/install/example_mode_vtol_cpp:/home/hj926217/aruco/install/example_mode_rtl_replacement_cpp:/home/hj926217/aruco/install/example_mode_mission_cpp:/home/hj926217/aruco/install/example_mode_manual_cpp:/home/hj926217/aruco/install/example_mode_goto_global_cpp:/home/hj926217/aruco/install/example_mode_goto_cpp:/home/hj926217/aruco/install/example_mode_fw_attitude_cpp:/home/hj926217/aruco/install/example_local_navigation_cpp:/home/hj926217/aruco/install/example_global_navigation_cpp:/home/hj926217/aruco/install/example_executor_with_multiple_modes_cpp:/home/hj926217/aruco/install/px4_ros2_cpp:/home/hj926217/aruco/install/px4_msgs_old:/home/hj926217/aruco/install/aruco_tracker:/home/hj926217/aruco/install/px4_msgs:/home/hj926217/aruco/install/image_geometry:/home/hj926217/aruco/install/cv_bridge:/home/hj926217/aruco/install/opencv_tests:/opt/ros/humble LD_LIBRARY_PATH=/home/hj926217/ros2ws/install/px4_msgs/lib:/home/hj926217/ros2ws/install/px4_ros_com/lib:/home/hj926217/aruco/install/translation_node/lib:/home/hj926217/aruco/install/px4_msgs_old/lib:/home/hj926217/aruco/install/px4_msgs/lib:/home/hj926217/aruco/install/image_geometry/lib:/home/hj926217/aruco/install/cv_bridge/lib:/home/hj926217/aruco/install/px4_ros2_cpp/lib:/opt/ros/humble/opt/rviz_ogre_vendor/lib:/opt/ros/humble/lib/x86_64-linux-gnu:/opt/ros/humble/lib:/usr/local/lib /usr/bin/cmake --build /home/hj926217/ros2ws/build/px4_ros_com -- -j16 -l16
[0.183s] [ 12%] Built target frame_transforms
[0.277s] [ 12%] Built target ament_cmake_python_copy_px4_ros_com
[0.361s] [ 25%] Built target offboard_control_srv
[1.283s] running egg_info
[1.284s] writing px4_ros_com.egg-info/PKG-INFO
[1.285s] writing dependency_links to px4_ros_com.egg-info/dependency_links.txt
[1.285s] writing top-level names to px4_ros_com.egg-info/top_level.txt
[1.291s] reading manifest file 'px4_ros_com.egg-info/SOURCES.txt'
[1.293s] writing manifest file 'px4_ros_com.egg-info/SOURCES.txt'
[1.366s] [ 25%] Built target ament_cmake_python_build_px4_ros_com_egg
[1.443s] [ 37%] Built target offboard_control
[1.528s] [ 43%] [32mBuilding CXX object CMakeFiles/vertiport_land.dir/src/examples/offboard/VertiportLand.cpp.o[0m
[1.559s] [01m[K/home/hj926217/ros2ws/src/px4_ros_com/src/examples/offboard/VertiportLand.cpp:1:10:[m[K [01;31m[Kfatal error: [m[Kpx4_msgs/msg/offboard_control_mode.hpp: No such file or directory
[1.559s]     1 | #include [01;31m[K<px4_msgs/msg/offboard_control_mode.hpp>[m[K
[1.560s]       |          [01;31m[K^~~~~~~~~~~~~~~~~~~~~~~~~~~~~~~~~~~~~~~~[m[K
[1.560s] compilation terminated.
[1.568s] gmake[2]: *** [CMakeFiles/vertiport_land.dir/build.make:76: CMakeFiles/vertiport_land.dir/src/examples/offboard/VertiportLand.cpp.o] Error 1
[1.569s] gmake[1]: *** [CMakeFiles/Makefile2:284: CMakeFiles/vertiport_land.dir/all] Error 2
[1.569s] gmake: *** [Makefile:146: all] Error 2
[1.578s] Invoked command in '/home/hj926217/ros2ws/build/px4_ros_com' returned '2': CMAKE_PREFIX_PATH=/home/hj926217/ros2ws/install/px4_msgs:/home/hj926217/ros2ws/install/px4_ros_com:/home/hj926217/aruco/install/vision_opencv:/home/hj926217/aruco/install/vertiport_land:/home/hj926217/aruco/install/translation_node:/home/hj926217/aruco/install/precision_land:/home/hj926217/aruco/install/example_rover_velocity_mode_cpp:/home/hj926217/aruco/install/example_mode_with_executor_cpp:/home/hj926217/aruco/install/example_mode_vtol_cpp:/home/hj926217/aruco/install/example_mode_rtl_replacement_cpp:/home/hj926217/aruco/install/example_mode_mission_cpp:/home/hj926217/aruco/install/example_mode_manual_cpp:/home/hj926217/aruco/install/example_mode_goto_global_cpp:/home/hj926217/aruco/install/example_mode_goto_cpp:/home/hj926217/aruco/install/example_mode_fw_attitude_cpp:/home/hj926217/aruco/install/example_local_navigation_cpp:/home/hj926217/aruco/install/example_global_navigation_cpp:/home/hj926217/aruco/install/example_executor_with_multiple_modes_cpp:/home/hj926217/aruco/install/px4_ros2_cpp:/home/hj926217/aruco/install/px4_msgs_old:/home/hj926217/aruco/install/aruco_tracker:/home/hj926217/aruco/install/px4_msgs:/home/hj926217/aruco/install/image_geometry:/home/hj926217/aruco/install/cv_bridge:/home/hj926217/aruco/install/opencv_tests:/opt/ros/humble LD_LIBRARY_PATH=/home/hj926217/ros2ws/install/px4_msgs/lib:/home/hj926217/ros2ws/install/px4_ros_com/lib:/home/hj926217/aruco/install/translation_node/lib:/home/hj926217/aruco/install/px4_msgs_old/lib:/home/hj926217/aruco/install/px4_msgs/lib:/home/hj926217/aruco/install/image_geometry/lib:/home/hj926217/aruco/install/cv_bridge/lib:/home/hj926217/aruco/install/px4_ros2_cpp/lib:/opt/ros/humble/opt/rviz_ogre_vendor/lib:/opt/ros/humble/lib/x86_64-linux-gnu:/opt/ros/humble/lib:/usr/local/lib /usr/bin/cmake --build /home/hj926217/ros2ws/build/px4_ros_com -- -j16 -l16
