[35m[1mConsolidate compiler generated dependencies of target path_follower[0m
[  5%] Built target frame_transforms
[ 10%] Built target gripper_send_two
[ 15%] Built target goal_marker_pub
[ 21%] Built target gripper_send_zero
[ 26%] Built target sensor_combined_listener
[ 31%] Built target nav_path
[ 36%] Built target landing_target_sender_mavros
[ 42%] Built target circle_flight
[ 47%] Built target goal_to_path
[ 52%] Built target ground_odom
[ 57%] Built target debug_vect_advertiser
[ 63%] Built target vehicle_gps_position_listener
[ 65%] [32mBuilding CXX object CMakeFiles/path_follower.dir/src/path_follower.cpp.o[0m
[ 71%] Built target vertiport_land
[ 76%] Built target offboard_control_srv
[ 81%] Built target aruco_position_publisher_node
[ 86%] Built target aruco_position_sub
[ 92%] Built target offboard_control
[ 92%] Built target ament_cmake_python_copy_px4_ros_com
[ 97%] Built target tf2_control
running egg_info
writing px4_ros_com.egg-info/PKG-INFO
writing dependency_links to px4_ros_com.egg-info/dependency_links.txt
writing top-level names to px4_ros_com.egg-info/top_level.txt
reading manifest file 'px4_ros_com.egg-info/SOURCES.txt'
writing manifest file 'px4_ros_com.egg-info/SOURCES.txt'
[ 97%] Built target ament_cmake_python_build_px4_ros_com_egg
