[0.046s] Invoking command in '/home/hj926217/ros2ws/build/px4_ros_com': CMAKE_PREFIX_PATH=/home/hj926217/ros2ws/install/px4_msgs:/home/hj926217/ros2ws/install/px4_ros_com:/opt/ros/humble LD_LIBRARY_PATH=/home/hj926217/ros2ws/install/px4_msgs/lib:/home/hj926217/ros2ws/install/px4_ros_com/lib:/opt/ros/humble/opt/rviz_ogre_vendor/lib:/opt/ros/humble/lib/x86_64-linux-gnu:/opt/ros/humble/lib:/usr/local/lib /usr/bin/cmake --build /home/hj926217/ros2ws/build/px4_ros_com -- -j16 -l16
[0.179s] [35m[1mConsolidate compiler generated dependencies of target local_path[0m
[0.202s] [  4%] Built target gripper_send_two
[0.208s] [ 11%] Built target frame_transforms
[0.208s] [ 14%] Built target gripper_send_zero
[0.212s] [ 19%] Built target goal_marker_pub
[0.219s] [ 23%] Built target landing_target_sender_mavros
[0.226s] [ 28%] Built target path_follower
[0.236s] [ 33%] Built target global_path
[0.254s] [ 35%] [32mBuilding CXX object CMakeFiles/local_path.dir/src/local_path.cpp.o[0m
[0.298s] [ 40%] Built target circle_flight
[0.303s] [ 45%] Built target tf2_control
[0.305s] [ 50%] Built target offboard_control
[0.314s] [ 54%] Built target offboard_control_srv
[0.336s] [ 59%] Built target aruco_position_publisher_node
[0.336s] [ 64%] Built target aruco_position_sub
[0.361s] [ 64%] Built target ament_cmake_python_copy_px4_ros_com
[0.398s] [ 69%] Built target sensor_combined_listener
[0.401s] [ 73%] Built target vertiport_land
[0.405s] [ 78%] Built target debug_vect_advertiser
[0.406s] [ 83%] Built target vehicle_gps_position_listener
[0.408s] [ 88%] Built target ground_odom
[0.410s] [ 92%] Built target nav_path
[0.416s] [ 97%] Built target goal_to_path
[1.167s] running egg_info
[1.170s] writing px4_ros_com.egg-info/PKG-INFO
[1.171s] writing dependency_links to px4_ros_com.egg-info/dependency_links.txt
[1.172s] writing top-level names to px4_ros_com.egg-info/top_level.txt
[1.180s] reading manifest file 'px4_ros_com.egg-info/SOURCES.txt'
[1.183s] writing manifest file 'px4_ros_com.egg-info/SOURCES.txt'
[1.276s] [ 97%] Built target ament_cmake_python_build_px4_ros_com_egg
[9.843s] [01m[K/home/hj926217/ros2ws/src/px4_ros_com/src/local_path.cpp:287:68:[m[K [01;31m[Kerror: [m[K‘[01m[Kreminder[m[K’ has not been declared
[9.844s]   287 | e void cellToXYZ(int x, int y, int z, double& X, double& Y, [01;31m[Kreminder[m[K: the tool instructions say
[9.844s]       |                                                             [01;31m[K^~~~~~~~[m[K
[9.844s] 
[9.844s] [01m[K/home/hj926217/ros2ws/src/px4_ros_com/src/local_path.cpp:287:76:[m[K [01;31m[Kerror: [m[Kexpected ‘[01m[K,[m[K’ or ‘[01m[K...[m[K’ before ‘[01m[K:[m[K’ token
[9.844s]   287 | ellToXYZ(int x, int y, int z, double& X, double& Y, reminder[01;31m[K:[m[K the tool instructions say
[9.844s]       |                                                             [01;31m[K^[m[K
[9.844s] 
[9.930s] [01m[K/home/hj926217/ros2ws/src/px4_ros_com/src/local_path.cpp:[m[K In member function ‘[01m[Kvoid OctomapLocalGoalPlanner::cellToXYZ(int, int, int, double&, double&, int) const[m[K’:
[9.930s] [01m[K/home/hj926217/ros2ws/src/px4_ros_com/src/local_path.cpp:291:5:[m[K [01;31m[Kerror: [m[K‘[01m[KZ[m[K’ was not declared in this scope
[9.930s]   291 |     [01;31m[KZ[m[K = z_min_ + z * res_;
[9.931s]       |     [01;31m[K^[m[K
[24.580s] gmake[2]: *** [CMakeFiles/local_path.dir/build.make:76: CMakeFiles/local_path.dir/src/local_path.cpp.o] Error 1
[24.581s] gmake[1]: *** [CMakeFiles/Makefile2:180: CMakeFiles/local_path.dir/all] Error 2
[24.582s] gmake: *** [Makefile:146: all] Error 2
[24.590s] Invoked command in '/home/hj926217/ros2ws/build/px4_ros_com' returned '2': CMAKE_PREFIX_PATH=/home/hj926217/ros2ws/install/px4_msgs:/home/hj926217/ros2ws/install/px4_ros_com:/opt/ros/humble LD_LIBRARY_PATH=/home/hj926217/ros2ws/install/px4_msgs/lib:/home/hj926217/ros2ws/install/px4_ros_com/lib:/opt/ros/humble/opt/rviz_ogre_vendor/lib:/opt/ros/humble/lib/x86_64-linux-gnu:/opt/ros/humble/lib:/usr/local/lib /usr/bin/cmake --build /home/hj926217/ros2ws/build/px4_ros_com -- -j16 -l16
