[0.041s] Invoking command in '/home/hj926217/ros2ws/build/px4_ros_com': AMENT_PREFIX_PATH=/home/hj926217/ros2ws/install/px4_msgs:${AMENT_PREFIX_PATH} CMAKE_PREFIX_PATH=/home/hj926217/ros2ws/install/px4_msgs:/opt/ros/humble LD_LIBRARY_PATH=/home/hj926217/ros2ws/install/px4_msgs/lib:/opt/ros/humble/opt/rviz_ogre_vendor/lib:/opt/ros/humble/lib/x86_64-linux-gnu:/opt/ros/humble/lib:/usr/local/lib PYTHONPATH=/home/hj926217/ros2ws/install/px4_msgs/local/lib/python3.10/dist-packages:${PYTHONPATH} /usr/bin/cmake --build /home/hj926217/ros2ws/build/px4_ros_com -- -j16 -l16
[0.120s] -- Found ament_cmake: 1.3.12 (/opt/ros/humble/share/ament_cmake/cmake)
[0.487s] -- Found builtin_interfaces: 1.2.2 (/opt/ros/humble/share/builtin_interfaces/cmake)
[0.558s] -- Found rosidl_generator_c: 3.1.7 (/opt/ros/humble/share/rosidl_generator_c/cmake)
[0.565s] -- Found rosidl_adapter: 3.1.7 (/opt/ros/humble/share/rosidl_adapter/cmake)
[0.580s] -- Found rosidl_generator_cpp: 3.1.7 (/opt/ros/humble/share/rosidl_generator_cpp/cmake)
[0.606s] -- Using all available rosidl_typesupport_c: rosidl_typesupport_fastrtps_c;rosidl_typesupport_introspection_c
[0.641s] -- Using all available rosidl_typesupport_cpp: rosidl_typesupport_fastrtps_cpp;rosidl_typesupport_introspection_cpp
[0.675s] -- Found eigen3_cmake_module: 0.1.1 (/opt/ros/humble/share/eigen3_cmake_module/cmake)
[0.677s] -- Found geometry_msgs: 4.9.0 (/opt/ros/humble/share/geometry_msgs/cmake)
[0.744s] -- Found px4_msgs: 2.0.1 (/home/hj926217/aruco/install/px4_msgs/share/px4_msgs/cmake)
[0.775s] -- Found rclcpp: 16.0.15 (/opt/ros/humble/share/rclcpp/cmake)
[0.840s] -- Found rmw_implementation_cmake: 6.1.2 (/opt/ros/humble/share/rmw_implementation_cmake/cmake)
[0.844s] -- Found rmw_fastrtps_cpp: 6.2.9 (/opt/ros/humble/share/rmw_fastrtps_cpp/cmake)
[1.146s] -- Using RMW implementation 'rmw_fastrtps_cpp' as default
[1.250s] -- Found sensor_msgs: 4.9.0 (/opt/ros/humble/share/sensor_msgs/cmake)
[1.295s] -- Found rclpy: 3.3.17 (/opt/ros/humble/share/rclpy/cmake)
[1.295s] -- Found tf2: 0.25.16 (/opt/ros/humble/share/tf2/cmake)
[1.304s] -- Found tf2_ros: 0.25.16 (/opt/ros/humble/share/tf2_ros/cmake)
[1.523s] -- Found tf2_geometry_msgs: 0.25.16 (/opt/ros/humble/share/tf2_geometry_msgs/cmake)
[1.537s] -- Ensuring Eigen3 include directory is part of orocos-kdl CMake target
[1.541s] -- Found nav_msgs: 4.9.0 (/opt/ros/humble/share/nav_msgs/cmake)
[1.615s] -- Found ament_lint_auto: 0.12.14 (/opt/ros/humble/share/ament_lint_auto/cmake)
[1.838s] -- Added test 'copyright' to check source files copyright and LICENSE
[1.849s] -- Added test 'cppcheck' to perform static code analysis on C / C++ code
[1.851s] -- Configured cppcheck include dirs: /home/hj926217/ros2ws/src/px4_ros_com/include;$<BUILD_INTERFACE:/home/hj926217/ros2ws/src/px4_ros_com/include/px4_ros_com>
[1.851s] -- Configured cppcheck exclude dirs and/or files: 
[1.859s] -- Added test 'cpplint' to check C / C++ code against the Google style
[1.860s] -- Configured cpplint exclude dirs and/or files: 
[1.862s] -- Added test 'flake8' to check Python code syntax and style conventions
[1.865s] -- Added test 'lint_cmake' to check CMake code style
[1.867s] -- Added test 'pep257' to check Python code against some of the docstring style conventions in PEP 257
[1.874s] -- Added test 'uncrustify' to check C / C++ code style
[1.875s] -- Configured uncrustify additional arguments: 
[1.876s] -- Added test 'xmllint' to check XML markup files
[1.883s] -- Configuring done
[1.899s] [31mCMake Error at CMakeLists.txt:76 (add_executable):
[1.899s]   Cannot find source file:
[1.899s] 
[1.899s]     VertiportLand.cpp
[1.899s] 
[1.900s]   Tried extensions .c .C .c++ .cc .cpp .cxx .cu .mpp .m .M .mm .ixx .cppm .h
[1.900s]   .hh .h++ .hm .hpp .hxx .in .txx .f .F .for .f77 .f90 .f95 .f03 .hip .ispc
[1.900s] 
[1.900s] [0m
[1.902s] [31mCMake Error at CMakeLists.txt:76 (add_executable):
[1.902s]   No SOURCES given to target: vertiport_land
[1.902s] 
[1.902s] [0m
[1.903s] [0mCMake Generate step failed.  Build files cannot be regenerated correctly.[0m
[1.936s] gmake: *** [Makefile:541: cmake_check_build_system] Error 1
[1.939s] Invoked command in '/home/hj926217/ros2ws/build/px4_ros_com' returned '2': AMENT_PREFIX_PATH=/home/hj926217/ros2ws/install/px4_msgs:${AMENT_PREFIX_PATH} CMAKE_PREFIX_PATH=/home/hj926217/ros2ws/install/px4_msgs:/opt/ros/humble LD_LIBRARY_PATH=/home/hj926217/ros2ws/install/px4_msgs/lib:/opt/ros/humble/opt/rviz_ogre_vendor/lib:/opt/ros/humble/lib/x86_64-linux-gnu:/opt/ros/humble/lib:/usr/local/lib PYTHONPATH=/home/hj926217/ros2ws/install/px4_msgs/local/lib/python3.10/dist-packages:${PYTHONPATH} /usr/bin/cmake --build /home/hj926217/ros2ws/build/px4_ros_com -- -j16 -l16
