[0.045s] Invoking command in '/home/hj926217/ros2ws/build/px4_ros_com': AMENT_PREFIX_PATH=/home/hj926217/ros2ws/install/px4_msgs:${AMENT_PREFIX_PATH} CMAKE_PREFIX_PATH=/home/hj926217/ros2ws/install/px4_msgs:/home/hj926217/aruco/install/px4_ros2_cpp:/opt/ros/humble LD_LIBRARY_PATH=/home/hj926217/ros2ws/install/px4_msgs/lib:/home/hj926217/aruco/install/px4_ros2_cpp/lib:/opt/ros/humble/opt/rviz_ogre_vendor/lib:/opt/ros/humble/lib/x86_64-linux-gnu:/opt/ros/humble/lib:/usr/local/lib PYTHONPATH=/home/hj926217/ros2ws/install/px4_msgs/local/lib/python3.10/dist-packages:${PYTHONPATH} /usr/bin/cmake --build /home/hj926217/ros2ws/build/px4_ros_com -- -j16 -l16
[0.135s] -- Found ament_cmake: 1.3.12 (/opt/ros/humble/share/ament_cmake/cmake)
[0.515s] -- Found builtin_interfaces: 1.2.2 (/opt/ros/humble/share/builtin_interfaces/cmake)
[0.590s] -- Found rosidl_generator_c: 3.1.7 (/opt/ros/humble/share/rosidl_generator_c/cmake)
[0.595s] -- Found rosidl_adapter: 3.1.7 (/opt/ros/humble/share/rosidl_adapter/cmake)
[0.611s] -- Found rosidl_generator_cpp: 3.1.7 (/opt/ros/humble/share/rosidl_generator_cpp/cmake)
[0.635s] -- Using all available rosidl_typesupport_c: rosidl_typesupport_fastrtps_c;rosidl_typesupport_introspection_c
[0.672s] -- Using all available rosidl_typesupport_cpp: rosidl_typesupport_fastrtps_cpp;rosidl_typesupport_introspection_cpp
[0.703s] -- Found eigen3_cmake_module: 0.1.1 (/opt/ros/humble/share/eigen3_cmake_module/cmake)
[0.706s] -- Found geometry_msgs: 4.9.0 (/opt/ros/humble/share/geometry_msgs/cmake)
[0.773s] -- Found px4_msgs: 2.0.1 (/home/hj926217/aruco/install/px4_msgs/share/px4_msgs/cmake)
[0.802s] -- Found rclcpp: 16.0.15 (/opt/ros/humble/share/rclcpp/cmake)
[0.869s] -- Found rmw_implementation_cmake: 6.1.2 (/opt/ros/humble/share/rmw_implementation_cmake/cmake)
[0.874s] -- Found rmw_fastrtps_cpp: 6.2.9 (/opt/ros/humble/share/rmw_fastrtps_cpp/cmake)
[1.171s] -- Using RMW implementation 'rmw_fastrtps_cpp' as default
[1.280s] -- Found sensor_msgs: 4.9.0 (/opt/ros/humble/share/sensor_msgs/cmake)
[1.332s] -- Found rclpy: 3.3.17 (/opt/ros/humble/share/rclpy/cmake)
[1.333s] -- Found tf2: 0.25.16 (/opt/ros/humble/share/tf2/cmake)
[1.344s] -- Found tf2_ros: 0.25.16 (/opt/ros/humble/share/tf2_ros/cmake)
[1.545s] -- Found tf2_geometry_msgs: 0.25.16 (/opt/ros/humble/share/tf2_geometry_msgs/cmake)
[1.560s] -- Ensuring Eigen3 include directory is part of orocos-kdl CMake target
[1.564s] -- Found nav_msgs: 4.9.0 (/opt/ros/humble/share/nav_msgs/cmake)
[1.634s] -- Found ament_lint_auto: 0.12.14 (/opt/ros/humble/share/ament_lint_auto/cmake)
[1.847s] -- Added test 'copyright' to check source files copyright and LICENSE
[1.856s] -- Added test 'cppcheck' to perform static code analysis on C / C++ code
[1.858s] -- Configured cppcheck include dirs: /home/hj926217/ros2ws/src/px4_ros_com/include;$<BUILD_INTERFACE:/home/hj926217/ros2ws/src/px4_ros_com/include/px4_ros_com>
[1.859s] -- Configured cppcheck exclude dirs and/or files: 
[1.872s] -- Added test 'cpplint' to check C / C++ code against the Google style
[1.872s] -- Configured cpplint exclude dirs and/or files: 
[1.873s] -- Added test 'flake8' to check Python code syntax and style conventions
[1.878s] -- Added test 'lint_cmake' to check CMake code style
[1.880s] -- Added test 'pep257' to check Python code against some of the docstring style conventions in PEP 257
[1.891s] -- Added test 'uncrustify' to check C / C++ code style
[1.892s] -- Configured uncrustify additional arguments: 
[1.893s] -- Added test 'xmllint' to check XML markup files
[1.897s] -- Configuring done
[2.000s] -- Generating done
[2.037s] -- Build files have been written to: /home/hj926217/ros2ws/build/px4_ros_com
[2.133s] [35m[1mConsolidate compiler generated dependencies of target frame_transforms[0m
[2.180s] [ 12%] Built target frame_transforms
[2.271s] [ 12%] Built target ament_cmake_python_copy_px4_ros_com
[2.300s] [35m[1mConsolidate compiler generated dependencies of target offboard_control_srv[0m
[2.343s] [ 25%] Built target offboard_control_srv
[3.190s] running egg_info
[3.194s] writing px4_ros_com.egg-info/PKG-INFO
[3.194s] writing dependency_links to px4_ros_com.egg-info/dependency_links.txt
[3.195s] writing top-level names to px4_ros_com.egg-info/top_level.txt
[3.201s] reading manifest file 'px4_ros_com.egg-info/SOURCES.txt'
[3.203s] writing manifest file 'px4_ros_com.egg-info/SOURCES.txt'
[3.274s] [ 25%] Built target ament_cmake_python_build_px4_ros_com_egg
[3.300s] [35m[1mConsolidate compiler generated dependencies of target offboard_control[0m
[3.344s] [ 37%] Built target offboard_control
[3.386s] [35m[1mConsolidate compiler generated dependencies of target vertiport_land[0m
[3.430s] [ 43%] [32mBuilding CXX object CMakeFiles/vertiport_land.dir/src/examples/offboard/VertiportLand.cpp.o[0m
[3.454s] [01m[K/home/hj926217/ros2ws/src/px4_ros_com/src/examples/offboard/VertiportLand.cpp:1:10:[m[K [01;31m[Kfatal error: [m[Kpx4_msgs/msg/offboard_control_mode.hpp: No such file or directory
[3.454s]     1 | #include [01;31m[K<px4_msgs/msg/offboard_control_mode.hpp>[m[K
[3.454s]       |          [01;31m[K^~~~~~~~~~~~~~~~~~~~~~~~~~~~~~~~~~~~~~~~[m[K
[3.454s] compilation terminated.
[3.455s] gmake[2]: *** [CMakeFiles/vertiport_land.dir/build.make:76: CMakeFiles/vertiport_land.dir/src/examples/offboard/VertiportLand.cpp.o] Error 1
[3.456s] gmake[1]: *** [CMakeFiles/Makefile2:284: CMakeFiles/vertiport_land.dir/all] Error 2
[3.456s] gmake: *** [Makefile:146: all] Error 2
[3.465s] Invoked command in '/home/hj926217/ros2ws/build/px4_ros_com' returned '2': AMENT_PREFIX_PATH=/home/hj926217/ros2ws/install/px4_msgs:${AMENT_PREFIX_PATH} CMAKE_PREFIX_PATH=/home/hj926217/ros2ws/install/px4_msgs:/home/hj926217/aruco/install/px4_ros2_cpp:/opt/ros/humble LD_LIBRARY_PATH=/home/hj926217/ros2ws/install/px4_msgs/lib:/home/hj926217/aruco/install/px4_ros2_cpp/lib:/opt/ros/humble/opt/rviz_ogre_vendor/lib:/opt/ros/humble/lib/x86_64-linux-gnu:/opt/ros/humble/lib:/usr/local/lib PYTHONPATH=/home/hj926217/ros2ws/install/px4_msgs/local/lib/python3.10/dist-packages:${PYTHONPATH} /usr/bin/cmake --build /home/hj926217/ros2ws/build/px4_ros_com -- -j16 -l16
