[0.071s] Invoking command in '/home/hj926217/ros2ws/build/px4_ros_com': CMAKE_PREFIX_PATH=/home/hj926217/ros2ws/install/px4_msgs:/home/hj926217/ros2ws/install/px4_ros_com:/opt/ros/humble LD_LIBRARY_PATH=/home/hj926217/ros2ws/install/px4_msgs/lib:/home/hj926217/ros2ws/install/px4_ros_com/lib:/opt/ros/humble/opt/rviz_ogre_vendor/lib:/opt/ros/humble/lib/x86_64-linux-gnu:/opt/ros/humble/lib:/usr/local/lib /usr/bin/cmake --build /home/hj926217/ros2ws/build/px4_ros_com -- -j16 -l16
[0.281s] [35m[1mConsolidate compiler generated dependencies of target goal_astar_octomap_safe_node[0m
[0.337s] [  5%] Built target frame_transforms
[0.344s] [ 12%] Built target ground_odom
[0.345s] [ 17%] Built target path_follower
[0.349s] [ 20%] Built target gripper_send_two
[0.359s] [ 25%] Built target landing_target_sender_mavros
[0.374s] [ 30%] Built target sensor_combined_listener
[0.376s] [ 35%] Built target goal_marker_pub
[0.378s] [ 37%] [32mBuilding CXX object CMakeFiles/goal_astar_octomap_safe_node.dir/src/goal_astar_octomap_safe_node.cpp.o[0m
[0.379s] [ 42%] Built target goal_to_path
[0.385s] [ 47%] Built target vehicle_gps_position_listener
[0.398s] [ 52%] Built target gripper_send_zero
[0.482s] [ 57%] Built target circle_flight
[0.492s] [ 62%] Built target tf2_control
[0.498s] [ 67%] Built target nav_path
[0.510s] [ 77%] Built target offboard_control
[0.511s] [ 77%] Built target aruco_position_publisher_node
[0.513s] [ 82%] Built target vertiport_land
[0.513s] [ 87%] Built target debug_vect_advertiser
[0.518s] [ 92%] Built target offboard_control_srv
[0.526s] [ 97%] Built target aruco_position_sub
[0.562s] [ 97%] Built target ament_cmake_python_copy_px4_ros_com
[1.708s] running egg_info
[1.711s] writing px4_ros_com.egg-info/PKG-INFO
[1.713s] writing dependency_links to px4_ros_com.egg-info/dependency_links.txt
[1.728s] writing top-level names to px4_ros_com.egg-info/top_level.txt
[1.728s] reading manifest file 'px4_ros_com.egg-info/SOURCES.txt'
[1.729s] writing manifest file 'px4_ros_com.egg-info/SOURCES.txt'
[1.826s] [ 97%] Built target ament_cmake_python_build_px4_ros_com_egg
[53.408s] [100%] [32m[1mLinking CXX executable goal_astar_octomap_safe_node[0m
[56.242s] [100%] Built target goal_astar_octomap_safe_node
[56.285s] Invoked command in '/home/hj926217/ros2ws/build/px4_ros_com' returned '0': CMAKE_PREFIX_PATH=/home/hj926217/ros2ws/install/px4_msgs:/home/hj926217/ros2ws/install/px4_ros_com:/opt/ros/humble LD_LIBRARY_PATH=/home/hj926217/ros2ws/install/px4_msgs/lib:/home/hj926217/ros2ws/install/px4_ros_com/lib:/opt/ros/humble/opt/rviz_ogre_vendor/lib:/opt/ros/humble/lib/x86_64-linux-gnu:/opt/ros/humble/lib:/usr/local/lib /usr/bin/cmake --build /home/hj926217/ros2ws/build/px4_ros_com -- -j16 -l16
[56.319s] Invoking command in '/home/hj926217/ros2ws/build/px4_ros_com': CMAKE_PREFIX_PATH=/home/hj926217/ros2ws/install/px4_msgs:/home/hj926217/ros2ws/install/px4_ros_com:/opt/ros/humble LD_LIBRARY_PATH=/home/hj926217/ros2ws/install/px4_msgs/lib:/home/hj926217/ros2ws/install/px4_ros_com/lib:/opt/ros/humble/opt/rviz_ogre_vendor/lib:/opt/ros/humble/lib/x86_64-linux-gnu:/opt/ros/humble/lib:/usr/local/lib /usr/bin/cmake --install /home/hj926217/ros2ws/build/px4_ros_com
[56.344s] -- Install configuration: ""
[56.344s] -- Installing: /home/hj926217/ros2ws/install/px4_ros_com/lib/px4_ros_com/goal_astar_octomap_safe_node
[56.371s] -- Set runtime path of "/home/hj926217/ros2ws/install/px4_ros_com/lib/px4_ros_com/goal_astar_octomap_safe_node" to ""
[56.372s] -- Up-to-date: /home/hj926217/ros2ws/install/px4_ros_com/lib/px4_ros_com/landing_target_sender_mavros
[56.373s] -- Up-to-date: /home/hj926217/ros2ws/install/px4_ros_com/lib/px4_ros_com/gripper_send_zero
[56.373s] -- Up-to-date: /home/hj926217/ros2ws/install/px4_ros_com/lib/px4_ros_com/gripper_send_two
[56.374s] -- Up-to-date: /home/hj926217/ros2ws/install/px4_ros_com/lib/px4_ros_com/path_follower
[56.375s] -- Up-to-date: /home/hj926217/ros2ws/install/px4_ros_com/lib/px4_ros_com/goal_marker_pub
[56.376s] -- Up-to-date: /home/hj926217/ros2ws/install/px4_ros_com/lib/px4_ros_com/goal_to_path
[56.377s] -- Up-to-date: /home/hj926217/ros2ws/install/px4_ros_com/lib/px4_ros_com/ground_odom
[56.378s] -- Up-to-date: /home/hj926217/ros2ws/install/px4_ros_com/lib/px4_ros_com/sensor_combined_listener
[56.379s] -- Up-to-date: /home/hj926217/ros2ws/install/px4_ros_com/lib/px4_ros_com/vehicle_gps_position_listener
[56.379s] -- Up-to-date: /home/hj926217/ros2ws/install/px4_ros_com/lib/px4_ros_com/debug_vect_advertiser
[56.380s] -- Up-to-date: /home/hj926217/ros2ws/install/px4_ros_com/lib/px4_ros_com/nav_path
[56.381s] -- Up-to-date: /home/hj926217/ros2ws/install/px4_ros_com/lib/px4_ros_com/circle_flight
[56.382s] -- Up-to-date: /home/hj926217/ros2ws/install/px4_ros_com/lib/px4_ros_com/tf2_control
[56.383s] -- Up-to-date: /home/hj926217/ros2ws/install/px4_ros_com/lib/px4_ros_com/aruco_position_sub
[56.384s] -- Up-to-date: /home/hj926217/ros2ws/install/px4_ros_com/lib/px4_ros_com/vertiport_land
[56.385s] -- Up-to-date: /home/hj926217/ros2ws/install/px4_ros_com/lib/px4_ros_com/aruco_position_publisher_node
[56.385s] -- Up-to-date: /home/hj926217/ros2ws/install/px4_ros_com/lib/px4_ros_com/offboard_control
[56.385s] -- Up-to-date: /home/hj926217/ros2ws/install/px4_ros_com/lib/px4_ros_com/offboard_control_srv
[56.386s] -- Up-to-date: /home/hj926217/ros2ws/install/px4_ros_com/share/px4_ros_com/environment/library_path.sh
[56.387s] -- Up-to-date: /home/hj926217/ros2ws/install/px4_ros_com/share/px4_ros_com/environment/library_path.dsv
[56.387s] -- Up-to-date: /home/hj926217/ros2ws/install/px4_ros_com/include/px4_ros_com
[56.387s] -- Up-to-date: /home/hj926217/ros2ws/install/px4_ros_com/include/px4_ros_com/frame_transforms.h
[56.388s] -- Up-to-date: /home/hj926217/ros2ws/install/px4_ros_com/lib/libframe_transforms.so
[56.389s] -- Up-to-date: /home/hj926217/ros2ws/install/px4_ros_com/share/px4_ros_com//launch
[56.390s] -- Up-to-date: /home/hj926217/ros2ws/install/px4_ros_com/share/px4_ros_com//launch/lidar_octomap_launch.py
[56.390s] -- Up-to-date: /home/hj926217/ros2ws/install/px4_ros_com/share/px4_ros_com//launch/rtab_points.launch.py
[56.391s] -- Up-to-date: /home/hj926217/ros2ws/install/px4_ros_com/share/px4_ros_com//launch/path_follower_launch.py
[56.391s] -- Up-to-date: /home/hj926217/ros2ws/install/px4_ros_com/share/px4_ros_com//launch/offboard_control_launch.yaml
[56.392s] -- Up-to-date: /home/hj926217/ros2ws/install/px4_ros_com/share/px4_ros_com//launch/123.launch.py
[56.392s] -- Up-to-date: /home/hj926217/ros2ws/install/px4_ros_com/share/px4_ros_com//launch/sensor_combined_listener.launch.py
[56.392s] -- Up-to-date: /home/hj926217/ros2ws/install/px4_ros_com/share/px4_ros_com//test
[56.392s] -- Up-to-date: /home/hj926217/ros2ws/install/px4_ros_com/share/px4_ros_com//test/test_output.py
[56.393s] -- Up-to-date: /home/hj926217/ros2ws/install/px4_ros_com/share/px4_ros_com//test/__init__.py
[56.393s] -- Up-to-date: /home/hj926217/ros2ws/install/px4_ros_com/share/px4_ros_com//test/pipeline_io_test.py
[56.393s] -- Up-to-date: /home/hj926217/ros2ws/install/px4_ros_com/share/px4_ros_com//test/test_input.py
[56.394s] -- Up-to-date: /home/hj926217/ros2ws/install/px4_ros_com/share/px4_ros_com/environment/pythonpath.sh
[56.395s] -- Up-to-date: /home/hj926217/ros2ws/install/px4_ros_com/share/px4_ros_com/environment/pythonpath.dsv
[56.395s] -- Up-to-date: /home/hj926217/ros2ws/install/px4_ros_com/local/lib/python3.10/dist-packages/px4_ros_com-0.1.0-py3.10.egg-info
[56.395s] -- Installing: /home/hj926217/ros2ws/install/px4_ros_com/local/lib/python3.10/dist-packages/px4_ros_com-0.1.0-py3.10.egg-info/SOURCES.txt
[56.395s] -- Installing: /home/hj926217/ros2ws/install/px4_ros_com/local/lib/python3.10/dist-packages/px4_ros_com-0.1.0-py3.10.egg-info/PKG-INFO
[56.395s] -- Installing: /home/hj926217/ros2ws/install/px4_ros_com/local/lib/python3.10/dist-packages/px4_ros_com-0.1.0-py3.10.egg-info/top_level.txt
[56.396s] -- Installing: /home/hj926217/ros2ws/install/px4_ros_com/local/lib/python3.10/dist-packages/px4_ros_com-0.1.0-py3.10.egg-info/dependency_links.txt
[56.396s] -- Up-to-date: /home/hj926217/ros2ws/install/px4_ros_com/local/lib/python3.10/dist-packages/px4_ros_com
[56.396s] -- Up-to-date: /home/hj926217/ros2ws/install/px4_ros_com/local/lib/python3.10/dist-packages/px4_ros_com/module_to_import.py
[56.396s] -- Up-to-date: /home/hj926217/ros2ws/install/px4_ros_com/local/lib/python3.10/dist-packages/px4_ros_com/__init__.py
[56.520s] Listing '/home/hj926217/ros2ws/install/px4_ros_com/local/lib/python3.10/dist-packages/px4_ros_com'...
[56.540s] -- Up-to-date: /home/hj926217/ros2ws/install/px4_ros_com/lib/px4_ros_com/offboard_control.py
[56.540s] -- Up-to-date: /home/hj926217/ros2ws/install/px4_ros_com/share/ament_index/resource_index/package_run_dependencies/px4_ros_com
[56.541s] -- Up-to-date: /home/hj926217/ros2ws/install/px4_ros_com/share/ament_index/resource_index/parent_prefix_path/px4_ros_com
[56.541s] -- Up-to-date: /home/hj926217/ros2ws/install/px4_ros_com/share/px4_ros_com/environment/ament_prefix_path.sh
[56.541s] -- Up-to-date: /home/hj926217/ros2ws/install/px4_ros_com/share/px4_ros_com/environment/ament_prefix_path.dsv
[56.542s] -- Up-to-date: /home/hj926217/ros2ws/install/px4_ros_com/share/px4_ros_com/environment/path.sh
[56.542s] -- Up-to-date: /home/hj926217/ros2ws/install/px4_ros_com/share/px4_ros_com/environment/path.dsv
[56.542s] -- Up-to-date: /home/hj926217/ros2ws/install/px4_ros_com/share/px4_ros_com/local_setup.bash
[56.542s] -- Up-to-date: /home/hj926217/ros2ws/install/px4_ros_com/share/px4_ros_com/local_setup.sh
[56.543s] -- Up-to-date: /home/hj926217/ros2ws/install/px4_ros_com/share/px4_ros_com/local_setup.zsh
[56.544s] -- Up-to-date: /home/hj926217/ros2ws/install/px4_ros_com/share/px4_ros_com/local_setup.dsv
[56.544s] -- Installing: /home/hj926217/ros2ws/install/px4_ros_com/share/px4_ros_com/package.dsv
[56.544s] -- Up-to-date: /home/hj926217/ros2ws/install/px4_ros_com/share/ament_index/resource_index/packages/px4_ros_com
[56.544s] -- Up-to-date: /home/hj926217/ros2ws/install/px4_ros_com/share/px4_ros_com/cmake/export_frame_transformsExport.cmake
[56.545s] -- Up-to-date: /home/hj926217/ros2ws/install/px4_ros_com/share/px4_ros_com/cmake/export_frame_transformsExport-noconfig.cmake
[56.545s] -- Up-to-date: /home/hj926217/ros2ws/install/px4_ros_com/share/px4_ros_com/cmake/ament_cmake_export_dependencies-extras.cmake
[56.545s] -- Up-to-date: /home/hj926217/ros2ws/install/px4_ros_com/share/px4_ros_com/cmake/ament_cmake_export_targets-extras.cmake
[56.546s] -- Up-to-date: /home/hj926217/ros2ws/install/px4_ros_com/share/px4_ros_com/cmake/ament_cmake_export_include_directories-extras.cmake
[56.546s] -- Up-to-date: /home/hj926217/ros2ws/install/px4_ros_com/share/px4_ros_com/cmake/ament_cmake_export_libraries-extras.cmake
[56.547s] -- Up-to-date: /home/hj926217/ros2ws/install/px4_ros_com/share/px4_ros_com/cmake/px4_ros_comConfig.cmake
[56.547s] -- Up-to-date: /home/hj926217/ros2ws/install/px4_ros_com/share/px4_ros_com/cmake/px4_ros_comConfig-version.cmake
[56.547s] -- Up-to-date: /home/hj926217/ros2ws/install/px4_ros_com/share/px4_ros_com/package.xml
[56.553s] Invoked command in '/home/hj926217/ros2ws/build/px4_ros_com' returned '0': CMAKE_PREFIX_PATH=/home/hj926217/ros2ws/install/px4_msgs:/home/hj926217/ros2ws/install/px4_ros_com:/opt/ros/humble LD_LIBRARY_PATH=/home/hj926217/ros2ws/install/px4_msgs/lib:/home/hj926217/ros2ws/install/px4_ros_com/lib:/opt/ros/humble/opt/rviz_ogre_vendor/lib:/opt/ros/humble/lib/x86_64-linux-gnu:/opt/ros/humble/lib:/usr/local/lib /usr/bin/cmake --install /home/hj926217/ros2ws/build/px4_ros_com
