[01m[K/home/hj926217/ros2ws/src/px4_ros_com/src/goal_astar_octomap_safe_node.cpp:[m[K In member function ‘[01m[Kstd::vector<GridKey> GoalAStarOctomapSafeNode::removeCollinear(const std::vector<GridKey>&) const[m[K’:
[01m[K/home/hj926217/ros2ws/src/px4_ros_com/src/goal_astar_octomap_safe_node.cpp:416:33:[m[K [01;31m[Kerror: [m[Kpassing ‘[01m[Kconst GoalAStarOctomapSafeNode[m[K’ as ‘[01m[Kthis[m[K’ argument discards qualifiers [[01;31m[K]8;;https://gcc.gnu.org/onlinedocs/gcc/Warning-Options.html#index-fpermissive-fpermissive]8;;[m[K]
  416 |             GridKey d1 = [01;31m[KstepDir(path[i-1], path[i])[m[K;
      |                          [01;31m[K~~~~~~~^~~~~~~~~~~~~~~~~~~~[m[K
[01m[K/home/hj926217/ros2ws/src/px4_ros_com/src/goal_astar_octomap_safe_node.cpp:426:13:[m[K [01;36m[Knote: [m[K  in call to ‘[01m[KGridKey GoalAStarOctomapSafeNode::stepDir(const GridKey&, const GridKey&)[m[K’
  426 |     GridKey [01;36m[KstepDir[m[K(const GridKey& a, const GridKey& b) {
      |             [01;36m[K^~~~~~~[m[K
[01m[K/home/hj926217/ros2ws/src/px4_ros_com/src/goal_astar_octomap_safe_node.cpp:417:33:[m[K [01;31m[Kerror: [m[Kpassing ‘[01m[Kconst GoalAStarOctomapSafeNode[m[K’ as ‘[01m[Kthis[m[K’ argument discards qualifiers [[01;31m[K]8;;https://gcc.gnu.org/onlinedocs/gcc/Warning-Options.html#index-fpermissive-fpermissive]8;;[m[K]
  417 |             GridKey d2 = [01;31m[KstepDir(path[i], path[i+1])[m[K;
      |                          [01;31m[K~~~~~~~^~~~~~~~~~~~~~~~~~~~[m[K
[01m[K/home/hj926217/ros2ws/src/px4_ros_com/src/goal_astar_octomap_safe_node.cpp:426:13:[m[K [01;36m[Knote: [m[K  in call to ‘[01m[KGridKey GoalAStarOctomapSafeNode::stepDir(const GridKey&, const GridKey&)[m[K’
  426 |     GridKey [01;36m[KstepDir[m[K(const GridKey& a, const GridKey& b) {
      |             [01;36m[K^~~~~~~[m[K
[01m[K/home/hj926217/ros2ws/src/px4_ros_com/src/goal_astar_octomap_safe_node.cpp:[m[K In member function ‘[01m[Kvoid GoalAStarOctomapSafeNode::publishStopSetpoint()[m[K’:
[01m[K/home/hj926217/ros2ws/src/px4_ros_com/src/goal_astar_octomap_safe_node.cpp:498:12:[m[K [01;31m[Kerror: [m[K‘[01m[Kusing TrajectorySetpoint = struct px4_msgs::msg::TrajectorySetpoint_<std::allocator<void> >[m[K’ {aka ‘[01m[Kstruct px4_msgs::msg::TrajectorySetpoint_<std::allocator<void> >[m[K’} has no member named ‘[01m[Kposition_valid[m[K’
  498 |         sp.[01;31m[Kposition_valid[m[K = true;
      |            [01;31m[K^~~~~~~~~~~~~~[m[K
[01m[K/home/hj926217/ros2ws/src/px4_ros_com/src/goal_astar_octomap_safe_node.cpp:499:12:[m[K [01;31m[Kerror: [m[K‘[01m[Kusing TrajectorySetpoint = struct px4_msgs::msg::TrajectorySetpoint_<std::allocator<void> >[m[K’ {aka ‘[01m[Kstruct px4_msgs::msg::TrajectorySetpoint_<std::allocator<void> >[m[K’} has no member named ‘[01m[Kvelocity_valid[m[K’
  499 |         sp.[01;31m[Kvelocity_valid[m[K = true;
      |            [01;31m[K^~~~~~~~~~~~~~[m[K
[01m[K/home/hj926217/ros2ws/src/px4_ros_com/src/goal_astar_octomap_safe_node.cpp:500:12:[m[K [01;31m[Kerror: [m[K‘[01m[Kusing TrajectorySetpoint = struct px4_msgs::msg::TrajectorySetpoint_<std::allocator<void> >[m[K’ {aka ‘[01m[Kstruct px4_msgs::msg::TrajectorySetpoint_<std::allocator<void> >[m[K’} has no member named ‘[01m[Kyaw_valid[m[K’
  500 |         sp.[01;31m[Kyaw_valid[m[K = true;
      |            [01;31m[K^~~~~~~~~[m[K
[01m[K/home/hj926217/ros2ws/src/px4_ros_com/src/goal_astar_octomap_safe_node.cpp:[m[K In lambda function:
[01m[K/home/hj926217/ros2ws/src/px4_ros_com/src/goal_astar_octomap_safe_node.cpp:570:9:[m[K [01;31m[Kerror: [m[Kjump to label ‘[01m[Kcleanup[m[K’
  570 |         [01;31m[Kcleanup[m[K:
      |         [01;31m[K^~~~~~~[m[K
[01m[K/home/hj926217/ros2ws/src/px4_ros_com/src/goal_astar_octomap_safe_node.cpp:541:22:[m[K [01;36m[Knote: [m[K  from here
  541 |                 goto [01;36m[Kcleanup[m[K;
      |                      [01;36m[K^~~~~~~[m[K
[01m[K/home/hj926217/ros2ws/src/px4_ros_com/src/goal_astar_octomap_safe_node.cpp:547:33:[m[K [01;36m[Knote: [m[K  crosses initialization of ‘[01m[Knav_msgs::msg::Path new_path[m[K’
  547 |             nav_msgs::msg::Path [01;36m[Knew_path[m[K;
      |                                 [01;36m[K^~~~~~~~[m[K
[01m[K/home/hj926217/ros2ws/src/px4_ros_com/src/goal_astar_octomap_safe_node.cpp:544:18:[m[K [01;36m[Knote: [m[K  crosses initialization of ‘[01m[Kstd::vector<GridKey> grid_path[m[K’
  544 |             auto [01;36m[Kgrid_path[m[K = smoothPath(*path_opt, tree_snap, occ_cache);
      |                  [01;36m[K^~~~~~~~~[m[K
[01m[K/home/hj926217/ros2ws/src/px4_ros_com/src/goal_astar_octomap_safe_node.cpp:570:9:[m[K [01;31m[Kerror: [m[Kjump to label ‘[01m[Kcleanup[m[K’
  570 |         [01;31m[Kcleanup[m[K:
      |         [01;31m[K^~~~~~~[m[K
[01m[K/home/hj926217/ros2ws/src/px4_ros_com/src/goal_astar_octomap_safe_node.cpp:527:26:[m[K [01;36m[Knote: [m[K  from here
  527 |                     goto [01;36m[Kcleanup[m[K;
      |                          [01;36m[K^~~~~~~[m[K
[01m[K/home/hj926217/ros2ws/src/px4_ros_com/src/goal_astar_octomap_safe_node.cpp:547:33:[m[K [01;36m[Knote: [m[K  crosses initialization of ‘[01m[Knav_msgs::msg::Path new_path[m[K’
  547 |             nav_msgs::msg::Path [01;36m[Knew_path[m[K;
      |                                 [01;36m[K^~~~~~~~[m[K
[01m[K/home/hj926217/ros2ws/src/px4_ros_com/src/goal_astar_octomap_safe_node.cpp:544:18:[m[K [01;36m[Knote: [m[K  crosses initialization of ‘[01m[Kstd::vector<GridKey> grid_path[m[K’
  544 |             auto [01;36m[Kgrid_path[m[K = smoothPath(*path_opt, tree_snap, occ_cache);
      |                  [01;36m[K^~~~~~~~~[m[K
[01m[K/home/hj926217/ros2ws/src/px4_ros_com/src/goal_astar_octomap_safe_node.cpp:538:18:[m[K [01;36m[Knote: [m[K  crosses initialization of ‘[01m[Kstd::optional<std::vector<GridKey> > path_opt[m[K’
  538 |             auto [01;36m[Kpath_opt[m[K = aStar3D(s_grid, g_grid, tree_snap, occ_cache);
      |                  [01;36m[K^~~~~~~~[m[K
[01m[K/home/hj926217/ros2ws/src/px4_ros_com/src/goal_astar_octomap_safe_node.cpp:536:21:[m[K [01;36m[Knote: [m[K  crosses initialization of ‘[01m[KGridKey g_grid[m[K’
  536 |             GridKey [01;36m[Kg_grid[m[K = worldToGrid(goal_snap.pose.position.x, goal_snap.pose.position.y, goal_snap.pose.position.z);
      |                     [01;36m[K^~~~~~[m[K
[01m[K/home/hj926217/ros2ws/src/px4_ros_com/src/goal_astar_octomap_safe_node.cpp:535:21:[m[K [01;36m[Knote: [m[K  crosses initialization of ‘[01m[KGridKey s_grid[m[K’
  535 |             GridKey [01;36m[Ks_grid[m[K = worldToGrid(start_snap.pose.position.x, start_snap.pose.position.y, start_snap.pose.position.z);
      |                     [01;36m[K^~~~~~[m[K
[01m[K/home/hj926217/ros2ws/src/px4_ros_com/src/goal_astar_octomap_safe_node.cpp:534:60:[m[K [01;36m[Knote: [m[K  crosses initialization of ‘[01m[Kstd::unordered_map<GridKey, bool, GridKeyHash> occ_cache[m[K’
  534 |             std::unordered_map<GridKey, bool, GridKeyHash> [01;36m[Kocc_cache[m[K;
      |                                                            [01;36m[K^~~~~~~~~[m[K
[01m[K/home/hj926217/ros2ws/src/px4_ros_com/src/goal_astar_octomap_safe_node.cpp:[m[K In member function ‘[01m[Kvoid GoalAStarOctomapSafeNode::onPublishTimer()[m[K’:
[01m[K/home/hj926217/ros2ws/src/px4_ros_com/src/goal_astar_octomap_safe_node.cpp:618:16:[m[K [01;31m[Kerror: [m[K‘[01m[Kusing TrajectorySetpoint = struct px4_msgs::msg::TrajectorySetpoint_<std::allocator<void> >[m[K’ {aka ‘[01m[Kstruct px4_msgs::msg::TrajectorySetpoint_<std::allocator<void> >[m[K’} has no member named ‘[01m[Kposition_valid[m[K’
  618 |             sp.[01;31m[Kposition_valid[m[K = true;
      |                [01;31m[K^~~~~~~~~~~~~~[m[K
[01m[K/home/hj926217/ros2ws/src/px4_ros_com/src/goal_astar_octomap_safe_node.cpp:619:16:[m[K [01;31m[Kerror: [m[K‘[01m[Kusing TrajectorySetpoint = struct px4_msgs::msg::TrajectorySetpoint_<std::allocator<void> >[m[K’ {aka ‘[01m[Kstruct px4_msgs::msg::TrajectorySetpoint_<std::allocator<void> >[m[K’} has no member named ‘[01m[Kvelocity_valid[m[K’
  619 |             sp.[01;31m[Kvelocity_valid[m[K = true;
      |                [01;31m[K^~~~~~~~~~~~~~[m[K
[01m[K/home/hj926217/ros2ws/src/px4_ros_com/src/goal_astar_octomap_safe_node.cpp:620:16:[m[K [01;31m[Kerror: [m[K‘[01m[Kusing TrajectorySetpoint = struct px4_msgs::msg::TrajectorySetpoint_<std::allocator<void> >[m[K’ {aka ‘[01m[Kstruct px4_msgs::msg::TrajectorySetpoint_<std::allocator<void> >[m[K’} has no member named ‘[01m[Kyaw_valid[m[K’
  620 |             sp.[01;31m[Kyaw_valid[m[K = true;
      |                [01;31m[K^~~~~~~~~[m[K
[01m[K/home/hj926217/ros2ws/src/px4_ros_com/src/goal_astar_octomap_safe_node.cpp:627:16:[m[K [01;31m[Kerror: [m[K‘[01m[Kusing TrajectorySetpoint = struct px4_msgs::msg::TrajectorySetpoint_<std::allocator<void> >[m[K’ {aka ‘[01m[Kstruct px4_msgs::msg::TrajectorySetpoint_<std::allocator<void> >[m[K’} has no member named ‘[01m[Kposition_valid[m[K’
  627 |             sp.[01;31m[Kposition_valid[m[K = true;
      |                [01;31m[K^~~~~~~~~~~~~~[m[K
[01m[K/home/hj926217/ros2ws/src/px4_ros_com/src/goal_astar_octomap_safe_node.cpp:628:16:[m[K [01;31m[Kerror: [m[K‘[01m[Kusing TrajectorySetpoint = struct px4_msgs::msg::TrajectorySetpoint_<std::allocator<void> >[m[K’ {aka ‘[01m[Kstruct px4_msgs::msg::TrajectorySetpoint_<std::allocator<void> >[m[K’} has no member named ‘[01m[Kvelocity_valid[m[K’
  628 |             sp.[01;31m[Kvelocity_valid[m[K = true;
      |                [01;31m[K^~~~~~~~~~~~~~[m[K
[01m[K/home/hj926217/ros2ws/src/px4_ros_com/src/goal_astar_octomap_safe_node.cpp:629:16:[m[K [01;31m[Kerror: [m[K‘[01m[Kusing TrajectorySetpoint = struct px4_msgs::msg::TrajectorySetpoint_<std::allocator<void> >[m[K’ {aka ‘[01m[Kstruct px4_msgs::msg::TrajectorySetpoint_<std::allocator<void> >[m[K’} has no member named ‘[01m[Kyaw_valid[m[K’
  629 |             sp.[01;31m[Kyaw_valid[m[K = true;
      |                [01;31m[K^~~~~~~~~[m[K
gmake[2]: *** [CMakeFiles/goal_astar_octomap_safe_node.dir/build.make:76: CMakeFiles/goal_astar_octomap_safe_node.dir/src/goal_astar_octomap_safe_node.cpp.o] Error 1
gmake[1]: *** [CMakeFiles/Makefile2:178: CMakeFiles/goal_astar_octomap_safe_node.dir/all] Error 2
gmake: *** [Makefile:146: all] Error 2
