[35m[1mConsolidate compiler generated dependencies of target goal_astar_octomap_safe_node[0m
[35m[1mConsolidate compiler generated dependencies of target path_follower[0m
[  5%] Built target landing_target_sender_mavros
[ 10%] Built target frame_transforms
[ 12%] [32mBuilding CXX object CMakeFiles/goal_astar_octomap_safe_node.dir/src/goal_astar_octomap_safe_node.cpp.o[0m
[ 17%] Built target sensor_combined_listener
[ 25%] Built target goal_marker_pub
[ 27%] Built target goal_to_path
[ 32%] Built target gripper_send_zero
[ 37%] Built target path_follower
[ 42%] Built target gripper_send_two
[ 47%] Built target vehicle_gps_position_listener
[ 52%] Built target circle_flight
[ 57%] Built target debug_vect_advertiser
[ 62%] Built target ground_odom
[ 67%] Built target nav_path
[ 72%] Built target aruco_position_sub
[ 77%] Built target tf2_control
[ 82%] Built target vertiport_land
[ 87%] Built target aruco_position_publisher_node
[ 92%] Built target offboard_control
[ 97%] Built target offboard_control_srv
[ 97%] Built target ament_cmake_python_copy_px4_ros_com
running egg_info
writing px4_ros_com.egg-info/PKG-INFO
writing dependency_links to px4_ros_com.egg-info/dependency_links.txt
writing top-level names to px4_ros_com.egg-info/top_level.txt
reading manifest file 'px4_ros_com.egg-info/SOURCES.txt'
writing manifest file 'px4_ros_com.egg-info/SOURCES.txt'
[ 97%] Built target ament_cmake_python_build_px4_ros_com_egg
