[01m[K/home/hj926217/ros2ws/src/px4_ros_com/src/examples/offboard/tf2_control.cpp:[m[K In constructor ‘[01m[KDynamicTFPublisher::DynamicTFPublisher()[m[K’:
[01m[K/home/hj926217/ros2ws/src/px4_ros_com/src/examples/offboard/tf2_control.cpp:13:24:[m[K [01;35m[Kwarning: [m[Kparentheses were disambiguated as a function declaration [[01;35m[K]8;;https://gcc.gnu.org/onlinedocs/gcc/Warning-Options.html#index-Wvexing-parse-Wvexing-parse]8;;[m[K]
   13 |         rclcpp::QoS qos[01;35m[K(rclcpp::KeepAll())[m[K;  // 모든 메시지를 보관
      |                        [01;35m[K^~~~~~~~~~~~~~~~~~~[m[K
[01m[K/home/hj926217/ros2ws/src/px4_ros_com/src/examples/offboard/tf2_control.cpp:13:24:[m[K [01;36m[Knote: [m[Kreplace parentheses with braces to declare a variable
   13 |         rclcpp::QoS qos[01;36m[K(rclcpp::KeepAll())[m[K;  // 모든 메시지를 보관
      |                        [01;36m[K^~~~~~~~~~~~~~~~~~~[m[K
      |                        [31m[K-[m[K
      |                        [32m[K{[m[K                 [31m[K-[m[K
      |                                          [32m[K}[m[K
[01m[K/home/hj926217/ros2ws/src/px4_ros_com/src/examples/offboard/tf2_control.cpp:19:95:[m[K [01;31m[Kerror: [m[Kno matching function for call to ‘[01m[KDynamicTFPublisher::create_subscription<px4_msgs::msg::VehicleLocalPosition>(const char [35], rclcpp::QoS (&)(rclcpp::KeepAll (*)()), std::_Bind_helper<false, void (DynamicTFPublisher::*)(std::shared_ptr<px4_msgs::msg::VehicleLocalPosition_<std::allocator<void> > >), DynamicTFPublisher*, const std::_Placeholder<1>&>::type)[m[K’
   19 |         vehicle_position_sub_ = [01;31m[Kthis->create_subscription<px4_msgs::msg::VehicleLocalPosition>([m[K
      |                                 [01;31m[K~~~~~~~~~~~~~~~~~~~~~~~~~~~~~~~~~~~~~~~~~~~~~~~~~~~~~~~~~~~~~~^[m[K
   20 | [01;31m[K            "/fmu/out/vehicle_local_position_v1", qos, std::bind(&DynamicTFPublisher::vehicle_position_callback, this, std::placeholders::_1)[m[K
      |             [01;31m[K~~~~~~~~~~~~~~~~~~~~~~~~~~~~~~~~~~~~~~~~~~~~~~~~~~~~~~~~~~~~~~~~~~~~~~~~~~~~~~~~~~~~~~~~~~~~~~~~~~~~~~~~~~~~~~~~~~~~~~~~~~~~~~~~~[m[K
   21 | [01;31m[K        )[m[K;
      |         [01;31m[K~[m[K                                                                                      
In file included from [01m[K/opt/ros/humble/include/rclcpp/rclcpp/executors/single_threaded_executor.hpp:28[m[K,
                 from [01m[K/opt/ros/humble/include/rclcpp/rclcpp/executors.hpp:22[m[K,
                 from [01m[K/opt/ros/humble/include/rclcpp/rclcpp/rclcpp.hpp:155[m[K,
                 from [01m[K/home/hj926217/ros2ws/src/px4_ros_com/src/examples/offboard/tf2_control.cpp:1[m[K:
[01m[K/opt/ros/humble/include/rclcpp/rclcpp/node.hpp:219:3:[m[K [01;36m[Knote: [m[Kcandidate: ‘[01m[Ktemplate<class MessageT, class CallbackT, class AllocatorT, class SubscriptionT, class MessageMemoryStrategyT> std::shared_ptr<ROSMessageT> rclcpp::Node::create_subscription(const string&, const rclcpp::QoS&, CallbackT&&, const rclcpp::SubscriptionOptionsWithAllocator<AllocatorT>&, typename MessageMemoryStrategyT::SharedPtr)[m[K’
  219 |   [01;36m[Kcreate_subscription[m[K(
      |   [01;36m[K^~~~~~~~~~~~~~~~~~~[m[K
[01m[K/opt/ros/humble/include/rclcpp/rclcpp/node.hpp:219:3:[m[K [01;36m[Knote: [m[K  template argument deduction/substitution failed:
[01m[K/home/hj926217/ros2ws/src/px4_ros_com/src/examples/offboard/tf2_control.cpp:20:51:[m[K [01;36m[Knote: [m[K  cannot convert ‘[01m[Kqos[m[K’ (type ‘[01m[Krclcpp::QoS(rclcpp::KeepAll (*)())[m[K’) to type ‘[01m[Kconst rclcpp::QoS&[m[K’
   20 |             "/fmu/out/vehicle_local_position_v1", [01;36m[Kqos[m[K, std::bind(&DynamicTFPublisher::vehicle_position_callback, this, std::placeholders::_1)
      |                                                   [01;36m[K^~~[m[K
gmake[2]: *** [CMakeFiles/tf2_control.dir/build.make:76: CMakeFiles/tf2_control.dir/src/examples/offboard/tf2_control.cpp.o] Error 1
gmake[1]: *** [CMakeFiles/Makefile2:256: CMakeFiles/tf2_control.dir/all] Error 2
gmake: *** [Makefile:146: all] Error 2
