[0.019s] Invoking command in '/home/hj926217/ros2ws/build/px4_ros_com': AMENT_PREFIX_PATH=/home/hj926217/ros2ws/install/px4_msgs:${AMENT_PREFIX_PATH} CMAKE_PREFIX_PATH=/home/hj926217/ros2ws/install/px4_msgs:/opt/ros/humble LD_LIBRARY_PATH=/home/hj926217/ros2ws/install/px4_msgs/lib:/opt/ros/humble/opt/rviz_ogre_vendor/lib:/opt/ros/humble/lib/x86_64-linux-gnu:/opt/ros/humble/lib:/usr/local/lib PYTHONPATH=/home/hj926217/ros2ws/install/px4_msgs/local/lib/python3.10/dist-packages:${PYTHONPATH} /usr/bin/cmake --build /home/hj926217/ros2ws/build/px4_ros_com -- -j16 -l16
[0.086s] [35m[1mConsolidate compiler generated dependencies of target tf2_control[0m
[0.107s] [ 14%] Built target frame_transforms
[0.107s] [ 28%] Built target debug_vect_advertiser
[0.108s] [ 42%] Built target offboard_control_srv
[0.110s] [ 57%] Built target offboard_control
[0.111s] [ 71%] Built target sensor_combined_listener
[0.112s] [ 85%] Built target vehicle_gps_position_listener
[0.118s] [ 92%] [32mBuilding CXX object CMakeFiles/tf2_control.dir/src/examples/offboard/tf2_control.cpp.o[0m
[0.120s] [ 92%] Built target ament_cmake_python_copy_px4_ros_com
[0.498s] [01m[K/home/hj926217/ros2ws/src/px4_ros_com/src/examples/offboard/tf2_control.cpp:2:10:[m[K [01;31m[Kfatal error: [m[Knav_msgs/msg/odometry.hpp: No such file or directory
[0.498s]     2 | #include [01;31m[K<nav_msgs/msg/odometry.hpp>[m[K
[0.498s]       |          [01;31m[K^~~~~~~~~~~~~~~~~~~~~~~~~~~[m[K
[0.498s] compilation terminated.
[0.502s] gmake[2]: *** [CMakeFiles/tf2_control.dir/build.make:76: CMakeFiles/tf2_control.dir/src/examples/offboard/tf2_control.cpp.o] Error 1
[0.502s] gmake[1]: *** [CMakeFiles/Makefile2:256: CMakeFiles/tf2_control.dir/all] Error 2
[0.502s] gmake[1]: *** Waiting for unfinished jobs....
[0.607s] running egg_info
[0.609s] writing px4_ros_com.egg-info/PKG-INFO
[0.610s] writing dependency_links to px4_ros_com.egg-info/dependency_links.txt
[0.610s] writing top-level names to px4_ros_com.egg-info/top_level.txt
[0.614s] reading manifest file 'px4_ros_com.egg-info/SOURCES.txt'
[0.614s] writing manifest file 'px4_ros_com.egg-info/SOURCES.txt'
[0.663s] [ 92%] Built target ament_cmake_python_build_px4_ros_com_egg
[0.664s] gmake: *** [Makefile:146: all] Error 2
[0.668s] Invoked command in '/home/hj926217/ros2ws/build/px4_ros_com' returned '2': AMENT_PREFIX_PATH=/home/hj926217/ros2ws/install/px4_msgs:${AMENT_PREFIX_PATH} CMAKE_PREFIX_PATH=/home/hj926217/ros2ws/install/px4_msgs:/opt/ros/humble LD_LIBRARY_PATH=/home/hj926217/ros2ws/install/px4_msgs/lib:/opt/ros/humble/opt/rviz_ogre_vendor/lib:/opt/ros/humble/lib/x86_64-linux-gnu:/opt/ros/humble/lib:/usr/local/lib PYTHONPATH=/home/hj926217/ros2ws/install/px4_msgs/local/lib/python3.10/dist-packages:${PYTHONPATH} /usr/bin/cmake --build /home/hj926217/ros2ws/build/px4_ros_com -- -j16 -l16
