[35m[1mConsolidate compiler generated dependencies of target rrt_star_planner[0m
[  5%] Built target vtol_mission_node
[ 10%] Built target frame_transforms
[ 15%] Built target goal_to_path
[ 20%] Built target path_follower
[ 25%] Built target local_path
[ 30%] Built target global_path
[ 35%] Built target rrt_star_planner
[ 42%] Built target vehicle_gps_position_listener
[ 45%] Built target nav_path
[ 47%] [32mBuilding CXX object CMakeFiles/tf2_control.dir/src/examples/offboard/tf2_control.cpp.o[0m
[ 52%] Built target sensor_combined_listener
[ 57%] Built target ground_odom
[ 62%] Built target goal_marker_pub
[ 67%] Built target circle_flight
[ 72%] Built target aruco_position_sub
[ 77%] Built target debug_vect_advertiser
[ 82%] Built target offboard_control
[ 87%] Built target offboard_control_srv
[ 92%] Built target vertiport_land
[ 97%] Built target aruco_position_publisher_node
[ 97%] Built target ament_cmake_python_copy_px4_ros_com
running egg_info
writing px4_ros_com.egg-info/PKG-INFO
writing dependency_links to px4_ros_com.egg-info/dependency_links.txt
writing top-level names to px4_ros_com.egg-info/top_level.txt
reading manifest file 'px4_ros_com.egg-info/SOURCES.txt'
writing manifest file 'px4_ros_com.egg-info/SOURCES.txt'
[ 97%] Built target ament_cmake_python_build_px4_ros_com_egg
