[35m[1mConsolidate compiler generated dependencies of target local_path[0m
[  2%] [32mBuilding CXX object CMakeFiles/frame_transforms.dir/src/lib/frame_transforms.cpp.o[0m
[  4%] [32mBuilding CXX object CMakeFiles/sensor_combined_listener.dir/src/examples/listeners/sensor_combined_listener.cpp.o[0m
[  7%] [32mBuilding CXX object CMakeFiles/path_follower.dir/src/path_follower.cpp.o[0m
[  9%] [32mBuilding CXX object CMakeFiles/nav_path.dir/src/nav_path.cpp.o[0m
[ 11%] [32mBuilding CXX object CMakeFiles/landing_target_sender_mavros.dir/src/landing_target_sender_mavros.cpp.o[0m
[ 14%] [32mBuilding CXX object CMakeFiles/gripper_send_zero.dir/src/gripper_send_zero.cpp.o[0m
[ 16%] [32mBuilding CXX object CMakeFiles/debug_vect_advertiser.dir/src/examples/advertisers/debug_vect_advertiser.cpp.o[0m
[ 19%] [32mBuilding CXX object CMakeFiles/goal_to_path.dir/src/goal_to_path.cpp.o[0m
[ 21%] [32mBuilding CXX object CMakeFiles/gripper_send_two.dir/src/gripper_send_two.cpp.o[0m
[ 23%] [32mBuilding CXX object CMakeFiles/tf2_control.dir/src/examples/offboard/tf2_control.cpp.o[0m
[ 26%] [32mBuilding CXX object CMakeFiles/vehicle_gps_position_listener.dir/src/examples/listeners/vehicle_gps_position_listener.cpp.o[0m
[ 28%] [32mBuilding CXX object CMakeFiles/global_path.dir/src/global_path.cpp.o[0m
[ 30%] [32mBuilding CXX object CMakeFiles/circle_flight.dir/src/circle_flight.cpp.o[0m
[ 33%] [32mBuilding CXX object CMakeFiles/local_path.dir/src/local_path.cpp.o[0m
[ 35%] [32mBuilding CXX object CMakeFiles/ground_odom.dir/src/ground_odom.cpp.o[0m
[ 38%] [32mBuilding CXX object CMakeFiles/goal_marker_pub.dir/src/goal_marker_pub.cpp.o[0m
[ 40%] [32m[1mLinking CXX executable gripper_send_two[0m
[ 42%] [32m[1mLinking CXX executable gripper_send_zero[0m
[ 42%] Built target gripper_send_zero
[ 42%] Built target gripper_send_two
[ 45%] [32mBuilding CXX object CMakeFiles/aruco_position_sub.dir/src/aruco_position_sub.cpp.o[0m
[ 47%] [32mBuilding CXX object CMakeFiles/vertiport_land.dir/src/examples/offboard/VertiportLand.cpp.o[0m
[ 50%] [32m[1mLinking CXX executable debug_vect_advertiser[0m
[ 50%] Built target debug_vect_advertiser
[ 52%] [32m[1mLinking CXX executable global_path[0m
[ 54%] [32mBuilding CXX object CMakeFiles/aruco_position_publisher_node.dir/src/aruco_position_publisher.cpp.o[0m
[ 57%] [32m[1mLinking CXX executable goal_marker_pub[0m
[ 57%] Built target goal_marker_pub
[ 57%] Built target global_path
[ 59%] [32m[1mLinking CXX shared library libframe_transforms.so[0m
[ 59%] Built target frame_transforms
[ 61%] [32m[1mLinking CXX executable ground_odom[0m
[ 64%] [32m[1mLinking CXX executable sensor_combined_listener[0m
[ 64%] Built target ground_odom
[ 66%] [32m[1mLinking CXX executable nav_path[0m
[ 66%] Built target sensor_combined_listener
[ 66%] Built target nav_path
[ 69%] [32m[1mLinking CXX executable vehicle_gps_position_listener[0m
[ 69%] Built target vehicle_gps_position_listener
[ 71%] [32m[1mLinking CXX executable circle_flight[0m
[ 73%] [32m[1mLinking CXX executable tf2_control[0m
[ 73%] Built target circle_flight
[ 73%] Built target tf2_control
[ 76%] [32m[1mLinking CXX executable landing_target_sender_mavros[0m
[ 76%] Built target landing_target_sender_mavros
[ 78%] [32m[1mLinking CXX executable goal_to_path[0m
[ 78%] Built target goal_to_path
[ 80%] [32m[1mLinking CXX executable path_follower[0m
[ 83%] [32m[1mLinking CXX executable local_path[0m
[ 85%] [32m[1mLinking CXX executable vertiport_land[0m
[ 85%] Built target local_path
[ 85%] Built target path_follower
[ 85%] Built target vertiport_land
[ 88%] [32m[1mLinking CXX executable aruco_position_sub[0m
[ 88%] Built target aruco_position_sub
[ 88%] Built target ament_cmake_python_copy_px4_ros_com
[ 90%] [32mBuilding CXX object CMakeFiles/offboard_control_srv.dir/src/examples/offboard/offboard_control_srv.cpp.o[0m
[ 92%] [32m[1mLinking CXX executable aruco_position_publisher_node[0m
[ 92%] Built target aruco_position_publisher_node
running egg_info
writing px4_ros_com.egg-info/PKG-INFO
writing dependency_links to px4_ros_com.egg-info/dependency_links.txt
writing top-level names to px4_ros_com.egg-info/top_level.txt
reading manifest file 'px4_ros_com.egg-info/SOURCES.txt'
writing manifest file 'px4_ros_com.egg-info/SOURCES.txt'
[ 92%] Built target ament_cmake_python_build_px4_ros_com_egg
[ 95%] [32mBuilding CXX object CMakeFiles/offboard_control.dir/src/examples/offboard/offboard_control.cpp.o[0m
[ 97%] [32m[1mLinking CXX executable offboard_control_srv[0m
[ 97%] Built target offboard_control_srv
[100%] [32m[1mLinking CXX executable offboard_control[0m
[100%] Built target offboard_control
-- Install configuration: ""
-- Installing: /home/hj926217/ros2ws/install/px4_ros_com/lib/px4_ros_com/local_path
-- Set runtime path of "/home/hj926217/ros2ws/install/px4_ros_com/lib/px4_ros_com/local_path" to ""
-- Installing: /home/hj926217/ros2ws/install/px4_ros_com/lib/px4_ros_com/global_path
-- Set runtime path of "/home/hj926217/ros2ws/install/px4_ros_com/lib/px4_ros_com/global_path" to ""
-- Installing: /home/hj926217/ros2ws/install/px4_ros_com/lib/px4_ros_com/landing_target_sender_mavros
-- Set runtime path of "/home/hj926217/ros2ws/install/px4_ros_com/lib/px4_ros_com/landing_target_sender_mavros" to ""
-- Installing: /home/hj926217/ros2ws/install/px4_ros_com/lib/px4_ros_com/gripper_send_zero
-- Set runtime path of "/home/hj926217/ros2ws/install/px4_ros_com/lib/px4_ros_com/gripper_send_zero" to ""
-- Installing: /home/hj926217/ros2ws/install/px4_ros_com/lib/px4_ros_com/gripper_send_two
-- Set runtime path of "/home/hj926217/ros2ws/install/px4_ros_com/lib/px4_ros_com/gripper_send_two" to ""
-- Installing: /home/hj926217/ros2ws/install/px4_ros_com/lib/px4_ros_com/path_follower
-- Set runtime path of "/home/hj926217/ros2ws/install/px4_ros_com/lib/px4_ros_com/path_follower" to ""
-- Installing: /home/hj926217/ros2ws/install/px4_ros_com/lib/px4_ros_com/goal_marker_pub
-- Set runtime path of "/home/hj926217/ros2ws/install/px4_ros_com/lib/px4_ros_com/goal_marker_pub" to ""
-- Installing: /home/hj926217/ros2ws/install/px4_ros_com/lib/px4_ros_com/goal_to_path
-- Set runtime path of "/home/hj926217/ros2ws/install/px4_ros_com/lib/px4_ros_com/goal_to_path" to ""
-- Installing: /home/hj926217/ros2ws/install/px4_ros_com/lib/px4_ros_com/ground_odom
-- Set runtime path of "/home/hj926217/ros2ws/install/px4_ros_com/lib/px4_ros_com/ground_odom" to ""
-- Installing: /home/hj926217/ros2ws/install/px4_ros_com/lib/px4_ros_com/sensor_combined_listener
-- Set runtime path of "/home/hj926217/ros2ws/install/px4_ros_com/lib/px4_ros_com/sensor_combined_listener" to ""
-- Installing: /home/hj926217/ros2ws/install/px4_ros_com/lib/px4_ros_com/vehicle_gps_position_listener
-- Set runtime path of "/home/hj926217/ros2ws/install/px4_ros_com/lib/px4_ros_com/vehicle_gps_position_listener" to ""
-- Installing: /home/hj926217/ros2ws/install/px4_ros_com/lib/px4_ros_com/debug_vect_advertiser
-- Set runtime path of "/home/hj926217/ros2ws/install/px4_ros_com/lib/px4_ros_com/debug_vect_advertiser" to ""
-- Installing: /home/hj926217/ros2ws/install/px4_ros_com/lib/px4_ros_com/nav_path
-- Set runtime path of "/home/hj926217/ros2ws/install/px4_ros_com/lib/px4_ros_com/nav_path" to ""
-- Installing: /home/hj926217/ros2ws/install/px4_ros_com/lib/px4_ros_com/circle_flight
-- Set runtime path of "/home/hj926217/ros2ws/install/px4_ros_com/lib/px4_ros_com/circle_flight" to ""
-- Installing: /home/hj926217/ros2ws/install/px4_ros_com/lib/px4_ros_com/tf2_control
-- Set runtime path of "/home/hj926217/ros2ws/install/px4_ros_com/lib/px4_ros_com/tf2_control" to ""
-- Installing: /home/hj926217/ros2ws/install/px4_ros_com/lib/px4_ros_com/aruco_position_sub
-- Set runtime path of "/home/hj926217/ros2ws/install/px4_ros_com/lib/px4_ros_com/aruco_position_sub" to ""
-- Installing: /home/hj926217/ros2ws/install/px4_ros_com/lib/px4_ros_com/vertiport_land
-- Set runtime path of "/home/hj926217/ros2ws/install/px4_ros_com/lib/px4_ros_com/vertiport_land" to ""
-- Installing: /home/hj926217/ros2ws/install/px4_ros_com/lib/px4_ros_com/aruco_position_publisher_node
-- Set runtime path of "/home/hj926217/ros2ws/install/px4_ros_com/lib/px4_ros_com/aruco_position_publisher_node" to ""
-- Installing: /home/hj926217/ros2ws/install/px4_ros_com/lib/px4_ros_com/offboard_control
-- Set runtime path of "/home/hj926217/ros2ws/install/px4_ros_com/lib/px4_ros_com/offboard_control" to ""
-- Installing: /home/hj926217/ros2ws/install/px4_ros_com/lib/px4_ros_com/offboard_control_srv
-- Set runtime path of "/home/hj926217/ros2ws/install/px4_ros_com/lib/px4_ros_com/offboard_control_srv" to ""
-- Up-to-date: /home/hj926217/ros2ws/install/px4_ros_com/share/px4_ros_com/environment/library_path.sh
-- Up-to-date: /home/hj926217/ros2ws/install/px4_ros_com/share/px4_ros_com/environment/library_path.dsv
-- Up-to-date: /home/hj926217/ros2ws/install/px4_ros_com/include/px4_ros_com
-- Up-to-date: /home/hj926217/ros2ws/install/px4_ros_com/include/px4_ros_com/frame_transforms.h
-- Installing: /home/hj926217/ros2ws/install/px4_ros_com/lib/libframe_transforms.so
-- Set runtime path of "/home/hj926217/ros2ws/install/px4_ros_com/lib/libframe_transforms.so" to ""
-- Up-to-date: /home/hj926217/ros2ws/install/px4_ros_com/share/px4_ros_com//launch
-- Up-to-date: /home/hj926217/ros2ws/install/px4_ros_com/share/px4_ros_com//launch/lidar_octomap_launch.py
-- Up-to-date: /home/hj926217/ros2ws/install/px4_ros_com/share/px4_ros_com//launch/rtab_points.launch.py
-- Up-to-date: /home/hj926217/ros2ws/install/px4_ros_com/share/px4_ros_com//launch/path_follower_launch.py
-- Up-to-date: /home/hj926217/ros2ws/install/px4_ros_com/share/px4_ros_com//launch/offboard_control_launch.yaml
-- Up-to-date: /home/hj926217/ros2ws/install/px4_ros_com/share/px4_ros_com//launch/123.launch.py
-- Up-to-date: /home/hj926217/ros2ws/install/px4_ros_com/share/px4_ros_com//launch/sensor_combined_listener.launch.py
-- Up-to-date: /home/hj926217/ros2ws/install/px4_ros_com/share/px4_ros_com//test
-- Up-to-date: /home/hj926217/ros2ws/install/px4_ros_com/share/px4_ros_com//test/test_output.py
-- Up-to-date: /home/hj926217/ros2ws/install/px4_ros_com/share/px4_ros_com//test/__init__.py
-- Up-to-date: /home/hj926217/ros2ws/install/px4_ros_com/share/px4_ros_com//test/pipeline_io_test.py
-- Up-to-date: /home/hj926217/ros2ws/install/px4_ros_com/share/px4_ros_com//test/test_input.py
-- Up-to-date: /home/hj926217/ros2ws/install/px4_ros_com/share/px4_ros_com/environment/pythonpath.sh
-- Up-to-date: /home/hj926217/ros2ws/install/px4_ros_com/share/px4_ros_com/environment/pythonpath.dsv
-- Up-to-date: /home/hj926217/ros2ws/install/px4_ros_com/local/lib/python3.10/dist-packages/px4_ros_com-0.1.0-py3.10.egg-info
-- Installing: /home/hj926217/ros2ws/install/px4_ros_com/local/lib/python3.10/dist-packages/px4_ros_com-0.1.0-py3.10.egg-info/SOURCES.txt
-- Installing: /home/hj926217/ros2ws/install/px4_ros_com/local/lib/python3.10/dist-packages/px4_ros_com-0.1.0-py3.10.egg-info/PKG-INFO
-- Installing: /home/hj926217/ros2ws/install/px4_ros_com/local/lib/python3.10/dist-packages/px4_ros_com-0.1.0-py3.10.egg-info/top_level.txt
-- Installing: /home/hj926217/ros2ws/install/px4_ros_com/local/lib/python3.10/dist-packages/px4_ros_com-0.1.0-py3.10.egg-info/dependency_links.txt
-- Up-to-date: /home/hj926217/ros2ws/install/px4_ros_com/local/lib/python3.10/dist-packages/px4_ros_com
-- Up-to-date: /home/hj926217/ros2ws/install/px4_ros_com/local/lib/python3.10/dist-packages/px4_ros_com/module_to_import.py
-- Up-to-date: /home/hj926217/ros2ws/install/px4_ros_com/local/lib/python3.10/dist-packages/px4_ros_com/__init__.py
Listing '/home/hj926217/ros2ws/install/px4_ros_com/local/lib/python3.10/dist-packages/px4_ros_com'...
-- Up-to-date: /home/hj926217/ros2ws/install/px4_ros_com/lib/px4_ros_com/offboard_control.py
-- Up-to-date: /home/hj926217/ros2ws/install/px4_ros_com/share/ament_index/resource_index/package_run_dependencies/px4_ros_com
-- Up-to-date: /home/hj926217/ros2ws/install/px4_ros_com/share/ament_index/resource_index/parent_prefix_path/px4_ros_com
-- Up-to-date: /home/hj926217/ros2ws/install/px4_ros_com/share/px4_ros_com/environment/ament_prefix_path.sh
-- Up-to-date: /home/hj926217/ros2ws/install/px4_ros_com/share/px4_ros_com/environment/ament_prefix_path.dsv
-- Up-to-date: /home/hj926217/ros2ws/install/px4_ros_com/share/px4_ros_com/environment/path.sh
-- Up-to-date: /home/hj926217/ros2ws/install/px4_ros_com/share/px4_ros_com/environment/path.dsv
-- Up-to-date: /home/hj926217/ros2ws/install/px4_ros_com/share/px4_ros_com/local_setup.bash
-- Up-to-date: /home/hj926217/ros2ws/install/px4_ros_com/share/px4_ros_com/local_setup.sh
-- Up-to-date: /home/hj926217/ros2ws/install/px4_ros_com/share/px4_ros_com/local_setup.zsh
-- Up-to-date: /home/hj926217/ros2ws/install/px4_ros_com/share/px4_ros_com/local_setup.dsv
-- Installing: /home/hj926217/ros2ws/install/px4_ros_com/share/px4_ros_com/package.dsv
-- Up-to-date: /home/hj926217/ros2ws/install/px4_ros_com/share/ament_index/resource_index/packages/px4_ros_com
-- Up-to-date: /home/hj926217/ros2ws/install/px4_ros_com/share/px4_ros_com/cmake/export_frame_transformsExport.cmake
-- Up-to-date: /home/hj926217/ros2ws/install/px4_ros_com/share/px4_ros_com/cmake/export_frame_transformsExport-noconfig.cmake
-- Up-to-date: /home/hj926217/ros2ws/install/px4_ros_com/share/px4_ros_com/cmake/ament_cmake_export_dependencies-extras.cmake
-- Up-to-date: /home/hj926217/ros2ws/install/px4_ros_com/share/px4_ros_com/cmake/ament_cmake_export_targets-extras.cmake
-- Up-to-date: /home/hj926217/ros2ws/install/px4_ros_com/share/px4_ros_com/cmake/ament_cmake_export_include_directories-extras.cmake
-- Up-to-date: /home/hj926217/ros2ws/install/px4_ros_com/share/px4_ros_com/cmake/ament_cmake_export_libraries-extras.cmake
-- Up-to-date: /home/hj926217/ros2ws/install/px4_ros_com/share/px4_ros_com/cmake/px4_ros_comConfig.cmake
-- Up-to-date: /home/hj926217/ros2ws/install/px4_ros_com/share/px4_ros_com/cmake/px4_ros_comConfig-version.cmake
-- Up-to-date: /home/hj926217/ros2ws/install/px4_ros_com/share/px4_ros_com/package.xml
