[0.032s] Invoking command in '/home/hj926217/ros2ws/build/px4_ros_com': AMENT_PREFIX_PATH=/home/hj926217/ros2ws/install/px4_msgs:${AMENT_PREFIX_PATH} CMAKE_PREFIX_PATH=/home/hj926217/ros2ws/install/px4_msgs:/opt/ros/humble LD_LIBRARY_PATH=/home/hj926217/ros2ws/install/px4_msgs/lib:${LD_LIBRARY_PATH} PYTHONPATH=/home/hj926217/ros2ws/install/px4_msgs/local/lib/python3.10/dist-packages:${PYTHONPATH} /usr/bin/cmake --build /home/hj926217/ros2ws/build/px4_ros_com -- -j16 -l16
[0.127s] [35m[1mConsolidate compiler generated dependencies of target local_path[0m
[0.172s] [  2%] [32mBuilding CXX object CMakeFiles/frame_transforms.dir/src/lib/frame_transforms.cpp.o[0m
[0.174s] [  4%] [32mBuilding CXX object CMakeFiles/sensor_combined_listener.dir/src/examples/listeners/sensor_combined_listener.cpp.o[0m
[0.174s] [  7%] [32mBuilding CXX object CMakeFiles/path_follower.dir/src/path_follower.cpp.o[0m
[0.174s] [  9%] [32mBuilding CXX object CMakeFiles/nav_path.dir/src/nav_path.cpp.o[0m
[0.176s] [ 11%] [32mBuilding CXX object CMakeFiles/landing_target_sender_mavros.dir/src/landing_target_sender_mavros.cpp.o[0m
[0.177s] [ 14%] [32mBuilding CXX object CMakeFiles/gripper_send_zero.dir/src/gripper_send_zero.cpp.o[0m
[0.177s] [ 16%] [32mBuilding CXX object CMakeFiles/debug_vect_advertiser.dir/src/examples/advertisers/debug_vect_advertiser.cpp.o[0m
[0.178s] [ 19%] [32mBuilding CXX object CMakeFiles/goal_to_path.dir/src/goal_to_path.cpp.o[0m
[0.184s] [ 21%] [32mBuilding CXX object CMakeFiles/gripper_send_two.dir/src/gripper_send_two.cpp.o[0m
[0.192s] [ 23%] [32mBuilding CXX object CMakeFiles/tf2_control.dir/src/examples/offboard/tf2_control.cpp.o[0m
[0.192s] [ 26%] [32mBuilding CXX object CMakeFiles/vehicle_gps_position_listener.dir/src/examples/listeners/vehicle_gps_position_listener.cpp.o[0m
[0.193s] [ 28%] [32mBuilding CXX object CMakeFiles/global_path.dir/src/global_path.cpp.o[0m
[0.193s] [ 30%] [32mBuilding CXX object CMakeFiles/circle_flight.dir/src/circle_flight.cpp.o[0m
[0.195s] [ 33%] [32mBuilding CXX object CMakeFiles/local_path.dir/src/local_path.cpp.o[0m
[0.206s] [ 35%] [32mBuilding CXX object CMakeFiles/ground_odom.dir/src/ground_odom.cpp.o[0m
[0.207s] [ 38%] [32mBuilding CXX object CMakeFiles/goal_marker_pub.dir/src/goal_marker_pub.cpp.o[0m
[16.678s] [ 40%] [32m[1mLinking CXX executable gripper_send_two[0m
[16.972s] [ 42%] [32m[1mLinking CXX executable gripper_send_zero[0m
[17.801s] [ 42%] Built target gripper_send_zero
[17.892s] [ 42%] Built target gripper_send_two
[17.997s] [ 45%] [32mBuilding CXX object CMakeFiles/aruco_position_sub.dir/src/aruco_position_sub.cpp.o[0m
[18.079s] [ 47%] [32mBuilding CXX object CMakeFiles/vertiport_land.dir/src/examples/offboard/VertiportLand.cpp.o[0m
[18.603s] [ 50%] [32m[1mLinking CXX executable debug_vect_advertiser[0m
[19.872s] [ 50%] Built target debug_vect_advertiser
[19.998s] [ 52%] [32m[1mLinking CXX executable global_path[0m
[20.099s] [ 54%] [32mBuilding CXX object CMakeFiles/aruco_position_publisher_node.dir/src/aruco_position_publisher.cpp.o[0m
[22.547s] [ 57%] [32m[1mLinking CXX executable goal_marker_pub[0m
[23.576s] [ 57%] Built target goal_marker_pub
[23.585s] [ 57%] Built target global_path
[27.666s] [ 59%] [32m[1mLinking CXX shared library libframe_transforms.so[0m
[28.648s] [ 59%] Built target frame_transforms
[29.142s] [ 61%] [32m[1mLinking CXX executable ground_odom[0m
[30.704s] [ 64%] [32m[1mLinking CXX executable sensor_combined_listener[0m
[30.711s] [ 64%] Built target ground_odom
[31.550s] [ 66%] [32m[1mLinking CXX executable nav_path[0m
[31.922s] [ 66%] Built target sensor_combined_listener
[32.864s] [ 66%] Built target nav_path
[33.385s] [ 69%] [32m[1mLinking CXX executable vehicle_gps_position_listener[0m
[34.464s] [ 69%] Built target vehicle_gps_position_listener
[34.597s] [ 71%] [32m[1mLinking CXX executable circle_flight[0m
[35.618s] [ 73%] [32m[1mLinking CXX executable tf2_control[0m
[35.863s] [ 73%] Built target circle_flight
[36.839s] [ 73%] Built target tf2_control
[40.129s] [ 76%] [32m[1mLinking CXX executable landing_target_sender_mavros[0m
[41.774s] [ 76%] Built target landing_target_sender_mavros
[45.365s] [ 78%] [32m[1mLinking CXX executable goal_to_path[0m
[46.947s] [ 78%] Built target goal_to_path
[50.859s] [ 80%] [32m[1mLinking CXX executable path_follower[0m
[50.958s] [ 83%] [32m[1mLinking CXX executable local_path[0m
[53.078s] [ 85%] [32m[1mLinking CXX executable vertiport_land[0m
[54.176s] [ 85%] Built target local_path
[54.277s] [ 85%] Built target path_follower
[54.458s] [ 85%] Built target vertiport_land
[59.875s] [ 88%] [32m[1mLinking CXX executable aruco_position_sub[0m
[61.390s] [ 88%] Built target aruco_position_sub
[61.451s] [ 88%] Built target ament_cmake_python_copy_px4_ros_com
[61.499s] [ 90%] [32mBuilding CXX object CMakeFiles/offboard_control_srv.dir/src/examples/offboard/offboard_control_srv.cpp.o[0m
[65.584s] [ 92%] [32m[1mLinking CXX executable aruco_position_publisher_node[0m
[67.437s] [ 92%] Built target aruco_position_publisher_node
[68.147s] running egg_info
[68.149s] writing px4_ros_com.egg-info/PKG-INFO
[68.149s] writing dependency_links to px4_ros_com.egg-info/dependency_links.txt
[68.149s] writing top-level names to px4_ros_com.egg-info/top_level.txt
[68.155s] reading manifest file 'px4_ros_com.egg-info/SOURCES.txt'
[68.156s] writing manifest file 'px4_ros_com.egg-info/SOURCES.txt'
[68.207s] [ 92%] Built target ament_cmake_python_build_px4_ros_com_egg
[68.253s] [ 95%] [32mBuilding CXX object CMakeFiles/offboard_control.dir/src/examples/offboard/offboard_control.cpp.o[0m
[70.487s] [ 97%] [32m[1mLinking CXX executable offboard_control_srv[0m
[70.853s] [ 97%] Built target offboard_control_srv
[81.073s] [100%] [32m[1mLinking CXX executable offboard_control[0m
[81.667s] [100%] Built target offboard_control
[81.687s] Invoked command in '/home/hj926217/ros2ws/build/px4_ros_com' returned '0': AMENT_PREFIX_PATH=/home/hj926217/ros2ws/install/px4_msgs:${AMENT_PREFIX_PATH} CMAKE_PREFIX_PATH=/home/hj926217/ros2ws/install/px4_msgs:/opt/ros/humble LD_LIBRARY_PATH=/home/hj926217/ros2ws/install/px4_msgs/lib:${LD_LIBRARY_PATH} PYTHONPATH=/home/hj926217/ros2ws/install/px4_msgs/local/lib/python3.10/dist-packages:${PYTHONPATH} /usr/bin/cmake --build /home/hj926217/ros2ws/build/px4_ros_com -- -j16 -l16
[81.702s] Invoking command in '/home/hj926217/ros2ws/build/px4_ros_com': AMENT_PREFIX_PATH=/home/hj926217/ros2ws/install/px4_msgs:${AMENT_PREFIX_PATH} CMAKE_PREFIX_PATH=/home/hj926217/ros2ws/install/px4_msgs:/opt/ros/humble LD_LIBRARY_PATH=/home/hj926217/ros2ws/install/px4_msgs/lib:${LD_LIBRARY_PATH} PYTHONPATH=/home/hj926217/ros2ws/install/px4_msgs/local/lib/python3.10/dist-packages:${PYTHONPATH} /usr/bin/cmake --install /home/hj926217/ros2ws/build/px4_ros_com
[81.711s] -- Install configuration: ""
[81.712s] -- Installing: /home/hj926217/ros2ws/install/px4_ros_com/lib/px4_ros_com/local_path
[81.719s] -- Set runtime path of "/home/hj926217/ros2ws/install/px4_ros_com/lib/px4_ros_com/local_path" to ""
[81.719s] -- Installing: /home/hj926217/ros2ws/install/px4_ros_com/lib/px4_ros_com/global_path
[81.720s] -- Set runtime path of "/home/hj926217/ros2ws/install/px4_ros_com/lib/px4_ros_com/global_path" to ""
[81.721s] -- Installing: /home/hj926217/ros2ws/install/px4_ros_com/lib/px4_ros_com/landing_target_sender_mavros
[81.726s] -- Set runtime path of "/home/hj926217/ros2ws/install/px4_ros_com/lib/px4_ros_com/landing_target_sender_mavros" to ""
[81.726s] -- Installing: /home/hj926217/ros2ws/install/px4_ros_com/lib/px4_ros_com/gripper_send_zero
[81.728s] -- Set runtime path of "/home/hj926217/ros2ws/install/px4_ros_com/lib/px4_ros_com/gripper_send_zero" to ""
[81.728s] -- Installing: /home/hj926217/ros2ws/install/px4_ros_com/lib/px4_ros_com/gripper_send_two
[81.730s] -- Set runtime path of "/home/hj926217/ros2ws/install/px4_ros_com/lib/px4_ros_com/gripper_send_two" to ""
[81.730s] -- Installing: /home/hj926217/ros2ws/install/px4_ros_com/lib/px4_ros_com/path_follower
[81.740s] -- Set runtime path of "/home/hj926217/ros2ws/install/px4_ros_com/lib/px4_ros_com/path_follower" to ""
[81.740s] -- Installing: /home/hj926217/ros2ws/install/px4_ros_com/lib/px4_ros_com/goal_marker_pub
[81.742s] -- Set runtime path of "/home/hj926217/ros2ws/install/px4_ros_com/lib/px4_ros_com/goal_marker_pub" to ""
[81.742s] -- Installing: /home/hj926217/ros2ws/install/px4_ros_com/lib/px4_ros_com/goal_to_path
[81.750s] -- Set runtime path of "/home/hj926217/ros2ws/install/px4_ros_com/lib/px4_ros_com/goal_to_path" to ""
[81.751s] -- Installing: /home/hj926217/ros2ws/install/px4_ros_com/lib/px4_ros_com/ground_odom
[81.757s] -- Set runtime path of "/home/hj926217/ros2ws/install/px4_ros_com/lib/px4_ros_com/ground_odom" to ""
[81.758s] -- Installing: /home/hj926217/ros2ws/install/px4_ros_com/lib/px4_ros_com/sensor_combined_listener
[81.763s] -- Set runtime path of "/home/hj926217/ros2ws/install/px4_ros_com/lib/px4_ros_com/sensor_combined_listener" to ""
[81.763s] -- Installing: /home/hj926217/ros2ws/install/px4_ros_com/lib/px4_ros_com/vehicle_gps_position_listener
[81.768s] -- Set runtime path of "/home/hj926217/ros2ws/install/px4_ros_com/lib/px4_ros_com/vehicle_gps_position_listener" to ""
[81.769s] -- Installing: /home/hj926217/ros2ws/install/px4_ros_com/lib/px4_ros_com/debug_vect_advertiser
[81.770s] -- Set runtime path of "/home/hj926217/ros2ws/install/px4_ros_com/lib/px4_ros_com/debug_vect_advertiser" to ""
[81.771s] -- Installing: /home/hj926217/ros2ws/install/px4_ros_com/lib/px4_ros_com/nav_path
[81.775s] -- Set runtime path of "/home/hj926217/ros2ws/install/px4_ros_com/lib/px4_ros_com/nav_path" to ""
[81.776s] -- Installing: /home/hj926217/ros2ws/install/px4_ros_com/lib/px4_ros_com/circle_flight
[81.780s] -- Set runtime path of "/home/hj926217/ros2ws/install/px4_ros_com/lib/px4_ros_com/circle_flight" to ""
[81.781s] -- Installing: /home/hj926217/ros2ws/install/px4_ros_com/lib/px4_ros_com/tf2_control
[81.788s] -- Set runtime path of "/home/hj926217/ros2ws/install/px4_ros_com/lib/px4_ros_com/tf2_control" to ""
[81.789s] -- Installing: /home/hj926217/ros2ws/install/px4_ros_com/lib/px4_ros_com/aruco_position_sub
[81.798s] -- Set runtime path of "/home/hj926217/ros2ws/install/px4_ros_com/lib/px4_ros_com/aruco_position_sub" to ""
[81.799s] -- Installing: /home/hj926217/ros2ws/install/px4_ros_com/lib/px4_ros_com/vertiport_land
[81.806s] -- Set runtime path of "/home/hj926217/ros2ws/install/px4_ros_com/lib/px4_ros_com/vertiport_land" to ""
[81.806s] -- Installing: /home/hj926217/ros2ws/install/px4_ros_com/lib/px4_ros_com/aruco_position_publisher_node
[81.816s] -- Set runtime path of "/home/hj926217/ros2ws/install/px4_ros_com/lib/px4_ros_com/aruco_position_publisher_node" to ""
[81.816s] -- Installing: /home/hj926217/ros2ws/install/px4_ros_com/lib/px4_ros_com/offboard_control
[81.820s] -- Set runtime path of "/home/hj926217/ros2ws/install/px4_ros_com/lib/px4_ros_com/offboard_control" to ""
[81.821s] -- Installing: /home/hj926217/ros2ws/install/px4_ros_com/lib/px4_ros_com/offboard_control_srv
[81.824s] -- Set runtime path of "/home/hj926217/ros2ws/install/px4_ros_com/lib/px4_ros_com/offboard_control_srv" to ""
[81.824s] -- Up-to-date: /home/hj926217/ros2ws/install/px4_ros_com/share/px4_ros_com/environment/library_path.sh
[81.824s] -- Up-to-date: /home/hj926217/ros2ws/install/px4_ros_com/share/px4_ros_com/environment/library_path.dsv
[81.824s] -- Up-to-date: /home/hj926217/ros2ws/install/px4_ros_com/include/px4_ros_com
[81.825s] -- Up-to-date: /home/hj926217/ros2ws/install/px4_ros_com/include/px4_ros_com/frame_transforms.h
[81.826s] -- Installing: /home/hj926217/ros2ws/install/px4_ros_com/lib/libframe_transforms.so
[81.832s] -- Set runtime path of "/home/hj926217/ros2ws/install/px4_ros_com/lib/libframe_transforms.so" to ""
[81.832s] -- Up-to-date: /home/hj926217/ros2ws/install/px4_ros_com/share/px4_ros_com//launch
[81.833s] -- Up-to-date: /home/hj926217/ros2ws/install/px4_ros_com/share/px4_ros_com//launch/lidar_octomap_launch.py
[81.833s] -- Up-to-date: /home/hj926217/ros2ws/install/px4_ros_com/share/px4_ros_com//launch/rtab_points.launch.py
[81.833s] -- Up-to-date: /home/hj926217/ros2ws/install/px4_ros_com/share/px4_ros_com//launch/path_follower_launch.py
[81.833s] -- Up-to-date: /home/hj926217/ros2ws/install/px4_ros_com/share/px4_ros_com//launch/offboard_control_launch.yaml
[81.833s] -- Up-to-date: /home/hj926217/ros2ws/install/px4_ros_com/share/px4_ros_com//launch/123.launch.py
[81.833s] -- Up-to-date: /home/hj926217/ros2ws/install/px4_ros_com/share/px4_ros_com//launch/sensor_combined_listener.launch.py
[81.833s] -- Up-to-date: /home/hj926217/ros2ws/install/px4_ros_com/share/px4_ros_com//test
[81.833s] -- Up-to-date: /home/hj926217/ros2ws/install/px4_ros_com/share/px4_ros_com//test/test_output.py
[81.834s] -- Up-to-date: /home/hj926217/ros2ws/install/px4_ros_com/share/px4_ros_com//test/__init__.py
[81.834s] -- Up-to-date: /home/hj926217/ros2ws/install/px4_ros_com/share/px4_ros_com//test/pipeline_io_test.py
[81.834s] -- Up-to-date: /home/hj926217/ros2ws/install/px4_ros_com/share/px4_ros_com//test/test_input.py
[81.834s] -- Up-to-date: /home/hj926217/ros2ws/install/px4_ros_com/share/px4_ros_com/environment/pythonpath.sh
[81.834s] -- Up-to-date: /home/hj926217/ros2ws/install/px4_ros_com/share/px4_ros_com/environment/pythonpath.dsv
[81.834s] -- Up-to-date: /home/hj926217/ros2ws/install/px4_ros_com/local/lib/python3.10/dist-packages/px4_ros_com-0.1.0-py3.10.egg-info
[81.834s] -- Installing: /home/hj926217/ros2ws/install/px4_ros_com/local/lib/python3.10/dist-packages/px4_ros_com-0.1.0-py3.10.egg-info/SOURCES.txt
[81.834s] -- Installing: /home/hj926217/ros2ws/install/px4_ros_com/local/lib/python3.10/dist-packages/px4_ros_com-0.1.0-py3.10.egg-info/PKG-INFO
[81.834s] -- Installing: /home/hj926217/ros2ws/install/px4_ros_com/local/lib/python3.10/dist-packages/px4_ros_com-0.1.0-py3.10.egg-info/top_level.txt
[81.834s] -- Installing: /home/hj926217/ros2ws/install/px4_ros_com/local/lib/python3.10/dist-packages/px4_ros_com-0.1.0-py3.10.egg-info/dependency_links.txt
[81.834s] -- Up-to-date: /home/hj926217/ros2ws/install/px4_ros_com/local/lib/python3.10/dist-packages/px4_ros_com
[81.835s] -- Up-to-date: /home/hj926217/ros2ws/install/px4_ros_com/local/lib/python3.10/dist-packages/px4_ros_com/module_to_import.py
[81.835s] -- Up-to-date: /home/hj926217/ros2ws/install/px4_ros_com/local/lib/python3.10/dist-packages/px4_ros_com/__init__.py
[81.883s] Listing '/home/hj926217/ros2ws/install/px4_ros_com/local/lib/python3.10/dist-packages/px4_ros_com'...
[81.891s] -- Up-to-date: /home/hj926217/ros2ws/install/px4_ros_com/lib/px4_ros_com/offboard_control.py
[81.891s] -- Up-to-date: /home/hj926217/ros2ws/install/px4_ros_com/share/ament_index/resource_index/package_run_dependencies/px4_ros_com
[81.891s] -- Up-to-date: /home/hj926217/ros2ws/install/px4_ros_com/share/ament_index/resource_index/parent_prefix_path/px4_ros_com
[81.891s] -- Up-to-date: /home/hj926217/ros2ws/install/px4_ros_com/share/px4_ros_com/environment/ament_prefix_path.sh
[81.892s] -- Up-to-date: /home/hj926217/ros2ws/install/px4_ros_com/share/px4_ros_com/environment/ament_prefix_path.dsv
[81.892s] -- Up-to-date: /home/hj926217/ros2ws/install/px4_ros_com/share/px4_ros_com/environment/path.sh
[81.892s] -- Up-to-date: /home/hj926217/ros2ws/install/px4_ros_com/share/px4_ros_com/environment/path.dsv
[81.892s] -- Up-to-date: /home/hj926217/ros2ws/install/px4_ros_com/share/px4_ros_com/local_setup.bash
[81.892s] -- Up-to-date: /home/hj926217/ros2ws/install/px4_ros_com/share/px4_ros_com/local_setup.sh
[81.892s] -- Up-to-date: /home/hj926217/ros2ws/install/px4_ros_com/share/px4_ros_com/local_setup.zsh
[81.892s] -- Up-to-date: /home/hj926217/ros2ws/install/px4_ros_com/share/px4_ros_com/local_setup.dsv
[81.892s] -- Installing: /home/hj926217/ros2ws/install/px4_ros_com/share/px4_ros_com/package.dsv
[81.893s] -- Up-to-date: /home/hj926217/ros2ws/install/px4_ros_com/share/ament_index/resource_index/packages/px4_ros_com
[81.893s] -- Up-to-date: /home/hj926217/ros2ws/install/px4_ros_com/share/px4_ros_com/cmake/export_frame_transformsExport.cmake
[81.893s] -- Up-to-date: /home/hj926217/ros2ws/install/px4_ros_com/share/px4_ros_com/cmake/export_frame_transformsExport-noconfig.cmake
[81.894s] -- Up-to-date: /home/hj926217/ros2ws/install/px4_ros_com/share/px4_ros_com/cmake/ament_cmake_export_dependencies-extras.cmake
[81.894s] -- Up-to-date: /home/hj926217/ros2ws/install/px4_ros_com/share/px4_ros_com/cmake/ament_cmake_export_targets-extras.cmake
[81.894s] -- Up-to-date: /home/hj926217/ros2ws/install/px4_ros_com/share/px4_ros_com/cmake/ament_cmake_export_include_directories-extras.cmake
[81.894s] -- Up-to-date: /home/hj926217/ros2ws/install/px4_ros_com/share/px4_ros_com/cmake/ament_cmake_export_libraries-extras.cmake
[81.894s] -- Up-to-date: /home/hj926217/ros2ws/install/px4_ros_com/share/px4_ros_com/cmake/px4_ros_comConfig.cmake
[81.894s] -- Up-to-date: /home/hj926217/ros2ws/install/px4_ros_com/share/px4_ros_com/cmake/px4_ros_comConfig-version.cmake
[81.894s] -- Up-to-date: /home/hj926217/ros2ws/install/px4_ros_com/share/px4_ros_com/package.xml
[81.898s] Invoked command in '/home/hj926217/ros2ws/build/px4_ros_com' returned '0': AMENT_PREFIX_PATH=/home/hj926217/ros2ws/install/px4_msgs:${AMENT_PREFIX_PATH} CMAKE_PREFIX_PATH=/home/hj926217/ros2ws/install/px4_msgs:/opt/ros/humble LD_LIBRARY_PATH=/home/hj926217/ros2ws/install/px4_msgs/lib:${LD_LIBRARY_PATH} PYTHONPATH=/home/hj926217/ros2ws/install/px4_msgs/local/lib/python3.10/dist-packages:${PYTHONPATH} /usr/bin/cmake --install /home/hj926217/ros2ws/build/px4_ros_com
