[0.026s] Invoking command in '/home/hj926217/ros2ws/build/px4_ros_com': CMAKE_PREFIX_PATH=/home/hj926217/ros2ws/install/px4_msgs:/home/hj926217/ros2ws/install/px4_ros_com:/opt/ros/humble LD_LIBRARY_PATH=/home/hj926217/ros2ws/install/px4_msgs/lib:/home/hj926217/ros2ws/install/px4_ros_com/lib:/opt/ros/humble/opt/rviz_ogre_vendor/lib:/opt/ros/humble/lib/x86_64-linux-gnu:/opt/ros/humble/lib:/usr/local/lib /usr/bin/cmake --build /home/hj926217/ros2ws/build/px4_ros_com -- -j16 -l16
[0.066s] -- Found ament_cmake: 1.3.12 (/opt/ros/humble/share/ament_cmake/cmake)
[0.331s] -- Found builtin_interfaces: 1.2.2 (/opt/ros/humble/share/builtin_interfaces/cmake)
[0.376s] -- Found rosidl_generator_c: 3.1.7 (/opt/ros/humble/share/rosidl_generator_c/cmake)
[0.381s] -- Found rosidl_adapter: 3.1.7 (/opt/ros/humble/share/rosidl_adapter/cmake)
[0.391s] -- Found rosidl_generator_cpp: 3.1.7 (/opt/ros/humble/share/rosidl_generator_cpp/cmake)
[0.413s] -- Using all available rosidl_typesupport_c: rosidl_typesupport_fastrtps_c;rosidl_typesupport_introspection_c
[0.440s] -- Using all available rosidl_typesupport_cpp: rosidl_typesupport_fastrtps_cpp;rosidl_typesupport_introspection_cpp
[0.460s] -- Found eigen3_cmake_module: 0.1.1 (/opt/ros/humble/share/eigen3_cmake_module/cmake)
[0.463s] -- Found geometry_msgs: 4.9.0 (/opt/ros/humble/share/geometry_msgs/cmake)
[0.511s] -- Found px4_msgs: 2.0.1 (/home/hj926217/ros2ws/install/px4_msgs/share/px4_msgs/cmake)
[0.529s] -- Found rclcpp: 16.0.15 (/opt/ros/humble/share/rclcpp/cmake)
[0.577s] -- Found rmw_implementation_cmake: 6.1.2 (/opt/ros/humble/share/rmw_implementation_cmake/cmake)
[0.580s] -- Found rmw_fastrtps_cpp: 6.2.9 (/opt/ros/humble/share/rmw_fastrtps_cpp/cmake)
[0.780s] -- Using RMW implementation 'rmw_fastrtps_cpp' as default
[0.844s] -- Found sensor_msgs: 4.9.0 (/opt/ros/humble/share/sensor_msgs/cmake)
[0.877s] -- Found rclpy: 3.3.17 (/opt/ros/humble/share/rclpy/cmake)
[0.877s] -- Found tf2: 0.25.16 (/opt/ros/humble/share/tf2/cmake)
[0.884s] -- Found tf2_ros: 0.25.16 (/opt/ros/humble/share/tf2_ros/cmake)
[1.027s] -- Found tf2_geometry_msgs: 0.25.16 (/opt/ros/humble/share/tf2_geometry_msgs/cmake)
[1.036s] -- Ensuring Eigen3 include directory is part of orocos-kdl CMake target
[1.038s] -- Found nav_msgs: 4.9.0 (/opt/ros/humble/share/nav_msgs/cmake)
[1.060s] -- Found cv_bridge: 4.1.0 (/home/hj926217/aruco/install/cv_bridge/share/cv_bridge/cmake)
[1.081s] -- Found visualization_msgs: 4.9.0 (/opt/ros/humble/share/visualization_msgs/cmake)
[1.112s] -- Found interactive_markers: 2.3.2 (/opt/ros/humble/share/interactive_markers/cmake)
[1.131s] [31mCMake Error at CMakeLists.txt:36 (find_package):
[1.132s]   By not providing "Findmavsdk.cmake" in CMAKE_MODULE_PATH this project has
[1.132s]   asked CMake to find a package configuration file provided by "mavsdk", but
[1.132s]   CMake did not find one.
[1.132s] 
[1.132s]   Could not find a package configuration file provided by "mavsdk" with any
[1.132s]   of the following names:
[1.132s] 
[1.133s]     mavsdkConfig.cmake
[1.133s]     mavsdk-config.cmake
[1.133s] 
[1.133s]   Add the installation prefix of "mavsdk" to CMAKE_PREFIX_PATH or set
[1.133s]   "mavsdk_DIR" to a directory containing one of the above files.  If "mavsdk"
[1.133s]   provides a separate development package or SDK, be sure it has been
[1.133s]   installed.
[1.133s] 
[1.133s] [0m
[1.133s] -- Configuring incomplete, errors occurred!
[1.134s] See also "/home/hj926217/ros2ws/build/px4_ros_com/CMakeFiles/CMakeOutput.log".
[1.144s] gmake: *** [Makefile:910: cmake_check_build_system] Error 1
[1.150s] Invoked command in '/home/hj926217/ros2ws/build/px4_ros_com' returned '2': CMAKE_PREFIX_PATH=/home/hj926217/ros2ws/install/px4_msgs:/home/hj926217/ros2ws/install/px4_ros_com:/opt/ros/humble LD_LIBRARY_PATH=/home/hj926217/ros2ws/install/px4_msgs/lib:/home/hj926217/ros2ws/install/px4_ros_com/lib:/opt/ros/humble/opt/rviz_ogre_vendor/lib:/opt/ros/humble/lib/x86_64-linux-gnu:/opt/ros/humble/lib:/usr/local/lib /usr/bin/cmake --build /home/hj926217/ros2ws/build/px4_ros_com -- -j16 -l16
