[0.268s] DEBUG:colcon:Command line arguments: ['/usr/bin/colcon', 'build', '--packages-select', 'px4_ros_com']
[0.268s] DEBUG:colcon:Parsed command line arguments: Namespace(log_base=None, log_level=None, verb_name='build', build_base='build', install_base='install', merge_install=False, symlink_install=False, test_result_base=None, continue_on_error=False, executor='parallel', parallel_workers=16, event_handlers=None, ignore_user_meta=False, metas=['./colcon.meta'], base_paths=['.'], packages_ignore=None, packages_ignore_regex=None, paths=None, packages_up_to=None, packages_up_to_regex=None, packages_above=None, packages_above_and_dependencies=None, packages_above_depth=None, packages_select_by_dep=None, packages_skip_by_dep=None, packages_skip_up_to=None, packages_select_build_failed=False, packages_skip_build_finished=False, packages_select_test_failures=False, packages_skip_test_passed=False, packages_select=['px4_ros_com'], packages_skip=None, packages_select_regex=None, packages_skip_regex=None, packages_start=None, packages_end=None, allow_overriding=[], cmake_args=None, cmake_target=None, cmake_target_skip_unavailable=False, cmake_clean_cache=False, cmake_clean_first=False, cmake_force_configure=False, ament_cmake_args=None, catkin_cmake_args=None, catkin_skip_building_tests=False, mixin_files=None, mixin=None, verb_parser=<colcon_mixin.mixin.mixin_argument.MixinArgumentDecorator object at 0x74a90b89d990>, verb_extension=<colcon_core.verb.build.BuildVerb object at 0x74a90b823460>, main=<bound method BuildVerb.main of <colcon_core.verb.build.BuildVerb object at 0x74a90b823460>>, mixin_verb=('build',))
[0.656s] Level 1:colcon.colcon_core.package_discovery:discover_packages(colcon_meta) check parameters
[0.656s] Level 1:colcon.colcon_core.package_discovery:discover_packages(recursive) check parameters
[0.656s] Level 1:colcon.colcon_core.package_discovery:discover_packages(ignore) check parameters
[0.656s] Level 1:colcon.colcon_core.package_discovery:discover_packages(path) check parameters
[0.657s] Level 1:colcon.colcon_core.package_discovery:discover_packages(colcon_meta) discover
[0.657s] Level 1:colcon.colcon_core.package_discovery:discover_packages(recursive) discover
[0.657s] INFO:colcon.colcon_core.package_discovery:Crawling recursively for packages in '/home/hj926217/ros2ws'
[0.657s] Level 1:colcon.colcon_core.package_identification:_identify(.) by extensions ['ignore', 'ignore_ament_install']
[0.657s] Level 1:colcon.colcon_core.package_identification:_identify(.) by extension 'ignore'
[0.657s] Level 1:colcon.colcon_core.package_identification:_identify(.) by extension 'ignore_ament_install'
[0.657s] Level 1:colcon.colcon_core.package_identification:_identify(.) by extensions ['colcon_pkg']
[0.657s] Level 1:colcon.colcon_core.package_identification:_identify(.) by extension 'colcon_pkg'
[0.657s] Level 1:colcon.colcon_core.package_identification:_identify(.) by extensions ['colcon_meta']
[0.657s] Level 1:colcon.colcon_core.package_identification:_identify(.) by extension 'colcon_meta'
[0.657s] Level 1:colcon.colcon_core.package_identification:_identify(.) by extensions ['ros']
[0.657s] Level 1:colcon.colcon_core.package_identification:_identify(.) by extension 'ros'
[0.696s] Level 1:colcon.colcon_core.package_identification:_identify(.) by extensions ['cmake', 'python']
[0.696s] Level 1:colcon.colcon_core.package_identification:_identify(.) by extension 'cmake'
[0.696s] Level 1:colcon.colcon_core.package_identification:_identify(.) by extension 'python'
[0.696s] Level 1:colcon.colcon_core.package_identification:_identify(.) by extensions ['python_setup_py']
[0.696s] Level 1:colcon.colcon_core.package_identification:_identify(.) by extension 'python_setup_py'
[0.697s] Level 1:colcon.colcon_core.package_identification:_identify(build) by extensions ['ignore', 'ignore_ament_install']
[0.697s] Level 1:colcon.colcon_core.package_identification:_identify(build) by extension 'ignore'
[0.697s] Level 1:colcon.colcon_core.package_identification:_identify(build) ignored
[0.697s] Level 1:colcon.colcon_core.package_identification:_identify(install) by extensions ['ignore', 'ignore_ament_install']
[0.697s] Level 1:colcon.colcon_core.package_identification:_identify(install) by extension 'ignore'
[0.697s] Level 1:colcon.colcon_core.package_identification:_identify(install) ignored
[0.698s] Level 1:colcon.colcon_core.package_identification:_identify(log) by extensions ['ignore', 'ignore_ament_install']
[0.698s] Level 1:colcon.colcon_core.package_identification:_identify(log) by extension 'ignore'
[0.698s] Level 1:colcon.colcon_core.package_identification:_identify(log) ignored
[0.698s] Level 1:colcon.colcon_core.package_identification:_identify(src) by extensions ['ignore', 'ignore_ament_install']
[0.698s] Level 1:colcon.colcon_core.package_identification:_identify(src) by extension 'ignore'
[0.698s] Level 1:colcon.colcon_core.package_identification:_identify(src) by extension 'ignore_ament_install'
[0.698s] Level 1:colcon.colcon_core.package_identification:_identify(src) by extensions ['colcon_pkg']
[0.698s] Level 1:colcon.colcon_core.package_identification:_identify(src) by extension 'colcon_pkg'
[0.699s] Level 1:colcon.colcon_core.package_identification:_identify(src) by extensions ['colcon_meta']
[0.699s] Level 1:colcon.colcon_core.package_identification:_identify(src) by extension 'colcon_meta'
[0.699s] Level 1:colcon.colcon_core.package_identification:_identify(src) by extensions ['ros']
[0.699s] Level 1:colcon.colcon_core.package_identification:_identify(src) by extension 'ros'
[0.699s] Level 1:colcon.colcon_core.package_identification:_identify(src) by extensions ['cmake', 'python']
[0.699s] Level 1:colcon.colcon_core.package_identification:_identify(src) by extension 'cmake'
[0.699s] Level 1:colcon.colcon_core.package_identification:_identify(src) by extension 'python'
[0.699s] Level 1:colcon.colcon_core.package_identification:_identify(src) by extensions ['python_setup_py']
[0.699s] Level 1:colcon.colcon_core.package_identification:_identify(src) by extension 'python_setup_py'
[0.699s] Level 1:colcon.colcon_core.package_identification:_identify(src/px4_msgs) by extensions ['ignore', 'ignore_ament_install']
[0.699s] Level 1:colcon.colcon_core.package_identification:_identify(src/px4_msgs) by extension 'ignore'
[0.699s] Level 1:colcon.colcon_core.package_identification:_identify(src/px4_msgs) by extension 'ignore_ament_install'
[0.699s] Level 1:colcon.colcon_core.package_identification:_identify(src/px4_msgs) by extensions ['colcon_pkg']
[0.699s] Level 1:colcon.colcon_core.package_identification:_identify(src/px4_msgs) by extension 'colcon_pkg'
[0.699s] Level 1:colcon.colcon_core.package_identification:_identify(src/px4_msgs) by extensions ['colcon_meta']
[0.700s] Level 1:colcon.colcon_core.package_identification:_identify(src/px4_msgs) by extension 'colcon_meta'
[0.700s] Level 1:colcon.colcon_core.package_identification:_identify(src/px4_msgs) by extensions ['ros']
[0.700s] Level 1:colcon.colcon_core.package_identification:_identify(src/px4_msgs) by extension 'ros'
[0.705s] DEBUG:colcon.colcon_core.package_identification:Package 'src/px4_msgs' with type 'ros.ament_cmake' and name 'px4_msgs'
[0.705s] Level 1:colcon.colcon_core.package_identification:_identify(src/px4_ros_com) by extensions ['ignore', 'ignore_ament_install']
[0.705s] Level 1:colcon.colcon_core.package_identification:_identify(src/px4_ros_com) by extension 'ignore'
[0.705s] Level 1:colcon.colcon_core.package_identification:_identify(src/px4_ros_com) by extension 'ignore_ament_install'
[0.705s] Level 1:colcon.colcon_core.package_identification:_identify(src/px4_ros_com) by extensions ['colcon_pkg']
[0.705s] Level 1:colcon.colcon_core.package_identification:_identify(src/px4_ros_com) by extension 'colcon_pkg'
[0.705s] Level 1:colcon.colcon_core.package_identification:_identify(src/px4_ros_com) by extensions ['colcon_meta']
[0.706s] Level 1:colcon.colcon_core.package_identification:_identify(src/px4_ros_com) by extension 'colcon_meta'
[0.706s] Level 1:colcon.colcon_core.package_identification:_identify(src/px4_ros_com) by extensions ['ros']
[0.706s] Level 1:colcon.colcon_core.package_identification:_identify(src/px4_ros_com) by extension 'ros'
[0.711s] DEBUG:colcon.colcon_core.package_identification:Found ROS schema reference in package manifest in 'src/px4_ros_com'
[0.711s] WARNING:colcon.colcon_core.package_identification:Failed to parse ROS package manifest in 'src/px4_ros_com': Error(s) in package 'src/px4_ros_com/package.xml':
Error(s):
- The generic dependency on 'octomap' is redundant with: build_depend
- The generic dependency on 'octomap_msgs' is redundant with: build_depend
[0.711s] Level 1:colcon.colcon_core.package_identification:_identify(src/px4_ros_com) by extensions ['cmake', 'python']
[0.711s] Level 1:colcon.colcon_core.package_identification:_identify(src/px4_ros_com) by extension 'cmake'
[0.716s] Level 1:colcon.colcon_core.package_identification:_identify(src/px4_ros_com) by extension 'python'
[0.716s] DEBUG:colcon.colcon_core.package_identification:Package 'src/px4_ros_com' with type 'cmake' and name 'px4_ros_com'
[0.716s] Level 1:colcon.colcon_core.package_discovery:discover_packages(recursive) using defaults
[0.716s] Level 1:colcon.colcon_core.package_discovery:discover_packages(ignore) discover
[0.716s] Level 1:colcon.colcon_core.package_discovery:discover_packages(ignore) using defaults
[0.716s] Level 1:colcon.colcon_core.package_discovery:discover_packages(path) discover
[0.716s] Level 1:colcon.colcon_core.package_discovery:discover_packages(path) using defaults
[0.763s] INFO:colcon.colcon_core.package_selection:Skipping not selected package 'px4_msgs' in 'src/px4_msgs'
[0.764s] Level 1:colcon.colcon_core.package_discovery:discover_packages(prefix_path) check parameters
[0.765s] Level 1:colcon.colcon_core.package_discovery:discover_packages(prefix_path) discover
[0.769s] DEBUG:colcon.colcon_installed_package_information.package_discovery:Found 3 installed packages in /home/hj926217/ros2ws/install
[0.773s] DEBUG:colcon.colcon_installed_package_information.package_discovery:Found 407 installed packages in /opt/ros/humble
[0.777s] Level 1:colcon.colcon_core.package_discovery:discover_packages(prefix_path) using defaults
[0.863s] WARNING:colcon.colcon_core.package_selection:Some selected packages are already built in one or more underlay workspaces:
	'px4_ros_com' is in: /home/hj926217/ros2ws/install/px4_ros_com
If a package in a merged underlay workspace is overridden and it installs headers, then all packages in the overlay must sort their include directories by workspace order. Failure to do so may result in build failures or undefined behavior at run time.
If the overridden package is used by another package in any underlay, then the overriding package in the overlay must be API and ABI compatible or undefined behavior at run time may occur.

If you understand the risks and want to override a package anyways, add the following to the command line:
	--allow-overriding px4_ros_com

This may be promoted to an error in a future release of colcon-override-check.
[0.866s] Level 5:colcon.colcon_core.verb:set package 'px4_ros_com' build argument 'cmake_args' from command line to 'None'
[0.866s] Level 5:colcon.colcon_core.verb:set package 'px4_ros_com' build argument 'cmake_target' from command line to 'None'
[0.867s] Level 5:colcon.colcon_core.verb:set package 'px4_ros_com' build argument 'cmake_target_skip_unavailable' from command line to 'False'
[0.867s] Level 5:colcon.colcon_core.verb:set package 'px4_ros_com' build argument 'cmake_clean_cache' from command line to 'False'
[0.867s] Level 5:colcon.colcon_core.verb:set package 'px4_ros_com' build argument 'cmake_clean_first' from command line to 'False'
[0.867s] Level 5:colcon.colcon_core.verb:set package 'px4_ros_com' build argument 'cmake_force_configure' from command line to 'False'
[0.867s] Level 5:colcon.colcon_core.verb:set package 'px4_ros_com' build argument 'ament_cmake_args' from command line to 'None'
[0.867s] Level 5:colcon.colcon_core.verb:set package 'px4_ros_com' build argument 'catkin_cmake_args' from command line to 'None'
[0.867s] Level 5:colcon.colcon_core.verb:set package 'px4_ros_com' build argument 'catkin_skip_building_tests' from command line to 'False'
[0.867s] DEBUG:colcon.colcon_core.verb:Building package 'px4_ros_com' with the following arguments: {'ament_cmake_args': None, 'build_base': '/home/hj926217/ros2ws/build/px4_ros_com', 'catkin_cmake_args': None, 'catkin_skip_building_tests': False, 'cmake_args': None, 'cmake_clean_cache': False, 'cmake_clean_first': False, 'cmake_force_configure': False, 'cmake_target': None, 'cmake_target_skip_unavailable': False, 'install_base': '/home/hj926217/ros2ws/install/px4_ros_com', 'merge_install': False, 'path': '/home/hj926217/ros2ws/src/px4_ros_com', 'symlink_install': False, 'test_result_base': None}
[0.868s] INFO:colcon.colcon_core.executor:Executing jobs using 'parallel' executor
[0.871s] DEBUG:colcon.colcon_parallel_executor.executor.parallel:run_until_complete
[0.871s] INFO:colcon.colcon_cmake.task.cmake.build:Building CMake package in '/home/hj926217/ros2ws/src/px4_ros_com'
[0.879s] INFO:colcon.colcon_core.plugin_system:Skipping extension 'colcon_core.shell.bat': Not used on non-Windows systems
[0.880s] INFO:colcon.colcon_core.shell:Skip shell extension 'powershell' for command environment: Not usable outside of PowerShell
[0.880s] DEBUG:colcon.colcon_core.shell:Skip shell extension 'dsv' for command environment
[0.920s] DEBUG:colcon.colcon_core.event_handler.log_command:Invoking command in '/home/hj926217/ros2ws/build/px4_ros_com': CMAKE_PREFIX_PATH=/home/hj926217/ros2ws/install/px4_msgs:/home/hj926217/ros2ws/install/px4_ros_com LD_LIBRARY_PATH=/home/hj926217/ros2ws/install/px4_msgs/lib:/opt/ros/humble/opt/rviz_ogre_vendor/lib:/opt/ros/humble/lib/x86_64-linux-gnu:/opt/ros/humble/lib:/home/hj926217/ros2ws/install/px4_ros_com/lib:/usr/local/lib /usr/bin/cmake --build /home/hj926217/ros2ws/build/px4_ros_com -- -j16 -l16
[5.347s] DEBUG:colcon.colcon_core.event_handler.log_command:Invoked command in '/home/hj926217/ros2ws/build/px4_ros_com' returned '2': CMAKE_PREFIX_PATH=/home/hj926217/ros2ws/install/px4_msgs:/home/hj926217/ros2ws/install/px4_ros_com LD_LIBRARY_PATH=/home/hj926217/ros2ws/install/px4_msgs/lib:/opt/ros/humble/opt/rviz_ogre_vendor/lib:/opt/ros/humble/lib/x86_64-linux-gnu:/opt/ros/humble/lib:/home/hj926217/ros2ws/install/px4_ros_com/lib:/usr/local/lib /usr/bin/cmake --build /home/hj926217/ros2ws/build/px4_ros_com -- -j16 -l16
[5.357s] DEBUG:colcon.colcon_parallel_executor.executor.parallel:closing loop
[5.357s] DEBUG:colcon.colcon_parallel_executor.executor.parallel:loop closed
[5.357s] DEBUG:colcon.colcon_parallel_executor.executor.parallel:run_until_complete finished with '2'
[5.358s] DEBUG:colcon.colcon_core.event_reactor:joining thread
[5.370s] INFO:colcon.colcon_core.plugin_system:Skipping extension 'colcon_notification.desktop_notification.terminal_notifier': Not used on non-Darwin systems
[5.371s] INFO:colcon.colcon_core.plugin_system:Skipping extension 'colcon_notification.desktop_notification.win32': Not used on non-Windows systems
[5.371s] INFO:colcon.colcon_notification.desktop_notification:Sending desktop notification using 'notify2'
[5.403s] DEBUG:colcon.colcon_core.event_reactor:joined thread
[5.404s] INFO:colcon.colcon_core.shell:Creating prefix script '/home/hj926217/ros2ws/install/local_setup.ps1'
[5.406s] INFO:colcon.colcon_core.shell:Creating prefix util module '/home/hj926217/ros2ws/install/_local_setup_util_ps1.py'
[5.409s] INFO:colcon.colcon_core.shell:Creating prefix chain script '/home/hj926217/ros2ws/install/setup.ps1'
[5.412s] INFO:colcon.colcon_core.shell:Creating prefix script '/home/hj926217/ros2ws/install/local_setup.sh'
[5.413s] INFO:colcon.colcon_core.shell:Creating prefix util module '/home/hj926217/ros2ws/install/_local_setup_util_sh.py'
[5.414s] INFO:colcon.colcon_core.shell:Creating prefix chain script '/home/hj926217/ros2ws/install/setup.sh'
[5.417s] INFO:colcon.colcon_core.shell:Creating prefix script '/home/hj926217/ros2ws/install/local_setup.bash'
[5.418s] INFO:colcon.colcon_core.shell:Creating prefix chain script '/home/hj926217/ros2ws/install/setup.bash'
[5.421s] INFO:colcon.colcon_core.shell:Creating prefix script '/home/hj926217/ros2ws/install/local_setup.zsh'
[5.422s] INFO:colcon.colcon_core.shell:Creating prefix chain script '/home/hj926217/ros2ws/install/setup.zsh'
