Traceback (most recent call last):
Traceback (most recent call last):
  File "/opt/ros/humble/share/rosidl_generator_c/cmake/../../../lib/rosidl_generator_c/rosidl_generator_c", line 38, in <module>
  File "/opt/ros/humble/share/rosidl_generator_cpp/cmake/../../../lib/rosidl_generator_cpp/rosidl_generator_cpp", line 38, in <module>
gmake[2]: *** Deleting file 'rosidl_generator_cpp/px4_msgs/msg/action_request.hpp'
gmake[2]: *** Deleting file 'rosidl_generator_c/px4_msgs/msg/action_request.h'
    sys.exit(main())
  File "/opt/ros/humble/share/rosidl_generator_c/cmake/../../../lib/rosidl_generator_c/rosidl_generator_c", line 34, in main
    generate_c(args.generator_arguments_file)
  File "/opt/ros/humble/local/lib/python3.10/dist-packages/rosidl_generator_c/__init__.py", line 37, in generate_c
    return generate_files(
  File "/opt/ros/humble/local/lib/python3.10/dist-packages/rosidl_cmake/__init__.py", line 74, in generate_files
    sys.exit(main())
  File "/opt/ros/humble/share/rosidl_generator_cpp/cmake/../../../lib/rosidl_generator_cpp/rosidl_generator_cpp", line 34, in main
    idl_file = parse_idl_file(locator)
  File "/opt/ros/humble/local/lib/python3.10/dist-packages/rosidl_parser/parser.py", line 64, in parse_idl_file
    generate_cpp(args.generator_arguments_file)
    content = parse_idl_string(string, png_file=png_file)
  File "/opt/ros/humble/local/lib/python3.10/dist-packages/rosidl_generator_cpp/__init__.py", line 39, in generate_cpp
  File "/opt/ros/humble/local/lib/python3.10/dist-packages/rosidl_parser/parser.py", line 72, in parse_idl_string
    tree = get_ast_from_idl_string(idl_string)
  File "/opt/ros/humble/local/lib/python3.10/dist-packages/rosidl_parser/parser.py", line 89, in get_ast_from_idl_string
    return generate_files(
  File "/opt/ros/humble/local/lib/python3.10/dist-packages/rosidl_cmake/__init__.py", line 74, in generate_files
    return _parser.parse(idl_string)
  File "/home/hj926217/.local/lib/python3.10/site-packages/lark/lark.py", line 655, in parse
    idl_file = parse_idl_file(locator)
  File "/opt/ros/humble/local/lib/python3.10/dist-packages/rosidl_parser/parser.py", line 64, in parse_idl_file
    content = parse_idl_string(string, png_file=png_file)
  File "/opt/ros/humble/local/lib/python3.10/dist-packages/rosidl_parser/parser.py", line 72, in parse_idl_string
    tree = get_ast_from_idl_string(idl_string)
  File "/opt/ros/humble/local/lib/python3.10/dist-packages/rosidl_parser/parser.py", line 89, in get_ast_from_idl_string
    return _parser.parse(idl_string)
  File "/home/hj926217/.local/lib/python3.10/site-packages/lark/lark.py", line 655, in parse
    return self.parser.parse(text, start=start, on_error=on_error)
  File "/home/hj926217/.local/lib/python3.10/site-packages/lark/parser_frontends.py", line 104, in parse
    return self.parser.parse(text, start=start, on_error=on_error)
  File "/home/hj926217/.local/lib/python3.10/site-packages/lark/parser_frontends.py", line 104, in parse
    return self.parser.parse(stream, chosen_start, **kw)
  File "/home/hj926217/.local/lib/python3.10/site-packages/lark/parsers/earley.py", line 280, in parse
    return self.parser.parse(stream, chosen_start, **kw)
  File "/home/hj926217/.local/lib/python3.10/site-packages/lark/parsers/earley.py", line 280, in parse
    to_scan = self._parse(lexer, columns, to_scan, start_symbol)
    to_scan = self._parse(lexer, columns, to_scan, start_symbol)
  File "/home/hj926217/.local/lib/python3.10/site-packages/lark/parsers/xearley.py", line 150, in _parse
  File "/home/hj926217/.local/lib/python3.10/site-packages/lark/parsers/xearley.py", line 150, in _parse
    self.predict_and_complete(i, to_scan, columns, transitives)
    self.predict_and_complete(i, to_scan, columns, transitives)
  File "/home/hj926217/.local/lib/python3.10/site-packages/lark/parsers/earley.py", line 135, in predict_and_complete
  File "/home/hj926217/.local/lib/python3.10/site-packages/lark/parsers/earley.py", line 167, in predict_and_complete
    originators = [originator for originator in columns[item.start] if originator.expect is not None and originator.expect == item.s]
  File "/home/hj926217/.local/lib/python3.10/site-packages/lark/parsers/earley.py", line 135, in <listcomp>
    elif new_item not in column:
  File "/home/hj926217/.local/lib/python3.10/site-packages/lark/utils.py", line 328, in __contains__
    originators = [originator for originator in columns[item.start] if originator.expect is not None and originator.expect == item.s]
  File "/home/hj926217/.local/lib/python3.10/site-packages/lark/grammar.py", line 20, in __eq__
    return self.is_term == other.is_term and self.name == other.name
    return item in self.d
  File "/home/hj926217/.local/lib/python3.10/site-packages/lark/lexer.py", line 265, in __eq__
  File "/home/hj926217/.local/lib/python3.10/site-packages/lark/parsers/earley_common.py", line 29, in __eq__
    return self is other or (self.s == other.s and self.start == other.start and self.rule == other.rule)
  File "/home/hj926217/.local/lib/python3.10/site-packages/lark/grammar.py", line 127, in __eq__
    def __eq__(self, other):
KeyboardInterrupt
    return self.origin == other.origin and self.expansion == other.expansion
  File "/home/hj926217/.local/lib/python3.10/site-packages/lark/grammar.py", line 19, in __eq__
    assert isinstance(other, Symbol), other
KeyboardInterrupt
gmake[2]: *** [CMakeFiles/px4_msgs__cpp.dir/build.make:1373: rosidl_generator_cpp/px4_msgs/msg/action_request.hpp] Interrupt
gmake[1]: *** [CMakeFiles/Makefile2:265: CMakeFiles/px4_msgs__cpp.dir/all] Interrupt
gmake[2]: *** [CMakeFiles/px4_msgs__rosidl_generator_c.dir/build.make:302: rosidl_generator_c/px4_msgs/msg/action_request.h] Interrupt
gmake[1]: *** [CMakeFiles/Makefile2:212: CMakeFiles/px4_msgs__rosidl_generator_c.dir/all] Interrupt
gmake: *** [Makefile:146: all] Interrupt
