[0.031s] Invoking command in '/home/hj926217/ros2ws/build/px4_ros_com': AMENT_PREFIX_PATH=/home/hj926217/ros2ws/install/px4_msgs:${AMENT_PREFIX_PATH} CMAKE_PREFIX_PATH=/home/hj926217/ros2ws/install/px4_msgs:/opt/ros/humble LD_LIBRARY_PATH=/home/hj926217/ros2ws/install/px4_msgs/lib:${LD_LIBRARY_PATH} PYTHONPATH=/home/hj926217/ros2ws/install/px4_msgs/local/lib/python3.10/dist-packages:${PYTHONPATH} /usr/bin/cmake --build /home/hj926217/ros2ws/build/px4_ros_com -- -j16 -l16
[0.098s] -- Found ament_cmake: 1.3.12 (/opt/ros/humble/share/ament_cmake/cmake)
[0.379s] -- Found builtin_interfaces: 1.2.2 (/opt/ros/humble/share/builtin_interfaces/cmake)
[0.454s] -- Found rosidl_generator_c: 3.1.7 (/opt/ros/humble/share/rosidl_generator_c/cmake)
[0.459s] -- Found rosidl_adapter: 3.1.7 (/opt/ros/humble/share/rosidl_adapter/cmake)
[0.474s] -- Found rosidl_generator_cpp: 3.1.7 (/opt/ros/humble/share/rosidl_generator_cpp/cmake)
[0.498s] -- Using all available rosidl_typesupport_c: rosidl_typesupport_fastrtps_c;rosidl_typesupport_introspection_c
[0.533s] -- Using all available rosidl_typesupport_cpp: rosidl_typesupport_fastrtps_cpp;rosidl_typesupport_introspection_cpp
[0.559s] -- Found eigen3_cmake_module: 0.1.1 (/opt/ros/humble/share/eigen3_cmake_module/cmake)
[0.562s] -- Found geometry_msgs: 4.9.0 (/opt/ros/humble/share/geometry_msgs/cmake)
[0.623s] -- Found px4_msgs: 2.0.1 (/home/hj926217/ros2ws/install/px4_msgs/share/px4_msgs/cmake)
[0.656s] -- Found rclcpp: 16.0.15 (/opt/ros/humble/share/rclcpp/cmake)
[0.720s] -- Found rmw_implementation_cmake: 6.1.2 (/opt/ros/humble/share/rmw_implementation_cmake/cmake)
[0.724s] -- Found rmw_fastrtps_cpp: 6.2.9 (/opt/ros/humble/share/rmw_fastrtps_cpp/cmake)
[0.992s] -- Using RMW implementation 'rmw_fastrtps_cpp' as default
[1.126s] -- Found sensor_msgs: 4.9.0 (/opt/ros/humble/share/sensor_msgs/cmake)
[1.173s] -- Found rclpy: 3.3.17 (/opt/ros/humble/share/rclpy/cmake)
[1.174s] -- Found tf2: 0.25.16 (/opt/ros/humble/share/tf2/cmake)
[1.188s] -- Found tf2_ros: 0.25.16 (/opt/ros/humble/share/tf2_ros/cmake)
[1.380s] -- Found tf2_geometry_msgs: 0.25.16 (/opt/ros/humble/share/tf2_geometry_msgs/cmake)
[1.396s] -- Ensuring Eigen3 include directory is part of orocos-kdl CMake target
[1.399s] -- Found nav_msgs: 4.9.0 (/opt/ros/humble/share/nav_msgs/cmake)
[1.441s] -- Found cv_bridge: 3.2.1 (/opt/ros/humble/share/cv_bridge/cmake)
[1.469s] -- Found visualization_msgs: 4.9.0 (/opt/ros/humble/share/visualization_msgs/cmake)
[1.505s] -- Found interactive_markers: 2.3.2 (/opt/ros/humble/share/interactive_markers/cmake)
[1.510s] -- Found mavros_msgs: 2.12.0 (/opt/ros/humble/share/mavros_msgs/cmake)
[1.620s] -- Found std_srvs: 4.9.0 (/opt/ros/humble/share/std_srvs/cmake)
[1.642s] -- Found tf2_sensor_msgs: 0.25.16 (/opt/ros/humble/share/tf2_sensor_msgs/cmake)
[1.653s] -- Found pcl_conversions: 2.4.5 (/opt/ros/humble/share/pcl_conversions/cmake)
[1.723s] -- Eigen found (include: /usr/include/eigen3, version: 3.4.0)
[1.785s] -- FLANN found (include: /usr/include, lib: /usr/lib/x86_64-linux-gnu/libflann_cpp.so)
[2.411s] -- OpenNI found (version: 1.5.4.0, include: /usr/include/ni, lib: /usr/lib/libOpenNI.so;libusb::libusb)
[2.424s] -- OpenNI2 found (version: 2.2.0.33, include: /usr/include/openni2, lib: /usr/lib/x86_64-linux-gnu/libOpenNI2.so;libusb::libusb)
[2.666s] -- Eigen found (include: /usr/include/eigen3, version: 3.4.0)
[2.677s] -- OpenNI found (version: 1.5.4.0, include: /usr/include/ni, lib: /usr/lib/libOpenNI.so;libusb::libusb)
[2.690s] -- OpenNI2 found (version: 2.2.0.33, include: /usr/include/openni2, lib: /usr/lib/x86_64-linux-gnu/libOpenNI2.so;libusb::libusb)
[3.004s] -- Found Qhull version 8.0.2
[3.474s] -- OpenNI found (version: 1.5.4.0, include: /usr/include/ni, lib: /usr/lib/libOpenNI.so;libusb::libusb)
[3.987s] -- Found pcl_ros: 2.4.5 (/opt/ros/humble/share/pcl_ros/cmake)
[4.036s] [33mCMake Warning (dev) at CMakeLists.txt:42 (find_package):
[4.037s]   Policy CMP0074 is not set: find_package uses <PackageName>_ROOT variables.
[4.037s]   Run "cmake --help-policy CMP0074" for policy details.  Use the cmake_policy
[4.037s]   command to set the policy and suppress this warning.
[4.037s] 
[4.037s]   CMake variable PCL_ROOT is set to:
[4.037s] 
[4.037s]     /usr
[4.038s] 
[4.038s]   For compatibility, CMake is ignoring the variable.
[4.038s] This warning is for project developers.  Use -Wno-dev to suppress it.
[4.038s] [0m
[4.068s] -- Found octomap_msgs: 2.0.1 (/opt/ros/humble/share/octomap_msgs/cmake)
[4.326s] -- Found ament_lint_auto: 0.12.14 (/opt/ros/humble/share/ament_lint_auto/cmake)
[4.585s] -- Added test 'copyright' to check source files copyright and LICENSE
[4.597s] -- Added test 'cppcheck' to perform static code analysis on C / C++ code
[4.602s] -- Configured cppcheck include dirs: /home/hj926217/ros2ws/src/px4_ros_com/include;$<BUILD_INTERFACE:/home/hj926217/ros2ws/src/px4_ros_com/include>;$<BUILD_INTERFACE:/home/hj926217/ros2ws/src/px4_ros_com/include/px4_ros_com>
[4.603s] -- Configured cppcheck exclude dirs and/or files: 
[4.614s] -- Added test 'cpplint' to check C / C++ code against the Google style
[4.614s] -- Configured cpplint exclude dirs and/or files: 
[4.616s] -- Added test 'flake8' to check Python code syntax and style conventions
[4.620s] -- Added test 'lint_cmake' to check CMake code style
[4.623s] -- Added test 'pep257' to check Python code against some of the docstring style conventions in PEP 257
[4.634s] -- Added test 'uncrustify' to check C / C++ code style
[4.634s] -- Configured uncrustify additional arguments: 
[4.636s] -- Added test 'xmllint' to check XML markup files
[4.640s] -- Configuring done
[4.661s] [33mCMake Warning (dev) at CMakeLists.txt:209 (add_executable):
[4.661s]   Policy CMP0115 is not set: Source file extensions must be explicit.  Run
[4.661s]   "cmake --help-policy CMP0115" for policy details.  Use the cmake_policy
[4.662s]   command to set the policy and suppress this warning.
[4.662s] 
[4.662s]   File:
[4.662s] 
[4.663s]     /home/hj926217/ros2ws/src/px4_ros_com/src/global_path.cpp
[4.663s] This warning is for project developers.  Use -Wno-dev to suppress it.
[4.663s] [0m
[5.056s] -- Generating done
[5.247s] -- Build files have been written to: /home/hj926217/ros2ws/build/px4_ros_com
[5.361s] [35m[1mConsolidate compiler generated dependencies of target rrt_star_planner[0m
[5.368s] [35m[1mConsolidate compiler generated dependencies of target figure_eight_planner[0m
[5.368s] [35m[1mConsolidate compiler generated dependencies of target tracking_error_node[0m
[5.369s] [35m[1mConsolidate compiler generated dependencies of target obstacle_odom_publisher[0m
[5.373s] [35m[1mConsolidate compiler generated dependencies of target octomap_boxes_rviz_node[0m
[5.376s] [35m[1mConsolidate compiler generated dependencies of target path_follower[0m
[5.378s] [35m[1mConsolidate compiler generated dependencies of target vtol_mission_node[0m
[5.379s] [35m[1mConsolidate compiler generated dependencies of target offboard_circle_control[0m
[5.379s] [35m[1mConsolidate compiler generated dependencies of target sensor_combined_listener[0m
[5.383s] [35m[1mConsolidate compiler generated dependencies of target ground_odom[0m
[5.389s] [35m[1mConsolidate compiler generated dependencies of target local_path[0m
[5.402s] [35m[1mConsolidate compiler generated dependencies of target global_path[0m
[5.421s] [35m[1mConsolidate compiler generated dependencies of target goal_to_path[0m
[5.424s] [  1%] [32mBuilding CXX object CMakeFiles/sfc_generator_node.dir/src/sfc_generator_node.cpp.o[0m
[5.434s] [35m[1mConsolidate compiler generated dependencies of target frame_transforms[0m
[5.435s] [35m[1mConsolidate compiler generated dependencies of target goal_marker_pub[0m
[5.481s] [  5%] Built target octomap_boxes_rviz_node
[5.486s] [  9%] Built target obstacle_odom_publisher
[5.493s] [ 13%] Built target tracking_error_node
[5.496s] [ 17%] Built target vtol_mission_node
[5.502s] [ 21%] Built target offboard_circle_control
[5.508s] [ 25%] Built target local_path
[5.520s] [ 28%] Built target goal_to_path
[5.525s] [ 32%] Built target frame_transforms
[5.526s] [ 36%] Built target rrt_star_planner
[5.532s] [35m[1mConsolidate compiler generated dependencies of target vehicle_gps_position_listener[0m
[5.538s] [ 40%] Built target global_path
[5.543s] [35m[1mConsolidate compiler generated dependencies of target debug_vect_advertiser[0m
[5.545s] [ 44%] Built target path_follower
[5.550s] [ 48%] Built target sensor_combined_listener
[5.553s] [35m[1mConsolidate compiler generated dependencies of target nav_path[0m
[5.557s] [ 51%] Built target ground_odom
[5.559s] [35m[1mConsolidate compiler generated dependencies of target aruco_position_sub[0m
[5.569s] [35m[1mConsolidate compiler generated dependencies of target tf2_control[0m
[5.577s] [ 55%] Built target goal_marker_pub
[5.585s] [ 59%] Built target figure_eight_planner
[5.588s] [35m[1mConsolidate compiler generated dependencies of target circle_flight[0m
[5.602s] [35m[1mConsolidate compiler generated dependencies of target offboard_control[0m
[5.607s] [35m[1mConsolidate compiler generated dependencies of target offboard_control_srv[0m
[5.609s] [35m[1mConsolidate compiler generated dependencies of target vertiport_land[0m
[5.621s] [ 63%] Built target vehicle_gps_position_listener
[5.636s] [35m[1mConsolidate compiler generated dependencies of target aruco_position_publisher_node[0m
[5.656s] [ 67%] Built target aruco_position_sub
[5.662s] [ 71%] Built target nav_path
[5.681s] [ 75%] Built target vertiport_land
[5.683s] [ 78%] Built target circle_flight
[5.684s] [ 82%] Built target tf2_control
[5.687s] [ 86%] Built target debug_vect_advertiser
[5.692s] [ 90%] Built target offboard_control
[5.694s] [ 94%] Built target offboard_control_srv
[5.703s] [ 94%] Built target ament_cmake_python_copy_px4_ros_com
[5.714s] [ 98%] Built target aruco_position_publisher_node
[6.743s] running egg_info
[6.746s] writing px4_ros_com.egg-info/PKG-INFO
[6.748s] writing dependency_links to px4_ros_com.egg-info/dependency_links.txt
[6.748s] writing top-level names to px4_ros_com.egg-info/top_level.txt
[6.758s] reading manifest file 'px4_ros_com.egg-info/SOURCES.txt'
[6.760s] writing manifest file 'px4_ros_com.egg-info/SOURCES.txt'
[6.856s] [ 98%] Built target ament_cmake_python_build_px4_ros_com_egg
[30.412s] [100%] [32m[1mLinking CXX executable sfc_generator_node[0m
[31.344s] [100%] Built target sfc_generator_node
[31.366s] Invoked command in '/home/hj926217/ros2ws/build/px4_ros_com' returned '0': AMENT_PREFIX_PATH=/home/hj926217/ros2ws/install/px4_msgs:${AMENT_PREFIX_PATH} CMAKE_PREFIX_PATH=/home/hj926217/ros2ws/install/px4_msgs:/opt/ros/humble LD_LIBRARY_PATH=/home/hj926217/ros2ws/install/px4_msgs/lib:${LD_LIBRARY_PATH} PYTHONPATH=/home/hj926217/ros2ws/install/px4_msgs/local/lib/python3.10/dist-packages:${PYTHONPATH} /usr/bin/cmake --build /home/hj926217/ros2ws/build/px4_ros_com -- -j16 -l16
[31.386s] Invoking command in '/home/hj926217/ros2ws/build/px4_ros_com': AMENT_PREFIX_PATH=/home/hj926217/ros2ws/install/px4_msgs:${AMENT_PREFIX_PATH} CMAKE_PREFIX_PATH=/home/hj926217/ros2ws/install/px4_msgs:/opt/ros/humble LD_LIBRARY_PATH=/home/hj926217/ros2ws/install/px4_msgs/lib:${LD_LIBRARY_PATH} PYTHONPATH=/home/hj926217/ros2ws/install/px4_msgs/local/lib/python3.10/dist-packages:${PYTHONPATH} /usr/bin/cmake --install /home/hj926217/ros2ws/build/px4_ros_com
[31.403s] -- Install configuration: ""
[31.404s] -- Installing: /home/hj926217/ros2ws/install/px4_ros_com/lib/px4_ros_com/sfc_generator_node
[31.414s] -- Set runtime path of "/home/hj926217/ros2ws/install/px4_ros_com/lib/px4_ros_com/sfc_generator_node" to ""
[31.414s] -- Up-to-date: /home/hj926217/ros2ws/install/px4_ros_com/lib/px4_ros_com/octomap_boxes_rviz_node
[31.415s] -- Up-to-date: /home/hj926217/ros2ws/install/px4_ros_com/lib/px4_ros_com/tracking_error_node
[31.415s] -- Up-to-date: /home/hj926217/ros2ws/install/px4_ros_com/lib/px4_ros_com/offboard_circle_control
[31.416s] -- Up-to-date: /home/hj926217/ros2ws/install/px4_ros_com/lib/px4_ros_com/figure_eight_planner
[31.416s] -- Up-to-date: /home/hj926217/ros2ws/install/px4_ros_com/lib/px4_ros_com/obstacle_odom_publisher
[31.417s] -- Up-to-date: /home/hj926217/ros2ws/install/px4_ros_com/lib/px4_ros_com/rrt_star_planner
[31.417s] -- Up-to-date: /home/hj926217/ros2ws/install/px4_ros_com/lib/px4_ros_com/vtol_mission_node
[31.418s] -- Up-to-date: /home/hj926217/ros2ws/install/px4_ros_com/lib/px4_ros_com/local_path
[31.418s] -- Up-to-date: /home/hj926217/ros2ws/install/px4_ros_com/lib/px4_ros_com/global_path
[31.419s] -- Up-to-date: /home/hj926217/ros2ws/install/px4_ros_com/lib/px4_ros_com/path_follower
[31.419s] -- Up-to-date: /home/hj926217/ros2ws/install/px4_ros_com/lib/px4_ros_com/goal_marker_pub
[31.420s] -- Up-to-date: /home/hj926217/ros2ws/install/px4_ros_com/lib/px4_ros_com/goal_to_path
[31.420s] -- Up-to-date: /home/hj926217/ros2ws/install/px4_ros_com/lib/px4_ros_com/ground_odom
[31.421s] -- Up-to-date: /home/hj926217/ros2ws/install/px4_ros_com/lib/px4_ros_com/sensor_combined_listener
[31.422s] -- Up-to-date: /home/hj926217/ros2ws/install/px4_ros_com/lib/px4_ros_com/vehicle_gps_position_listener
[31.422s] -- Up-to-date: /home/hj926217/ros2ws/install/px4_ros_com/lib/px4_ros_com/debug_vect_advertiser
[31.422s] -- Up-to-date: /home/hj926217/ros2ws/install/px4_ros_com/lib/px4_ros_com/nav_path
[31.423s] -- Up-to-date: /home/hj926217/ros2ws/install/px4_ros_com/lib/px4_ros_com/circle_flight
[31.423s] -- Up-to-date: /home/hj926217/ros2ws/install/px4_ros_com/lib/px4_ros_com/tf2_control
[31.424s] -- Up-to-date: /home/hj926217/ros2ws/install/px4_ros_com/lib/px4_ros_com/aruco_position_sub
[31.424s] -- Up-to-date: /home/hj926217/ros2ws/install/px4_ros_com/lib/px4_ros_com/vertiport_land
[31.425s] -- Up-to-date: /home/hj926217/ros2ws/install/px4_ros_com/lib/px4_ros_com/aruco_position_publisher_node
[31.426s] -- Up-to-date: /home/hj926217/ros2ws/install/px4_ros_com/lib/px4_ros_com/offboard_control
[31.426s] -- Up-to-date: /home/hj926217/ros2ws/install/px4_ros_com/lib/px4_ros_com/offboard_control_srv
[31.426s] -- Up-to-date: /home/hj926217/ros2ws/install/px4_ros_com/share/px4_ros_com/environment/library_path.sh
[31.426s] -- Installing: /home/hj926217/ros2ws/install/px4_ros_com/share/px4_ros_com/environment/library_path.dsv
[31.427s] -- Up-to-date: /home/hj926217/ros2ws/install/px4_ros_com/include/px4_ros_com
[31.427s] -- Up-to-date: /home/hj926217/ros2ws/install/px4_ros_com/include/px4_ros_com/frame_transforms.h
[31.427s] -- Up-to-date: /home/hj926217/ros2ws/install/px4_ros_com/lib/libframe_transforms.so
[31.427s] -- Up-to-date: /home/hj926217/ros2ws/install/px4_ros_com/share/px4_ros_com//launch
[31.428s] -- Up-to-date: /home/hj926217/ros2ws/install/px4_ros_com/share/px4_ros_com//launch/lidar_octomap_launch.py
[31.428s] -- Up-to-date: /home/hj926217/ros2ws/install/px4_ros_com/share/px4_ros_com//launch/path.launch.py
[31.428s] -- Up-to-date: /home/hj926217/ros2ws/install/px4_ros_com/share/px4_ros_com//launch/rtab_points.launch.py
[31.428s] -- Up-to-date: /home/hj926217/ros2ws/install/px4_ros_com/share/px4_ros_com//launch/path_follower_launch.py
[31.428s] -- Up-to-date: /home/hj926217/ros2ws/install/px4_ros_com/share/px4_ros_com//launch/offboard_control_launch.yaml
[31.428s] -- Up-to-date: /home/hj926217/ros2ws/install/px4_ros_com/share/px4_ros_com//launch/123.launch.py
[31.429s] -- Up-to-date: /home/hj926217/ros2ws/install/px4_ros_com/share/px4_ros_com//launch/sensor_combined_listener.launch.py
[31.429s] -- Up-to-date: /home/hj926217/ros2ws/install/px4_ros_com/share/px4_ros_com//test
[31.429s] -- Up-to-date: /home/hj926217/ros2ws/install/px4_ros_com/share/px4_ros_com//test/test_output.py
[31.429s] -- Up-to-date: /home/hj926217/ros2ws/install/px4_ros_com/share/px4_ros_com//test/__init__.py
[31.429s] -- Up-to-date: /home/hj926217/ros2ws/install/px4_ros_com/share/px4_ros_com//test/pipeline_io_test.py
[31.429s] -- Up-to-date: /home/hj926217/ros2ws/install/px4_ros_com/share/px4_ros_com//test/test_input.py
[31.429s] -- Up-to-date: /home/hj926217/ros2ws/install/px4_ros_com/share/px4_ros_com/environment/pythonpath.sh
[31.430s] -- Installing: /home/hj926217/ros2ws/install/px4_ros_com/share/px4_ros_com/environment/pythonpath.dsv
[31.430s] -- Up-to-date: /home/hj926217/ros2ws/install/px4_ros_com/local/lib/python3.10/dist-packages/px4_ros_com-0.1.0-py3.10.egg-info
[31.430s] -- Installing: /home/hj926217/ros2ws/install/px4_ros_com/local/lib/python3.10/dist-packages/px4_ros_com-0.1.0-py3.10.egg-info/SOURCES.txt
[31.430s] -- Installing: /home/hj926217/ros2ws/install/px4_ros_com/local/lib/python3.10/dist-packages/px4_ros_com-0.1.0-py3.10.egg-info/PKG-INFO
[31.430s] -- Installing: /home/hj926217/ros2ws/install/px4_ros_com/local/lib/python3.10/dist-packages/px4_ros_com-0.1.0-py3.10.egg-info/top_level.txt
[31.430s] -- Installing: /home/hj926217/ros2ws/install/px4_ros_com/local/lib/python3.10/dist-packages/px4_ros_com-0.1.0-py3.10.egg-info/dependency_links.txt
[31.430s] -- Up-to-date: /home/hj926217/ros2ws/install/px4_ros_com/local/lib/python3.10/dist-packages/px4_ros_com
[31.430s] -- Up-to-date: /home/hj926217/ros2ws/install/px4_ros_com/local/lib/python3.10/dist-packages/px4_ros_com/module_to_import.py
[31.430s] -- Up-to-date: /home/hj926217/ros2ws/install/px4_ros_com/local/lib/python3.10/dist-packages/px4_ros_com/__init__.py
[31.486s] Listing '/home/hj926217/ros2ws/install/px4_ros_com/local/lib/python3.10/dist-packages/px4_ros_com'...
[31.494s] -- Up-to-date: /home/hj926217/ros2ws/install/px4_ros_com/lib/px4_ros_com/offboard_control.py
[31.495s] -- Up-to-date: /home/hj926217/ros2ws/install/px4_ros_com/share/ament_index/resource_index/package_run_dependencies/px4_ros_com
[31.495s] -- Installing: /home/hj926217/ros2ws/install/px4_ros_com/share/ament_index/resource_index/parent_prefix_path/px4_ros_com
[31.495s] -- Up-to-date: /home/hj926217/ros2ws/install/px4_ros_com/share/px4_ros_com/environment/ament_prefix_path.sh
[31.495s] -- Installing: /home/hj926217/ros2ws/install/px4_ros_com/share/px4_ros_com/environment/ament_prefix_path.dsv
[31.495s] -- Up-to-date: /home/hj926217/ros2ws/install/px4_ros_com/share/px4_ros_com/environment/path.sh
[31.495s] -- Installing: /home/hj926217/ros2ws/install/px4_ros_com/share/px4_ros_com/environment/path.dsv
[31.495s] -- Up-to-date: /home/hj926217/ros2ws/install/px4_ros_com/share/px4_ros_com/local_setup.bash
[31.495s] -- Up-to-date: /home/hj926217/ros2ws/install/px4_ros_com/share/px4_ros_com/local_setup.sh
[31.495s] -- Up-to-date: /home/hj926217/ros2ws/install/px4_ros_com/share/px4_ros_com/local_setup.zsh
[31.496s] -- Installing: /home/hj926217/ros2ws/install/px4_ros_com/share/px4_ros_com/local_setup.dsv
[31.496s] -- Installing: /home/hj926217/ros2ws/install/px4_ros_com/share/px4_ros_com/package.dsv
[31.496s] -- Up-to-date: /home/hj926217/ros2ws/install/px4_ros_com/share/ament_index/resource_index/packages/px4_ros_com
[31.496s] -- Up-to-date: /home/hj926217/ros2ws/install/px4_ros_com/share/px4_ros_com/cmake/export_frame_transformsExport.cmake
[31.496s] -- Up-to-date: /home/hj926217/ros2ws/install/px4_ros_com/share/px4_ros_com/cmake/export_frame_transformsExport-noconfig.cmake
[31.496s] -- Up-to-date: /home/hj926217/ros2ws/install/px4_ros_com/share/px4_ros_com/cmake/ament_cmake_export_dependencies-extras.cmake
[31.496s] -- Up-to-date: /home/hj926217/ros2ws/install/px4_ros_com/share/px4_ros_com/cmake/ament_cmake_export_targets-extras.cmake
[31.496s] -- Up-to-date: /home/hj926217/ros2ws/install/px4_ros_com/share/px4_ros_com/cmake/ament_cmake_export_include_directories-extras.cmake
[31.496s] -- Up-to-date: /home/hj926217/ros2ws/install/px4_ros_com/share/px4_ros_com/cmake/ament_cmake_export_libraries-extras.cmake
[31.497s] -- Up-to-date: /home/hj926217/ros2ws/install/px4_ros_com/share/px4_ros_com/cmake/px4_ros_comConfig.cmake
[31.497s] -- Up-to-date: /home/hj926217/ros2ws/install/px4_ros_com/share/px4_ros_com/cmake/px4_ros_comConfig-version.cmake
[31.497s] -- Up-to-date: /home/hj926217/ros2ws/install/px4_ros_com/share/px4_ros_com/package.xml
[31.500s] Invoked command in '/home/hj926217/ros2ws/build/px4_ros_com' returned '0': AMENT_PREFIX_PATH=/home/hj926217/ros2ws/install/px4_msgs:${AMENT_PREFIX_PATH} CMAKE_PREFIX_PATH=/home/hj926217/ros2ws/install/px4_msgs:/opt/ros/humble LD_LIBRARY_PATH=/home/hj926217/ros2ws/install/px4_msgs/lib:${LD_LIBRARY_PATH} PYTHONPATH=/home/hj926217/ros2ws/install/px4_msgs/local/lib/python3.10/dist-packages:${PYTHONPATH} /usr/bin/cmake --install /home/hj926217/ros2ws/build/px4_ros_com
