[0.190s] DEBUG:colcon:Command line arguments: ['/usr/bin/colcon', 'build', '--packages-select', 'nmpc_uav_avoidance']
[0.190s] DEBUG:colcon:Parsed command line arguments: Namespace(log_base=None, log_level=None, verb_name='build', build_base='build', install_base='install', merge_install=False, symlink_install=False, test_result_base=None, continue_on_error=False, executor='parallel', parallel_workers=16, event_handlers=None, ignore_user_meta=False, metas=['./colcon.meta'], base_paths=['.'], packages_ignore=None, packages_ignore_regex=None, paths=None, packages_up_to=None, packages_up_to_regex=None, packages_above=None, packages_above_and_dependencies=None, packages_above_depth=None, packages_select_by_dep=None, packages_skip_by_dep=None, packages_skip_up_to=None, packages_select_build_failed=False, packages_skip_build_finished=False, packages_select_test_failures=False, packages_skip_test_passed=False, packages_select=['nmpc_uav_avoidance'], packages_skip=None, packages_select_regex=None, packages_skip_regex=None, packages_start=None, packages_end=None, allow_overriding=[], cmake_args=None, cmake_target=None, cmake_target_skip_unavailable=False, cmake_clean_cache=False, cmake_clean_first=False, cmake_force_configure=False, ament_cmake_args=None, catkin_cmake_args=None, catkin_skip_building_tests=False, mixin_files=None, mixin=None, verb_parser=<colcon_mixin.mixin.mixin_argument.MixinArgumentDecorator object at 0x71ec1e099cc0>, verb_extension=<colcon_core.verb.build.BuildVerb object at 0x71ec1e01f790>, main=<bound method BuildVerb.main of <colcon_core.verb.build.BuildVerb object at 0x71ec1e01f790>>, mixin_verb=('build',))
[0.529s] Level 1:colcon.colcon_core.package_discovery:discover_packages(colcon_meta) check parameters
[0.529s] Level 1:colcon.colcon_core.package_discovery:discover_packages(recursive) check parameters
[0.529s] Level 1:colcon.colcon_core.package_discovery:discover_packages(ignore) check parameters
[0.529s] Level 1:colcon.colcon_core.package_discovery:discover_packages(path) check parameters
[0.529s] Level 1:colcon.colcon_core.package_discovery:discover_packages(colcon_meta) discover
[0.529s] Level 1:colcon.colcon_core.package_discovery:discover_packages(recursive) discover
[0.529s] INFO:colcon.colcon_core.package_discovery:Crawling recursively for packages in '/home/hj926217/ros2ws'
[0.529s] Level 1:colcon.colcon_core.package_identification:_identify(.) by extensions ['ignore', 'ignore_ament_install']
[0.529s] Level 1:colcon.colcon_core.package_identification:_identify(.) by extension 'ignore'
[0.530s] Level 1:colcon.colcon_core.package_identification:_identify(.) by extension 'ignore_ament_install'
[0.530s] Level 1:colcon.colcon_core.package_identification:_identify(.) by extensions ['colcon_pkg']
[0.530s] Level 1:colcon.colcon_core.package_identification:_identify(.) by extension 'colcon_pkg'
[0.530s] Level 1:colcon.colcon_core.package_identification:_identify(.) by extensions ['colcon_meta']
[0.530s] Level 1:colcon.colcon_core.package_identification:_identify(.) by extension 'colcon_meta'
[0.530s] Level 1:colcon.colcon_core.package_identification:_identify(.) by extensions ['ros']
[0.530s] Level 1:colcon.colcon_core.package_identification:_identify(.) by extension 'ros'
[0.547s] Level 1:colcon.colcon_core.package_identification:_identify(.) by extensions ['cmake', 'python']
[0.547s] Level 1:colcon.colcon_core.package_identification:_identify(.) by extension 'cmake'
[0.547s] Level 1:colcon.colcon_core.package_identification:_identify(.) by extension 'python'
[0.547s] Level 1:colcon.colcon_core.package_identification:_identify(.) by extensions ['python_setup_py']
[0.547s] Level 1:colcon.colcon_core.package_identification:_identify(.) by extension 'python_setup_py'
[0.547s] Level 1:colcon.colcon_core.package_identification:_identify(build) by extensions ['ignore', 'ignore_ament_install']
[0.547s] Level 1:colcon.colcon_core.package_identification:_identify(build) by extension 'ignore'
[0.548s] Level 1:colcon.colcon_core.package_identification:_identify(build) ignored
[0.548s] Level 1:colcon.colcon_core.package_identification:_identify(install) by extensions ['ignore', 'ignore_ament_install']
[0.548s] Level 1:colcon.colcon_core.package_identification:_identify(install) by extension 'ignore'
[0.548s] Level 1:colcon.colcon_core.package_identification:_identify(install) ignored
[0.548s] Level 1:colcon.colcon_core.package_identification:_identify(log) by extensions ['ignore', 'ignore_ament_install']
[0.549s] Level 1:colcon.colcon_core.package_identification:_identify(log) by extension 'ignore'
[0.549s] Level 1:colcon.colcon_core.package_identification:_identify(log) ignored
[0.549s] Level 1:colcon.colcon_core.package_identification:_identify(src) by extensions ['ignore', 'ignore_ament_install']
[0.549s] Level 1:colcon.colcon_core.package_identification:_identify(src) by extension 'ignore'
[0.549s] Level 1:colcon.colcon_core.package_identification:_identify(src) by extension 'ignore_ament_install'
[0.549s] Level 1:colcon.colcon_core.package_identification:_identify(src) by extensions ['colcon_pkg']
[0.549s] Level 1:colcon.colcon_core.package_identification:_identify(src) by extension 'colcon_pkg'
[0.549s] Level 1:colcon.colcon_core.package_identification:_identify(src) by extensions ['colcon_meta']
[0.549s] Level 1:colcon.colcon_core.package_identification:_identify(src) by extension 'colcon_meta'
[0.549s] Level 1:colcon.colcon_core.package_identification:_identify(src) by extensions ['ros']
[0.549s] Level 1:colcon.colcon_core.package_identification:_identify(src) by extension 'ros'
[0.549s] Level 1:colcon.colcon_core.package_identification:_identify(src) by extensions ['cmake', 'python']
[0.549s] Level 1:colcon.colcon_core.package_identification:_identify(src) by extension 'cmake'
[0.549s] Level 1:colcon.colcon_core.package_identification:_identify(src) by extension 'python'
[0.549s] Level 1:colcon.colcon_core.package_identification:_identify(src) by extensions ['python_setup_py']
[0.549s] Level 1:colcon.colcon_core.package_identification:_identify(src) by extension 'python_setup_py'
[0.549s] Level 1:colcon.colcon_core.package_identification:_identify(src/nmpc_uav_avoidance) by extensions ['ignore', 'ignore_ament_install']
[0.550s] Level 1:colcon.colcon_core.package_identification:_identify(src/nmpc_uav_avoidance) by extension 'ignore'
[0.550s] Level 1:colcon.colcon_core.package_identification:_identify(src/nmpc_uav_avoidance) by extension 'ignore_ament_install'
[0.550s] Level 1:colcon.colcon_core.package_identification:_identify(src/nmpc_uav_avoidance) by extensions ['colcon_pkg']
[0.550s] Level 1:colcon.colcon_core.package_identification:_identify(src/nmpc_uav_avoidance) by extension 'colcon_pkg'
[0.550s] Level 1:colcon.colcon_core.package_identification:_identify(src/nmpc_uav_avoidance) by extensions ['colcon_meta']
[0.550s] Level 1:colcon.colcon_core.package_identification:_identify(src/nmpc_uav_avoidance) by extension 'colcon_meta'
[0.550s] Level 1:colcon.colcon_core.package_identification:_identify(src/nmpc_uav_avoidance) by extensions ['ros']
[0.550s] Level 1:colcon.colcon_core.package_identification:_identify(src/nmpc_uav_avoidance) by extension 'ros'
[0.554s] DEBUG:colcon.colcon_core.package_identification:Package 'src/nmpc_uav_avoidance' with type 'ros.ament_cmake' and name 'nmpc_uav_avoidance'
[0.554s] Level 1:colcon.colcon_core.package_identification:_identify(src/px4_msgs) by extensions ['ignore', 'ignore_ament_install']
[0.555s] Level 1:colcon.colcon_core.package_identification:_identify(src/px4_msgs) by extension 'ignore'
[0.555s] Level 1:colcon.colcon_core.package_identification:_identify(src/px4_msgs) by extension 'ignore_ament_install'
[0.555s] Level 1:colcon.colcon_core.package_identification:_identify(src/px4_msgs) by extensions ['colcon_pkg']
[0.555s] Level 1:colcon.colcon_core.package_identification:_identify(src/px4_msgs) by extension 'colcon_pkg'
[0.555s] Level 1:colcon.colcon_core.package_identification:_identify(src/px4_msgs) by extensions ['colcon_meta']
[0.555s] Level 1:colcon.colcon_core.package_identification:_identify(src/px4_msgs) by extension 'colcon_meta'
[0.555s] Level 1:colcon.colcon_core.package_identification:_identify(src/px4_msgs) by extensions ['ros']
[0.555s] Level 1:colcon.colcon_core.package_identification:_identify(src/px4_msgs) by extension 'ros'
[0.556s] DEBUG:colcon.colcon_core.package_identification:Package 'src/px4_msgs' with type 'ros.ament_cmake' and name 'px4_msgs'
[0.556s] Level 1:colcon.colcon_core.package_identification:_identify(src/px4_ros_com) by extensions ['ignore', 'ignore_ament_install']
[0.557s] Level 1:colcon.colcon_core.package_identification:_identify(src/px4_ros_com) by extension 'ignore'
[0.557s] Level 1:colcon.colcon_core.package_identification:_identify(src/px4_ros_com) by extension 'ignore_ament_install'
[0.557s] Level 1:colcon.colcon_core.package_identification:_identify(src/px4_ros_com) by extensions ['colcon_pkg']
[0.557s] Level 1:colcon.colcon_core.package_identification:_identify(src/px4_ros_com) by extension 'colcon_pkg'
[0.557s] Level 1:colcon.colcon_core.package_identification:_identify(src/px4_ros_com) by extensions ['colcon_meta']
[0.557s] Level 1:colcon.colcon_core.package_identification:_identify(src/px4_ros_com) by extension 'colcon_meta'
[0.557s] Level 1:colcon.colcon_core.package_identification:_identify(src/px4_ros_com) by extensions ['ros']
[0.557s] Level 1:colcon.colcon_core.package_identification:_identify(src/px4_ros_com) by extension 'ros'
[0.561s] DEBUG:colcon.colcon_core.package_identification:Package 'src/px4_ros_com' with type 'ros.ament_cmake' and name 'px4_ros_com'
[0.561s] Level 1:colcon.colcon_core.package_discovery:discover_packages(recursive) using defaults
[0.561s] Level 1:colcon.colcon_core.package_discovery:discover_packages(ignore) discover
[0.561s] Level 1:colcon.colcon_core.package_discovery:discover_packages(ignore) using defaults
[0.561s] Level 1:colcon.colcon_core.package_discovery:discover_packages(path) discover
[0.561s] Level 1:colcon.colcon_core.package_discovery:discover_packages(path) using defaults
[0.597s] INFO:colcon.colcon_core.package_selection:Skipping not selected package 'px4_msgs' in 'src/px4_msgs'
[0.597s] INFO:colcon.colcon_core.package_selection:Skipping not selected package 'px4_ros_com' in 'src/px4_ros_com'
[0.598s] Level 1:colcon.colcon_core.package_discovery:discover_packages(prefix_path) check parameters
[0.598s] Level 1:colcon.colcon_core.package_discovery:discover_packages(prefix_path) discover
[0.601s] DEBUG:colcon.colcon_installed_package_information.package_discovery:Found 4 installed packages in /home/hj926217/ros2ws/install
[0.603s] DEBUG:colcon.colcon_installed_package_information.package_discovery:Found 407 installed packages in /opt/ros/humble
[0.606s] Level 1:colcon.colcon_core.package_discovery:discover_packages(prefix_path) using defaults
[0.678s] Level 5:colcon.colcon_core.verb:set package 'nmpc_uav_avoidance' build argument 'cmake_args' from command line to 'None'
[0.679s] Level 5:colcon.colcon_core.verb:set package 'nmpc_uav_avoidance' build argument 'cmake_target' from command line to 'None'
[0.679s] Level 5:colcon.colcon_core.verb:set package 'nmpc_uav_avoidance' build argument 'cmake_target_skip_unavailable' from command line to 'False'
[0.679s] Level 5:colcon.colcon_core.verb:set package 'nmpc_uav_avoidance' build argument 'cmake_clean_cache' from command line to 'False'
[0.679s] Level 5:colcon.colcon_core.verb:set package 'nmpc_uav_avoidance' build argument 'cmake_clean_first' from command line to 'False'
[0.679s] Level 5:colcon.colcon_core.verb:set package 'nmpc_uav_avoidance' build argument 'cmake_force_configure' from command line to 'False'
[0.679s] Level 5:colcon.colcon_core.verb:set package 'nmpc_uav_avoidance' build argument 'ament_cmake_args' from command line to 'None'
[0.679s] Level 5:colcon.colcon_core.verb:set package 'nmpc_uav_avoidance' build argument 'catkin_cmake_args' from command line to 'None'
[0.679s] Level 5:colcon.colcon_core.verb:set package 'nmpc_uav_avoidance' build argument 'catkin_skip_building_tests' from command line to 'False'
[0.679s] DEBUG:colcon.colcon_core.verb:Building package 'nmpc_uav_avoidance' with the following arguments: {'ament_cmake_args': None, 'build_base': '/home/hj926217/ros2ws/build/nmpc_uav_avoidance', 'catkin_cmake_args': None, 'catkin_skip_building_tests': False, 'cmake_args': None, 'cmake_clean_cache': False, 'cmake_clean_first': False, 'cmake_force_configure': False, 'cmake_target': None, 'cmake_target_skip_unavailable': False, 'install_base': '/home/hj926217/ros2ws/install/nmpc_uav_avoidance', 'merge_install': False, 'path': '/home/hj926217/ros2ws/src/nmpc_uav_avoidance', 'symlink_install': False, 'test_result_base': None}
[0.679s] INFO:colcon.colcon_core.executor:Executing jobs using 'parallel' executor
[0.681s] DEBUG:colcon.colcon_parallel_executor.executor.parallel:run_until_complete
[0.682s] INFO:colcon.colcon_ros.task.ament_cmake.build:Building ROS package in '/home/hj926217/ros2ws/src/nmpc_uav_avoidance' with build type 'ament_cmake'
[0.682s] INFO:colcon.colcon_cmake.task.cmake.build:Building CMake package in '/home/hj926217/ros2ws/src/nmpc_uav_avoidance'
[0.686s] INFO:colcon.colcon_core.plugin_system:Skipping extension 'colcon_core.shell.bat': Not used on non-Windows systems
[0.687s] INFO:colcon.colcon_core.shell:Skip shell extension 'powershell' for command environment: Not usable outside of PowerShell
[0.687s] DEBUG:colcon.colcon_core.shell:Skip shell extension 'dsv' for command environment
[0.711s] DEBUG:colcon.colcon_core.event_handler.log_command:Invoking command in '/home/hj926217/ros2ws/build/nmpc_uav_avoidance': CMAKE_PREFIX_PATH=/home/hj926217/ros2ws/install/px4_msgs:/home/hj926217/ros2ws/install/px4_ros_com:/home/hj926217/ros2ws/install/nmpc_uav_avoidance:/opt/ros/humble LD_LIBRARY_PATH=/home/hj926217/ros2ws/install/px4_msgs/lib:/home/hj926217/ros2ws/install/px4_ros_com/lib:/usr/local/lib:/opt/ros/humble/opt/rviz_ogre_vendor/lib:/opt/ros/humble/lib/x86_64-linux-gnu:/opt/ros/humble/lib /usr/bin/cmake --build /home/hj926217/ros2ws/build/nmpc_uav_avoidance -- -j16 -l16
[25.918s] DEBUG:colcon.colcon_core.event_handler.log_command:Invoked command in '/home/hj926217/ros2ws/build/nmpc_uav_avoidance' returned '0': CMAKE_PREFIX_PATH=/home/hj926217/ros2ws/install/px4_msgs:/home/hj926217/ros2ws/install/px4_ros_com:/home/hj926217/ros2ws/install/nmpc_uav_avoidance:/opt/ros/humble LD_LIBRARY_PATH=/home/hj926217/ros2ws/install/px4_msgs/lib:/home/hj926217/ros2ws/install/px4_ros_com/lib:/usr/local/lib:/opt/ros/humble/opt/rviz_ogre_vendor/lib:/opt/ros/humble/lib/x86_64-linux-gnu:/opt/ros/humble/lib /usr/bin/cmake --build /home/hj926217/ros2ws/build/nmpc_uav_avoidance -- -j16 -l16
[25.931s] DEBUG:colcon.colcon_core.event_handler.log_command:Invoking command in '/home/hj926217/ros2ws/build/nmpc_uav_avoidance': CMAKE_PREFIX_PATH=/home/hj926217/ros2ws/install/px4_msgs:/home/hj926217/ros2ws/install/px4_ros_com:/home/hj926217/ros2ws/install/nmpc_uav_avoidance:/opt/ros/humble LD_LIBRARY_PATH=/home/hj926217/ros2ws/install/px4_msgs/lib:/home/hj926217/ros2ws/install/px4_ros_com/lib:/usr/local/lib:/opt/ros/humble/opt/rviz_ogre_vendor/lib:/opt/ros/humble/lib/x86_64-linux-gnu:/opt/ros/humble/lib /usr/bin/cmake --install /home/hj926217/ros2ws/build/nmpc_uav_avoidance
[25.963s] Level 1:colcon.colcon_core.environment:create_environment_scripts_only(nmpc_uav_avoidance)
[25.964s] DEBUG:colcon.colcon_core.event_handler.log_command:Invoked command in '/home/hj926217/ros2ws/build/nmpc_uav_avoidance' returned '0': CMAKE_PREFIX_PATH=/home/hj926217/ros2ws/install/px4_msgs:/home/hj926217/ros2ws/install/px4_ros_com:/home/hj926217/ros2ws/install/nmpc_uav_avoidance:/opt/ros/humble LD_LIBRARY_PATH=/home/hj926217/ros2ws/install/px4_msgs/lib:/home/hj926217/ros2ws/install/px4_ros_com/lib:/usr/local/lib:/opt/ros/humble/opt/rviz_ogre_vendor/lib:/opt/ros/humble/lib/x86_64-linux-gnu:/opt/ros/humble/lib /usr/bin/cmake --install /home/hj926217/ros2ws/build/nmpc_uav_avoidance
[25.968s] Level 1:colcon.colcon_core.environment:checking '/home/hj926217/ros2ws/install/nmpc_uav_avoidance' for CMake module files
[25.968s] Level 1:colcon.colcon_core.environment:checking '/home/hj926217/ros2ws/install/nmpc_uav_avoidance' for CMake config files
[25.969s] Level 1:colcon.colcon_core.shell:create_environment_hook('nmpc_uav_avoidance', 'cmake_prefix_path')
[25.969s] INFO:colcon.colcon_core.shell:Creating environment hook '/home/hj926217/ros2ws/install/nmpc_uav_avoidance/share/nmpc_uav_avoidance/hook/cmake_prefix_path.ps1'
[25.970s] INFO:colcon.colcon_core.shell:Creating environment descriptor '/home/hj926217/ros2ws/install/nmpc_uav_avoidance/share/nmpc_uav_avoidance/hook/cmake_prefix_path.dsv'
[25.970s] INFO:colcon.colcon_core.shell:Creating environment hook '/home/hj926217/ros2ws/install/nmpc_uav_avoidance/share/nmpc_uav_avoidance/hook/cmake_prefix_path.sh'
[25.972s] Level 1:colcon.colcon_core.environment:checking '/home/hj926217/ros2ws/install/nmpc_uav_avoidance/lib'
[25.972s] Level 1:colcon.colcon_core.environment:checking '/home/hj926217/ros2ws/install/nmpc_uav_avoidance/bin'
[25.972s] Level 1:colcon.colcon_core.environment:checking '/home/hj926217/ros2ws/install/nmpc_uav_avoidance/lib/pkgconfig/nmpc_uav_avoidance.pc'
[25.972s] Level 1:colcon.colcon_core.environment:checking '/home/hj926217/ros2ws/install/nmpc_uav_avoidance/lib/python3.10/site-packages'
[25.973s] Level 1:colcon.colcon_core.environment:checking '/home/hj926217/ros2ws/install/nmpc_uav_avoidance/bin'
[25.973s] INFO:colcon.colcon_core.shell:Creating package script '/home/hj926217/ros2ws/install/nmpc_uav_avoidance/share/nmpc_uav_avoidance/package.ps1'
[25.974s] INFO:colcon.colcon_core.shell:Creating package descriptor '/home/hj926217/ros2ws/install/nmpc_uav_avoidance/share/nmpc_uav_avoidance/package.dsv'
[25.976s] INFO:colcon.colcon_core.shell:Creating package script '/home/hj926217/ros2ws/install/nmpc_uav_avoidance/share/nmpc_uav_avoidance/package.sh'
[25.977s] INFO:colcon.colcon_core.shell:Creating package script '/home/hj926217/ros2ws/install/nmpc_uav_avoidance/share/nmpc_uav_avoidance/package.bash'
[25.978s] INFO:colcon.colcon_core.shell:Creating package script '/home/hj926217/ros2ws/install/nmpc_uav_avoidance/share/nmpc_uav_avoidance/package.zsh'
[25.979s] Level 1:colcon.colcon_core.environment:create_file_with_runtime_dependencies(/home/hj926217/ros2ws/install/nmpc_uav_avoidance/share/colcon-core/packages/nmpc_uav_avoidance)
[25.980s] Level 1:colcon.colcon_core.environment:create_environment_scripts_only(nmpc_uav_avoidance)
[25.980s] Level 1:colcon.colcon_core.environment:checking '/home/hj926217/ros2ws/install/nmpc_uav_avoidance' for CMake module files
[25.981s] Level 1:colcon.colcon_core.environment:checking '/home/hj926217/ros2ws/install/nmpc_uav_avoidance' for CMake config files
[25.981s] Level 1:colcon.colcon_core.shell:create_environment_hook('nmpc_uav_avoidance', 'cmake_prefix_path')
[25.982s] INFO:colcon.colcon_core.shell:Creating environment hook '/home/hj926217/ros2ws/install/nmpc_uav_avoidance/share/nmpc_uav_avoidance/hook/cmake_prefix_path.ps1'
[25.982s] INFO:colcon.colcon_core.shell:Creating environment descriptor '/home/hj926217/ros2ws/install/nmpc_uav_avoidance/share/nmpc_uav_avoidance/hook/cmake_prefix_path.dsv'
[25.983s] INFO:colcon.colcon_core.shell:Creating environment hook '/home/hj926217/ros2ws/install/nmpc_uav_avoidance/share/nmpc_uav_avoidance/hook/cmake_prefix_path.sh'
[25.984s] Level 1:colcon.colcon_core.environment:checking '/home/hj926217/ros2ws/install/nmpc_uav_avoidance/lib'
[25.984s] Level 1:colcon.colcon_core.environment:checking '/home/hj926217/ros2ws/install/nmpc_uav_avoidance/bin'
[25.984s] Level 1:colcon.colcon_core.environment:checking '/home/hj926217/ros2ws/install/nmpc_uav_avoidance/lib/pkgconfig/nmpc_uav_avoidance.pc'
[25.985s] Level 1:colcon.colcon_core.environment:checking '/home/hj926217/ros2ws/install/nmpc_uav_avoidance/lib/python3.10/site-packages'
[25.985s] Level 1:colcon.colcon_core.environment:checking '/home/hj926217/ros2ws/install/nmpc_uav_avoidance/bin'
[25.986s] INFO:colcon.colcon_core.shell:Creating package script '/home/hj926217/ros2ws/install/nmpc_uav_avoidance/share/nmpc_uav_avoidance/package.ps1'
[25.987s] INFO:colcon.colcon_core.shell:Creating package descriptor '/home/hj926217/ros2ws/install/nmpc_uav_avoidance/share/nmpc_uav_avoidance/package.dsv'
[25.987s] INFO:colcon.colcon_core.shell:Creating package script '/home/hj926217/ros2ws/install/nmpc_uav_avoidance/share/nmpc_uav_avoidance/package.sh'
[25.988s] INFO:colcon.colcon_core.shell:Creating package script '/home/hj926217/ros2ws/install/nmpc_uav_avoidance/share/nmpc_uav_avoidance/package.bash'
[25.989s] INFO:colcon.colcon_core.shell:Creating package script '/home/hj926217/ros2ws/install/nmpc_uav_avoidance/share/nmpc_uav_avoidance/package.zsh'
[25.990s] Level 1:colcon.colcon_core.environment:create_file_with_runtime_dependencies(/home/hj926217/ros2ws/install/nmpc_uav_avoidance/share/colcon-core/packages/nmpc_uav_avoidance)
[25.990s] DEBUG:colcon.colcon_parallel_executor.executor.parallel:closing loop
[25.991s] DEBUG:colcon.colcon_parallel_executor.executor.parallel:loop closed
[25.991s] DEBUG:colcon.colcon_parallel_executor.executor.parallel:run_until_complete finished with '0'
[25.991s] DEBUG:colcon.colcon_core.event_reactor:joining thread
[26.001s] INFO:colcon.colcon_core.plugin_system:Skipping extension 'colcon_notification.desktop_notification.terminal_notifier': Not used on non-Darwin systems
[26.001s] INFO:colcon.colcon_core.plugin_system:Skipping extension 'colcon_notification.desktop_notification.win32': Not used on non-Windows systems
[26.001s] INFO:colcon.colcon_notification.desktop_notification:Sending desktop notification using 'notify2'
[26.022s] DEBUG:colcon.colcon_core.event_reactor:joined thread
[26.022s] INFO:colcon.colcon_core.shell:Creating prefix script '/home/hj926217/ros2ws/install/local_setup.ps1'
[26.024s] INFO:colcon.colcon_core.shell:Creating prefix util module '/home/hj926217/ros2ws/install/_local_setup_util_ps1.py'
[26.027s] INFO:colcon.colcon_core.shell:Creating prefix chain script '/home/hj926217/ros2ws/install/setup.ps1'
[26.030s] INFO:colcon.colcon_core.shell:Creating prefix script '/home/hj926217/ros2ws/install/local_setup.sh'
[26.031s] INFO:colcon.colcon_core.shell:Creating prefix util module '/home/hj926217/ros2ws/install/_local_setup_util_sh.py'
[26.032s] INFO:colcon.colcon_core.shell:Creating prefix chain script '/home/hj926217/ros2ws/install/setup.sh'
[26.034s] INFO:colcon.colcon_core.shell:Creating prefix script '/home/hj926217/ros2ws/install/local_setup.bash'
[26.035s] INFO:colcon.colcon_core.shell:Creating prefix chain script '/home/hj926217/ros2ws/install/setup.bash'
[26.038s] INFO:colcon.colcon_core.shell:Creating prefix script '/home/hj926217/ros2ws/install/local_setup.zsh'
[26.039s] INFO:colcon.colcon_core.shell:Creating prefix chain script '/home/hj926217/ros2ws/install/setup.zsh'
