[0.027s] Invoking command in '/home/hj926217/ros2ws/build/px4_ros_com': AMENT_PREFIX_PATH=/home/hj926217/ros2ws/install/px4_msgs:${AMENT_PREFIX_PATH} CMAKE_PREFIX_PATH=/home/hj926217/ros2ws/install/px4_msgs:/opt/ros/humble LD_LIBRARY_PATH=/home/hj926217/ros2ws/install/px4_msgs/lib:/opt/ros/humble/opt/rviz_ogre_vendor/lib:/opt/ros/humble/lib/x86_64-linux-gnu:/opt/ros/humble/lib:/usr/local/lib PYTHONPATH=/home/hj926217/ros2ws/install/px4_msgs/local/lib/python3.10/dist-packages:${PYTHONPATH} /usr/bin/cmake --build /home/hj926217/ros2ws/build/px4_ros_com -- -j16 -l16
[0.068s] -- Found ament_cmake: 1.3.12 (/opt/ros/humble/share/ament_cmake/cmake)
[0.296s] -- Found builtin_interfaces: 1.2.2 (/opt/ros/humble/share/builtin_interfaces/cmake)
[0.333s] -- Found rosidl_generator_c: 3.1.7 (/opt/ros/humble/share/rosidl_generator_c/cmake)
[0.337s] -- Found rosidl_adapter: 3.1.7 (/opt/ros/humble/share/rosidl_adapter/cmake)
[0.348s] -- Found rosidl_generator_cpp: 3.1.7 (/opt/ros/humble/share/rosidl_generator_cpp/cmake)
[0.366s] -- Using all available rosidl_typesupport_c: rosidl_typesupport_fastrtps_c;rosidl_typesupport_introspection_c
[0.388s] -- Using all available rosidl_typesupport_cpp: rosidl_typesupport_fastrtps_cpp;rosidl_typesupport_introspection_cpp
[0.406s] -- Found eigen3_cmake_module: 0.1.1 (/opt/ros/humble/share/eigen3_cmake_module/cmake)
[0.410s] -- Found geometry_msgs: 4.9.0 (/opt/ros/humble/share/geometry_msgs/cmake)
[0.458s] -- Found px4_msgs: 2.0.1 (/home/hj926217/aruco/install/px4_msgs/share/px4_msgs/cmake)
[0.477s] -- Found rclcpp: 16.0.15 (/opt/ros/humble/share/rclcpp/cmake)
[0.517s] -- Found rmw_implementation_cmake: 6.1.2 (/opt/ros/humble/share/rmw_implementation_cmake/cmake)
[0.519s] -- Found rmw_fastrtps_cpp: 6.2.9 (/opt/ros/humble/share/rmw_fastrtps_cpp/cmake)
[0.702s] -- Using RMW implementation 'rmw_fastrtps_cpp' as default
[0.764s] -- Found sensor_msgs: 4.9.0 (/opt/ros/humble/share/sensor_msgs/cmake)
[0.798s] -- Found rclpy: 3.3.17 (/opt/ros/humble/share/rclpy/cmake)
[0.798s] -- Found tf2: 0.25.16 (/opt/ros/humble/share/tf2/cmake)
[0.805s] -- Found tf2_ros: 0.25.16 (/opt/ros/humble/share/tf2_ros/cmake)
[0.934s] -- Found tf2_geometry_msgs: 0.25.16 (/opt/ros/humble/share/tf2_geometry_msgs/cmake)
[0.943s] -- Ensuring Eigen3 include directory is part of orocos-kdl CMake target
[0.947s] -- Found nav_msgs: 4.9.0 (/opt/ros/humble/share/nav_msgs/cmake)
[1.000s] -- Found ament_lint_auto: 0.12.14 (/opt/ros/humble/share/ament_lint_auto/cmake)
[1.133s] -- Added test 'copyright' to check source files copyright and LICENSE
[1.139s] -- Added test 'cppcheck' to perform static code analysis on C / C++ code
[1.140s] -- Configured cppcheck include dirs: /home/hj926217/ros2ws/src/px4_ros_com/include;$<BUILD_INTERFACE:/home/hj926217/ros2ws/src/px4_ros_com/include/px4_ros_com>
[1.141s] -- Configured cppcheck exclude dirs and/or files: 
[1.144s] -- Added test 'cpplint' to check C / C++ code against the Google style
[1.145s] -- Configured cpplint exclude dirs and/or files: 
[1.145s] -- Added test 'flake8' to check Python code syntax and style conventions
[1.147s] -- Added test 'lint_cmake' to check CMake code style
[1.148s] -- Added test 'pep257' to check Python code against some of the docstring style conventions in PEP 257
[1.151s] -- Added test 'uncrustify' to check C / C++ code style
[1.151s] -- Configured uncrustify additional arguments: 
[1.152s] -- Added test 'xmllint' to check XML markup files
[1.154s] -- Configuring done
[1.199s] -- Generating done
[1.216s] -- Build files have been written to: /home/hj926217/ros2ws/build/px4_ros_com
[1.264s] [35m[1mConsolidate compiler generated dependencies of target offboard_control[0m
[1.265s] [35m[1mConsolidate compiler generated dependencies of target tf2_control[0m
[1.265s] [35m[1mConsolidate compiler generated dependencies of target frame_transforms[0m
[1.266s] [35m[1mConsolidate compiler generated dependencies of target vehicle_gps_position_listener[0m
[1.268s] [35m[1mConsolidate compiler generated dependencies of target sensor_combined_listener[0m
[1.268s] [35m[1mConsolidate compiler generated dependencies of target debug_vect_advertiser[0m
[1.269s] [35m[1mConsolidate compiler generated dependencies of target offboard_control_srv[0m
[1.297s] [ 14%] Built target frame_transforms
[1.297s] [ 28%] Built target offboard_control
[1.300s] [ 42%] [32mBuilding CXX object CMakeFiles/tf2_control.dir/src/examples/offboard/tf2_control.cpp.o[0m
[1.301s] [ 50%] Built target vehicle_gps_position_listener
[1.302s] [ 64%] Built target sensor_combined_listener
[1.303s] [ 78%] Built target offboard_control_srv
[1.303s] [ 92%] Built target debug_vect_advertiser
[1.304s] [ 92%] Built target ament_cmake_python_copy_px4_ros_com
[1.846s] running egg_info
[1.848s] writing px4_ros_com.egg-info/PKG-INFO
[1.848s] writing dependency_links to px4_ros_com.egg-info/dependency_links.txt
[1.849s] writing top-level names to px4_ros_com.egg-info/top_level.txt
[1.853s] reading manifest file 'px4_ros_com.egg-info/SOURCES.txt'
[1.854s] writing manifest file 'px4_ros_com.egg-info/SOURCES.txt'
[1.901s] [ 92%] Built target ament_cmake_python_build_px4_ros_com_egg
[5.215s] [01m[K/home/hj926217/ros2ws/src/px4_ros_com/src/examples/offboard/tf2_control.cpp:[m[K In member function ‘[01m[Kvoid PX4OdomPublisher::localPosCallback(px4_msgs::msg::VehicleLocalPosition_<std::allocator<void> >::SharedPtr)[m[K’:
[5.215s] [01m[K/home/hj926217/ros2ws/src/px4_ros_com/src/examples/offboard/tf2_control.cpp:36:23:[m[K [01;31m[Kerror: [m[K‘[01m[Kusing element_type = struct px4_msgs::msg::VehicleLocalPosition_<std::allocator<void> >[m[K’ {aka ‘[01m[Kstruct px4_msgs::msg::VehicleLocalPosition_<std::allocator<void> >[m[K’} has no member named ‘[01m[Kroll[m[K’
[5.215s]    36 |         q.setRPY(msg->[01;31m[Kroll[m[K, msg->pitch, msg->yaw);
[5.215s]       |                       [01;31m[K^~~~[m[K
[5.215s] [01m[K/home/hj926217/ros2ws/src/px4_ros_com/src/examples/offboard/tf2_control.cpp:36:34:[m[K [01;31m[Kerror: [m[K‘[01m[Kusing element_type = struct px4_msgs::msg::VehicleLocalPosition_<std::allocator<void> >[m[K’ {aka ‘[01m[Kstruct px4_msgs::msg::VehicleLocalPosition_<std::allocator<void> >[m[K’} has no member named ‘[01m[Kpitch[m[K’
[5.215s]    36 |         q.setRPY(msg->roll, msg->[01;31m[Kpitch[m[K, msg->yaw);
[5.215s]       |                                  [01;31m[K^~~~~[m[K
[5.215s] [01m[K/home/hj926217/ros2ws/src/px4_ros_com/src/examples/offboard/tf2_control.cpp:36:46:[m[K [01;31m[Kerror: [m[K‘[01m[Kusing element_type = struct px4_msgs::msg::VehicleLocalPosition_<std::allocator<void> >[m[K’ {aka ‘[01m[Kstruct px4_msgs::msg::VehicleLocalPosition_<std::allocator<void> >[m[K’} has no member named ‘[01m[Kyaw[m[K’
[5.215s]    36 |         q.setRPY(msg->roll, msg->pitch, msg->[01;31m[Kyaw[m[K);
[5.215s]       |                                              [01;31m[K^~~[m[K
[10.018s] gmake[2]: *** [CMakeFiles/tf2_control.dir/build.make:76: CMakeFiles/tf2_control.dir/src/examples/offboard/tf2_control.cpp.o] Error 1
[10.019s] gmake[1]: *** [CMakeFiles/Makefile2:256: CMakeFiles/tf2_control.dir/all] Error 2
[10.019s] gmake: *** [Makefile:146: all] Error 2
[10.023s] Invoked command in '/home/hj926217/ros2ws/build/px4_ros_com' returned '2': AMENT_PREFIX_PATH=/home/hj926217/ros2ws/install/px4_msgs:${AMENT_PREFIX_PATH} CMAKE_PREFIX_PATH=/home/hj926217/ros2ws/install/px4_msgs:/opt/ros/humble LD_LIBRARY_PATH=/home/hj926217/ros2ws/install/px4_msgs/lib:/opt/ros/humble/opt/rviz_ogre_vendor/lib:/opt/ros/humble/lib/x86_64-linux-gnu:/opt/ros/humble/lib:/usr/local/lib PYTHONPATH=/home/hj926217/ros2ws/install/px4_msgs/local/lib/python3.10/dist-packages:${PYTHONPATH} /usr/bin/cmake --build /home/hj926217/ros2ws/build/px4_ros_com -- -j16 -l16
