[  4%] [32mBuilding CXX object CMakeFiles/precisionland.dir/src/precisionland.cpp.o[0m
[ 12%] Built target debug_vect_advertiser
[ 25%] Built target vehicle_gps_position_listener
[ 41%] Built target ground_odom
[ 45%] Built target sensor_combined_listener
[ 45%] Built target frame_transforms
[ 54%] Built target offboard_control
[ 62%] Built target offboard_control_srv
[ 70%] Built target aruco_position_sub
[ 79%] Built target tf2_control
[ 87%] Built target vertiport_land
[ 95%] Built target aruco_position_publisher_node
[ 95%] Built target ament_cmake_python_copy_px4_ros_com
[01m[K/home/hj926217/ros2ws/src/px4_ros_com/src/precisionland.cpp:21:10:[m[K [01;31m[Kfatal error: [m[Kmavlink/v2.0/common/mavlink.h: No such file or directory
   21 | #include [01;31m[K<mavlink/v2.0/common/mavlink.h>[m[K
      |          [01;31m[K^~~~~~~~~~~~~~~~~~~~~~~~~~~~~~~[m[K
compilation terminated.
gmake[2]: *** [CMakeFiles/precisionland.dir/build.make:76: CMakeFiles/precisionland.dir/src/precisionland.cpp.o] Error 1
gmake[1]: *** [CMakeFiles/Makefile2:292: CMakeFiles/precisionland.dir/all] Error 2
gmake[1]: *** Waiting for unfinished jobs....
running egg_info
writing px4_ros_com.egg-info/PKG-INFO
writing dependency_links to px4_ros_com.egg-info/dependency_links.txt
writing top-level names to px4_ros_com.egg-info/top_level.txt
reading manifest file 'px4_ros_com.egg-info/SOURCES.txt'
writing manifest file 'px4_ros_com.egg-info/SOURCES.txt'
[ 95%] Built target ament_cmake_python_build_px4_ros_com_egg
gmake: *** [Makefile:146: all] Error 2
