[0.013s] Invoking command in '/home/hj926217/ros2ws/build/px4_ros_com': AMENT_PREFIX_PATH=/home/hj926217/ros2ws/install/px4_msgs:${AMENT_PREFIX_PATH} CMAKE_PREFIX_PATH=/home/hj926217/ros2ws/install/px4_msgs:/opt/ros/humble LD_LIBRARY_PATH=/home/hj926217/ros2ws/install/px4_msgs/lib:/opt/ros/humble/opt/rviz_ogre_vendor/lib:/opt/ros/humble/lib/x86_64-linux-gnu:/opt/ros/humble/lib:/usr/local/lib PYTHONPATH=/home/hj926217/ros2ws/install/px4_msgs/local/lib/python3.10/dist-packages:${PYTHONPATH} /usr/bin/cmake --build /home/hj926217/ros2ws/build/px4_ros_com -- -j16 -l16
[0.073s] [  4%] [32mBuilding CXX object CMakeFiles/precisionland.dir/src/precisionland.cpp.o[0m
[0.076s] [ 12%] Built target debug_vect_advertiser
[0.076s] [ 25%] Built target vehicle_gps_position_listener
[0.076s] [ 41%] Built target ground_odom
[0.077s] [ 45%] Built target sensor_combined_listener
[0.077s] [ 45%] Built target frame_transforms
[0.079s] [ 54%] Built target offboard_control
[0.080s] [ 62%] Built target offboard_control_srv
[0.081s] [ 70%] Built target aruco_position_sub
[0.081s] [ 79%] Built target tf2_control
[0.081s] [ 87%] Built target vertiport_land
[0.082s] [ 95%] Built target aruco_position_publisher_node
[0.085s] [ 95%] Built target ament_cmake_python_copy_px4_ros_com
[0.296s] [01m[K/home/hj926217/ros2ws/src/px4_ros_com/src/precisionland.cpp:21:10:[m[K [01;31m[Kfatal error: [m[Kmavlink/v2.0/common/mavlink.h: No such file or directory
[0.296s]    21 | #include [01;31m[K<mavlink/v2.0/common/mavlink.h>[m[K
[0.296s]       |          [01;31m[K^~~~~~~~~~~~~~~~~~~~~~~~~~~~~~~[m[K
[0.296s] compilation terminated.
[0.299s] gmake[2]: *** [CMakeFiles/precisionland.dir/build.make:76: CMakeFiles/precisionland.dir/src/precisionland.cpp.o] Error 1
[0.299s] gmake[1]: *** [CMakeFiles/Makefile2:292: CMakeFiles/precisionland.dir/all] Error 2
[0.299s] gmake[1]: *** Waiting for unfinished jobs....
[0.376s] running egg_info
[0.377s] writing px4_ros_com.egg-info/PKG-INFO
[0.377s] writing dependency_links to px4_ros_com.egg-info/dependency_links.txt
[0.378s] writing top-level names to px4_ros_com.egg-info/top_level.txt
[0.380s] reading manifest file 'px4_ros_com.egg-info/SOURCES.txt'
[0.381s] writing manifest file 'px4_ros_com.egg-info/SOURCES.txt'
[0.410s] [ 95%] Built target ament_cmake_python_build_px4_ros_com_egg
[0.411s] gmake: *** [Makefile:146: all] Error 2
[0.413s] Invoked command in '/home/hj926217/ros2ws/build/px4_ros_com' returned '2': AMENT_PREFIX_PATH=/home/hj926217/ros2ws/install/px4_msgs:${AMENT_PREFIX_PATH} CMAKE_PREFIX_PATH=/home/hj926217/ros2ws/install/px4_msgs:/opt/ros/humble LD_LIBRARY_PATH=/home/hj926217/ros2ws/install/px4_msgs/lib:/opt/ros/humble/opt/rviz_ogre_vendor/lib:/opt/ros/humble/lib/x86_64-linux-gnu:/opt/ros/humble/lib:/usr/local/lib PYTHONPATH=/home/hj926217/ros2ws/install/px4_msgs/local/lib/python3.10/dist-packages:${PYTHONPATH} /usr/bin/cmake --build /home/hj926217/ros2ws/build/px4_ros_com -- -j16 -l16
