[0.040s] Invoking command in '/home/hj926217/ros2ws/build/px4_ros_com': CMAKE_PREFIX_PATH=/home/hj926217/ros2ws/install/px4_msgs:/home/hj926217/ros2ws/install/px4_ros_com:/home/hj926217/aruco/install/vision_opencv:/home/hj926217/aruco/install/vertiport_land:/home/hj926217/aruco/install/translation_node:/home/hj926217/aruco/install/precision_land:/home/hj926217/aruco/install/example_rover_velocity_mode_cpp:/home/hj926217/aruco/install/example_mode_with_executor_cpp:/home/hj926217/aruco/install/example_mode_vtol_cpp:/home/hj926217/aruco/install/example_mode_rtl_replacement_cpp:/home/hj926217/aruco/install/example_mode_mission_cpp:/home/hj926217/aruco/install/example_mode_manual_cpp:/home/hj926217/aruco/install/example_mode_goto_global_cpp:/home/hj926217/aruco/install/example_mode_goto_cpp:/home/hj926217/aruco/install/example_mode_fw_attitude_cpp:/home/hj926217/aruco/install/example_local_navigation_cpp:/home/hj926217/aruco/install/example_global_navigation_cpp:/home/hj926217/aruco/install/example_executor_with_multiple_modes_cpp:/home/hj926217/aruco/install/px4_ros2_cpp:/home/hj926217/aruco/install/px4_msgs_old:/home/hj926217/aruco/install/aruco_tracker:/home/hj926217/aruco/install/px4_msgs:/home/hj926217/aruco/install/image_geometry:/home/hj926217/aruco/install/cv_bridge:/home/hj926217/aruco/install/opencv_tests:/opt/ros/humble LD_LIBRARY_PATH=/home/hj926217/ros2ws/install/px4_msgs/lib:/home/hj926217/ros2ws/install/px4_ros_com/lib:/home/hj926217/aruco/install/translation_node/lib:/home/hj926217/aruco/install/px4_ros2_cpp/lib:/home/hj926217/aruco/install/px4_msgs_old/lib:/home/hj926217/aruco/install/px4_msgs/lib:/home/hj926217/aruco/install/image_geometry/lib:/home/hj926217/aruco/install/cv_bridge/lib:/opt/ros/humble/opt/rviz_ogre_vendor/lib:/opt/ros/humble/lib/x86_64-linux-gnu:/opt/ros/humble/lib:/usr/local/lib /usr/bin/cmake --build /home/hj926217/ros2ws/build/px4_ros_com -- -j16 -l16
[0.195s] [35m[1mConsolidate compiler generated dependencies of target aruco_position_sub[0m
[0.212s] [ 15%] Built target vehicle_gps_position_listener
[0.216s] [ 20%] Built target sensor_combined_listener
[0.218s] [ 30%] Built target debug_vect_advertiser
[0.224s] [ 40%] Built target vertiport_land
[0.224s] [ 50%] Built target offboard_control
[0.236s] [ 55%] [32mBuilding CXX object CMakeFiles/aruco_position_sub.dir/src/aruco_position_sub.cpp.o[0m
[0.236s] [ 65%] Built target aruco_position_publisher_node
[0.254s] [ 75%] Built target frame_transforms
[0.281s] [ 85%] Built target offboard_control_srv
[0.299s] [ 85%] Built target ament_cmake_python_copy_px4_ros_com
[0.317s] [ 95%] Built target tf2_control
[1.403s] running egg_info
[1.406s] writing px4_ros_com.egg-info/PKG-INFO
[1.407s] writing dependency_links to px4_ros_com.egg-info/dependency_links.txt
[1.408s] writing top-level names to px4_ros_com.egg-info/top_level.txt
[1.424s] reading manifest file 'px4_ros_com.egg-info/SOURCES.txt'
[1.429s] writing manifest file 'px4_ros_com.egg-info/SOURCES.txt'
[1.536s] [ 95%] Built target ament_cmake_python_build_px4_ros_com_egg
[29.001s] [100%] [32m[1mLinking CXX executable aruco_position_sub[0m
[30.634s] [100%] Built target aruco_position_sub
[30.672s] Invoked command in '/home/hj926217/ros2ws/build/px4_ros_com' returned '0': CMAKE_PREFIX_PATH=/home/hj926217/ros2ws/install/px4_msgs:/home/hj926217/ros2ws/install/px4_ros_com:/home/hj926217/aruco/install/vision_opencv:/home/hj926217/aruco/install/vertiport_land:/home/hj926217/aruco/install/translation_node:/home/hj926217/aruco/install/precision_land:/home/hj926217/aruco/install/example_rover_velocity_mode_cpp:/home/hj926217/aruco/install/example_mode_with_executor_cpp:/home/hj926217/aruco/install/example_mode_vtol_cpp:/home/hj926217/aruco/install/example_mode_rtl_replacement_cpp:/home/hj926217/aruco/install/example_mode_mission_cpp:/home/hj926217/aruco/install/example_mode_manual_cpp:/home/hj926217/aruco/install/example_mode_goto_global_cpp:/home/hj926217/aruco/install/example_mode_goto_cpp:/home/hj926217/aruco/install/example_mode_fw_attitude_cpp:/home/hj926217/aruco/install/example_local_navigation_cpp:/home/hj926217/aruco/install/example_global_navigation_cpp:/home/hj926217/aruco/install/example_executor_with_multiple_modes_cpp:/home/hj926217/aruco/install/px4_ros2_cpp:/home/hj926217/aruco/install/px4_msgs_old:/home/hj926217/aruco/install/aruco_tracker:/home/hj926217/aruco/install/px4_msgs:/home/hj926217/aruco/install/image_geometry:/home/hj926217/aruco/install/cv_bridge:/home/hj926217/aruco/install/opencv_tests:/opt/ros/humble LD_LIBRARY_PATH=/home/hj926217/ros2ws/install/px4_msgs/lib:/home/hj926217/ros2ws/install/px4_ros_com/lib:/home/hj926217/aruco/install/translation_node/lib:/home/hj926217/aruco/install/px4_ros2_cpp/lib:/home/hj926217/aruco/install/px4_msgs_old/lib:/home/hj926217/aruco/install/px4_msgs/lib:/home/hj926217/aruco/install/image_geometry/lib:/home/hj926217/aruco/install/cv_bridge/lib:/opt/ros/humble/opt/rviz_ogre_vendor/lib:/opt/ros/humble/lib/x86_64-linux-gnu:/opt/ros/humble/lib:/usr/local/lib /usr/bin/cmake --build /home/hj926217/ros2ws/build/px4_ros_com -- -j16 -l16
[30.708s] Invoking command in '/home/hj926217/ros2ws/build/px4_ros_com': CMAKE_PREFIX_PATH=/home/hj926217/ros2ws/install/px4_msgs:/home/hj926217/ros2ws/install/px4_ros_com:/home/hj926217/aruco/install/vision_opencv:/home/hj926217/aruco/install/vertiport_land:/home/hj926217/aruco/install/translation_node:/home/hj926217/aruco/install/precision_land:/home/hj926217/aruco/install/example_rover_velocity_mode_cpp:/home/hj926217/aruco/install/example_mode_with_executor_cpp:/home/hj926217/aruco/install/example_mode_vtol_cpp:/home/hj926217/aruco/install/example_mode_rtl_replacement_cpp:/home/hj926217/aruco/install/example_mode_mission_cpp:/home/hj926217/aruco/install/example_mode_manual_cpp:/home/hj926217/aruco/install/example_mode_goto_global_cpp:/home/hj926217/aruco/install/example_mode_goto_cpp:/home/hj926217/aruco/install/example_mode_fw_attitude_cpp:/home/hj926217/aruco/install/example_local_navigation_cpp:/home/hj926217/aruco/install/example_global_navigation_cpp:/home/hj926217/aruco/install/example_executor_with_multiple_modes_cpp:/home/hj926217/aruco/install/px4_ros2_cpp:/home/hj926217/aruco/install/px4_msgs_old:/home/hj926217/aruco/install/aruco_tracker:/home/hj926217/aruco/install/px4_msgs:/home/hj926217/aruco/install/image_geometry:/home/hj926217/aruco/install/cv_bridge:/home/hj926217/aruco/install/opencv_tests:/opt/ros/humble LD_LIBRARY_PATH=/home/hj926217/ros2ws/install/px4_msgs/lib:/home/hj926217/ros2ws/install/px4_ros_com/lib:/home/hj926217/aruco/install/translation_node/lib:/home/hj926217/aruco/install/px4_ros2_cpp/lib:/home/hj926217/aruco/install/px4_msgs_old/lib:/home/hj926217/aruco/install/px4_msgs/lib:/home/hj926217/aruco/install/image_geometry/lib:/home/hj926217/aruco/install/cv_bridge/lib:/opt/ros/humble/opt/rviz_ogre_vendor/lib:/opt/ros/humble/lib/x86_64-linux-gnu:/opt/ros/humble/lib:/usr/local/lib /usr/bin/cmake --install /home/hj926217/ros2ws/build/px4_ros_com
[30.734s] -- Install configuration: ""
[30.735s] -- Up-to-date: /home/hj926217/ros2ws/install/px4_ros_com/lib/px4_ros_com/sensor_combined_listener
[30.736s] -- Up-to-date: /home/hj926217/ros2ws/install/px4_ros_com/lib/px4_ros_com/vehicle_gps_position_listener
[30.736s] -- Up-to-date: /home/hj926217/ros2ws/install/px4_ros_com/lib/px4_ros_com/debug_vect_advertiser
[30.737s] -- Up-to-date: /home/hj926217/ros2ws/install/px4_ros_com/lib/px4_ros_com/tf2_control
[30.738s] -- Installing: /home/hj926217/ros2ws/install/px4_ros_com/lib/px4_ros_com/aruco_position_sub
[30.766s] -- Set runtime path of "/home/hj926217/ros2ws/install/px4_ros_com/lib/px4_ros_com/aruco_position_sub" to ""
[30.768s] -- Up-to-date: /home/hj926217/ros2ws/install/px4_ros_com/lib/px4_ros_com/vertiport_land
[30.772s] -- Up-to-date: /home/hj926217/ros2ws/install/px4_ros_com/lib/px4_ros_com/aruco_position_publisher_node
[30.772s] -- Up-to-date: /home/hj926217/ros2ws/install/px4_ros_com/lib/px4_ros_com/offboard_control
[30.774s] -- Up-to-date: /home/hj926217/ros2ws/install/px4_ros_com/lib/px4_ros_com/offboard_control_srv
[30.775s] -- Up-to-date: /home/hj926217/ros2ws/install/px4_ros_com/share/px4_ros_com/environment/library_path.sh
[30.775s] -- Up-to-date: /home/hj926217/ros2ws/install/px4_ros_com/share/px4_ros_com/environment/library_path.dsv
[30.776s] -- Up-to-date: /home/hj926217/ros2ws/install/px4_ros_com/include/px4_ros_com
[30.776s] -- Up-to-date: /home/hj926217/ros2ws/install/px4_ros_com/include/px4_ros_com/frame_transforms.h
[30.777s] -- Up-to-date: /home/hj926217/ros2ws/install/px4_ros_com/lib/libframe_transforms.so
[30.778s] -- Up-to-date: /home/hj926217/ros2ws/install/px4_ros_com/share/px4_ros_com//launch
[30.778s] -- Up-to-date: /home/hj926217/ros2ws/install/px4_ros_com/share/px4_ros_com//launch/rtab_points.launch.py
[30.778s] -- Up-to-date: /home/hj926217/ros2ws/install/px4_ros_com/share/px4_ros_com//launch/offboard_control_launch.yaml
[30.779s] -- Up-to-date: /home/hj926217/ros2ws/install/px4_ros_com/share/px4_ros_com//launch/sensor_combined_listener.launch.py
[30.779s] -- Up-to-date: /home/hj926217/ros2ws/install/px4_ros_com/share/px4_ros_com//test
[30.779s] -- Up-to-date: /home/hj926217/ros2ws/install/px4_ros_com/share/px4_ros_com//test/test_output.py
[30.779s] -- Up-to-date: /home/hj926217/ros2ws/install/px4_ros_com/share/px4_ros_com//test/__init__.py
[30.779s] -- Up-to-date: /home/hj926217/ros2ws/install/px4_ros_com/share/px4_ros_com//test/pipeline_io_test.py
[30.780s] -- Up-to-date: /home/hj926217/ros2ws/install/px4_ros_com/share/px4_ros_com//test/test_input.py
[30.780s] -- Up-to-date: /home/hj926217/ros2ws/install/px4_ros_com/share/px4_ros_com/environment/pythonpath.sh
[30.780s] -- Up-to-date: /home/hj926217/ros2ws/install/px4_ros_com/share/px4_ros_com/environment/pythonpath.dsv
[30.780s] -- Up-to-date: /home/hj926217/ros2ws/install/px4_ros_com/local/lib/python3.10/dist-packages/px4_ros_com-0.1.0-py3.10.egg-info
[30.781s] -- Installing: /home/hj926217/ros2ws/install/px4_ros_com/local/lib/python3.10/dist-packages/px4_ros_com-0.1.0-py3.10.egg-info/SOURCES.txt
[30.782s] -- Installing: /home/hj926217/ros2ws/install/px4_ros_com/local/lib/python3.10/dist-packages/px4_ros_com-0.1.0-py3.10.egg-info/PKG-INFO
[30.783s] -- Installing: /home/hj926217/ros2ws/install/px4_ros_com/local/lib/python3.10/dist-packages/px4_ros_com-0.1.0-py3.10.egg-info/top_level.txt
[30.784s] -- Installing: /home/hj926217/ros2ws/install/px4_ros_com/local/lib/python3.10/dist-packages/px4_ros_com-0.1.0-py3.10.egg-info/dependency_links.txt
[30.785s] -- Up-to-date: /home/hj926217/ros2ws/install/px4_ros_com/local/lib/python3.10/dist-packages/px4_ros_com
[30.785s] -- Up-to-date: /home/hj926217/ros2ws/install/px4_ros_com/local/lib/python3.10/dist-packages/px4_ros_com/module_to_import.py
[30.785s] -- Up-to-date: /home/hj926217/ros2ws/install/px4_ros_com/local/lib/python3.10/dist-packages/px4_ros_com/__init__.py
[30.908s] Listing '/home/hj926217/ros2ws/install/px4_ros_com/local/lib/python3.10/dist-packages/px4_ros_com'...
[30.916s] -- Up-to-date: /home/hj926217/ros2ws/install/px4_ros_com/lib/px4_ros_com/offboard_control.py
[30.917s] -- Up-to-date: /home/hj926217/ros2ws/install/px4_ros_com/share/ament_index/resource_index/package_run_dependencies/px4_ros_com
[30.918s] -- Up-to-date: /home/hj926217/ros2ws/install/px4_ros_com/share/ament_index/resource_index/parent_prefix_path/px4_ros_com
[30.919s] -- Up-to-date: /home/hj926217/ros2ws/install/px4_ros_com/share/px4_ros_com/environment/ament_prefix_path.sh
[30.920s] -- Up-to-date: /home/hj926217/ros2ws/install/px4_ros_com/share/px4_ros_com/environment/ament_prefix_path.dsv
[30.920s] -- Up-to-date: /home/hj926217/ros2ws/install/px4_ros_com/share/px4_ros_com/environment/path.sh
[30.922s] -- Up-to-date: /home/hj926217/ros2ws/install/px4_ros_com/share/px4_ros_com/environment/path.dsv
[30.926s] -- Up-to-date: /home/hj926217/ros2ws/install/px4_ros_com/share/px4_ros_com/local_setup.bash
[30.926s] -- Up-to-date: /home/hj926217/ros2ws/install/px4_ros_com/share/px4_ros_com/local_setup.sh
[30.926s] -- Up-to-date: /home/hj926217/ros2ws/install/px4_ros_com/share/px4_ros_com/local_setup.zsh
[30.926s] -- Up-to-date: /home/hj926217/ros2ws/install/px4_ros_com/share/px4_ros_com/local_setup.dsv
[30.926s] -- Installing: /home/hj926217/ros2ws/install/px4_ros_com/share/px4_ros_com/package.dsv
[30.926s] -- Up-to-date: /home/hj926217/ros2ws/install/px4_ros_com/share/ament_index/resource_index/packages/px4_ros_com
[30.926s] -- Up-to-date: /home/hj926217/ros2ws/install/px4_ros_com/share/px4_ros_com/cmake/export_frame_transformsExport.cmake
[30.926s] -- Up-to-date: /home/hj926217/ros2ws/install/px4_ros_com/share/px4_ros_com/cmake/export_frame_transformsExport-noconfig.cmake
[30.927s] -- Up-to-date: /home/hj926217/ros2ws/install/px4_ros_com/share/px4_ros_com/cmake/ament_cmake_export_dependencies-extras.cmake
[30.927s] -- Up-to-date: /home/hj926217/ros2ws/install/px4_ros_com/share/px4_ros_com/cmake/ament_cmake_export_targets-extras.cmake
[30.927s] -- Up-to-date: /home/hj926217/ros2ws/install/px4_ros_com/share/px4_ros_com/cmake/ament_cmake_export_include_directories-extras.cmake
[30.927s] -- Up-to-date: /home/hj926217/ros2ws/install/px4_ros_com/share/px4_ros_com/cmake/ament_cmake_export_libraries-extras.cmake
[30.927s] -- Up-to-date: /home/hj926217/ros2ws/install/px4_ros_com/share/px4_ros_com/cmake/px4_ros_comConfig.cmake
[30.927s] -- Up-to-date: /home/hj926217/ros2ws/install/px4_ros_com/share/px4_ros_com/cmake/px4_ros_comConfig-version.cmake
[30.927s] -- Up-to-date: /home/hj926217/ros2ws/install/px4_ros_com/share/px4_ros_com/package.xml
[30.927s] Invoked command in '/home/hj926217/ros2ws/build/px4_ros_com' returned '0': CMAKE_PREFIX_PATH=/home/hj926217/ros2ws/install/px4_msgs:/home/hj926217/ros2ws/install/px4_ros_com:/home/hj926217/aruco/install/vision_opencv:/home/hj926217/aruco/install/vertiport_land:/home/hj926217/aruco/install/translation_node:/home/hj926217/aruco/install/precision_land:/home/hj926217/aruco/install/example_rover_velocity_mode_cpp:/home/hj926217/aruco/install/example_mode_with_executor_cpp:/home/hj926217/aruco/install/example_mode_vtol_cpp:/home/hj926217/aruco/install/example_mode_rtl_replacement_cpp:/home/hj926217/aruco/install/example_mode_mission_cpp:/home/hj926217/aruco/install/example_mode_manual_cpp:/home/hj926217/aruco/install/example_mode_goto_global_cpp:/home/hj926217/aruco/install/example_mode_goto_cpp:/home/hj926217/aruco/install/example_mode_fw_attitude_cpp:/home/hj926217/aruco/install/example_local_navigation_cpp:/home/hj926217/aruco/install/example_global_navigation_cpp:/home/hj926217/aruco/install/example_executor_with_multiple_modes_cpp:/home/hj926217/aruco/install/px4_ros2_cpp:/home/hj926217/aruco/install/px4_msgs_old:/home/hj926217/aruco/install/aruco_tracker:/home/hj926217/aruco/install/px4_msgs:/home/hj926217/aruco/install/image_geometry:/home/hj926217/aruco/install/cv_bridge:/home/hj926217/aruco/install/opencv_tests:/opt/ros/humble LD_LIBRARY_PATH=/home/hj926217/ros2ws/install/px4_msgs/lib:/home/hj926217/ros2ws/install/px4_ros_com/lib:/home/hj926217/aruco/install/translation_node/lib:/home/hj926217/aruco/install/px4_ros2_cpp/lib:/home/hj926217/aruco/install/px4_msgs_old/lib:/home/hj926217/aruco/install/px4_msgs/lib:/home/hj926217/aruco/install/image_geometry/lib:/home/hj926217/aruco/install/cv_bridge/lib:/opt/ros/humble/opt/rviz_ogre_vendor/lib:/opt/ros/humble/lib/x86_64-linux-gnu:/opt/ros/humble/lib:/usr/local/lib /usr/bin/cmake --install /home/hj926217/ros2ws/build/px4_ros_com
