-- Found ament_cmake: 1.3.12 (/opt/ros/humble/share/ament_cmake/cmake)
-- Found rclcpp: 16.0.15 (/opt/ros/humble/share/rclcpp/cmake)
-- Found rosidl_generator_c: 3.1.7 (/opt/ros/humble/share/rosidl_generator_c/cmake)
-- Found rosidl_adapter: 3.1.7 (/opt/ros/humble/share/rosidl_adapter/cmake)
-- Found rosidl_generator_cpp: 3.1.7 (/opt/ros/humble/share/rosidl_generator_cpp/cmake)
-- Using all available rosidl_typesupport_c: rosidl_typesupport_fastrtps_c;rosidl_typesupport_introspection_c
-- Using all available rosidl_typesupport_cpp: rosidl_typesupport_fastrtps_cpp;rosidl_typesupport_introspection_cpp
-- Found rmw_implementation_cmake: 6.1.2 (/opt/ros/humble/share/rmw_implementation_cmake/cmake)
-- Found rmw_fastrtps_cpp: 6.2.9 (/opt/ros/humble/share/rmw_fastrtps_cpp/cmake)
-- Using RMW implementation 'rmw_fastrtps_cpp' as default
-- Found nav_msgs: 4.9.0 (/opt/ros/humble/share/nav_msgs/cmake)
-- Found visualization_msgs: 4.9.0 (/opt/ros/humble/share/visualization_msgs/cmake)
-- Found px4_msgs: 2.0.1 (/home/hj926217/ros2ws/install/px4_msgs/share/px4_msgs/cmake)
-- Found ament_lint_auto: 0.12.14 (/opt/ros/humble/share/ament_lint_auto/cmake)
-- Added test 'copyright' to check source files copyright and LICENSE
-- Added test 'cppcheck' to perform static code analysis on C / C++ code
-- Configured cppcheck include dirs: $<BUILD_INTERFACE:/home/hj926217/ros2ws/src/nmpc_uav_avoidance/include>;/home/hj926217/ros2ws/src/nmpc_uav_avoidance/nmpc_solver/nmpc_uav_obstacle
-- Configured cppcheck exclude dirs and/or files: 
-- Added test 'cpplint' to check C / C++ code against the Google style
-- Configured cpplint exclude dirs and/or files: 
-- Added test 'flake8' to check Python code syntax and style conventions
-- Added test 'lint_cmake' to check CMake code style
-- Added test 'pep257' to check Python code against some of the docstring style conventions in PEP 257
-- Added test 'uncrustify' to check C / C++ code style
-- Configured uncrustify additional arguments: 
-- Added test 'xmllint' to check XML markup files
-- Configuring done
-- Generating done
-- Build files have been written to: /home/hj926217/ros2ws/build/nmpc_uav_avoidance
[35m[1mConsolidate compiler generated dependencies of target odom_publisher[0m
[35m[1mConsolidate compiler generated dependencies of target nmpc_node[0m
[ 20%] [32m[1mLinking CXX executable odom_publisher[0m
gmake[2]: *** No rule to make target '/home/hj926217/ros2ws/src/nmpc_uav_avoidance/nmpc_solver/nmpc_uav_obstacle/target/release/libnmpc_uav_obstacle.a', needed by 'nmpc_node'.  Stop.
gmake[2]: *** Waiting for unfinished jobs....
[ 40%] [32mBuilding CXX object CMakeFiles/nmpc_node.dir/src/main.cpp.o[0m
[ 60%] [32mBuilding CXX object CMakeFiles/nmpc_node.dir/src/nmpc_node.cpp.o[0m
In file included from [01m[K/home/hj926217/ros2ws/src/nmpc_uav_avoidance/include/nmpc_uav_avoidance/nmpc_node.hpp:20[m[K,
                 from [01m[K/home/hj926217/ros2ws/src/nmpc_uav_avoidance/src/main.cpp:6[m[K:
[01m[K/home/hj926217/ros2ws/src/nmpc_uav_avoidance/include/nmpc_uav_avoidance/open_solver.hpp:20:10:[m[K [01;31m[Kfatal error: [m[Knmpc_uav_obstacle_bindings.h: No such file or directory
   20 | #include [01;31m[K"nmpc_uav_obstacle_bindings.h"[m[K
      |          [01;31m[K^~~~~~~~~~~~~~~~~~~~~~~~~~~~~~[m[K
compilation terminated.
In file included from [01m[K/home/hj926217/ros2ws/src/nmpc_uav_avoidance/include/nmpc_uav_avoidance/nmpc_node.hpp:20[m[K,
                 from [01m[K/home/hj926217/ros2ws/src/nmpc_uav_avoidance/src/nmpc_node.cpp:13[m[K:
[01m[K/home/hj926217/ros2ws/src/nmpc_uav_avoidance/include/nmpc_uav_avoidance/open_solver.hpp:20:10:[m[K [01;31m[Kfatal error: [m[Knmpc_uav_obstacle_bindings.h: No such file or directory
   20 | #include [01;31m[K"nmpc_uav_obstacle_bindings.h"[m[K
      |          [01;31m[K^~~~~~~~~~~~~~~~~~~~~~~~~~~~~~[m[K
compilation terminated.
gmake[2]: *** [CMakeFiles/nmpc_node.dir/build.make:76: CMakeFiles/nmpc_node.dir/src/main.cpp.o] Error 1
gmake[2]: *** [CMakeFiles/nmpc_node.dir/build.make:90: CMakeFiles/nmpc_node.dir/src/nmpc_node.cpp.o] Error 1
gmake[1]: *** [CMakeFiles/Makefile2:139: CMakeFiles/nmpc_node.dir/all] Error 2
gmake[1]: *** Waiting for unfinished jobs....
[ 80%] Built target odom_publisher
gmake: *** [Makefile:146: all] Error 2
