[0.011s] Invoking command in '/home/hj926217/ros2ws/build/nmpc_uav_avoidance': CMAKE_PREFIX_PATH=/home/hj926217/ros2ws/install/px4_msgs:/home/hj926217/ros2ws/install/px4_ros_com:/home/hj926217/ros2ws/install/nmpc_uav_avoidance:/opt/ros/humble LD_LIBRARY_PATH=/home/hj926217/ros2ws/install/px4_msgs/lib:/home/hj926217/ros2ws/install/px4_ros_com/lib:/usr/local/lib:/opt/ros/humble/opt/rviz_ogre_vendor/lib:/opt/ros/humble/lib/x86_64-linux-gnu:/opt/ros/humble/lib /usr/bin/cmake --build /home/hj926217/ros2ws/build/nmpc_uav_avoidance -- -j16 -l16
[0.030s] -- Found ament_cmake: 1.3.12 (/opt/ros/humble/share/ament_cmake/cmake)
[0.129s] -- Found rclcpp: 16.0.15 (/opt/ros/humble/share/rclcpp/cmake)
[0.151s] -- Found rosidl_generator_c: 3.1.7 (/opt/ros/humble/share/rosidl_generator_c/cmake)
[0.153s] -- Found rosidl_adapter: 3.1.7 (/opt/ros/humble/share/rosidl_adapter/cmake)
[0.157s] -- Found rosidl_generator_cpp: 3.1.7 (/opt/ros/humble/share/rosidl_generator_cpp/cmake)
[0.164s] -- Using all available rosidl_typesupport_c: rosidl_typesupport_fastrtps_c;rosidl_typesupport_introspection_c
[0.173s] -- Using all available rosidl_typesupport_cpp: rosidl_typesupport_fastrtps_cpp;rosidl_typesupport_introspection_cpp
[0.197s] -- Found rmw_implementation_cmake: 6.1.2 (/opt/ros/humble/share/rmw_implementation_cmake/cmake)
[0.198s] -- Found rmw_fastrtps_cpp: 6.2.9 (/opt/ros/humble/share/rmw_fastrtps_cpp/cmake)
[0.285s] -- Using RMW implementation 'rmw_fastrtps_cpp' as default
[0.321s] -- Found nav_msgs: 4.9.0 (/opt/ros/humble/share/nav_msgs/cmake)
[0.341s] -- Found visualization_msgs: 4.9.0 (/opt/ros/humble/share/visualization_msgs/cmake)
[0.369s] -- Found px4_msgs: 2.0.1 (/home/hj926217/ros2ws/install/px4_msgs/share/px4_msgs/cmake)
[0.386s] -- Found ament_lint_auto: 0.12.14 (/opt/ros/humble/share/ament_lint_auto/cmake)
[0.458s] -- Added test 'copyright' to check source files copyright and LICENSE
[0.482s] -- Added test 'cppcheck' to perform static code analysis on C / C++ code
[0.482s] -- Configured cppcheck include dirs: $<BUILD_INTERFACE:/home/hj926217/ros2ws/src/nmpc_uav_avoidance/include>;/home/hj926217/ros2ws/src/nmpc_uav_avoidance/nmpc_solver/nmpc_uav_obstacle
[0.482s] -- Configured cppcheck exclude dirs and/or files: 
[0.505s] -- Added test 'cpplint' to check C / C++ code against the Google style
[0.505s] -- Configured cpplint exclude dirs and/or files: 
[0.508s] -- Added test 'flake8' to check Python code syntax and style conventions
[0.514s] -- Added test 'lint_cmake' to check CMake code style
[0.518s] -- Added test 'pep257' to check Python code against some of the docstring style conventions in PEP 257
[0.539s] -- Added test 'uncrustify' to check C / C++ code style
[0.539s] -- Configured uncrustify additional arguments: 
[0.542s] -- Added test 'xmllint' to check XML markup files
[0.542s] -- Configuring done
[0.554s] -- Generating done
[0.558s] -- Build files have been written to: /home/hj926217/ros2ws/build/nmpc_uav_avoidance
[0.581s] [35m[1mConsolidate compiler generated dependencies of target odom_publisher[0m
[0.583s] [35m[1mConsolidate compiler generated dependencies of target nmpc_node[0m
[0.594s] [ 20%] [32m[1mLinking CXX executable odom_publisher[0m
[0.598s] gmake[2]: *** No rule to make target '/home/hj926217/ros2ws/src/nmpc_uav_avoidance/nmpc_solver/nmpc_uav_obstacle/target/release/libnmpc_uav_obstacle.a', needed by 'nmpc_node'.  Stop.
[0.598s] gmake[2]: *** Waiting for unfinished jobs....
[0.604s] [ 40%] [32mBuilding CXX object CMakeFiles/nmpc_node.dir/src/main.cpp.o[0m
[0.606s] [ 60%] [32mBuilding CXX object CMakeFiles/nmpc_node.dir/src/nmpc_node.cpp.o[0m
[0.778s] In file included from [01m[K/home/hj926217/ros2ws/src/nmpc_uav_avoidance/include/nmpc_uav_avoidance/nmpc_node.hpp:20[m[K,
[0.778s]                  from [01m[K/home/hj926217/ros2ws/src/nmpc_uav_avoidance/src/main.cpp:6[m[K:
[0.778s] [01m[K/home/hj926217/ros2ws/src/nmpc_uav_avoidance/include/nmpc_uav_avoidance/open_solver.hpp:20:10:[m[K [01;31m[Kfatal error: [m[Knmpc_uav_obstacle_bindings.h: No such file or directory
[0.778s]    20 | #include [01;31m[K"nmpc_uav_obstacle_bindings.h"[m[K
[0.778s]       |          [01;31m[K^~~~~~~~~~~~~~~~~~~~~~~~~~~~~~[m[K
[0.779s] compilation terminated.
[0.779s] In file included from [01m[K/home/hj926217/ros2ws/src/nmpc_uav_avoidance/include/nmpc_uav_avoidance/nmpc_node.hpp:20[m[K,
[0.779s]                  from [01m[K/home/hj926217/ros2ws/src/nmpc_uav_avoidance/src/nmpc_node.cpp:13[m[K:
[0.779s] [01m[K/home/hj926217/ros2ws/src/nmpc_uav_avoidance/include/nmpc_uav_avoidance/open_solver.hpp:20:10:[m[K [01;31m[Kfatal error: [m[Knmpc_uav_obstacle_bindings.h: No such file or directory
[0.779s]    20 | #include [01;31m[K"nmpc_uav_obstacle_bindings.h"[m[K
[0.779s]       |          [01;31m[K^~~~~~~~~~~~~~~~~~~~~~~~~~~~~~[m[K
[0.779s] compilation terminated.
[0.788s] gmake[2]: *** [CMakeFiles/nmpc_node.dir/build.make:76: CMakeFiles/nmpc_node.dir/src/main.cpp.o] Error 1
[0.788s] gmake[2]: *** [CMakeFiles/nmpc_node.dir/build.make:90: CMakeFiles/nmpc_node.dir/src/nmpc_node.cpp.o] Error 1
[0.788s] gmake[1]: *** [CMakeFiles/Makefile2:139: CMakeFiles/nmpc_node.dir/all] Error 2
[0.788s] gmake[1]: *** Waiting for unfinished jobs....
[1.033s] [ 80%] Built target odom_publisher
[1.034s] gmake: *** [Makefile:146: all] Error 2
[1.036s] Invoked command in '/home/hj926217/ros2ws/build/nmpc_uav_avoidance' returned '2': CMAKE_PREFIX_PATH=/home/hj926217/ros2ws/install/px4_msgs:/home/hj926217/ros2ws/install/px4_ros_com:/home/hj926217/ros2ws/install/nmpc_uav_avoidance:/opt/ros/humble LD_LIBRARY_PATH=/home/hj926217/ros2ws/install/px4_msgs/lib:/home/hj926217/ros2ws/install/px4_ros_com/lib:/usr/local/lib:/opt/ros/humble/opt/rviz_ogre_vendor/lib:/opt/ros/humble/lib/x86_64-linux-gnu:/opt/ros/humble/lib /usr/bin/cmake --build /home/hj926217/ros2ws/build/nmpc_uav_avoidance -- -j16 -l16
