[0.015s] Invoking command in '/home/hj926217/ros2ws/build/px4_ros_com': AMENT_PREFIX_PATH=/home/hj926217/ros2ws/install/px4_msgs:${AMENT_PREFIX_PATH} CMAKE_PREFIX_PATH=/home/hj926217/ros2ws/install/px4_msgs:/opt/ros/humble LD_LIBRARY_PATH=/home/hj926217/ros2ws/install/px4_msgs/lib:${LD_LIBRARY_PATH} PYTHONPATH=/home/hj926217/ros2ws/install/px4_msgs/local/lib/python3.10/dist-packages:${PYTHONPATH} /usr/bin/cmake --build /home/hj926217/ros2ws/build/px4_ros_com -- -j16 -l16
[0.079s] -- Found ament_cmake: 1.3.12 (/opt/ros/humble/share/ament_cmake/cmake)
[0.243s] -- Found builtin_interfaces: 1.2.2 (/opt/ros/humble/share/builtin_interfaces/cmake)
[0.279s] -- Found rosidl_generator_c: 3.1.7 (/opt/ros/humble/share/rosidl_generator_c/cmake)
[0.283s] -- Found rosidl_adapter: 3.1.7 (/opt/ros/humble/share/rosidl_adapter/cmake)
[0.293s] -- Found rosidl_generator_cpp: 3.1.7 (/opt/ros/humble/share/rosidl_generator_cpp/cmake)
[0.312s] -- Using all available rosidl_typesupport_c: rosidl_typesupport_fastrtps_c;rosidl_typesupport_introspection_c
[0.337s] -- Using all available rosidl_typesupport_cpp: rosidl_typesupport_fastrtps_cpp;rosidl_typesupport_introspection_cpp
[0.360s] -- Found eigen3_cmake_module: 0.1.1 (/opt/ros/humble/share/eigen3_cmake_module/cmake)
[0.364s] -- Found geometry_msgs: 4.9.0 (/opt/ros/humble/share/geometry_msgs/cmake)
[0.407s] -- Found px4_msgs: 2.0.1 (/home/hj926217/ros2ws/install/px4_msgs/share/px4_msgs/cmake)
[0.424s] -- Found rclcpp: 16.0.15 (/opt/ros/humble/share/rclcpp/cmake)
[0.471s] -- Found rmw_implementation_cmake: 6.1.2 (/opt/ros/humble/share/rmw_implementation_cmake/cmake)
[0.473s] -- Found rmw_fastrtps_cpp: 6.2.9 (/opt/ros/humble/share/rmw_fastrtps_cpp/cmake)
[0.652s] -- Using RMW implementation 'rmw_fastrtps_cpp' as default
[0.707s] -- Found sensor_msgs: 4.9.0 (/opt/ros/humble/share/sensor_msgs/cmake)
[0.729s] -- Found rclpy: 3.3.17 (/opt/ros/humble/share/rclpy/cmake)
[0.730s] -- Found tf2: 0.25.16 (/opt/ros/humble/share/tf2/cmake)
[0.735s] -- Found tf2_ros: 0.25.16 (/opt/ros/humble/share/tf2_ros/cmake)
[0.855s] -- Found tf2_geometry_msgs: 0.25.16 (/opt/ros/humble/share/tf2_geometry_msgs/cmake)
[0.863s] -- Ensuring Eigen3 include directory is part of orocos-kdl CMake target
[0.865s] -- Found nav_msgs: 4.9.0 (/opt/ros/humble/share/nav_msgs/cmake)
[0.890s] -- Found cv_bridge: 4.1.0 (/home/hj926217/aruco/install/cv_bridge/share/cv_bridge/cmake)
[0.910s] -- Found visualization_msgs: 4.9.0 (/opt/ros/humble/share/visualization_msgs/cmake)
[0.936s] -- Found interactive_markers: 2.3.2 (/opt/ros/humble/share/interactive_markers/cmake)
[0.940s] -- Found mavros_msgs: 2.12.0 (/opt/ros/humble/share/mavros_msgs/cmake)
[0.999s] -- Found std_srvs: 4.9.0 (/opt/ros/humble/share/std_srvs/cmake)
[1.011s] -- Found tf2_sensor_msgs: 0.25.16 (/opt/ros/humble/share/tf2_sensor_msgs/cmake)
[1.016s] -- Found pcl_conversions: 2.4.5 (/opt/ros/humble/share/pcl_conversions/cmake)
[1.061s] -- Eigen found (include: /usr/include/eigen3, version: 3.4.0)
[1.111s] -- FLANN found (include: /usr/include, lib: /usr/lib/x86_64-linux-gnu/libflann_cpp.so)
[1.570s] -- OpenNI found (version: 1.5.4.0, include: /usr/include/ni, lib: /usr/lib/libOpenNI.so;libusb::libusb)
[1.578s] -- OpenNI2 found (version: 2.2.0.33, include: /usr/include/openni2, lib: /usr/lib/x86_64-linux-gnu/libOpenNI2.so;libusb::libusb)
[1.774s] -- Eigen found (include: /usr/include/eigen3, version: 3.4.0)
[1.781s] -- OpenNI found (version: 1.5.4.0, include: /usr/include/ni, lib: /usr/lib/libOpenNI.so;libusb::libusb)
[1.789s] -- OpenNI2 found (version: 2.2.0.33, include: /usr/include/openni2, lib: /usr/lib/x86_64-linux-gnu/libOpenNI2.so;libusb::libusb)
[1.968s] -- Found Qhull version 8.0.2
[2.151s] -- OpenNI found (version: 1.5.4.0, include: /usr/include/ni, lib: /usr/lib/libOpenNI.so;libusb::libusb)
[2.345s] -- Found pcl_ros: 2.4.5 (/opt/ros/humble/share/pcl_ros/cmake)
[2.358s] [33mCMake Warning (dev) at CMakeLists.txt:42 (find_package):
[2.358s]   Policy CMP0074 is not set: find_package uses <PackageName>_ROOT variables.
[2.358s]   Run "cmake --help-policy CMP0074" for policy details.  Use the cmake_policy
[2.358s]   command to set the policy and suppress this warning.
[2.359s] 
[2.359s]   CMake variable PCL_ROOT is set to:
[2.359s] 
[2.359s]     /usr
[2.359s] 
[2.359s]   For compatibility, CMake is ignoring the variable.
[2.359s] This warning is for project developers.  Use -Wno-dev to suppress it.
[2.359s] [0m
[2.372s] -- Found octomap_msgs: 2.0.1 (/opt/ros/humble/share/octomap_msgs/cmake)
[2.465s] -- Found ament_lint_auto: 0.12.14 (/opt/ros/humble/share/ament_lint_auto/cmake)
[2.563s] -- Added test 'copyright' to check source files copyright and LICENSE
[2.569s] -- Added test 'cppcheck' to perform static code analysis on C / C++ code
[2.572s] -- Configured cppcheck include dirs: /home/hj926217/ros2ws/src/px4_ros_com/include;$<BUILD_INTERFACE:/home/hj926217/ros2ws/src/px4_ros_com/include>;$<BUILD_INTERFACE:/home/hj926217/ros2ws/src/px4_ros_com/include/px4_ros_com>
[2.572s] -- Configured cppcheck exclude dirs and/or files: 
[2.577s] -- Added test 'cpplint' to check C / C++ code against the Google style
[2.577s] -- Configured cpplint exclude dirs and/or files: 
[2.578s] -- Added test 'flake8' to check Python code syntax and style conventions
[2.580s] -- Added test 'lint_cmake' to check CMake code style
[2.580s] -- Added test 'pep257' to check Python code against some of the docstring style conventions in PEP 257
[2.585s] -- Added test 'uncrustify' to check C / C++ code style
[2.585s] -- Configured uncrustify additional arguments: 
[2.586s] -- Added test 'xmllint' to check XML markup files
[2.588s] -- Configuring done
[2.599s] [33mCMake Warning (dev) at CMakeLists.txt:130 (add_executable):
[2.599s]   Policy CMP0115 is not set: Source file extensions must be explicit.  Run
[2.599s]   "cmake --help-policy CMP0115" for policy details.  Use the cmake_policy
[2.599s]   command to set the policy and suppress this warning.
[2.599s] 
[2.599s]   File:
[2.600s] 
[2.600s]     /home/hj926217/ros2ws/src/px4_ros_com/src/global_path.cpp
[2.600s] This warning is for project developers.  Use -Wno-dev to suppress it.
[2.600s] [0m
[2.809s] -- Generating done
[2.872s] -- Build files have been written to: /home/hj926217/ros2ws/build/px4_ros_com
[2.923s] [35m[1mConsolidate compiler generated dependencies of target frame_transforms[0m
[2.923s] [35m[1mConsolidate compiler generated dependencies of target rrt_star_planner[0m
[2.923s] [35m[1mConsolidate compiler generated dependencies of target obstacle_odom_publisher[0m
[2.923s] [35m[1mConsolidate compiler generated dependencies of target goal_marker_pub[0m
[2.924s] [35m[1mConsolidate compiler generated dependencies of target global_path[0m
[2.925s] [35m[1mConsolidate compiler generated dependencies of target local_path[0m
[2.925s] [35m[1mConsolidate compiler generated dependencies of target debug_vect_advertiser[0m
[2.925s] [35m[1mConsolidate compiler generated dependencies of target sensor_combined_listener[0m
[2.927s] [35m[1mConsolidate compiler generated dependencies of target goal_to_path[0m
[2.928s] [35m[1mConsolidate compiler generated dependencies of target ground_odom[0m
[2.928s] [35m[1mConsolidate compiler generated dependencies of target vtol_mission_node[0m
[2.928s] [35m[1mConsolidate compiler generated dependencies of target circle_flight[0m
[2.928s] [35m[1mConsolidate compiler generated dependencies of target path_follower[0m
[2.932s] [35m[1mConsolidate compiler generated dependencies of target nav_path[0m
[2.935s] [35m[1mConsolidate compiler generated dependencies of target vehicle_gps_position_listener[0m
[2.948s] [  2%] [32mBuilding CXX object CMakeFiles/figure_eight_planner.dir/src/figure_eight_planner.cpp.o[0m
[2.975s] [  6%] Built target frame_transforms
[2.975s] [ 11%] Built target vtol_mission_node
[2.975s] [ 20%] Built target sensor_combined_listener
[2.976s] [ 18%] Built target circle_flight
[2.976s] [ 25%] Built target rrt_star_planner
[2.976s] [ 29%] Built target vehicle_gps_position_listener
[2.976s] [ 34%] Built target debug_vect_advertiser
[2.977s] [ 38%] Built target path_follower
[2.977s] [ 43%] Built target global_path
[2.977s] [ 47%] Built target nav_path
[2.977s] [ 52%] Built target goal_marker_pub
[2.980s] [ 56%] Built target ground_odom
[2.982s] [ 59%] [32mBuilding CXX object CMakeFiles/obstacle_odom_publisher.dir/src/obstacle_odom_publisher.cpp.o[0m
[2.983s] [ 63%] Built target local_path
[2.985s] [ 68%] Built target goal_to_path
[2.993s] [35m[1mConsolidate compiler generated dependencies of target vertiport_land[0m
[2.993s] [35m[1mConsolidate compiler generated dependencies of target tf2_control[0m
[2.994s] [35m[1mConsolidate compiler generated dependencies of target aruco_position_sub[0m
[2.994s] [35m[1mConsolidate compiler generated dependencies of target offboard_control_srv[0m
[2.995s] [35m[1mConsolidate compiler generated dependencies of target aruco_position_publisher_node[0m
[2.996s] [35m[1mConsolidate compiler generated dependencies of target offboard_control[0m
[3.020s] [ 72%] Built target offboard_control_srv
[3.021s] [ 77%] Built target aruco_position_sub
[3.023s] [ 81%] Built target vertiport_land
[3.024s] [ 86%] Built target offboard_control
[3.026s] [ 86%] Built target ament_cmake_python_copy_px4_ros_com
[3.027s] [ 90%] Built target tf2_control
[3.030s] [ 95%] Built target aruco_position_publisher_node
[3.624s] running egg_info
[3.627s] writing px4_ros_com.egg-info/PKG-INFO
[3.627s] writing dependency_links to px4_ros_com.egg-info/dependency_links.txt
[3.628s] writing top-level names to px4_ros_com.egg-info/top_level.txt
[3.635s] reading manifest file 'px4_ros_com.egg-info/SOURCES.txt'
[3.637s] writing manifest file 'px4_ros_com.egg-info/SOURCES.txt'
[3.694s] [ 95%] Built target ament_cmake_python_build_px4_ros_com_egg
[10.718s] [ 97%] [32m[1mLinking CXX executable obstacle_odom_publisher[0m
[11.078s] [ 97%] Built target obstacle_odom_publisher
[18.033s] [100%] [32m[1mLinking CXX executable figure_eight_planner[0m
[18.695s] [100%] Built target figure_eight_planner
[18.710s] Invoked command in '/home/hj926217/ros2ws/build/px4_ros_com' returned '0': AMENT_PREFIX_PATH=/home/hj926217/ros2ws/install/px4_msgs:${AMENT_PREFIX_PATH} CMAKE_PREFIX_PATH=/home/hj926217/ros2ws/install/px4_msgs:/opt/ros/humble LD_LIBRARY_PATH=/home/hj926217/ros2ws/install/px4_msgs/lib:${LD_LIBRARY_PATH} PYTHONPATH=/home/hj926217/ros2ws/install/px4_msgs/local/lib/python3.10/dist-packages:${PYTHONPATH} /usr/bin/cmake --build /home/hj926217/ros2ws/build/px4_ros_com -- -j16 -l16
[18.722s] Invoking command in '/home/hj926217/ros2ws/build/px4_ros_com': AMENT_PREFIX_PATH=/home/hj926217/ros2ws/install/px4_msgs:${AMENT_PREFIX_PATH} CMAKE_PREFIX_PATH=/home/hj926217/ros2ws/install/px4_msgs:/opt/ros/humble LD_LIBRARY_PATH=/home/hj926217/ros2ws/install/px4_msgs/lib:${LD_LIBRARY_PATH} PYTHONPATH=/home/hj926217/ros2ws/install/px4_msgs/local/lib/python3.10/dist-packages:${PYTHONPATH} /usr/bin/cmake --install /home/hj926217/ros2ws/build/px4_ros_com
[18.733s] -- Install configuration: ""
[18.733s] -- Installing: /home/hj926217/ros2ws/install/px4_ros_com/lib/px4_ros_com/figure_eight_planner
[18.738s] -- Set runtime path of "/home/hj926217/ros2ws/install/px4_ros_com/lib/px4_ros_com/figure_eight_planner" to ""
[18.738s] -- Installing: /home/hj926217/ros2ws/install/px4_ros_com/lib/px4_ros_com/obstacle_odom_publisher
[18.740s] -- Set runtime path of "/home/hj926217/ros2ws/install/px4_ros_com/lib/px4_ros_com/obstacle_odom_publisher" to ""
[18.740s] -- Up-to-date: /home/hj926217/ros2ws/install/px4_ros_com/lib/px4_ros_com/rrt_star_planner
[18.741s] -- Up-to-date: /home/hj926217/ros2ws/install/px4_ros_com/lib/px4_ros_com/vtol_mission_node
[18.742s] -- Up-to-date: /home/hj926217/ros2ws/install/px4_ros_com/lib/px4_ros_com/local_path
[18.742s] -- Up-to-date: /home/hj926217/ros2ws/install/px4_ros_com/lib/px4_ros_com/global_path
[18.743s] -- Up-to-date: /home/hj926217/ros2ws/install/px4_ros_com/lib/px4_ros_com/path_follower
[18.743s] -- Up-to-date: /home/hj926217/ros2ws/install/px4_ros_com/lib/px4_ros_com/goal_marker_pub
[18.744s] -- Up-to-date: /home/hj926217/ros2ws/install/px4_ros_com/lib/px4_ros_com/goal_to_path
[18.745s] -- Up-to-date: /home/hj926217/ros2ws/install/px4_ros_com/lib/px4_ros_com/ground_odom
[18.745s] -- Up-to-date: /home/hj926217/ros2ws/install/px4_ros_com/lib/px4_ros_com/sensor_combined_listener
[18.746s] -- Up-to-date: /home/hj926217/ros2ws/install/px4_ros_com/lib/px4_ros_com/vehicle_gps_position_listener
[18.747s] -- Up-to-date: /home/hj926217/ros2ws/install/px4_ros_com/lib/px4_ros_com/debug_vect_advertiser
[18.747s] -- Up-to-date: /home/hj926217/ros2ws/install/px4_ros_com/lib/px4_ros_com/nav_path
[18.748s] -- Up-to-date: /home/hj926217/ros2ws/install/px4_ros_com/lib/px4_ros_com/circle_flight
[18.749s] -- Up-to-date: /home/hj926217/ros2ws/install/px4_ros_com/lib/px4_ros_com/tf2_control
[18.749s] -- Up-to-date: /home/hj926217/ros2ws/install/px4_ros_com/lib/px4_ros_com/aruco_position_sub
[18.750s] -- Up-to-date: /home/hj926217/ros2ws/install/px4_ros_com/lib/px4_ros_com/vertiport_land
[18.750s] -- Up-to-date: /home/hj926217/ros2ws/install/px4_ros_com/lib/px4_ros_com/aruco_position_publisher_node
[18.751s] -- Up-to-date: /home/hj926217/ros2ws/install/px4_ros_com/lib/px4_ros_com/offboard_control
[18.751s] -- Up-to-date: /home/hj926217/ros2ws/install/px4_ros_com/lib/px4_ros_com/offboard_control_srv
[18.752s] -- Up-to-date: /home/hj926217/ros2ws/install/px4_ros_com/share/px4_ros_com/environment/library_path.sh
[18.752s] -- Installing: /home/hj926217/ros2ws/install/px4_ros_com/share/px4_ros_com/environment/library_path.dsv
[18.752s] -- Up-to-date: /home/hj926217/ros2ws/install/px4_ros_com/include/px4_ros_com
[18.752s] -- Up-to-date: /home/hj926217/ros2ws/install/px4_ros_com/include/px4_ros_com/frame_transforms.h
[18.752s] -- Up-to-date: /home/hj926217/ros2ws/install/px4_ros_com/lib/libframe_transforms.so
[18.752s] -- Up-to-date: /home/hj926217/ros2ws/install/px4_ros_com/share/px4_ros_com//launch
[18.753s] -- Up-to-date: /home/hj926217/ros2ws/install/px4_ros_com/share/px4_ros_com//launch/lidar_octomap_launch.py
[18.753s] -- Up-to-date: /home/hj926217/ros2ws/install/px4_ros_com/share/px4_ros_com//launch/path.launch.py
[18.753s] -- Up-to-date: /home/hj926217/ros2ws/install/px4_ros_com/share/px4_ros_com//launch/rtab_points.launch.py
[18.753s] -- Up-to-date: /home/hj926217/ros2ws/install/px4_ros_com/share/px4_ros_com//launch/path_follower_launch.py
[18.753s] -- Up-to-date: /home/hj926217/ros2ws/install/px4_ros_com/share/px4_ros_com//launch/offboard_control_launch.yaml
[18.753s] -- Up-to-date: /home/hj926217/ros2ws/install/px4_ros_com/share/px4_ros_com//launch/123.launch.py
[18.753s] -- Up-to-date: /home/hj926217/ros2ws/install/px4_ros_com/share/px4_ros_com//launch/sensor_combined_listener.launch.py
[18.753s] -- Up-to-date: /home/hj926217/ros2ws/install/px4_ros_com/share/px4_ros_com//test
[18.754s] -- Up-to-date: /home/hj926217/ros2ws/install/px4_ros_com/share/px4_ros_com//test/test_output.py
[18.754s] -- Up-to-date: /home/hj926217/ros2ws/install/px4_ros_com/share/px4_ros_com//test/__init__.py
[18.754s] -- Up-to-date: /home/hj926217/ros2ws/install/px4_ros_com/share/px4_ros_com//test/pipeline_io_test.py
[18.754s] -- Up-to-date: /home/hj926217/ros2ws/install/px4_ros_com/share/px4_ros_com//test/test_input.py
[18.754s] -- Up-to-date: /home/hj926217/ros2ws/install/px4_ros_com/share/px4_ros_com/environment/pythonpath.sh
[18.754s] -- Installing: /home/hj926217/ros2ws/install/px4_ros_com/share/px4_ros_com/environment/pythonpath.dsv
[18.754s] -- Up-to-date: /home/hj926217/ros2ws/install/px4_ros_com/local/lib/python3.10/dist-packages/px4_ros_com-0.1.0-py3.10.egg-info
[18.754s] -- Installing: /home/hj926217/ros2ws/install/px4_ros_com/local/lib/python3.10/dist-packages/px4_ros_com-0.1.0-py3.10.egg-info/SOURCES.txt
[18.754s] -- Installing: /home/hj926217/ros2ws/install/px4_ros_com/local/lib/python3.10/dist-packages/px4_ros_com-0.1.0-py3.10.egg-info/PKG-INFO
[18.755s] -- Installing: /home/hj926217/ros2ws/install/px4_ros_com/local/lib/python3.10/dist-packages/px4_ros_com-0.1.0-py3.10.egg-info/top_level.txt
[18.755s] -- Installing: /home/hj926217/ros2ws/install/px4_ros_com/local/lib/python3.10/dist-packages/px4_ros_com-0.1.0-py3.10.egg-info/dependency_links.txt
[18.755s] -- Up-to-date: /home/hj926217/ros2ws/install/px4_ros_com/local/lib/python3.10/dist-packages/px4_ros_com
[18.755s] -- Up-to-date: /home/hj926217/ros2ws/install/px4_ros_com/local/lib/python3.10/dist-packages/px4_ros_com/module_to_import.py
[18.755s] -- Up-to-date: /home/hj926217/ros2ws/install/px4_ros_com/local/lib/python3.10/dist-packages/px4_ros_com/__init__.py
[18.800s] Listing '/home/hj926217/ros2ws/install/px4_ros_com/local/lib/python3.10/dist-packages/px4_ros_com'...
[18.806s] -- Up-to-date: /home/hj926217/ros2ws/install/px4_ros_com/lib/px4_ros_com/offboard_control.py
[18.806s] -- Up-to-date: /home/hj926217/ros2ws/install/px4_ros_com/share/ament_index/resource_index/package_run_dependencies/px4_ros_com
[18.806s] -- Up-to-date: /home/hj926217/ros2ws/install/px4_ros_com/share/ament_index/resource_index/parent_prefix_path/px4_ros_com
[18.806s] -- Up-to-date: /home/hj926217/ros2ws/install/px4_ros_com/share/px4_ros_com/environment/ament_prefix_path.sh
[18.806s] -- Installing: /home/hj926217/ros2ws/install/px4_ros_com/share/px4_ros_com/environment/ament_prefix_path.dsv
[18.806s] -- Up-to-date: /home/hj926217/ros2ws/install/px4_ros_com/share/px4_ros_com/environment/path.sh
[18.807s] -- Installing: /home/hj926217/ros2ws/install/px4_ros_com/share/px4_ros_com/environment/path.dsv
[18.807s] -- Up-to-date: /home/hj926217/ros2ws/install/px4_ros_com/share/px4_ros_com/local_setup.bash
[18.807s] -- Up-to-date: /home/hj926217/ros2ws/install/px4_ros_com/share/px4_ros_com/local_setup.sh
[18.807s] -- Up-to-date: /home/hj926217/ros2ws/install/px4_ros_com/share/px4_ros_com/local_setup.zsh
[18.807s] -- Installing: /home/hj926217/ros2ws/install/px4_ros_com/share/px4_ros_com/local_setup.dsv
[18.807s] -- Installing: /home/hj926217/ros2ws/install/px4_ros_com/share/px4_ros_com/package.dsv
[18.807s] -- Up-to-date: /home/hj926217/ros2ws/install/px4_ros_com/share/ament_index/resource_index/packages/px4_ros_com
[18.808s] -- Up-to-date: /home/hj926217/ros2ws/install/px4_ros_com/share/px4_ros_com/cmake/export_frame_transformsExport.cmake
[18.808s] -- Up-to-date: /home/hj926217/ros2ws/install/px4_ros_com/share/px4_ros_com/cmake/export_frame_transformsExport-noconfig.cmake
[18.808s] -- Up-to-date: /home/hj926217/ros2ws/install/px4_ros_com/share/px4_ros_com/cmake/ament_cmake_export_dependencies-extras.cmake
[18.808s] -- Up-to-date: /home/hj926217/ros2ws/install/px4_ros_com/share/px4_ros_com/cmake/ament_cmake_export_targets-extras.cmake
[18.808s] -- Up-to-date: /home/hj926217/ros2ws/install/px4_ros_com/share/px4_ros_com/cmake/ament_cmake_export_include_directories-extras.cmake
[18.808s] -- Up-to-date: /home/hj926217/ros2ws/install/px4_ros_com/share/px4_ros_com/cmake/ament_cmake_export_libraries-extras.cmake
[18.809s] -- Up-to-date: /home/hj926217/ros2ws/install/px4_ros_com/share/px4_ros_com/cmake/px4_ros_comConfig.cmake
[18.809s] -- Up-to-date: /home/hj926217/ros2ws/install/px4_ros_com/share/px4_ros_com/cmake/px4_ros_comConfig-version.cmake
[18.809s] -- Up-to-date: /home/hj926217/ros2ws/install/px4_ros_com/share/px4_ros_com/package.xml
[18.812s] Invoked command in '/home/hj926217/ros2ws/build/px4_ros_com' returned '0': AMENT_PREFIX_PATH=/home/hj926217/ros2ws/install/px4_msgs:${AMENT_PREFIX_PATH} CMAKE_PREFIX_PATH=/home/hj926217/ros2ws/install/px4_msgs:/opt/ros/humble LD_LIBRARY_PATH=/home/hj926217/ros2ws/install/px4_msgs/lib:${LD_LIBRARY_PATH} PYTHONPATH=/home/hj926217/ros2ws/install/px4_msgs/local/lib/python3.10/dist-packages:${PYTHONPATH} /usr/bin/cmake --install /home/hj926217/ros2ws/build/px4_ros_com
