[0.017s] Invoking command in '/home/hj926217/ros2ws/build/nmpc_uav_avoidance': AMENT_PREFIX_PATH=/home/hj926217/ros2ws/install/px4_msgs:${AMENT_PREFIX_PATH} CMAKE_PREFIX_PATH=/home/hj926217/ros2ws/install/px4_msgs:/opt/ros/humble LD_LIBRARY_PATH=/home/hj926217/ros2ws/install/px4_msgs/lib:${LD_LIBRARY_PATH} PYTHONPATH=/home/hj926217/ros2ws/install/px4_msgs/local/lib/python3.10/dist-packages:${PYTHONPATH} /usr/bin/cmake --build /home/hj926217/ros2ws/build/nmpc_uav_avoidance -- -j16 -l16
[0.049s] -- Found ament_cmake: 1.3.12 (/opt/ros/humble/share/ament_cmake/cmake)
[0.184s] -- Found rclcpp: 16.0.15 (/opt/ros/humble/share/rclcpp/cmake)
[0.219s] -- Found rosidl_generator_c: 3.1.7 (/opt/ros/humble/share/rosidl_generator_c/cmake)
[0.222s] -- Found rosidl_adapter: 3.1.7 (/opt/ros/humble/share/rosidl_adapter/cmake)
[0.229s] -- Found rosidl_generator_cpp: 3.1.7 (/opt/ros/humble/share/rosidl_generator_cpp/cmake)
[0.242s] -- Using all available rosidl_typesupport_c: rosidl_typesupport_fastrtps_c;rosidl_typesupport_introspection_c
[0.261s] -- Using all available rosidl_typesupport_cpp: rosidl_typesupport_fastrtps_cpp;rosidl_typesupport_introspection_cpp
[0.294s] -- Found rmw_implementation_cmake: 6.1.2 (/opt/ros/humble/share/rmw_implementation_cmake/cmake)
[0.295s] -- Found rmw_fastrtps_cpp: 6.2.9 (/opt/ros/humble/share/rmw_fastrtps_cpp/cmake)
[0.407s] -- Using RMW implementation 'rmw_fastrtps_cpp' as default
[0.474s] -- Found nav_msgs: 4.9.0 (/opt/ros/humble/share/nav_msgs/cmake)
[0.514s] -- Found visualization_msgs: 4.9.0 (/opt/ros/humble/share/visualization_msgs/cmake)
[0.568s] -- Found px4_msgs: 2.0.1 (/home/hj926217/ros2ws/install/px4_msgs/share/px4_msgs/cmake)
[0.588s] -- Found ament_lint_auto: 0.12.14 (/opt/ros/humble/share/ament_lint_auto/cmake)
[0.675s] -- Added test 'copyright' to check source files copyright and LICENSE
[0.709s] -- Added test 'cppcheck' to perform static code analysis on C / C++ code
[0.709s] -- Configured cppcheck include dirs: $<BUILD_INTERFACE:/home/hj926217/ros2ws/src/nmpc_uav_avoidance/include>
[0.710s] -- Configured cppcheck exclude dirs and/or files: 
[0.743s] -- Added test 'cpplint' to check C / C++ code against the Google style
[0.743s] -- Configured cpplint exclude dirs and/or files: 
[0.747s] -- Added test 'flake8' to check Python code syntax and style conventions
[0.758s] -- Added test 'lint_cmake' to check CMake code style
[0.762s] -- Added test 'pep257' to check Python code against some of the docstring style conventions in PEP 257
[0.797s] -- Added test 'uncrustify' to check C / C++ code style
[0.797s] -- Configured uncrustify additional arguments: 
[0.803s] -- Added test 'xmllint' to check XML markup files
[0.804s] -- Configuring done
[0.826s] -- Generating done
[0.833s] -- Build files have been written to: /home/hj926217/ros2ws/build/nmpc_uav_avoidance
[0.867s] [35m[1mConsolidate compiler generated dependencies of target nmpc_node[0m
[0.879s] [ 20%] [32mBuilding CXX object CMakeFiles/odom_publisher.dir/src/odom_publisher.cpp.o[0m
[0.892s] [ 80%] Built target nmpc_node
[14.836s] [100%] [32m[1mLinking CXX executable odom_publisher[0m
[15.558s] [100%] Built target odom_publisher
[15.573s] Invoked command in '/home/hj926217/ros2ws/build/nmpc_uav_avoidance' returned '0': AMENT_PREFIX_PATH=/home/hj926217/ros2ws/install/px4_msgs:${AMENT_PREFIX_PATH} CMAKE_PREFIX_PATH=/home/hj926217/ros2ws/install/px4_msgs:/opt/ros/humble LD_LIBRARY_PATH=/home/hj926217/ros2ws/install/px4_msgs/lib:${LD_LIBRARY_PATH} PYTHONPATH=/home/hj926217/ros2ws/install/px4_msgs/local/lib/python3.10/dist-packages:${PYTHONPATH} /usr/bin/cmake --build /home/hj926217/ros2ws/build/nmpc_uav_avoidance -- -j16 -l16
[15.583s] Invoking command in '/home/hj926217/ros2ws/build/nmpc_uav_avoidance': AMENT_PREFIX_PATH=/home/hj926217/ros2ws/install/px4_msgs:${AMENT_PREFIX_PATH} CMAKE_PREFIX_PATH=/home/hj926217/ros2ws/install/px4_msgs:/opt/ros/humble LD_LIBRARY_PATH=/home/hj926217/ros2ws/install/px4_msgs/lib:${LD_LIBRARY_PATH} PYTHONPATH=/home/hj926217/ros2ws/install/px4_msgs/local/lib/python3.10/dist-packages:${PYTHONPATH} /usr/bin/cmake --install /home/hj926217/ros2ws/build/nmpc_uav_avoidance
[15.593s] -- Install configuration: ""
[15.593s] -- Up-to-date: /home/hj926217/ros2ws/install/nmpc_uav_avoidance/lib/nmpc_uav_avoidance/nmpc_node
[15.594s] -- Installing: /home/hj926217/ros2ws/install/nmpc_uav_avoidance/lib/nmpc_uav_avoidance/odom_publisher
[15.598s] -- Set runtime path of "/home/hj926217/ros2ws/install/nmpc_uav_avoidance/lib/nmpc_uav_avoidance/odom_publisher" to ""
[15.598s] -- Up-to-date: /home/hj926217/ros2ws/install/nmpc_uav_avoidance/include
[15.598s] -- Up-to-date: /home/hj926217/ros2ws/install/nmpc_uav_avoidance/include/nmpc_uav_avoidance
[15.598s] -- Up-to-date: /home/hj926217/ros2ws/install/nmpc_uav_avoidance/include/nmpc_uav_avoidance/open_tcp_client.hpp
[15.598s] -- Up-to-date: /home/hj926217/ros2ws/install/nmpc_uav_avoidance/include/nmpc_uav_avoidance/nmpc_node.hpp
[15.598s] -- Up-to-date: /home/hj926217/ros2ws/install/nmpc_uav_avoidance/share/nmpc_uav_avoidance/launch
[15.598s] -- Up-to-date: /home/hj926217/ros2ws/install/nmpc_uav_avoidance/share/nmpc_uav_avoidance/launch/nmpc_launch.py
[15.598s] -- Up-to-date: /home/hj926217/ros2ws/install/nmpc_uav_avoidance/share/ament_index/resource_index/package_run_dependencies/nmpc_uav_avoidance
[15.598s] -- Installing: /home/hj926217/ros2ws/install/nmpc_uav_avoidance/share/ament_index/resource_index/parent_prefix_path/nmpc_uav_avoidance
[15.598s] -- Up-to-date: /home/hj926217/ros2ws/install/nmpc_uav_avoidance/share/nmpc_uav_avoidance/environment/ament_prefix_path.sh
[15.599s] -- Installing: /home/hj926217/ros2ws/install/nmpc_uav_avoidance/share/nmpc_uav_avoidance/environment/ament_prefix_path.dsv
[15.599s] -- Up-to-date: /home/hj926217/ros2ws/install/nmpc_uav_avoidance/share/nmpc_uav_avoidance/environment/path.sh
[15.599s] -- Installing: /home/hj926217/ros2ws/install/nmpc_uav_avoidance/share/nmpc_uav_avoidance/environment/path.dsv
[15.599s] -- Up-to-date: /home/hj926217/ros2ws/install/nmpc_uav_avoidance/share/nmpc_uav_avoidance/local_setup.bash
[15.599s] -- Up-to-date: /home/hj926217/ros2ws/install/nmpc_uav_avoidance/share/nmpc_uav_avoidance/local_setup.sh
[15.599s] -- Up-to-date: /home/hj926217/ros2ws/install/nmpc_uav_avoidance/share/nmpc_uav_avoidance/local_setup.zsh
[15.599s] -- Installing: /home/hj926217/ros2ws/install/nmpc_uav_avoidance/share/nmpc_uav_avoidance/local_setup.dsv
[15.599s] -- Installing: /home/hj926217/ros2ws/install/nmpc_uav_avoidance/share/nmpc_uav_avoidance/package.dsv
[15.599s] -- Up-to-date: /home/hj926217/ros2ws/install/nmpc_uav_avoidance/share/ament_index/resource_index/packages/nmpc_uav_avoidance
[15.599s] -- Up-to-date: /home/hj926217/ros2ws/install/nmpc_uav_avoidance/share/nmpc_uav_avoidance/cmake/nmpc_uav_avoidanceConfig.cmake
[15.599s] -- Up-to-date: /home/hj926217/ros2ws/install/nmpc_uav_avoidance/share/nmpc_uav_avoidance/cmake/nmpc_uav_avoidanceConfig-version.cmake
[15.599s] -- Up-to-date: /home/hj926217/ros2ws/install/nmpc_uav_avoidance/share/nmpc_uav_avoidance/package.xml
[15.602s] Invoked command in '/home/hj926217/ros2ws/build/nmpc_uav_avoidance' returned '0': AMENT_PREFIX_PATH=/home/hj926217/ros2ws/install/px4_msgs:${AMENT_PREFIX_PATH} CMAKE_PREFIX_PATH=/home/hj926217/ros2ws/install/px4_msgs:/opt/ros/humble LD_LIBRARY_PATH=/home/hj926217/ros2ws/install/px4_msgs/lib:${LD_LIBRARY_PATH} PYTHONPATH=/home/hj926217/ros2ws/install/px4_msgs/local/lib/python3.10/dist-packages:${PYTHONPATH} /usr/bin/cmake --install /home/hj926217/ros2ws/build/nmpc_uav_avoidance
