[0.031s] Invoking command in '/home/hj926217/ros2ws/build/nmpc_uav_avoidance': CMAKE_PREFIX_PATH=/home/hj926217/ros2ws/install/px4_msgs:/home/hj926217/ros2ws/install/px4_ros_com:/home/hj926217/ros2ws/install/nmpc_uav_avoidance:/opt/ros/humble LD_LIBRARY_PATH=/home/hj926217/ros2ws/install/px4_msgs/lib:/home/hj926217/ros2ws/install/px4_ros_com/lib:/usr/local/lib:/opt/ros/humble/opt/rviz_ogre_vendor/lib:/opt/ros/humble/lib/x86_64-linux-gnu:/opt/ros/humble/lib /usr/bin/cmake --build /home/hj926217/ros2ws/build/nmpc_uav_avoidance -- -j16 -l16
[0.132s] [ 60%] Built target nmpc_node
[0.132s] [100%] Built target odom_publisher
[0.166s] Invoked command in '/home/hj926217/ros2ws/build/nmpc_uav_avoidance' returned '0': CMAKE_PREFIX_PATH=/home/hj926217/ros2ws/install/px4_msgs:/home/hj926217/ros2ws/install/px4_ros_com:/home/hj926217/ros2ws/install/nmpc_uav_avoidance:/opt/ros/humble LD_LIBRARY_PATH=/home/hj926217/ros2ws/install/px4_msgs/lib:/home/hj926217/ros2ws/install/px4_ros_com/lib:/usr/local/lib:/opt/ros/humble/opt/rviz_ogre_vendor/lib:/opt/ros/humble/lib/x86_64-linux-gnu:/opt/ros/humble/lib /usr/bin/cmake --build /home/hj926217/ros2ws/build/nmpc_uav_avoidance -- -j16 -l16
[0.189s] Invoking command in '/home/hj926217/ros2ws/build/nmpc_uav_avoidance': CMAKE_PREFIX_PATH=/home/hj926217/ros2ws/install/px4_msgs:/home/hj926217/ros2ws/install/px4_ros_com:/home/hj926217/ros2ws/install/nmpc_uav_avoidance:/opt/ros/humble LD_LIBRARY_PATH=/home/hj926217/ros2ws/install/px4_msgs/lib:/home/hj926217/ros2ws/install/px4_ros_com/lib:/usr/local/lib:/opt/ros/humble/opt/rviz_ogre_vendor/lib:/opt/ros/humble/lib/x86_64-linux-gnu:/opt/ros/humble/lib /usr/bin/cmake --install /home/hj926217/ros2ws/build/nmpc_uav_avoidance
[0.212s] -- Install configuration: ""
[0.213s] -- Up-to-date: /home/hj926217/ros2ws/install/nmpc_uav_avoidance/share/ament_index/resource_index/package_run_dependencies/nmpc_uav_avoidance
[0.213s] -- Up-to-date: /home/hj926217/ros2ws/install/nmpc_uav_avoidance/share/ament_index/resource_index/parent_prefix_path/nmpc_uav_avoidance
[0.213s] -- Up-to-date: /home/hj926217/ros2ws/install/nmpc_uav_avoidance/share/nmpc_uav_avoidance/environment/ament_prefix_path.sh
[0.213s] -- Up-to-date: /home/hj926217/ros2ws/install/nmpc_uav_avoidance/share/nmpc_uav_avoidance/environment/ament_prefix_path.dsv
[0.214s] -- Up-to-date: /home/hj926217/ros2ws/install/nmpc_uav_avoidance/share/nmpc_uav_avoidance/environment/path.sh
[0.214s] -- Up-to-date: /home/hj926217/ros2ws/install/nmpc_uav_avoidance/share/nmpc_uav_avoidance/environment/path.dsv
[0.214s] -- Up-to-date: /home/hj926217/ros2ws/install/nmpc_uav_avoidance/share/nmpc_uav_avoidance/local_setup.bash
[0.214s] -- Up-to-date: /home/hj926217/ros2ws/install/nmpc_uav_avoidance/share/nmpc_uav_avoidance/local_setup.sh
[0.214s] -- Up-to-date: /home/hj926217/ros2ws/install/nmpc_uav_avoidance/share/nmpc_uav_avoidance/local_setup.zsh
[0.214s] -- Up-to-date: /home/hj926217/ros2ws/install/nmpc_uav_avoidance/share/nmpc_uav_avoidance/local_setup.dsv
[0.214s] -- Installing: /home/hj926217/ros2ws/install/nmpc_uav_avoidance/share/nmpc_uav_avoidance/package.dsv
[0.214s] -- Up-to-date: /home/hj926217/ros2ws/install/nmpc_uav_avoidance/share/ament_index/resource_index/packages/nmpc_uav_avoidance
[0.214s] -- Up-to-date: /home/hj926217/ros2ws/install/nmpc_uav_avoidance/share/nmpc_uav_avoidance/cmake/nmpc_uav_avoidanceConfig.cmake
[0.215s] -- Up-to-date: /home/hj926217/ros2ws/install/nmpc_uav_avoidance/share/nmpc_uav_avoidance/cmake/nmpc_uav_avoidanceConfig-version.cmake
[0.215s] -- Up-to-date: /home/hj926217/ros2ws/install/nmpc_uav_avoidance/share/nmpc_uav_avoidance/package.xml
[0.217s] Invoked command in '/home/hj926217/ros2ws/build/nmpc_uav_avoidance' returned '0': CMAKE_PREFIX_PATH=/home/hj926217/ros2ws/install/px4_msgs:/home/hj926217/ros2ws/install/px4_ros_com:/home/hj926217/ros2ws/install/nmpc_uav_avoidance:/opt/ros/humble LD_LIBRARY_PATH=/home/hj926217/ros2ws/install/px4_msgs/lib:/home/hj926217/ros2ws/install/px4_ros_com/lib:/usr/local/lib:/opt/ros/humble/opt/rviz_ogre_vendor/lib:/opt/ros/humble/lib/x86_64-linux-gnu:/opt/ros/humble/lib /usr/bin/cmake --install /home/hj926217/ros2ws/build/nmpc_uav_avoidance
