[0.020s] Invoking command in '/home/hj926217/ros2ws/build/px4_ros_com': CMAKE_PREFIX_PATH=/home/hj926217/ros2ws/install/px4_msgs:/home/hj926217/ros2ws/install/px4_ros_com:/opt/ros/humble LD_LIBRARY_PATH=/home/hj926217/ros2ws/install/px4_msgs/lib:/home/hj926217/ros2ws/install/px4_ros_com/lib:/opt/ros/humble/opt/rviz_ogre_vendor/lib:/opt/ros/humble/lib/x86_64-linux-gnu:/opt/ros/humble/lib:/usr/local/lib /usr/bin/cmake --build /home/hj926217/ros2ws/build/px4_ros_com -- -j16 -l16
[0.091s] [35m[1mConsolidate compiler generated dependencies of target tf2_control[0m
[0.110s] [ 21%] Built target vehicle_gps_position_listener
[0.110s] [ 28%] Built target frame_transforms
[0.113s] [ 42%] Built target debug_vect_advertiser
[0.114s] [ 57%] Built target offboard_control
[0.117s] [ 57%] Built target ament_cmake_python_copy_px4_ros_com
[0.118s] [ 71%] Built target sensor_combined_listener
[0.119s] [ 85%] Built target offboard_control_srv
[0.131s] [ 92%] [32mBuilding CXX object CMakeFiles/tf2_control.dir/src/examples/offboard/tf2_control.cpp.o[0m
[0.672s] running egg_info
[0.675s] writing px4_ros_com.egg-info/PKG-INFO
[0.675s] writing dependency_links to px4_ros_com.egg-info/dependency_links.txt
[0.676s] writing top-level names to px4_ros_com.egg-info/top_level.txt
[0.681s] reading manifest file 'px4_ros_com.egg-info/SOURCES.txt'
[0.683s] writing manifest file 'px4_ros_com.egg-info/SOURCES.txt'
[0.734s] [ 92%] Built target ament_cmake_python_build_px4_ros_com_egg
[4.140s] [01m[K/home/hj926217/ros2ws/src/px4_ros_com/src/examples/offboard/tf2_control.cpp:[m[K In member function ‘[01m[Kvoid DynamicTFPublisher2D::broadcast_transform()[m[K’:
[4.140s] [01m[K/home/hj926217/ros2ws/src/px4_ros_com/src/examples/offboard/tf2_control.cpp:61:32:[m[K [01;31m[Kerror: [m[K‘[01m[Kusing element_type = struct px4_msgs::msg::VehicleLocalPosition_<std::allocator<void> >[m[K’ {aka ‘[01m[Kstruct px4_msgs::msg::VehicleLocalPosition_<std::allocator<void> >[m[K’} has no member named ‘[01m[Kq[m[K’
[4.140s]    61 |             vehicle_position_->[01;31m[Kq[m[K[0], vehicle_position_->q[1],
[4.140s]       |                                [01;31m[K^[m[K
[4.140s] [01m[K/home/hj926217/ros2ws/src/px4_ros_com/src/examples/offboard/tf2_control.cpp:61:57:[m[K [01;31m[Kerror: [m[K‘[01m[Kusing element_type = struct px4_msgs::msg::VehicleLocalPosition_<std::allocator<void> >[m[K’ {aka ‘[01m[Kstruct px4_msgs::msg::VehicleLocalPosition_<std::allocator<void> >[m[K’} has no member named ‘[01m[Kq[m[K’
[4.140s]    61 |             vehicle_position_->q[0], vehicle_position_->[01;31m[Kq[m[K[1],
[4.140s]       |                                                         [01;31m[K^[m[K
[4.141s] [01m[K/home/hj926217/ros2ws/src/px4_ros_com/src/examples/offboard/tf2_control.cpp:62:32:[m[K [01;31m[Kerror: [m[K‘[01m[Kusing element_type = struct px4_msgs::msg::VehicleLocalPosition_<std::allocator<void> >[m[K’ {aka ‘[01m[Kstruct px4_msgs::msg::VehicleLocalPosition_<std::allocator<void> >[m[K’} has no member named ‘[01m[Kq[m[K’
[4.141s]    62 |             vehicle_position_->[01;31m[Kq[m[K[2], vehicle_position_->q[3]
[4.141s]       |                                [01;31m[K^[m[K
[4.141s] [01m[K/home/hj926217/ros2ws/src/px4_ros_com/src/examples/offboard/tf2_control.cpp:62:57:[m[K [01;31m[Kerror: [m[K‘[01m[Kusing element_type = struct px4_msgs::msg::VehicleLocalPosition_<std::allocator<void> >[m[K’ {aka ‘[01m[Kstruct px4_msgs::msg::VehicleLocalPosition_<std::allocator<void> >[m[K’} has no member named ‘[01m[Kq[m[K’
[4.141s]    62 |             vehicle_position_->q[2], vehicle_position_->[01;31m[Kq[m[K[3]
[4.141s]       |                                                         [01;31m[K^[m[K
[7.926s] gmake[2]: *** [CMakeFiles/tf2_control.dir/build.make:76: CMakeFiles/tf2_control.dir/src/examples/offboard/tf2_control.cpp.o] Error 1
[7.926s] gmake[1]: *** [CMakeFiles/Makefile2:256: CMakeFiles/tf2_control.dir/all] Error 2
[7.927s] gmake: *** [Makefile:146: all] Error 2
[7.930s] Invoked command in '/home/hj926217/ros2ws/build/px4_ros_com' returned '2': CMAKE_PREFIX_PATH=/home/hj926217/ros2ws/install/px4_msgs:/home/hj926217/ros2ws/install/px4_ros_com:/opt/ros/humble LD_LIBRARY_PATH=/home/hj926217/ros2ws/install/px4_msgs/lib:/home/hj926217/ros2ws/install/px4_ros_com/lib:/opt/ros/humble/opt/rviz_ogre_vendor/lib:/opt/ros/humble/lib/x86_64-linux-gnu:/opt/ros/humble/lib:/usr/local/lib /usr/bin/cmake --build /home/hj926217/ros2ws/build/px4_ros_com -- -j16 -l16
