[35m[1mConsolidate compiler generated dependencies of target tf2_control[0m
[ 14%] Built target sensor_combined_listener
[ 28%] Built target vehicle_gps_position_listener
[ 42%] Built target frame_transforms
[ 57%] Built target debug_vect_advertiser
[ 71%] Built target offboard_control
[ 85%] Built target offboard_control_srv
[ 85%] Built target ament_cmake_python_copy_px4_ros_com
[ 92%] [32mBuilding CXX object CMakeFiles/tf2_control.dir/src/examples/offboard/tf2_control.cpp.o[0m
running egg_info
writing px4_ros_com.egg-info/PKG-INFO
writing dependency_links to px4_ros_com.egg-info/dependency_links.txt
writing top-level names to px4_ros_com.egg-info/top_level.txt
reading manifest file 'px4_ros_com.egg-info/SOURCES.txt'
writing manifest file 'px4_ros_com.egg-info/SOURCES.txt'
[ 92%] Built target ament_cmake_python_build_px4_ros_com_egg
[01m[K/home/hj926217/ros2ws/src/px4_ros_com/src/examples/offboard/tf2_control.cpp:[m[K In member function ‘[01m[Kvoid DynamicTFPublisher::broadcast_transform()[m[K’:
[01m[K/home/hj926217/ros2ws/src/px4_ros_com/src/examples/offboard/tf2_control.cpp:58:32:[m[K [01;31m[Kerror: [m[K‘[01m[Kusing element_type = struct px4_msgs::msg::VehicleLocalPosition_<std::allocator<void> >[m[K’ {aka ‘[01m[Kstruct px4_msgs::msg::VehicleLocalPosition_<std::allocator<void> >[m[K’} has no member named ‘[01m[Kq[m[K’
   58 |             vehicle_position_->[01;31m[Kq[m[K[0],
      |                                [01;31m[K^[m[K
[01m[K/home/hj926217/ros2ws/src/px4_ros_com/src/examples/offboard/tf2_control.cpp:59:32:[m[K [01;31m[Kerror: [m[K‘[01m[Kusing element_type = struct px4_msgs::msg::VehicleLocalPosition_<std::allocator<void> >[m[K’ {aka ‘[01m[Kstruct px4_msgs::msg::VehicleLocalPosition_<std::allocator<void> >[m[K’} has no member named ‘[01m[Kq[m[K’
   59 |             vehicle_position_->[01;31m[Kq[m[K[1],
      |                                [01;31m[K^[m[K
[01m[K/home/hj926217/ros2ws/src/px4_ros_com/src/examples/offboard/tf2_control.cpp:60:32:[m[K [01;31m[Kerror: [m[K‘[01m[Kusing element_type = struct px4_msgs::msg::VehicleLocalPosition_<std::allocator<void> >[m[K’ {aka ‘[01m[Kstruct px4_msgs::msg::VehicleLocalPosition_<std::allocator<void> >[m[K’} has no member named ‘[01m[Kq[m[K’
   60 |             vehicle_position_->[01;31m[Kq[m[K[2],
      |                                [01;31m[K^[m[K
[01m[K/home/hj926217/ros2ws/src/px4_ros_com/src/examples/offboard/tf2_control.cpp:61:32:[m[K [01;31m[Kerror: [m[K‘[01m[Kusing element_type = struct px4_msgs::msg::VehicleLocalPosition_<std::allocator<void> >[m[K’ {aka ‘[01m[Kstruct px4_msgs::msg::VehicleLocalPosition_<std::allocator<void> >[m[K’} has no member named ‘[01m[Kq[m[K’
   61 |             vehicle_position_->[01;31m[Kq[m[K[3]
      |                                [01;31m[K^[m[K
gmake[2]: *** [CMakeFiles/tf2_control.dir/build.make:76: CMakeFiles/tf2_control.dir/src/examples/offboard/tf2_control.cpp.o] Error 1
gmake[1]: *** [CMakeFiles/Makefile2:256: CMakeFiles/tf2_control.dir/all] Error 2
gmake: *** [Makefile:146: all] Error 2
