[0.043s] Invoking command in '/home/hj926217/ros2ws/build/px4_ros_com': CMAKE_PREFIX_PATH=/home/hj926217/ros2ws/install/px4_msgs:/home/hj926217/ros2ws/install/px4_ros_com:/home/hj926217/aruco/install/vision_opencv:/home/hj926217/aruco/install/vertiport_land:/home/hj926217/aruco/install/translation_node:/home/hj926217/aruco/install/precision_land:/home/hj926217/aruco/install/example_rover_velocity_mode_cpp:/home/hj926217/aruco/install/example_mode_with_executor_cpp:/home/hj926217/aruco/install/example_mode_vtol_cpp:/home/hj926217/aruco/install/example_mode_rtl_replacement_cpp:/home/hj926217/aruco/install/example_mode_mission_cpp:/home/hj926217/aruco/install/example_mode_manual_cpp:/home/hj926217/aruco/install/example_mode_goto_global_cpp:/home/hj926217/aruco/install/example_mode_goto_cpp:/home/hj926217/aruco/install/example_mode_fw_attitude_cpp:/home/hj926217/aruco/install/example_local_navigation_cpp:/home/hj926217/aruco/install/example_global_navigation_cpp:/home/hj926217/aruco/install/example_executor_with_multiple_modes_cpp:/home/hj926217/aruco/install/px4_ros2_cpp:/home/hj926217/aruco/install/px4_msgs_old:/home/hj926217/aruco/install/aruco_tracker:/home/hj926217/aruco/install/px4_msgs:/home/hj926217/aruco/install/image_geometry:/home/hj926217/aruco/install/cv_bridge:/home/hj926217/aruco/install/opencv_tests:/opt/ros/humble LD_LIBRARY_PATH=/home/hj926217/ros2ws/install/px4_msgs/lib:/home/hj926217/ros2ws/install/px4_ros_com/lib:/home/hj926217/aruco/install/translation_node/lib:/home/hj926217/aruco/install/px4_ros2_cpp/lib:/home/hj926217/aruco/install/px4_msgs_old/lib:/home/hj926217/aruco/install/px4_msgs/lib:/home/hj926217/aruco/install/image_geometry/lib:/home/hj926217/aruco/install/cv_bridge/lib:/opt/ros/humble/opt/rviz_ogre_vendor/lib:/opt/ros/humble/lib/x86_64-linux-gnu:/opt/ros/humble/lib:/usr/local/lib /usr/bin/cmake --build /home/hj926217/ros2ws/build/px4_ros_com -- -j16 -l16
[0.158s] [35m[1mConsolidate compiler generated dependencies of target aruco_position_sub[0m
[0.196s] [ 10%] Built target frame_transforms
[0.201s] [ 20%] Built target sensor_combined_listener
[0.205s] [ 30%] Built target vertiport_land
[0.210s] [ 60%] Built target tf2_control
[0.210s] [ 60%] Built target vehicle_gps_position_listener
[0.210s] [ 60%] Built target debug_vect_advertiser
[0.212s] [ 70%] Built target offboard_control_srv
[0.215s] [ 75%] [32mBuilding CXX object CMakeFiles/aruco_position_sub.dir/src/aruco_position_sub.cpp.o[0m
[0.227s] [ 85%] Built target aruco_position_publisher_node
[0.231s] [ 95%] Built target offboard_control
[0.232s] [ 95%] Built target ament_cmake_python_copy_px4_ros_com
[0.692s] Traceback (most recent call last):
[0.692s]   File "/home/hj926217/ros2ws/build/px4_ros_com/ament_cmake_python/px4_ros_com/setup.py", line 1, in <module>
[0.693s]     from setuptools import find_packages
[0.693s]   File "/usr/lib/python3/dist-packages/setuptools/__init__.py", line 16, in <module>
[0.693s] gmake[2]: *** [CMakeFiles/aruco_position_sub.dir/build.make:76: CMakeFiles/aruco_position_sub.dir/src/aruco_position_sub.cpp.o] Interrupt
[0.694s] gmake[1]: *** [CMakeFiles/Makefile2:288: CMakeFiles/aruco_position_sub.dir/all] Interrupt
[0.694s]     import setuptools.version
[0.694s]   File "/usr/lib/python3/dist-packages/setuptools/version.py", line 1, in <module>
[0.694s]     import pkg_resources
[0.695s]   File "/usr/lib/python3/dist-packages/pkg_resources/__init__.py", line 3267, in <module>
[0.695s]     def _initialize_master_working_set():
[0.695s]   File "/usr/lib/python3/dist-packages/pkg_resources/__init__.py", line 3241, in _call_aside
[0.696s]     f(*args, **kwargs)
[0.696s]   File "/usr/lib/python3/dist-packages/pkg_resources/__init__.py", line 3279, in _initialize_master_working_set
[0.697s]     working_set = WorkingSet._build_master()
[0.697s]   File "/usr/lib/python3/dist-packages/pkg_resources/__init__.py", line 564, in _build_master
[0.698s]     ws = cls()
[0.698s]   File "/usr/lib/python3/dist-packages/pkg_resources/__init__.py", line 557, in __init__
[0.698s]     self.add_entry(entry)
[0.699s]   File "/usr/lib/python3/dist-packages/pkg_resources/__init__.py", line 613, in add_entry
[0.699s]     for dist in find_distributions(entry, True):
[0.700s]   File "/usr/lib/python3/dist-packages/pkg_resources/__init__.py", line 2077, in find_on_path
[0.700s]     for dist in factory(fullpath):
[0.700s]   File "/usr/lib/python3/dist-packages/pkg_resources/__init__.py", line 2135, in distributions_from_metadata
[0.701s]     if len(os.listdir(path)) == 0:
[0.701s] KeyboardInterrupt
[0.746s] gmake[2]: *** [CMakeFiles/ament_cmake_python_build_px4_ros_com_egg.dir/build.make:70: CMakeFiles/ament_cmake_python_build_px4_ros_com_egg] Interrupt
[0.746s] gmake[1]: *** [CMakeFiles/Makefile2:444: CMakeFiles/ament_cmake_python_build_px4_ros_com_egg.dir/all] Interrupt
[0.746s] gmake: *** [Makefile:146: all] Interrupt
[0.751s] Invoked command in '/home/hj926217/ros2ws/build/px4_ros_com' returned '-2': CMAKE_PREFIX_PATH=/home/hj926217/ros2ws/install/px4_msgs:/home/hj926217/ros2ws/install/px4_ros_com:/home/hj926217/aruco/install/vision_opencv:/home/hj926217/aruco/install/vertiport_land:/home/hj926217/aruco/install/translation_node:/home/hj926217/aruco/install/precision_land:/home/hj926217/aruco/install/example_rover_velocity_mode_cpp:/home/hj926217/aruco/install/example_mode_with_executor_cpp:/home/hj926217/aruco/install/example_mode_vtol_cpp:/home/hj926217/aruco/install/example_mode_rtl_replacement_cpp:/home/hj926217/aruco/install/example_mode_mission_cpp:/home/hj926217/aruco/install/example_mode_manual_cpp:/home/hj926217/aruco/install/example_mode_goto_global_cpp:/home/hj926217/aruco/install/example_mode_goto_cpp:/home/hj926217/aruco/install/example_mode_fw_attitude_cpp:/home/hj926217/aruco/install/example_local_navigation_cpp:/home/hj926217/aruco/install/example_global_navigation_cpp:/home/hj926217/aruco/install/example_executor_with_multiple_modes_cpp:/home/hj926217/aruco/install/px4_ros2_cpp:/home/hj926217/aruco/install/px4_msgs_old:/home/hj926217/aruco/install/aruco_tracker:/home/hj926217/aruco/install/px4_msgs:/home/hj926217/aruco/install/image_geometry:/home/hj926217/aruco/install/cv_bridge:/home/hj926217/aruco/install/opencv_tests:/opt/ros/humble LD_LIBRARY_PATH=/home/hj926217/ros2ws/install/px4_msgs/lib:/home/hj926217/ros2ws/install/px4_ros_com/lib:/home/hj926217/aruco/install/translation_node/lib:/home/hj926217/aruco/install/px4_ros2_cpp/lib:/home/hj926217/aruco/install/px4_msgs_old/lib:/home/hj926217/aruco/install/px4_msgs/lib:/home/hj926217/aruco/install/image_geometry/lib:/home/hj926217/aruco/install/cv_bridge/lib:/opt/ros/humble/opt/rviz_ogre_vendor/lib:/opt/ros/humble/lib/x86_64-linux-gnu:/opt/ros/humble/lib:/usr/local/lib /usr/bin/cmake --build /home/hj926217/ros2ws/build/px4_ros_com -- -j16 -l16
