[35m[1mConsolidate compiler generated dependencies of target path_follower[0m
[  5%] Built target goal_marker_pub
[  8%] [32mBuilding CXX object CMakeFiles/path_follower.dir/src/path_follower.cpp.o[0m
[ 14%] Built target sensor_combined_listener
[35m[1mConsolidate compiler generated dependencies of target goal_to_path[0m
[ 20%] Built target debug_vect_advertiser
[35m[1mConsolidate compiler generated dependencies of target landing_target_sender_mavros[0m
[ 26%] Built target vertiport_land
[ 32%] Built target offboard_control
[ 38%] Built target vehicle_gps_position_listener
[ 44%] Built target aruco_position_publisher_node
[ 50%] Built target aruco_position_sub
[ 55%] Built target circle_flight
[ 61%] Built target nav_path
[ 67%] Built target frame_transforms
[ 73%] Built target offboard_control_srv
[ 73%] Built target ament_cmake_python_copy_px4_ros_com
[ 79%] Built target goal_to_path
[ 85%] Built target landing_target_sender_mavros
[ 91%] Built target ground_odom
[ 97%] Built target tf2_control
[01m[K/home/hj926217/ros2ws/src/px4_ros_com/src/path_follower.cpp:14:10:[m[K [01;31m[Kfatal error: [m[Ktf2_geometry_msgs/tf2_geometry_msgs.hpp: No such file or directory
   14 | #include [01;31m[K<tf2_geometry_msgs/tf2_geometry_msgs.hpp>[m[K  // ★추가: doTransform
      |          [01;31m[K^~~~~~~~~~~~~~~~~~~~~~~~~~~~~~~~~~~~~~~~~[m[K
compilation terminated.
gmake[2]: *** [CMakeFiles/path_follower.dir/build.make:76: CMakeFiles/path_follower.dir/src/path_follower.cpp.o] Error 1
gmake[1]: *** [CMakeFiles/Makefile2:224: CMakeFiles/path_follower.dir/all] Error 2
gmake[1]: *** Waiting for unfinished jobs....
running egg_info
writing px4_ros_com.egg-info/PKG-INFO
writing dependency_links to px4_ros_com.egg-info/dependency_links.txt
writing top-level names to px4_ros_com.egg-info/top_level.txt
reading manifest file 'px4_ros_com.egg-info/SOURCES.txt'
writing manifest file 'px4_ros_com.egg-info/SOURCES.txt'
[ 97%] Built target ament_cmake_python_build_px4_ros_com_egg
gmake: *** [Makefile:146: all] Error 2
