[0.041s] Invoking command in '/home/hj926217/ros2ws/build/px4_ros_com': CMAKE_PREFIX_PATH=/home/hj926217/ros2ws/install/px4_msgs:/home/hj926217/ros2ws/install/px4_ros_com:/opt/ros/humble LD_LIBRARY_PATH=/home/hj926217/ros2ws/install/px4_msgs/lib:/home/hj926217/ros2ws/install/px4_ros_com/lib:/opt/ros/humble/opt/rviz_ogre_vendor/lib:/opt/ros/humble/lib/x86_64-linux-gnu:/opt/ros/humble/lib:/usr/local/lib /usr/bin/cmake --build /home/hj926217/ros2ws/build/px4_ros_com -- -j16 -l16
[0.164s] [35m[1mConsolidate compiler generated dependencies of target path_follower[0m
[0.248s] [  5%] Built target goal_marker_pub
[0.250s] [  8%] [32mBuilding CXX object CMakeFiles/path_follower.dir/src/path_follower.cpp.o[0m
[0.250s] [ 14%] Built target sensor_combined_listener
[0.250s] [35m[1mConsolidate compiler generated dependencies of target goal_to_path[0m
[0.250s] [ 20%] Built target debug_vect_advertiser
[0.259s] [35m[1mConsolidate compiler generated dependencies of target landing_target_sender_mavros[0m
[0.263s] [ 26%] Built target vertiport_land
[0.271s] [ 32%] Built target offboard_control
[0.276s] [ 38%] Built target vehicle_gps_position_listener
[0.280s] [ 44%] Built target aruco_position_publisher_node
[0.287s] [ 50%] Built target aruco_position_sub
[0.291s] [ 55%] Built target circle_flight
[0.298s] [ 61%] Built target nav_path
[0.307s] [ 67%] Built target frame_transforms
[0.319s] [ 73%] Built target offboard_control_srv
[0.343s] [ 73%] Built target ament_cmake_python_copy_px4_ros_com
[0.345s] [ 79%] Built target goal_to_path
[0.351s] [ 85%] Built target landing_target_sender_mavros
[0.354s] [ 91%] Built target ground_odom
[0.385s] [ 97%] Built target tf2_control
[0.697s] [01m[K/home/hj926217/ros2ws/src/px4_ros_com/src/path_follower.cpp:14:10:[m[K [01;31m[Kfatal error: [m[Ktf2_geometry_msgs/tf2_geometry_msgs.hpp: No such file or directory
[0.698s]    14 | #include [01;31m[K<tf2_geometry_msgs/tf2_geometry_msgs.hpp>[m[K  // ★추가: doTransform
[0.698s]       |          [01;31m[K^~~~~~~~~~~~~~~~~~~~~~~~~~~~~~~~~~~~~~~~~[m[K
[0.699s] compilation terminated.
[0.702s] gmake[2]: *** [CMakeFiles/path_follower.dir/build.make:76: CMakeFiles/path_follower.dir/src/path_follower.cpp.o] Error 1
[0.702s] gmake[1]: *** [CMakeFiles/Makefile2:224: CMakeFiles/path_follower.dir/all] Error 2
[0.703s] gmake[1]: *** Waiting for unfinished jobs....
[1.132s] running egg_info
[1.134s] writing px4_ros_com.egg-info/PKG-INFO
[1.134s] writing dependency_links to px4_ros_com.egg-info/dependency_links.txt
[1.134s] writing top-level names to px4_ros_com.egg-info/top_level.txt
[1.139s] reading manifest file 'px4_ros_com.egg-info/SOURCES.txt'
[1.140s] writing manifest file 'px4_ros_com.egg-info/SOURCES.txt'
[1.194s] [ 97%] Built target ament_cmake_python_build_px4_ros_com_egg
[1.200s] gmake: *** [Makefile:146: all] Error 2
[1.206s] Invoked command in '/home/hj926217/ros2ws/build/px4_ros_com' returned '2': CMAKE_PREFIX_PATH=/home/hj926217/ros2ws/install/px4_msgs:/home/hj926217/ros2ws/install/px4_ros_com:/opt/ros/humble LD_LIBRARY_PATH=/home/hj926217/ros2ws/install/px4_msgs/lib:/home/hj926217/ros2ws/install/px4_ros_com/lib:/opt/ros/humble/opt/rviz_ogre_vendor/lib:/opt/ros/humble/lib/x86_64-linux-gnu:/opt/ros/humble/lib:/usr/local/lib /usr/bin/cmake --build /home/hj926217/ros2ws/build/px4_ros_com -- -j16 -l16
