[35m[1mConsolidate compiler generated dependencies of target local_path[0m
[  4%] Built target gripper_send_zero
[  9%] Built target landing_target_sender_mavros
[ 14%] Built target global_path
[ 19%] Built target gripper_send_two
[ 23%] Built target frame_transforms
[ 28%] Built target ground_odom
[ 33%] Built target goal_to_path
[ 38%] Built target sensor_combined_listener
[ 42%] Built target vehicle_gps_position_listener
[ 47%] Built target goal_marker_pub
[ 52%] Built target debug_vect_advertiser
[ 57%] Built target path_follower
[ 61%] Built target circle_flight
[ 66%] Built target tf2_control
[ 71%] Built target nav_path
[ 73%] [32mBuilding CXX object CMakeFiles/local_path.dir/src/local_path.cpp.o[0m
[ 78%] Built target aruco_position_sub
[ 83%] Built target offboard_control_srv
[ 88%] Built target vertiport_land
[ 92%] Built target aruco_position_publisher_node
[ 97%] Built target offboard_control
[ 97%] Built target ament_cmake_python_copy_px4_ros_com
[01m[K/home/hj926217/ros2ws/src/px4_ros_com/src/local_path.cpp:4:10:[m[K [01;31m[Kfatal error: [m[Kvisualization_msgs/msg/interactive_marker.hpp: No such file or directory
    4 | #include [01;31m[K<visualization_msgs/msg/interactive_marker.hpp>[m[K
      |          [01;31m[K^~~~~~~~~~~~~~~~~~~~~~~~~~~~~~~~~~~~~~~~~~~~~~~[m[K
compilation terminated.
gmake[2]: *** [CMakeFiles/local_path.dir/build.make:76: CMakeFiles/local_path.dir/src/local_path.cpp.o] Error 1
gmake[1]: *** [CMakeFiles/Makefile2:180: CMakeFiles/local_path.dir/all] Error 2
gmake[1]: *** Waiting for unfinished jobs....
running egg_info
writing px4_ros_com.egg-info/PKG-INFO
writing dependency_links to px4_ros_com.egg-info/dependency_links.txt
writing top-level names to px4_ros_com.egg-info/top_level.txt
reading manifest file 'px4_ros_com.egg-info/SOURCES.txt'
writing manifest file 'px4_ros_com.egg-info/SOURCES.txt'
[ 97%] Built target ament_cmake_python_build_px4_ros_com_egg
gmake: *** [Makefile:146: all] Error 2
