[0.039s] Invoking command in '/home/hj926217/ros2ws/build/px4_ros_com': CMAKE_PREFIX_PATH=/home/hj926217/ros2ws/install/px4_msgs:/home/hj926217/ros2ws/install/px4_ros_com:/opt/ros/humble LD_LIBRARY_PATH=/home/hj926217/ros2ws/install/px4_msgs/lib:/opt/ros/humble/opt/rviz_ogre_vendor/lib:/opt/ros/humble/lib/x86_64-linux-gnu:/opt/ros/humble/lib:/home/hj926217/ros2ws/install/px4_ros_com/lib:/usr/local/lib /usr/bin/cmake --build /home/hj926217/ros2ws/build/px4_ros_com -- -j16 -l16
[0.207s] [35m[1mConsolidate compiler generated dependencies of target local_path[0m
[0.243s] [  4%] Built target gripper_send_zero
[0.269s] [  9%] Built target landing_target_sender_mavros
[0.269s] [ 14%] Built target global_path
[0.269s] [ 19%] Built target gripper_send_two
[0.273s] [ 23%] Built target frame_transforms
[0.273s] [ 28%] Built target ground_odom
[0.274s] [ 33%] Built target goal_to_path
[0.277s] [ 38%] Built target sensor_combined_listener
[0.278s] [ 42%] Built target vehicle_gps_position_listener
[0.281s] [ 47%] Built target goal_marker_pub
[0.284s] [ 52%] Built target debug_vect_advertiser
[0.285s] [ 57%] Built target path_follower
[0.286s] [ 61%] Built target circle_flight
[0.286s] [ 66%] Built target tf2_control
[0.292s] [ 71%] Built target nav_path
[0.294s] [ 73%] [32mBuilding CXX object CMakeFiles/local_path.dir/src/local_path.cpp.o[0m
[0.331s] [ 78%] Built target aruco_position_sub
[0.341s] [ 83%] Built target offboard_control_srv
[0.342s] [ 88%] Built target vertiport_land
[0.350s] [ 92%] Built target aruco_position_publisher_node
[0.352s] [ 97%] Built target offboard_control
[0.363s] [ 97%] Built target ament_cmake_python_copy_px4_ros_com
[0.975s] [01m[K/home/hj926217/ros2ws/src/px4_ros_com/src/local_path.cpp:4:10:[m[K [01;31m[Kfatal error: [m[Kvisualization_msgs/msg/interactive_marker.hpp: No such file or directory
[0.976s]     4 | #include [01;31m[K<visualization_msgs/msg/interactive_marker.hpp>[m[K
[0.976s]       |          [01;31m[K^~~~~~~~~~~~~~~~~~~~~~~~~~~~~~~~~~~~~~~~~~~~~~~[m[K
[0.976s] compilation terminated.
[0.981s] gmake[2]: *** [CMakeFiles/local_path.dir/build.make:76: CMakeFiles/local_path.dir/src/local_path.cpp.o] Error 1
[0.982s] gmake[1]: *** [CMakeFiles/Makefile2:180: CMakeFiles/local_path.dir/all] Error 2
[0.982s] gmake[1]: *** Waiting for unfinished jobs....
[1.057s] running egg_info
[1.060s] writing px4_ros_com.egg-info/PKG-INFO
[1.060s] writing dependency_links to px4_ros_com.egg-info/dependency_links.txt
[1.061s] writing top-level names to px4_ros_com.egg-info/top_level.txt
[1.068s] reading manifest file 'px4_ros_com.egg-info/SOURCES.txt'
[1.069s] writing manifest file 'px4_ros_com.egg-info/SOURCES.txt'
[1.139s] [ 97%] Built target ament_cmake_python_build_px4_ros_com_egg
[1.142s] gmake: *** [Makefile:146: all] Error 2
[1.148s] Invoked command in '/home/hj926217/ros2ws/build/px4_ros_com' returned '2': CMAKE_PREFIX_PATH=/home/hj926217/ros2ws/install/px4_msgs:/home/hj926217/ros2ws/install/px4_ros_com:/opt/ros/humble LD_LIBRARY_PATH=/home/hj926217/ros2ws/install/px4_msgs/lib:/opt/ros/humble/opt/rviz_ogre_vendor/lib:/opt/ros/humble/lib/x86_64-linux-gnu:/opt/ros/humble/lib:/home/hj926217/ros2ws/install/px4_ros_com/lib:/usr/local/lib /usr/bin/cmake --build /home/hj926217/ros2ws/build/px4_ros_com -- -j16 -l16
