[0.036s] Invoking command in '/home/hj926217/ros2ws/build/px4_ros_com': AMENT_PREFIX_PATH=/home/hj926217/ros2ws/install/px4_msgs:${AMENT_PREFIX_PATH} CMAKE_PREFIX_PATH=/home/hj926217/ros2ws/install/px4_msgs:/opt/ros/humble LD_LIBRARY_PATH=/home/hj926217/ros2ws/install/px4_msgs/lib:/opt/ros/humble/opt/rviz_ogre_vendor/lib:/opt/ros/humble/lib/x86_64-linux-gnu:/opt/ros/humble/lib:/usr/local/lib PYTHONPATH=/home/hj926217/ros2ws/install/px4_msgs/local/lib/python3.10/dist-packages:${PYTHONPATH} /usr/bin/cmake --build /home/hj926217/ros2ws/build/px4_ros_com -- -j16 -l16
[0.145s] [35m[1mConsolidate compiler generated dependencies of target frame_transforms[0m
[0.184s] [ 12%] Built target frame_transforms
[0.259s] [ 12%] Built target ament_cmake_python_copy_px4_ros_com
[0.291s] [35m[1mConsolidate compiler generated dependencies of target offboard_control_srv[0m
[0.333s] [ 25%] Built target offboard_control_srv
[1.130s] running egg_info
[1.131s] writing px4_ros_com.egg-info/PKG-INFO
[1.132s] writing dependency_links to px4_ros_com.egg-info/dependency_links.txt
[1.133s] writing top-level names to px4_ros_com.egg-info/top_level.txt
[1.139s] reading manifest file 'px4_ros_com.egg-info/SOURCES.txt'
[1.140s] writing manifest file 'px4_ros_com.egg-info/SOURCES.txt'
[1.212s] [ 25%] Built target ament_cmake_python_build_px4_ros_com_egg
[1.245s] [35m[1mConsolidate compiler generated dependencies of target offboard_control[0m
[1.285s] [ 37%] Built target offboard_control
[1.338s] [ 43%] [32mBuilding CXX object CMakeFiles/vertiport_land.dir/src/examples/offboard/VertiportLand.cpp.o[0m
[1.361s] In file included from [01m[K/home/hj926217/ros2ws/src/px4_ros_com/src/examples/offboard/VertiportLand.cpp:1[m[K:
[1.361s] [01m[K/home/hj926217/ros2ws/src/px4_ros_com/src/examples/offboard/VertiportLand.hpp:3:10:[m[K [01;31m[Kfatal error: [m[Kpx4_ros2/components/mode.hpp: No such file or directory
[1.361s]     3 | #include [01;31m[K<px4_ros2/components/mode.hpp>[m[K
[1.362s]       |          [01;31m[K^~~~~~~~~~~~~~~~~~~~~~~~~~~~~~[m[K
[1.362s] compilation terminated.
[1.365s] gmake[2]: *** [CMakeFiles/vertiport_land.dir/build.make:76: CMakeFiles/vertiport_land.dir/src/examples/offboard/VertiportLand.cpp.o] Error 1
[1.366s] gmake[1]: *** [CMakeFiles/Makefile2:284: CMakeFiles/vertiport_land.dir/all] Error 2
[1.368s] gmake: *** [Makefile:146: all] Error 2
[1.376s] Invoked command in '/home/hj926217/ros2ws/build/px4_ros_com' returned '2': AMENT_PREFIX_PATH=/home/hj926217/ros2ws/install/px4_msgs:${AMENT_PREFIX_PATH} CMAKE_PREFIX_PATH=/home/hj926217/ros2ws/install/px4_msgs:/opt/ros/humble LD_LIBRARY_PATH=/home/hj926217/ros2ws/install/px4_msgs/lib:/opt/ros/humble/opt/rviz_ogre_vendor/lib:/opt/ros/humble/lib/x86_64-linux-gnu:/opt/ros/humble/lib:/usr/local/lib PYTHONPATH=/home/hj926217/ros2ws/install/px4_msgs/local/lib/python3.10/dist-packages:${PYTHONPATH} /usr/bin/cmake --build /home/hj926217/ros2ws/build/px4_ros_com -- -j16 -l16
