[33mCMake Warning (dev) at CMakeLists.txt:42 (find_package):
  Policy CMP0074 is not set: find_package uses <PackageName>_ROOT variables.
  Run "cmake --help-policy CMP0074" for policy details.  Use the cmake_policy
  command to set the policy and suppress this warning.

  CMake variable PCL_ROOT is set to:

    /usr

  For compatibility, CMake is ignoring the variable.
This warning is for project developers.  Use -Wno-dev to suppress it.
[0m
[33mCMake Warning (dev) at CMakeLists.txt:86 (add_executable):
  Policy CMP0115 is not set: Source file extensions must be explicit.  Run
  "cmake --help-policy CMP0115" for policy details.  Use the cmake_policy
  command to set the policy and suppress this warning.

  File:

    /home/hj926217/ros2ws/src/px4_ros_com/src/global_path.cpp
This warning is for project developers.  Use -Wno-dev to suppress it.
[0m
[01m[K/home/hj926217/ros2ws/src/px4_ros_com/src/local_path.cpp:14:10:[m[K [01;31m[Kfatal error: [m[Koctomap/point3d.h: No such file or directory
   14 | #include [01;31m[K<octomap/point3d.h>[m[K
      |          [01;31m[K^~~~~~~~~~[m[K
compilation terminated.
gmake[2]: *** [CMakeFiles/local_path.dir/build.make:76: CMakeFiles/local_path.dir/src/local_path.cpp.o] Error 1
gmake[1]: *** [CMakeFiles/Makefile2:180: CMakeFiles/local_path.dir/all] Error 2
gmake[1]: *** Waiting for unfinished jobs....
gmake: *** [Makefile:146: all] Error 2
