[0.026s] Invoking command in '/home/hj926217/ros2ws/build/px4_ros_com': CMAKE_PREFIX_PATH=/home/hj926217/ros2ws/install/px4_msgs:/home/hj926217/ros2ws/install/px4_ros_com:/opt/ros/humble LD_LIBRARY_PATH=/home/hj926217/ros2ws/install/px4_msgs/lib:/opt/ros/humble/opt/rviz_ogre_vendor/lib:/opt/ros/humble/lib/x86_64-linux-gnu:/opt/ros/humble/lib:/home/hj926217/ros2ws/install/px4_ros_com/lib:/usr/local/lib /usr/bin/cmake --build /home/hj926217/ros2ws/build/px4_ros_com -- -j16 -l16
[0.084s] -- Found ament_cmake: 1.3.12 (/opt/ros/humble/share/ament_cmake/cmake)
[0.365s] -- Found builtin_interfaces: 1.2.2 (/opt/ros/humble/share/builtin_interfaces/cmake)
[0.417s] -- Found rosidl_generator_c: 3.1.7 (/opt/ros/humble/share/rosidl_generator_c/cmake)
[0.422s] -- Found rosidl_adapter: 3.1.7 (/opt/ros/humble/share/rosidl_adapter/cmake)
[0.432s] -- Found rosidl_generator_cpp: 3.1.7 (/opt/ros/humble/share/rosidl_generator_cpp/cmake)
[0.453s] -- Using all available rosidl_typesupport_c: rosidl_typesupport_fastrtps_c;rosidl_typesupport_introspection_c
[0.481s] -- Using all available rosidl_typesupport_cpp: rosidl_typesupport_fastrtps_cpp;rosidl_typesupport_introspection_cpp
[0.510s] -- Found eigen3_cmake_module: 0.1.1 (/opt/ros/humble/share/eigen3_cmake_module/cmake)
[0.514s] -- Found geometry_msgs: 4.9.0 (/opt/ros/humble/share/geometry_msgs/cmake)
[0.583s] -- Found px4_msgs: 2.0.1 (/home/hj926217/ros2ws/install/px4_msgs/share/px4_msgs/cmake)
[0.609s] -- Found rclcpp: 16.0.15 (/opt/ros/humble/share/rclcpp/cmake)
[0.664s] -- Found rmw_implementation_cmake: 6.1.2 (/opt/ros/humble/share/rmw_implementation_cmake/cmake)
[0.667s] -- Found rmw_fastrtps_cpp: 6.2.9 (/opt/ros/humble/share/rmw_fastrtps_cpp/cmake)
[0.884s] -- Using RMW implementation 'rmw_fastrtps_cpp' as default
[0.947s] -- Found sensor_msgs: 4.9.0 (/opt/ros/humble/share/sensor_msgs/cmake)
[0.975s] -- Found rclpy: 3.3.17 (/opt/ros/humble/share/rclpy/cmake)
[0.975s] -- Found tf2: 0.25.16 (/opt/ros/humble/share/tf2/cmake)
[0.981s] -- Found tf2_ros: 0.25.16 (/opt/ros/humble/share/tf2_ros/cmake)
[1.160s] -- Found tf2_geometry_msgs: 0.25.16 (/opt/ros/humble/share/tf2_geometry_msgs/cmake)
[1.171s] -- Ensuring Eigen3 include directory is part of orocos-kdl CMake target
[1.173s] -- Found nav_msgs: 4.9.0 (/opt/ros/humble/share/nav_msgs/cmake)
[1.212s] -- Found cv_bridge: 4.1.0 (/home/hj926217/aruco/install/cv_bridge/share/cv_bridge/cmake)
[1.238s] -- Found visualization_msgs: 4.9.0 (/opt/ros/humble/share/visualization_msgs/cmake)
[1.276s] -- Found interactive_markers: 2.3.2 (/opt/ros/humble/share/interactive_markers/cmake)
[1.281s] -- Found mavros_msgs: 2.12.0 (/opt/ros/humble/share/mavros_msgs/cmake)
[1.381s] -- Found std_srvs: 4.9.0 (/opt/ros/humble/share/std_srvs/cmake)
[1.399s] -- Found tf2_sensor_msgs: 0.25.16 (/opt/ros/humble/share/tf2_sensor_msgs/cmake)
[1.409s] -- Found pcl_conversions: 2.4.5 (/opt/ros/humble/share/pcl_conversions/cmake)
[1.472s] -- Eigen found (include: /usr/include/eigen3, version: 3.4.0)
[1.548s] -- FLANN found (include: /usr/include, lib: /usr/lib/x86_64-linux-gnu/libflann_cpp.so)
[2.187s] -- OpenNI found (version: 1.5.4.0, include: /usr/include/ni, lib: /usr/lib/libOpenNI.so;libusb::libusb)
[2.202s] -- OpenNI2 found (version: 2.2.0.33, include: /usr/include/openni2, lib: /usr/lib/x86_64-linux-gnu/libOpenNI2.so;libusb::libusb)
[2.527s] -- Eigen found (include: /usr/include/eigen3, version: 3.4.0)
[2.540s] -- OpenNI found (version: 1.5.4.0, include: /usr/include/ni, lib: /usr/lib/libOpenNI.so;libusb::libusb)
[2.553s] -- OpenNI2 found (version: 2.2.0.33, include: /usr/include/openni2, lib: /usr/lib/x86_64-linux-gnu/libOpenNI2.so;libusb::libusb)
[2.854s] -- Found Qhull version 8.0.2
[3.212s] -- OpenNI found (version: 1.5.4.0, include: /usr/include/ni, lib: /usr/lib/libOpenNI.so;libusb::libusb)
[3.532s] -- Found pcl_ros: 2.4.5 (/opt/ros/humble/share/pcl_ros/cmake)
[3.552s] [33mCMake Warning (dev) at CMakeLists.txt:42 (find_package):
[3.552s]   Policy CMP0074 is not set: find_package uses <PackageName>_ROOT variables.
[3.552s]   Run "cmake --help-policy CMP0074" for policy details.  Use the cmake_policy
[3.552s]   command to set the policy and suppress this warning.
[3.553s] 
[3.553s]   CMake variable PCL_ROOT is set to:
[3.553s] 
[3.553s]     /usr
[3.554s] 
[3.554s]   For compatibility, CMake is ignoring the variable.
[3.554s] This warning is for project developers.  Use -Wno-dev to suppress it.
[3.554s] [0m
[3.567s] -- Found octomap_msgs: 2.0.1 (/opt/ros/humble/share/octomap_msgs/cmake)
[3.707s] -- Found ament_lint_auto: 0.12.14 (/opt/ros/humble/share/ament_lint_auto/cmake)
[3.896s] -- Added test 'copyright' to check source files copyright and LICENSE
[3.911s] -- Added test 'cppcheck' to perform static code analysis on C / C++ code
[3.915s] -- Configured cppcheck include dirs: /home/hj926217/ros2ws/src/px4_ros_com/include;$<BUILD_INTERFACE:/home/hj926217/ros2ws/src/px4_ros_com/include>;$<BUILD_INTERFACE:/home/hj926217/ros2ws/src/px4_ros_com/include/px4_ros_com>
[3.915s] -- Configured cppcheck exclude dirs and/or files: 
[3.925s] -- Added test 'cpplint' to check C / C++ code against the Google style
[3.925s] -- Configured cpplint exclude dirs and/or files: 
[3.926s] -- Added test 'flake8' to check Python code syntax and style conventions
[3.929s] -- Added test 'lint_cmake' to check CMake code style
[3.930s] -- Added test 'pep257' to check Python code against some of the docstring style conventions in PEP 257
[3.937s] -- Added test 'uncrustify' to check C / C++ code style
[3.937s] -- Configured uncrustify additional arguments: 
[3.938s] -- Added test 'xmllint' to check XML markup files
[3.943s] -- Configuring done
[3.965s] [33mCMake Warning (dev) at CMakeLists.txt:86 (add_executable):
[3.966s]   Policy CMP0115 is not set: Source file extensions must be explicit.  Run
[3.966s]   "cmake --help-policy CMP0115" for policy details.  Use the cmake_policy
[3.966s]   command to set the policy and suppress this warning.
[3.966s] 
[3.966s]   File:
[3.967s] 
[3.967s]     /home/hj926217/ros2ws/src/px4_ros_com/src/global_path.cpp
[3.967s] This warning is for project developers.  Use -Wno-dev to suppress it.
[3.967s] [0m
[4.317s] -- Generating done
[4.415s] -- Build files have been written to: /home/hj926217/ros2ws/build/px4_ros_com
[4.532s] [35m[1mConsolidate compiler generated dependencies of target goal_marker_pub[0m
[4.532s] [35m[1mConsolidate compiler generated dependencies of target gripper_send_zero[0m
[4.533s] [35m[1mConsolidate compiler generated dependencies of target global_path[0m
[4.533s] [35m[1mConsolidate compiler generated dependencies of target gripper_send_two[0m
[4.538s] [35m[1mConsolidate compiler generated dependencies of target frame_transforms[0m
[4.543s] [35m[1mConsolidate compiler generated dependencies of target path_follower[0m
[4.543s] [35m[1mConsolidate compiler generated dependencies of target landing_target_sender_mavros[0m
[4.544s] [35m[1mConsolidate compiler generated dependencies of target goal_to_path[0m
[4.544s] [35m[1mConsolidate compiler generated dependencies of target ground_odom[0m
[4.544s] [35m[1mConsolidate compiler generated dependencies of target circle_flight[0m
[4.544s] [35m[1mConsolidate compiler generated dependencies of target debug_vect_advertiser[0m
[4.545s] [35m[1mConsolidate compiler generated dependencies of target local_path[0m
[4.550s] [35m[1mConsolidate compiler generated dependencies of target sensor_combined_listener[0m
[4.554s] [35m[1mConsolidate compiler generated dependencies of target tf2_control[0m
[4.555s] [35m[1mConsolidate compiler generated dependencies of target vehicle_gps_position_listener[0m
[4.576s] [35m[1mConsolidate compiler generated dependencies of target nav_path[0m
[4.600s] [  2%] [32mBuilding CXX object CMakeFiles/global_path.dir/src/global_path.cpp.o[0m
[4.613s] [  7%] Built target frame_transforms
[4.622s] [  9%] [32mBuilding CXX object CMakeFiles/vehicle_gps_position_listener.dir/src/examples/listeners/vehicle_gps_position_listener.cpp.o[0m
[4.622s] [ 14%] Built target ground_odom
[4.625s] [ 16%] [32mBuilding CXX object CMakeFiles/landing_target_sender_mavros.dir/src/landing_target_sender_mavros.cpp.o[0m
[4.634s] [ 19%] [32mBuilding CXX object CMakeFiles/goal_to_path.dir/src/goal_to_path.cpp.o[0m
[4.643s] [ 21%] [32mBuilding CXX object CMakeFiles/tf2_control.dir/src/examples/offboard/tf2_control.cpp.o[0m
[4.643s] [ 26%] Built target gripper_send_zero
[4.646s] [ 28%] [32mBuilding CXX object CMakeFiles/sensor_combined_listener.dir/src/examples/listeners/sensor_combined_listener.cpp.o[0m
[4.651s] [ 35%] [32mBuilding CXX object CMakeFiles/debug_vect_advertiser.dir/src/examples/advertisers/debug_vect_advertiser.cpp.o[0m
[4.654s] [ 38%] Built target goal_marker_pub
[4.655s] [ 40%] [32mBuilding CXX object CMakeFiles/local_path.dir/src/local_path.cpp.o[0m
[4.656s] [ 42%] Built target gripper_send_two
[4.656s] [ 45%] [32mBuilding CXX object CMakeFiles/nav_path.dir/src/nav_path.cpp.o[0m
[4.662s] [ 47%] [32mBuilding CXX object CMakeFiles/path_follower.dir/src/path_follower.cpp.o[0m
[4.664s] [35m[1mConsolidate compiler generated dependencies of target aruco_position_sub[0m
[4.675s] [ 50%] [32mBuilding CXX object CMakeFiles/circle_flight.dir/src/circle_flight.cpp.o[0m
[4.695s] [35m[1mConsolidate compiler generated dependencies of target vertiport_land[0m
[4.710s] [35m[1mConsolidate compiler generated dependencies of target offboard_control[0m
[4.739s] [35m[1mConsolidate compiler generated dependencies of target offboard_control_srv[0m
[4.747s] [35m[1mConsolidate compiler generated dependencies of target aruco_position_publisher_node[0m
[4.757s] [ 52%] [32mBuilding CXX object CMakeFiles/aruco_position_sub.dir/src/aruco_position_sub.cpp.o[0m
[4.820s] [ 54%] [32mBuilding CXX object CMakeFiles/offboard_control.dir/src/examples/offboard/offboard_control.cpp.o[0m
[4.820s] [ 57%] [32mBuilding CXX object CMakeFiles/vertiport_land.dir/src/examples/offboard/VertiportLand.cpp.o[0m
[4.869s] [ 61%] Built target aruco_position_publisher_node
[4.878s] [ 64%] [32mBuilding CXX object CMakeFiles/offboard_control_srv.dir/src/examples/offboard/offboard_control_srv.cpp.o[0m
[5.062s] [ 64%] Built target ament_cmake_python_copy_px4_ros_com
[6.367s] [01m[K/home/hj926217/ros2ws/src/px4_ros_com/src/local_path.cpp:14:10:[m[K [01;31m[Kfatal error: [m[Koctomap/point3d.h: No such file or directory
[6.368s]    14 | #include [01;31m[K<octomap/point3d.h>[m[K
[6.368s]       |          [01;31m[K^~~~~~~~~~~~~~~~~~~[m[K
[6.368s] compilation terminated.
[6.408s] gmake[2]: *** [CMakeFiles/local_path.dir/build.make:76: CMakeFiles/local_path.dir/src/local_path.cpp.o] Error 1
[6.408s] gmake[1]: *** [CMakeFiles/Makefile2:180: CMakeFiles/local_path.dir/all] Error 2
[6.408s] gmake[1]: *** Waiting for unfinished jobs....
[6.989s] running egg_info
[6.992s] writing px4_ros_com.egg-info/PKG-INFO
[6.993s] writing dependency_links to px4_ros_com.egg-info/dependency_links.txt
[6.995s] writing top-level names to px4_ros_com.egg-info/top_level.txt
[7.006s] reading manifest file 'px4_ros_com.egg-info/SOURCES.txt'
[7.006s] writing manifest file 'px4_ros_com.egg-info/SOURCES.txt'
[7.135s] [ 64%] Built target ament_cmake_python_build_px4_ros_com_egg
[25.727s] [ 66%] [32m[1mLinking CXX executable debug_vect_advertiser[0m
[26.963s] [ 66%] Built target debug_vect_advertiser
[27.848s] [ 69%] [32m[1mLinking CXX executable offboard_control[0m
[28.768s] [ 69%] Built target offboard_control
[30.795s] [ 71%] [32m[1mLinking CXX executable offboard_control_srv[0m
[31.721s] [ 71%] Built target offboard_control_srv
[33.647s] [ 73%] [32m[1mLinking CXX executable nav_path[0m
[35.039s] [ 73%] Built target nav_path
[35.655s] [ 76%] [32m[1mLinking CXX executable sensor_combined_listener[0m
[36.734s] [ 76%] Built target sensor_combined_listener
[37.488s] [ 78%] [32m[1mLinking CXX executable vehicle_gps_position_listener[0m
[38.582s] [ 78%] Built target vehicle_gps_position_listener
[40.559s] [ 80%] [32m[1mLinking CXX executable global_path[0m
[41.028s] [ 83%] [32m[1mLinking CXX executable circle_flight[0m
[42.301s] [ 85%] [32m[1mLinking CXX executable tf2_control[0m
[42.386s] [ 85%] Built target circle_flight
[43.603s] [ 85%] Built target global_path
[43.784s] [ 85%] Built target tf2_control
[46.902s] [ 88%] [32m[1mLinking CXX executable landing_target_sender_mavros[0m
[48.420s] [ 88%] Built target landing_target_sender_mavros
[48.979s] [ 90%] [32m[1mLinking CXX executable vertiport_land[0m
[50.516s] [ 90%] Built target vertiport_land
[50.587s] [ 92%] [32m[1mLinking CXX executable goal_to_path[0m
[52.089s] [ 92%] Built target goal_to_path
[54.529s] [ 95%] [32m[1mLinking CXX executable path_follower[0m
[55.598s] [ 97%] [32m[1mLinking CXX executable aruco_position_sub[0m
[57.371s] [ 97%] Built target aruco_position_sub
[58.052s] [ 97%] Built target path_follower
[58.059s] gmake: *** [Makefile:146: all] Error 2
[58.064s] Invoked command in '/home/hj926217/ros2ws/build/px4_ros_com' returned '2': CMAKE_PREFIX_PATH=/home/hj926217/ros2ws/install/px4_msgs:/home/hj926217/ros2ws/install/px4_ros_com:/opt/ros/humble LD_LIBRARY_PATH=/home/hj926217/ros2ws/install/px4_msgs/lib:/opt/ros/humble/opt/rviz_ogre_vendor/lib:/opt/ros/humble/lib/x86_64-linux-gnu:/opt/ros/humble/lib:/home/hj926217/ros2ws/install/px4_ros_com/lib:/usr/local/lib /usr/bin/cmake --build /home/hj926217/ros2ws/build/px4_ros_com -- -j16 -l16
