[0.016s] Invoking command in '/home/hj926217/ros2ws/build/px4_ros_com': AMENT_PREFIX_PATH=/home/hj926217/ros2ws/install/px4_msgs:${AMENT_PREFIX_PATH} CMAKE_PREFIX_PATH=/home/hj926217/ros2ws/install/px4_msgs:/opt/ros/humble LD_LIBRARY_PATH=/home/hj926217/ros2ws/install/px4_msgs/lib:/opt/ros/humble/opt/rviz_ogre_vendor/lib:/opt/ros/humble/lib/x86_64-linux-gnu:/opt/ros/humble/lib:/usr/local/lib PYTHONPATH=/home/hj926217/ros2ws/install/px4_msgs/local/lib/python3.10/dist-packages:${PYTHONPATH} /usr/bin/cmake --build /home/hj926217/ros2ws/build/px4_ros_com -- -j16 -l16
[0.045s] -- Found ament_cmake: 1.3.12 (/opt/ros/humble/share/ament_cmake/cmake)
[0.230s] -- Found builtin_interfaces: 1.2.2 (/opt/ros/humble/share/builtin_interfaces/cmake)
[0.269s] -- Found rosidl_generator_c: 3.1.7 (/opt/ros/humble/share/rosidl_generator_c/cmake)
[0.272s] -- Found rosidl_adapter: 3.1.7 (/opt/ros/humble/share/rosidl_adapter/cmake)
[0.281s] -- Found rosidl_generator_cpp: 3.1.7 (/opt/ros/humble/share/rosidl_generator_cpp/cmake)
[0.295s] -- Using all available rosidl_typesupport_c: rosidl_typesupport_fastrtps_c;rosidl_typesupport_introspection_c
[0.320s] -- Using all available rosidl_typesupport_cpp: rosidl_typesupport_fastrtps_cpp;rosidl_typesupport_introspection_cpp
[0.341s] -- Found eigen3_cmake_module: 0.1.1 (/opt/ros/humble/share/eigen3_cmake_module/cmake)
[0.345s] -- Found geometry_msgs: 4.9.0 (/opt/ros/humble/share/geometry_msgs/cmake)
[0.386s] -- Found px4_msgs: 2.0.1 (/home/hj926217/ros2ws/install/px4_msgs/share/px4_msgs/cmake)
[0.405s] -- Found rclcpp: 16.0.15 (/opt/ros/humble/share/rclcpp/cmake)
[0.454s] -- Found rmw_implementation_cmake: 6.1.2 (/opt/ros/humble/share/rmw_implementation_cmake/cmake)
[0.457s] -- Found rmw_fastrtps_cpp: 6.2.9 (/opt/ros/humble/share/rmw_fastrtps_cpp/cmake)
[0.608s] -- Using RMW implementation 'rmw_fastrtps_cpp' as default
[0.672s] -- Found sensor_msgs: 4.9.0 (/opt/ros/humble/share/sensor_msgs/cmake)
[0.700s] -- Found rclpy: 3.3.17 (/opt/ros/humble/share/rclpy/cmake)
[0.701s] -- Found tf2: 0.25.16 (/opt/ros/humble/share/tf2/cmake)
[0.708s] -- Found tf2_ros: 0.25.16 (/opt/ros/humble/share/tf2_ros/cmake)
[0.835s] -- Found tf2_geometry_msgs: 0.25.16 (/opt/ros/humble/share/tf2_geometry_msgs/cmake)
[0.846s] -- Ensuring Eigen3 include directory is part of orocos-kdl CMake target
[0.849s] -- Found nav_msgs: 4.9.0 (/opt/ros/humble/share/nav_msgs/cmake)
[0.883s] -- Found cv_bridge: 4.1.0 (/home/hj926217/aruco/install/cv_bridge/share/cv_bridge/cmake)
[0.922s] -- Found ament_lint_auto: 0.12.14 (/opt/ros/humble/share/ament_lint_auto/cmake)
[1.045s] -- Added test 'copyright' to check source files copyright and LICENSE
[1.051s] -- Added test 'cppcheck' to perform static code analysis on C / C++ code
[1.052s] -- Configured cppcheck include dirs: /home/hj926217/ros2ws/src/px4_ros_com/include;$<BUILD_INTERFACE:/home/hj926217/ros2ws/src/px4_ros_com/include/px4_ros_com>
[1.052s] -- Configured cppcheck exclude dirs and/or files: 
[1.057s] -- Added test 'cpplint' to check C / C++ code against the Google style
[1.058s] -- Configured cpplint exclude dirs and/or files: 
[1.058s] -- Added test 'flake8' to check Python code syntax and style conventions
[1.061s] -- Added test 'lint_cmake' to check CMake code style
[1.063s] -- Added test 'pep257' to check Python code against some of the docstring style conventions in PEP 257
[1.068s] -- Added test 'uncrustify' to check C / C++ code style
[1.069s] -- Configured uncrustify additional arguments: 
[1.070s] -- Added test 'xmllint' to check XML markup files
[1.073s] -- Configuring done
[1.153s] -- Generating done
[1.185s] -- Build files have been written to: /home/hj926217/ros2ws/build/px4_ros_com
[1.230s] [35m[1mConsolidate compiler generated dependencies of target frame_transforms[0m
[1.233s] [35m[1mConsolidate compiler generated dependencies of target ground_odom[0m
[1.233s] [35m[1mConsolidate compiler generated dependencies of target offboard_control[0m
[1.233s] [35m[1mConsolidate compiler generated dependencies of target debug_vect_advertiser[0m
[1.233s] [35m[1mConsolidate compiler generated dependencies of target sensor_combined_listener[0m
[1.235s] [35m[1mConsolidate compiler generated dependencies of target aruco_position_sub[0m
[1.235s] [35m[1mConsolidate compiler generated dependencies of target tf2_control[0m
[1.235s] [35m[1mConsolidate compiler generated dependencies of target vehicle_gps_position_listener[0m
[1.235s] [35m[1mConsolidate compiler generated dependencies of target aruco_position_publisher_node[0m
[1.236s] [35m[1mConsolidate compiler generated dependencies of target vertiport_land[0m
[1.237s] [35m[1mConsolidate compiler generated dependencies of target offboard_control_srv[0m
[1.253s] [  4%] [32mBuilding CXX object CMakeFiles/nav_path.dir/src/nav_path.cpp.o[0m
[1.267s] [ 12%] Built target frame_transforms
[1.271s] [ 20%] Built target offboard_control
[1.274s] [ 29%] Built target sensor_combined_listener
[1.275s] [ 37%] Built target aruco_position_sub
[1.277s] [ 37%] Built target ament_cmake_python_copy_px4_ros_com
[1.278s] [ 45%] Built target ground_odom
[1.281s] [ 54%] Built target vehicle_gps_position_listener
[1.284s] [ 70%] Built target tf2_control
[1.285s] [ 70%] Built target debug_vect_advertiser
[1.285s] [ 87%] Built target vertiport_land
[1.285s] [ 87%] Built target offboard_control_srv
[1.288s] [ 95%] Built target aruco_position_publisher_node
[1.781s] running egg_info
[1.782s] writing px4_ros_com.egg-info/PKG-INFO
[1.783s] writing dependency_links to px4_ros_com.egg-info/dependency_links.txt
[1.783s] writing top-level names to px4_ros_com.egg-info/top_level.txt
[1.789s] reading manifest file 'px4_ros_com.egg-info/SOURCES.txt'
[1.790s] writing manifest file 'px4_ros_com.egg-info/SOURCES.txt'
[1.837s] [ 95%] Built target ament_cmake_python_build_px4_ros_com_egg
[4.804s] [01m[K/home/hj926217/ros2ws/src/px4_ros_com/src/nav_path.cpp:[m[K In member function ‘[01m[Kvoid Px4PathPublisher::odomCallback(px4_msgs::msg::VehicleOdometry_<std::allocator<void> >::SharedPtr)[m[K’:
[4.804s] [01m[K/home/hj926217/ros2ws/src/px4_ros_com/src/nav_path.cpp:46:46:[m[K [01;31m[Kerror: [m[K‘[01m[Kclass rclcpp::Time[m[K’ has no member named ‘[01m[Kto_msg[m[K’
[4.804s]    46 |       pose.header.stamp = rclcpp::Time(t_ns).[01;31m[Kto_msg[m[K();
[4.804s]       |                                              [01;31m[K^~~~~~[m[K
[4.804s] [01m[K/home/hj926217/ros2ws/src/px4_ros_com/src/nav_path.cpp:48:52:[m[K [01;31m[Kerror: [m[K‘[01m[Kclass rclcpp::Time[m[K’ has no member named ‘[01m[Kto_msg[m[K’
[4.804s]    48 |       pose.header.stamp = this->get_clock()->now().[01;31m[Kto_msg[m[K();
[4.804s]       |                                                    [01;31m[K^~~~~~[m[K
[7.934s] gmake[2]: *** [CMakeFiles/nav_path.dir/build.make:76: CMakeFiles/nav_path.dir/src/nav_path.cpp.o] Error 1
[7.934s] gmake[1]: *** [CMakeFiles/Makefile2:292: CMakeFiles/nav_path.dir/all] Error 2
[7.935s] gmake: *** [Makefile:146: all] Error 2
[7.938s] Invoked command in '/home/hj926217/ros2ws/build/px4_ros_com' returned '2': AMENT_PREFIX_PATH=/home/hj926217/ros2ws/install/px4_msgs:${AMENT_PREFIX_PATH} CMAKE_PREFIX_PATH=/home/hj926217/ros2ws/install/px4_msgs:/opt/ros/humble LD_LIBRARY_PATH=/home/hj926217/ros2ws/install/px4_msgs/lib:/opt/ros/humble/opt/rviz_ogre_vendor/lib:/opt/ros/humble/lib/x86_64-linux-gnu:/opt/ros/humble/lib:/usr/local/lib PYTHONPATH=/home/hj926217/ros2ws/install/px4_msgs/local/lib/python3.10/dist-packages:${PYTHONPATH} /usr/bin/cmake --build /home/hj926217/ros2ws/build/px4_ros_com -- -j16 -l16
