[0.024s] Invoking command in '/home/hj926217/ros2ws/build/px4_ros_com': CMAKE_PREFIX_PATH=${CMAKE_PREFIX_PATH}:/home/hj926217/aruco/install/opencv_tests:/opt/ros/humble /usr/bin/cmake /home/hj926217/ros2ws/src/px4_ros_com -DCMAKE_INSTALL_PREFIX=/home/hj926217/ros2ws/install/px4_ros_com
[0.136s] -- The C compiler identification is GNU 11.4.0
[0.229s] -- The CXX compiler identification is GNU 11.4.0
[0.241s] -- Detecting C compiler ABI info
[0.351s] -- Detecting C compiler ABI info - done
[0.366s] -- Check for working C compiler: /usr/bin/cc - skipped
[0.366s] -- Detecting C compile features
[0.367s] -- Detecting C compile features - done
[0.372s] -- Detecting CXX compiler ABI info
[0.510s] -- Detecting CXX compiler ABI info - done
[0.519s] -- Check for working CXX compiler: /usr/bin/c++ - skipped
[0.519s] -- Detecting CXX compile features
[0.520s] -- Detecting CXX compile features - done
[0.525s] -- Found ament_cmake: 1.3.12 (/opt/ros/humble/share/ament_cmake/cmake)
[0.802s] -- Found Python3: /usr/bin/python3 (found version "3.10.12") found components: Interpreter 
[0.996s] -- Found builtin_interfaces: 1.2.2 (/opt/ros/humble/share/builtin_interfaces/cmake)
[1.073s] -- Found rosidl_generator_c: 3.1.7 (/opt/ros/humble/share/rosidl_generator_c/cmake)
[1.085s] -- Found rosidl_adapter: 3.1.7 (/opt/ros/humble/share/rosidl_adapter/cmake)
[1.104s] -- Found rosidl_generator_cpp: 3.1.7 (/opt/ros/humble/share/rosidl_generator_cpp/cmake)
[1.134s] -- Using all available rosidl_typesupport_c: rosidl_typesupport_fastrtps_c;rosidl_typesupport_introspection_c
[1.168s] -- Using all available rosidl_typesupport_cpp: rosidl_typesupport_fastrtps_cpp;rosidl_typesupport_introspection_cpp
[1.201s] -- Found eigen3_cmake_module: 0.1.1 (/opt/ros/humble/share/eigen3_cmake_module/cmake)
[1.213s] -- Found Eigen3: TRUE (found version "3.4.0") 
[1.218s] -- Found geometry_msgs: 4.9.0 (/opt/ros/humble/share/geometry_msgs/cmake)
[1.270s] -- Found px4_msgs: 2.0.1 (/home/hj926217/aruco/install/px4_msgs/share/px4_msgs/cmake)
[1.294s] -- Found rclcpp: 16.0.14 (/opt/ros/humble/share/rclcpp/cmake)
[1.377s] -- Found rmw_implementation_cmake: 6.1.2 (/opt/ros/humble/share/rmw_implementation_cmake/cmake)
[1.383s] -- Found rmw_fastrtps_cpp: 6.2.8 (/opt/ros/humble/share/rmw_fastrtps_cpp/cmake)
[1.550s] -- Found OpenSSL: /usr/lib/x86_64-linux-gnu/libcrypto.so (found version "3.0.2")  
[1.602s] -- Found FastRTPS: /opt/ros/humble/include  
[1.678s] -- Using RMW implementation 'rmw_fastrtps_cpp' as default
[1.702s] -- Looking for pthread.h
[1.818s] -- Looking for pthread.h - found
[1.818s] -- Performing Test CMAKE_HAVE_LIBC_PTHREAD
[1.933s] -- Performing Test CMAKE_HAVE_LIBC_PTHREAD - Success
[1.935s] -- Found Threads: TRUE  
[2.011s] -- Found sensor_msgs: 4.9.0 (/opt/ros/humble/share/sensor_msgs/cmake)
[2.038s] -- Found rclpy: 3.3.17 (/opt/ros/humble/share/rclpy/cmake)
[2.061s] -- Found ament_lint_auto: 0.12.14 (/opt/ros/humble/share/ament_lint_auto/cmake)
[2.259s] -- Added test 'copyright' to check source files copyright and LICENSE
[2.276s] -- Added test 'cppcheck' to perform static code analysis on C / C++ code
[2.277s] -- Configured cppcheck include dirs: /home/hj926217/ros2ws/src/px4_ros_com/include;$<BUILD_INTERFACE:/home/hj926217/ros2ws/src/px4_ros_com/include/px4_ros_com>
[2.277s] -- Configured cppcheck exclude dirs and/or files: 
[2.284s] -- Added test 'cpplint' to check C / C++ code against the Google style
[2.284s] -- Configured cpplint exclude dirs and/or files: 
[2.286s] -- Added test 'flake8' to check Python code syntax and style conventions
[2.289s] -- Added test 'lint_cmake' to check CMake code style
[2.291s] -- Added test 'pep257' to check Python code against some of the docstring style conventions in PEP 257
[2.297s] -- Added test 'uncrustify' to check C / C++ code style
[2.297s] -- Configured uncrustify additional arguments: 
[2.298s] -- Added test 'xmllint' to check XML markup files
[2.301s] -- Configuring done
[2.334s] -- Generating done
[2.351s] -- Build files have been written to: /home/hj926217/ros2ws/build/px4_ros_com
[2.372s] Invoked command in '/home/hj926217/ros2ws/build/px4_ros_com' returned '0': CMAKE_PREFIX_PATH=${CMAKE_PREFIX_PATH}:/home/hj926217/aruco/install/opencv_tests:/opt/ros/humble /usr/bin/cmake /home/hj926217/ros2ws/src/px4_ros_com -DCMAKE_INSTALL_PREFIX=/home/hj926217/ros2ws/install/px4_ros_com
[2.376s] Invoking command in '/home/hj926217/ros2ws/build/px4_ros_com': CMAKE_PREFIX_PATH=${CMAKE_PREFIX_PATH}:/home/hj926217/aruco/install/opencv_tests:/opt/ros/humble /usr/bin/cmake --build /home/hj926217/ros2ws/build/px4_ros_com -- -j16 -l16
[2.455s] [  8%] [32mBuilding CXX object CMakeFiles/frame_transforms.dir/src/lib/frame_transforms.cpp.o[0m
[2.457s] [ 16%] [32mBuilding CXX object CMakeFiles/offboard_control.dir/src/examples/offboard/offboard_control.cpp.o[0m
[2.457s] [ 25%] [32mBuilding CXX object CMakeFiles/sensor_combined_listener.dir/src/examples/listeners/sensor_combined_listener.cpp.o[0m
[2.458s] [ 33%] [32mBuilding CXX object CMakeFiles/vehicle_gps_position_listener.dir/src/examples/listeners/vehicle_gps_position_listener.cpp.o[0m
[2.459s] [ 50%] [32mBuilding CXX object CMakeFiles/offboard_control_srv.dir/src/examples/offboard/offboard_control_srv.cpp.o[0m
[2.459s] [ 50%] [32mBuilding CXX object CMakeFiles/debug_vect_advertiser.dir/src/examples/advertisers/debug_vect_advertiser.cpp.o[0m
[2.475s] [ 50%] Built target ament_cmake_python_copy_px4_ros_com
[3.099s] running egg_info
[3.100s] creating px4_ros_com.egg-info
[3.101s] writing px4_ros_com.egg-info/PKG-INFO
[3.101s] writing dependency_links to px4_ros_com.egg-info/dependency_links.txt
[3.101s] writing top-level names to px4_ros_com.egg-info/top_level.txt
[3.102s] writing manifest file 'px4_ros_com.egg-info/SOURCES.txt'
[3.108s] reading manifest file 'px4_ros_com.egg-info/SOURCES.txt'
[3.111s] writing manifest file 'px4_ros_com.egg-info/SOURCES.txt'
[3.188s] [ 50%] Built target ament_cmake_python_build_px4_ros_com_egg
[13.049s] [ 58%] [32m[1mLinking CXX executable debug_vect_advertiser[0m
[13.518s] [ 58%] Built target debug_vect_advertiser
[14.596s] [ 66%] [32m[1mLinking CXX executable offboard_control[0m
[15.067s] [ 66%] Built target offboard_control
[16.528s] [ 75%] [32m[1mLinking CXX executable offboard_control_srv[0m
[17.035s] [ 75%] Built target offboard_control_srv
[18.302s] [ 83%] [32m[1mLinking CXX shared library libframe_transforms.so[0m
[18.819s] [ 83%] Built target frame_transforms
[20.627s] [ 91%] [32m[1mLinking CXX executable sensor_combined_listener[0m
[21.294s] [ 91%] Built target sensor_combined_listener
[21.592s] [100%] [32m[1mLinking CXX executable vehicle_gps_position_listener[0m
[22.190s] [100%] Built target vehicle_gps_position_listener
[22.207s] Invoked command in '/home/hj926217/ros2ws/build/px4_ros_com' returned '0': CMAKE_PREFIX_PATH=${CMAKE_PREFIX_PATH}:/home/hj926217/aruco/install/opencv_tests:/opt/ros/humble /usr/bin/cmake --build /home/hj926217/ros2ws/build/px4_ros_com -- -j16 -l16
[22.226s] Invoking command in '/home/hj926217/ros2ws/build/px4_ros_com': CMAKE_PREFIX_PATH=${CMAKE_PREFIX_PATH}:/home/hj926217/aruco/install/opencv_tests:/opt/ros/humble /usr/bin/cmake --install /home/hj926217/ros2ws/build/px4_ros_com
[22.237s] -- Install configuration: ""
[22.237s] -- Installing: /home/hj926217/ros2ws/install/px4_ros_com/lib/px4_ros_com/sensor_combined_listener
[22.241s] -- Set runtime path of "/home/hj926217/ros2ws/install/px4_ros_com/lib/px4_ros_com/sensor_combined_listener" to ""
[22.241s] -- Installing: /home/hj926217/ros2ws/install/px4_ros_com/lib/px4_ros_com/vehicle_gps_position_listener
[22.245s] -- Set runtime path of "/home/hj926217/ros2ws/install/px4_ros_com/lib/px4_ros_com/vehicle_gps_position_listener" to ""
[22.245s] -- Installing: /home/hj926217/ros2ws/install/px4_ros_com/lib/px4_ros_com/debug_vect_advertiser
[22.246s] -- Set runtime path of "/home/hj926217/ros2ws/install/px4_ros_com/lib/px4_ros_com/debug_vect_advertiser" to ""
[22.246s] -- Installing: /home/hj926217/ros2ws/install/px4_ros_com/lib/px4_ros_com/offboard_control
[22.248s] -- Set runtime path of "/home/hj926217/ros2ws/install/px4_ros_com/lib/px4_ros_com/offboard_control" to ""
[22.248s] -- Installing: /home/hj926217/ros2ws/install/px4_ros_com/lib/px4_ros_com/offboard_control_srv
[22.249s] -- Set runtime path of "/home/hj926217/ros2ws/install/px4_ros_com/lib/px4_ros_com/offboard_control_srv" to ""
[22.249s] -- Installing: /home/hj926217/ros2ws/install/px4_ros_com/share/px4_ros_com/environment/library_path.sh
[22.249s] -- Installing: /home/hj926217/ros2ws/install/px4_ros_com/share/px4_ros_com/environment/library_path.dsv
[22.250s] -- Installing: /home/hj926217/ros2ws/install/px4_ros_com/include/px4_ros_com
[22.250s] -- Installing: /home/hj926217/ros2ws/install/px4_ros_com/include/px4_ros_com/frame_transforms.h
[22.250s] -- Installing: /home/hj926217/ros2ws/install/px4_ros_com/lib/libframe_transforms.so
[22.253s] -- Set runtime path of "/home/hj926217/ros2ws/install/px4_ros_com/lib/libframe_transforms.so" to ""
[22.253s] -- Installing: /home/hj926217/ros2ws/install/px4_ros_com/share/px4_ros_com//launch
[22.253s] -- Installing: /home/hj926217/ros2ws/install/px4_ros_com/share/px4_ros_com//launch/offboard_control_launch.yaml
[22.253s] -- Installing: /home/hj926217/ros2ws/install/px4_ros_com/share/px4_ros_com//launch/sensor_combined_listener.launch.py
[22.254s] -- Installing: /home/hj926217/ros2ws/install/px4_ros_com/share/px4_ros_com//test
[22.254s] -- Installing: /home/hj926217/ros2ws/install/px4_ros_com/share/px4_ros_com//test/test_output.py
[22.254s] -- Installing: /home/hj926217/ros2ws/install/px4_ros_com/share/px4_ros_com//test/__init__.py
[22.254s] -- Installing: /home/hj926217/ros2ws/install/px4_ros_com/share/px4_ros_com//test/pipeline_io_test.py
[22.254s] -- Installing: /home/hj926217/ros2ws/install/px4_ros_com/share/px4_ros_com//test/test_input.py
[22.254s] -- Installing: /home/hj926217/ros2ws/install/px4_ros_com/share/px4_ros_com/environment/pythonpath.sh
[22.255s] -- Installing: /home/hj926217/ros2ws/install/px4_ros_com/share/px4_ros_com/environment/pythonpath.dsv
[22.255s] -- Installing: /home/hj926217/ros2ws/install/px4_ros_com/local/lib/python3.10/dist-packages/px4_ros_com-0.1.0-py3.10.egg-info
[22.256s] -- Installing: /home/hj926217/ros2ws/install/px4_ros_com/local/lib/python3.10/dist-packages/px4_ros_com-0.1.0-py3.10.egg-info/SOURCES.txt
[22.256s] -- Installing: /home/hj926217/ros2ws/install/px4_ros_com/local/lib/python3.10/dist-packages/px4_ros_com-0.1.0-py3.10.egg-info/PKG-INFO
[22.257s] -- Installing: /home/hj926217/ros2ws/install/px4_ros_com/local/lib/python3.10/dist-packages/px4_ros_com-0.1.0-py3.10.egg-info/top_level.txt
[22.257s] -- Installing: /home/hj926217/ros2ws/install/px4_ros_com/local/lib/python3.10/dist-packages/px4_ros_com-0.1.0-py3.10.egg-info/dependency_links.txt
[22.257s] -- Installing: /home/hj926217/ros2ws/install/px4_ros_com/local/lib/python3.10/dist-packages/px4_ros_com
[22.257s] -- Installing: /home/hj926217/ros2ws/install/px4_ros_com/local/lib/python3.10/dist-packages/px4_ros_com/module_to_import.py
[22.257s] -- Installing: /home/hj926217/ros2ws/install/px4_ros_com/local/lib/python3.10/dist-packages/px4_ros_com/__init__.py
[22.321s] Listing '/home/hj926217/ros2ws/install/px4_ros_com/local/lib/python3.10/dist-packages/px4_ros_com'...
[22.322s] Compiling '/home/hj926217/ros2ws/install/px4_ros_com/local/lib/python3.10/dist-packages/px4_ros_com/__init__.py'...
[22.322s] Compiling '/home/hj926217/ros2ws/install/px4_ros_com/local/lib/python3.10/dist-packages/px4_ros_com/module_to_import.py'...
[22.331s] -- Installing: /home/hj926217/ros2ws/install/px4_ros_com/lib/px4_ros_com/offboard_control.py
[22.331s] -- Installing: /home/hj926217/ros2ws/install/px4_ros_com/share/ament_index/resource_index/package_run_dependencies/px4_ros_com
[22.331s] -- Installing: /home/hj926217/ros2ws/install/px4_ros_com/share/ament_index/resource_index/parent_prefix_path/px4_ros_com
[22.332s] -- Installing: /home/hj926217/ros2ws/install/px4_ros_com/share/px4_ros_com/environment/ament_prefix_path.sh
[22.332s] -- Installing: /home/hj926217/ros2ws/install/px4_ros_com/share/px4_ros_com/environment/ament_prefix_path.dsv
[22.332s] -- Installing: /home/hj926217/ros2ws/install/px4_ros_com/share/px4_ros_com/environment/path.sh
[22.333s] -- Installing: /home/hj926217/ros2ws/install/px4_ros_com/share/px4_ros_com/environment/path.dsv
[22.333s] -- Installing: /home/hj926217/ros2ws/install/px4_ros_com/share/px4_ros_com/local_setup.bash
[22.333s] -- Installing: /home/hj926217/ros2ws/install/px4_ros_com/share/px4_ros_com/local_setup.sh
[22.333s] -- Installing: /home/hj926217/ros2ws/install/px4_ros_com/share/px4_ros_com/local_setup.zsh
[22.333s] -- Installing: /home/hj926217/ros2ws/install/px4_ros_com/share/px4_ros_com/local_setup.dsv
[22.334s] -- Installing: /home/hj926217/ros2ws/install/px4_ros_com/share/px4_ros_com/package.dsv
[22.334s] -- Installing: /home/hj926217/ros2ws/install/px4_ros_com/share/ament_index/resource_index/packages/px4_ros_com
[22.334s] -- Installing: /home/hj926217/ros2ws/install/px4_ros_com/share/px4_ros_com/cmake/export_frame_transformsExport.cmake
[22.335s] -- Installing: /home/hj926217/ros2ws/install/px4_ros_com/share/px4_ros_com/cmake/export_frame_transformsExport-noconfig.cmake
[22.335s] -- Installing: /home/hj926217/ros2ws/install/px4_ros_com/share/px4_ros_com/cmake/ament_cmake_export_dependencies-extras.cmake
[22.335s] -- Installing: /home/hj926217/ros2ws/install/px4_ros_com/share/px4_ros_com/cmake/ament_cmake_export_targets-extras.cmake
[22.335s] -- Installing: /home/hj926217/ros2ws/install/px4_ros_com/share/px4_ros_com/cmake/ament_cmake_export_include_directories-extras.cmake
[22.335s] -- Installing: /home/hj926217/ros2ws/install/px4_ros_com/share/px4_ros_com/cmake/ament_cmake_export_libraries-extras.cmake
[22.336s] -- Installing: /home/hj926217/ros2ws/install/px4_ros_com/share/px4_ros_com/cmake/px4_ros_comConfig.cmake
[22.336s] -- Installing: /home/hj926217/ros2ws/install/px4_ros_com/share/px4_ros_com/cmake/px4_ros_comConfig-version.cmake
[22.336s] -- Installing: /home/hj926217/ros2ws/install/px4_ros_com/share/px4_ros_com/package.xml
[22.341s] Invoked command in '/home/hj926217/ros2ws/build/px4_ros_com' returned '0': CMAKE_PREFIX_PATH=${CMAKE_PREFIX_PATH}:/home/hj926217/aruco/install/opencv_tests:/opt/ros/humble /usr/bin/cmake --install /home/hj926217/ros2ws/build/px4_ros_com
