[35m[1mConsolidate compiler generated dependencies of target path_follower[0m
[  5%] Built target frame_transforms
[ 10%] Built target debug_vect_advertiser
[ 15%] Built target goal_marker_pub
[ 22%] Built target vehicle_gps_position_listener
[ 25%] Built target gripper_send_two
[ 30%] Built target circle_flight
[ 35%] Built target aruco_position_sub
[ 40%] Built target gripper_send_zero
[ 45%] Built target goal_to_path
[ 50%] Built target ground_odom
[ 55%] Built target tf2_control
[ 57%] [32mBuilding CXX object CMakeFiles/path_follower.dir/src/path_follower.cpp.o[0m
[ 62%] Built target landing_target_sender_mavros
[ 67%] Built target goal_astar_octomap_safe_node
[ 72%] Built target sensor_combined_listener
[ 77%] Built target nav_path
[ 82%] Built target offboard_control_srv
[ 87%] Built target offboard_control
[ 87%] Built target ament_cmake_python_copy_px4_ros_com
[ 92%] Built target vertiport_land
[ 97%] Built target aruco_position_publisher_node
running egg_info
writing px4_ros_com.egg-info/PKG-INFO
writing dependency_links to px4_ros_com.egg-info/dependency_links.txt
writing top-level names to px4_ros_com.egg-info/top_level.txt
reading manifest file 'px4_ros_com.egg-info/SOURCES.txt'
writing manifest file 'px4_ros_com.egg-info/SOURCES.txt'
[ 97%] Built target ament_cmake_python_build_px4_ros_com_egg
