[0.036s] Invoking command in '/home/hj926217/ros2ws/build/px4_ros_com': CMAKE_PREFIX_PATH=/home/hj926217/ros2ws/install/px4_msgs:/home/hj926217/ros2ws/install/px4_ros_com:/opt/ros/humble LD_LIBRARY_PATH=/home/hj926217/ros2ws/install/px4_msgs/lib:/home/hj926217/ros2ws/install/px4_ros_com/lib:/opt/ros/humble/opt/rviz_ogre_vendor/lib:/opt/ros/humble/lib/x86_64-linux-gnu:/opt/ros/humble/lib:/usr/local/lib /usr/bin/cmake --build /home/hj926217/ros2ws/build/px4_ros_com -- -j16 -l16
[0.220s] [  5%] Built target landing_target_sender_mavros
[0.312s] [ 11%] Built target offboard_control
[0.398s] [ 17%] Built target offboard_control_srv
[0.475s] [ 17%] Built target ament_cmake_python_copy_px4_ros_com
[0.509s] [35m[1mConsolidate compiler generated dependencies of target aruco_position_publisher_node[0m
[0.561s] [ 23%] Built target aruco_position_publisher_node
[1.495s] running egg_info
[1.499s] writing px4_ros_com.egg-info/PKG-INFO
[1.500s] writing dependency_links to px4_ros_com.egg-info/dependency_links.txt
[1.501s] writing top-level names to px4_ros_com.egg-info/top_level.txt
[1.511s] reading manifest file 'px4_ros_com.egg-info/SOURCES.txt'
[1.512s] writing manifest file 'px4_ros_com.egg-info/SOURCES.txt'
[1.605s] [ 23%] Built target ament_cmake_python_build_px4_ros_com_egg
[1.688s] [ 29%] Built target vertiport_land
[1.778s] [ 32%] [32mBuilding CXX object CMakeFiles/aruco_position_sub.dir/src/aruco_position_sub.cpp.o[0m
[51.120s] [ 35%] [32m[1mLinking CXX executable aruco_position_sub[0m
[53.724s] [ 35%] Built target aruco_position_sub
[53.803s] [ 41%] Built target tf2_control
[53.879s] [ 47%] Built target circle_flight
[53.959s] [ 52%] Built target nav_path
[54.036s] [ 58%] Built target debug_vect_advertiser
[54.123s] [ 64%] Built target vehicle_gps_position_listener
[54.213s] [ 70%] Built target sensor_combined_listener
[54.293s] [ 76%] Built target ground_odom
[54.369s] [ 82%] Built target goal_to_path
[54.438s] [ 88%] Built target goal_marker_pub
[54.504s] [ 94%] Built target path_follower
[54.560s] [100%] Built target frame_transforms
[54.590s] Invoked command in '/home/hj926217/ros2ws/build/px4_ros_com' returned '0': CMAKE_PREFIX_PATH=/home/hj926217/ros2ws/install/px4_msgs:/home/hj926217/ros2ws/install/px4_ros_com:/opt/ros/humble LD_LIBRARY_PATH=/home/hj926217/ros2ws/install/px4_msgs/lib:/home/hj926217/ros2ws/install/px4_ros_com/lib:/opt/ros/humble/opt/rviz_ogre_vendor/lib:/opt/ros/humble/lib/x86_64-linux-gnu:/opt/ros/humble/lib:/usr/local/lib /usr/bin/cmake --build /home/hj926217/ros2ws/build/px4_ros_com -- -j16 -l16
[54.617s] Invoking command in '/home/hj926217/ros2ws/build/px4_ros_com': CMAKE_PREFIX_PATH=/home/hj926217/ros2ws/install/px4_msgs:/home/hj926217/ros2ws/install/px4_ros_com:/opt/ros/humble LD_LIBRARY_PATH=/home/hj926217/ros2ws/install/px4_msgs/lib:/home/hj926217/ros2ws/install/px4_ros_com/lib:/opt/ros/humble/opt/rviz_ogre_vendor/lib:/opt/ros/humble/lib/x86_64-linux-gnu:/opt/ros/humble/lib:/usr/local/lib /usr/bin/cmake --install /home/hj926217/ros2ws/build/px4_ros_com
[54.638s] -- Install configuration: ""
[54.639s] -- Up-to-date: /home/hj926217/ros2ws/install/px4_ros_com/lib/px4_ros_com/landing_target_sender_mavros
[54.640s] -- Up-to-date: /home/hj926217/ros2ws/install/px4_ros_com/lib/px4_ros_com/path_follower
[54.641s] -- Up-to-date: /home/hj926217/ros2ws/install/px4_ros_com/lib/px4_ros_com/goal_marker_pub
[54.642s] -- Up-to-date: /home/hj926217/ros2ws/install/px4_ros_com/lib/px4_ros_com/goal_to_path
[54.642s] -- Up-to-date: /home/hj926217/ros2ws/install/px4_ros_com/lib/px4_ros_com/ground_odom
[54.643s] -- Up-to-date: /home/hj926217/ros2ws/install/px4_ros_com/lib/px4_ros_com/sensor_combined_listener
[54.644s] -- Up-to-date: /home/hj926217/ros2ws/install/px4_ros_com/lib/px4_ros_com/vehicle_gps_position_listener
[54.645s] -- Up-to-date: /home/hj926217/ros2ws/install/px4_ros_com/lib/px4_ros_com/debug_vect_advertiser
[54.646s] -- Up-to-date: /home/hj926217/ros2ws/install/px4_ros_com/lib/px4_ros_com/nav_path
[54.647s] -- Up-to-date: /home/hj926217/ros2ws/install/px4_ros_com/lib/px4_ros_com/circle_flight
[54.648s] -- Up-to-date: /home/hj926217/ros2ws/install/px4_ros_com/lib/px4_ros_com/tf2_control
[54.648s] -- Installing: /home/hj926217/ros2ws/install/px4_ros_com/lib/px4_ros_com/aruco_position_sub
[54.678s] -- Set runtime path of "/home/hj926217/ros2ws/install/px4_ros_com/lib/px4_ros_com/aruco_position_sub" to ""
[54.679s] -- Up-to-date: /home/hj926217/ros2ws/install/px4_ros_com/lib/px4_ros_com/vertiport_land
[54.680s] -- Up-to-date: /home/hj926217/ros2ws/install/px4_ros_com/lib/px4_ros_com/aruco_position_publisher_node
[54.681s] -- Up-to-date: /home/hj926217/ros2ws/install/px4_ros_com/lib/px4_ros_com/offboard_control
[54.682s] -- Up-to-date: /home/hj926217/ros2ws/install/px4_ros_com/lib/px4_ros_com/offboard_control_srv
[54.683s] -- Up-to-date: /home/hj926217/ros2ws/install/px4_ros_com/share/px4_ros_com/environment/library_path.sh
[54.684s] -- Up-to-date: /home/hj926217/ros2ws/install/px4_ros_com/share/px4_ros_com/environment/library_path.dsv
[54.684s] -- Up-to-date: /home/hj926217/ros2ws/install/px4_ros_com/include/px4_ros_com
[54.685s] -- Up-to-date: /home/hj926217/ros2ws/install/px4_ros_com/include/px4_ros_com/frame_transforms.h
[54.685s] -- Up-to-date: /home/hj926217/ros2ws/install/px4_ros_com/lib/libframe_transforms.so
[54.685s] -- Up-to-date: /home/hj926217/ros2ws/install/px4_ros_com/share/px4_ros_com//launch
[54.685s] -- Up-to-date: /home/hj926217/ros2ws/install/px4_ros_com/share/px4_ros_com//launch/lidar_octomap_launch.py
[54.685s] -- Up-to-date: /home/hj926217/ros2ws/install/px4_ros_com/share/px4_ros_com//launch/rtab_points.launch.py
[54.686s] -- Up-to-date: /home/hj926217/ros2ws/install/px4_ros_com/share/px4_ros_com//launch/path_follower_launch.py
[54.686s] -- Up-to-date: /home/hj926217/ros2ws/install/px4_ros_com/share/px4_ros_com//launch/offboard_control_launch.yaml
[54.686s] -- Up-to-date: /home/hj926217/ros2ws/install/px4_ros_com/share/px4_ros_com//launch/sensor_combined_listener.launch.py
[54.687s] -- Up-to-date: /home/hj926217/ros2ws/install/px4_ros_com/share/px4_ros_com//test
[54.687s] -- Up-to-date: /home/hj926217/ros2ws/install/px4_ros_com/share/px4_ros_com//test/test_output.py
[54.687s] -- Up-to-date: /home/hj926217/ros2ws/install/px4_ros_com/share/px4_ros_com//test/__init__.py
[54.688s] -- Up-to-date: /home/hj926217/ros2ws/install/px4_ros_com/share/px4_ros_com//test/pipeline_io_test.py
[54.688s] -- Up-to-date: /home/hj926217/ros2ws/install/px4_ros_com/share/px4_ros_com//test/test_input.py
[54.688s] -- Up-to-date: /home/hj926217/ros2ws/install/px4_ros_com/share/px4_ros_com/environment/pythonpath.sh
[54.689s] -- Up-to-date: /home/hj926217/ros2ws/install/px4_ros_com/share/px4_ros_com/environment/pythonpath.dsv
[54.689s] -- Up-to-date: /home/hj926217/ros2ws/install/px4_ros_com/local/lib/python3.10/dist-packages/px4_ros_com-0.1.0-py3.10.egg-info
[54.689s] -- Installing: /home/hj926217/ros2ws/install/px4_ros_com/local/lib/python3.10/dist-packages/px4_ros_com-0.1.0-py3.10.egg-info/SOURCES.txt
[54.689s] -- Installing: /home/hj926217/ros2ws/install/px4_ros_com/local/lib/python3.10/dist-packages/px4_ros_com-0.1.0-py3.10.egg-info/PKG-INFO
[54.690s] -- Installing: /home/hj926217/ros2ws/install/px4_ros_com/local/lib/python3.10/dist-packages/px4_ros_com-0.1.0-py3.10.egg-info/top_level.txt
[54.690s] -- Installing: /home/hj926217/ros2ws/install/px4_ros_com/local/lib/python3.10/dist-packages/px4_ros_com-0.1.0-py3.10.egg-info/dependency_links.txt
[54.690s] -- Up-to-date: /home/hj926217/ros2ws/install/px4_ros_com/local/lib/python3.10/dist-packages/px4_ros_com
[54.690s] -- Up-to-date: /home/hj926217/ros2ws/install/px4_ros_com/local/lib/python3.10/dist-packages/px4_ros_com/module_to_import.py
[54.691s] -- Up-to-date: /home/hj926217/ros2ws/install/px4_ros_com/local/lib/python3.10/dist-packages/px4_ros_com/__init__.py
[54.812s] Listing '/home/hj926217/ros2ws/install/px4_ros_com/local/lib/python3.10/dist-packages/px4_ros_com'...
[54.828s] -- Up-to-date: /home/hj926217/ros2ws/install/px4_ros_com/lib/px4_ros_com/offboard_control.py
[54.829s] -- Up-to-date: /home/hj926217/ros2ws/install/px4_ros_com/share/ament_index/resource_index/package_run_dependencies/px4_ros_com
[54.829s] -- Up-to-date: /home/hj926217/ros2ws/install/px4_ros_com/share/ament_index/resource_index/parent_prefix_path/px4_ros_com
[54.829s] -- Up-to-date: /home/hj926217/ros2ws/install/px4_ros_com/share/px4_ros_com/environment/ament_prefix_path.sh
[54.830s] -- Up-to-date: /home/hj926217/ros2ws/install/px4_ros_com/share/px4_ros_com/environment/ament_prefix_path.dsv
[54.831s] -- Up-to-date: /home/hj926217/ros2ws/install/px4_ros_com/share/px4_ros_com/environment/path.sh
[54.831s] -- Up-to-date: /home/hj926217/ros2ws/install/px4_ros_com/share/px4_ros_com/environment/path.dsv
[54.831s] -- Up-to-date: /home/hj926217/ros2ws/install/px4_ros_com/share/px4_ros_com/local_setup.bash
[54.831s] -- Up-to-date: /home/hj926217/ros2ws/install/px4_ros_com/share/px4_ros_com/local_setup.sh
[54.832s] -- Up-to-date: /home/hj926217/ros2ws/install/px4_ros_com/share/px4_ros_com/local_setup.zsh
[54.832s] -- Up-to-date: /home/hj926217/ros2ws/install/px4_ros_com/share/px4_ros_com/local_setup.dsv
[54.832s] -- Installing: /home/hj926217/ros2ws/install/px4_ros_com/share/px4_ros_com/package.dsv
[54.832s] -- Up-to-date: /home/hj926217/ros2ws/install/px4_ros_com/share/ament_index/resource_index/packages/px4_ros_com
[54.832s] -- Up-to-date: /home/hj926217/ros2ws/install/px4_ros_com/share/px4_ros_com/cmake/export_frame_transformsExport.cmake
[54.832s] -- Up-to-date: /home/hj926217/ros2ws/install/px4_ros_com/share/px4_ros_com/cmake/export_frame_transformsExport-noconfig.cmake
[54.833s] -- Up-to-date: /home/hj926217/ros2ws/install/px4_ros_com/share/px4_ros_com/cmake/ament_cmake_export_dependencies-extras.cmake
[54.833s] -- Up-to-date: /home/hj926217/ros2ws/install/px4_ros_com/share/px4_ros_com/cmake/ament_cmake_export_targets-extras.cmake
[54.833s] -- Up-to-date: /home/hj926217/ros2ws/install/px4_ros_com/share/px4_ros_com/cmake/ament_cmake_export_include_directories-extras.cmake
[54.833s] -- Up-to-date: /home/hj926217/ros2ws/install/px4_ros_com/share/px4_ros_com/cmake/ament_cmake_export_libraries-extras.cmake
[54.833s] -- Up-to-date: /home/hj926217/ros2ws/install/px4_ros_com/share/px4_ros_com/cmake/px4_ros_comConfig.cmake
[54.833s] -- Up-to-date: /home/hj926217/ros2ws/install/px4_ros_com/share/px4_ros_com/cmake/px4_ros_comConfig-version.cmake
[54.833s] -- Up-to-date: /home/hj926217/ros2ws/install/px4_ros_com/share/px4_ros_com/package.xml
[54.840s] Invoked command in '/home/hj926217/ros2ws/build/px4_ros_com' returned '0': CMAKE_PREFIX_PATH=/home/hj926217/ros2ws/install/px4_msgs:/home/hj926217/ros2ws/install/px4_ros_com:/opt/ros/humble LD_LIBRARY_PATH=/home/hj926217/ros2ws/install/px4_msgs/lib:/home/hj926217/ros2ws/install/px4_ros_com/lib:/opt/ros/humble/opt/rviz_ogre_vendor/lib:/opt/ros/humble/lib/x86_64-linux-gnu:/opt/ros/humble/lib:/usr/local/lib /usr/bin/cmake --install /home/hj926217/ros2ws/build/px4_ros_com
