[0.019s] Invoking command in '/home/hj926217/ros2ws/build/px4_ros_com': AMENT_PREFIX_PATH=/home/hj926217/ros2ws/install/px4_msgs:${AMENT_PREFIX_PATH} CMAKE_PREFIX_PATH=/home/hj926217/ros2ws/install/px4_msgs:/opt/ros/humble LD_LIBRARY_PATH=/home/hj926217/ros2ws/install/px4_msgs/lib:/opt/ros/humble/opt/rviz_ogre_vendor/lib:/opt/ros/humble/lib/x86_64-linux-gnu:/opt/ros/humble/lib:/usr/local/lib PYTHONPATH=/home/hj926217/ros2ws/install/px4_msgs/local/lib/python3.10/dist-packages:${PYTHONPATH} /usr/bin/cmake --build /home/hj926217/ros2ws/build/px4_ros_com -- -j16 -l16
[0.082s] [35m[1mConsolidate compiler generated dependencies of target tf2_control[0m
[0.107s] [ 14%] Built target frame_transforms
[0.109s] [ 28%] Built target sensor_combined_listener
[0.109s] [ 42%] Built target debug_vect_advertiser
[0.110s] [ 57%] Built target vehicle_gps_position_listener
[0.112s] [ 71%] Built target offboard_control
[0.113s] [ 85%] Built target offboard_control_srv
[0.119s] [ 92%] [32mBuilding CXX object CMakeFiles/tf2_control.dir/src/examples/offboard/tf2_control.cpp.o[0m
[0.120s] [ 92%] Built target ament_cmake_python_copy_px4_ros_com
[0.645s] running egg_info
[0.647s] writing px4_ros_com.egg-info/PKG-INFO
[0.648s] writing dependency_links to px4_ros_com.egg-info/dependency_links.txt
[0.648s] writing top-level names to px4_ros_com.egg-info/top_level.txt
[0.652s] reading manifest file 'px4_ros_com.egg-info/SOURCES.txt'
[0.653s] writing manifest file 'px4_ros_com.egg-info/SOURCES.txt'
[0.712s] [ 92%] Built target ament_cmake_python_build_px4_ros_com_egg
[4.071s] [01m[K/home/hj926217/ros2ws/src/px4_ros_com/src/examples/offboard/tf2_control.cpp:[m[K In member function ‘[01m[Kvoid PX4OdomPublisher::localPosCallback(px4_msgs::msg::VehicleLocalPosition_<std::allocator<void> >::SharedPtr)[m[K’:
[4.071s] [01m[K/home/hj926217/ros2ws/src/px4_ros_com/src/examples/offboard/tf2_control.cpp:35:33:[m[K [01;31m[Kerror: [m[K‘[01m[Kusing element_type = struct px4_msgs::msg::VehicleLocalPosition_<std::allocator<void> >[m[K’ {aka ‘[01m[Kstruct px4_msgs::msg::VehicleLocalPosition_<std::allocator<void> >[m[K’} has no member named ‘[01m[Kyaw[m[K’
[4.071s]    35 |         q.setRPY(0.0, 0.0, msg->[01;31m[Kyaw[m[K);  // roll=0, pitch=0, yaw 사용
[4.071s]       |                                 [01;31m[K^~~[m[K
[8.909s] gmake[2]: *** [CMakeFiles/tf2_control.dir/build.make:76: CMakeFiles/tf2_control.dir/src/examples/offboard/tf2_control.cpp.o] Error 1
[8.909s] gmake[1]: *** [CMakeFiles/Makefile2:256: CMakeFiles/tf2_control.dir/all] Error 2
[8.909s] gmake: *** [Makefile:146: all] Error 2
[8.913s] Invoked command in '/home/hj926217/ros2ws/build/px4_ros_com' returned '2': AMENT_PREFIX_PATH=/home/hj926217/ros2ws/install/px4_msgs:${AMENT_PREFIX_PATH} CMAKE_PREFIX_PATH=/home/hj926217/ros2ws/install/px4_msgs:/opt/ros/humble LD_LIBRARY_PATH=/home/hj926217/ros2ws/install/px4_msgs/lib:/opt/ros/humble/opt/rviz_ogre_vendor/lib:/opt/ros/humble/lib/x86_64-linux-gnu:/opt/ros/humble/lib:/usr/local/lib PYTHONPATH=/home/hj926217/ros2ws/install/px4_msgs/local/lib/python3.10/dist-packages:${PYTHONPATH} /usr/bin/cmake --build /home/hj926217/ros2ws/build/px4_ros_com -- -j16 -l16
