-- The C compiler identification is GNU 11.4.0
-- The CXX compiler identification is GNU 11.4.0
-- Detecting C compiler ABI info
-- Detecting C compiler ABI info - done
-- Check for working C compiler: /usr/bin/cc - skipped
-- Detecting C compile features
-- Detecting C compile features - done
-- Detecting CXX compiler ABI info
-- Detecting CXX compiler ABI info - done
-- Check for working CXX compiler: /usr/bin/c++ - skipped
-- Detecting CXX compile features
-- Detecting CXX compile features - done
-- Found ament_cmake: 1.3.12 (/opt/ros/humble/share/ament_cmake/cmake)
-- Found Python3: /usr/bin/python3 (found version "3.10.12") found components: Interpreter 
-- Found rclcpp: 16.0.15 (/opt/ros/humble/share/rclcpp/cmake)
-- Found rosidl_generator_c: 3.1.7 (/opt/ros/humble/share/rosidl_generator_c/cmake)
-- Found rosidl_adapter: 3.1.7 (/opt/ros/humble/share/rosidl_adapter/cmake)
-- Found rosidl_generator_cpp: 3.1.7 (/opt/ros/humble/share/rosidl_generator_cpp/cmake)
-- Using all available rosidl_typesupport_c: rosidl_typesupport_fastrtps_c;rosidl_typesupport_introspection_c
-- Using all available rosidl_typesupport_cpp: rosidl_typesupport_fastrtps_cpp;rosidl_typesupport_introspection_cpp
-- Found rmw_implementation_cmake: 6.1.2 (/opt/ros/humble/share/rmw_implementation_cmake/cmake)
-- Found rmw_fastrtps_cpp: 6.2.9 (/opt/ros/humble/share/rmw_fastrtps_cpp/cmake)
-- Found OpenSSL: /usr/lib/x86_64-linux-gnu/libcrypto.so (found version "3.0.2")  
-- Found FastRTPS: /opt/ros/humble/include  
-- Using RMW implementation 'rmw_fastrtps_cpp' as default
-- Looking for pthread.h
-- Looking for pthread.h - found
-- Performing Test CMAKE_HAVE_LIBC_PTHREAD
-- Performing Test CMAKE_HAVE_LIBC_PTHREAD - Success
-- Found Threads: TRUE  
-- Found nav_msgs: 4.9.0 (/opt/ros/humble/share/nav_msgs/cmake)
-- Found visualization_msgs: 4.9.0 (/opt/ros/humble/share/visualization_msgs/cmake)
-- Found px4_msgs: 2.0.1 (/home/hj926217/ros2ws/install/px4_msgs/share/px4_msgs/cmake)
-- Found ament_lint_auto: 0.12.14 (/opt/ros/humble/share/ament_lint_auto/cmake)
-- Added test 'copyright' to check source files copyright and LICENSE
-- Added test 'cppcheck' to perform static code analysis on C / C++ code
-- Configured cppcheck include dirs: $<BUILD_INTERFACE:/home/hj926217/ros2ws/src/nmpc_uav_avoidance/include>;/home/hj926217/ros2ws/src/nmpc_uav_avoidance/nmpc_solver/nmpc_uav_obstacle
-- Configured cppcheck exclude dirs and/or files: 
-- Added test 'cpplint' to check C / C++ code against the Google style
-- Configured cpplint exclude dirs and/or files: 
-- Added test 'flake8' to check Python code syntax and style conventions
-- Added test 'lint_cmake' to check CMake code style
-- Added test 'pep257' to check Python code against some of the docstring style conventions in PEP 257
-- Added test 'uncrustify' to check C / C++ code style
-- Configured uncrustify additional arguments: 
-- Added test 'xmllint' to check XML markup files
-- Configuring done
-- Generating done
-- Build files have been written to: /home/hj926217/ros2ws/build/nmpc_uav_avoidance
[ 20%] [32mBuilding CXX object CMakeFiles/nmpc_node.dir/src/nmpc_node.cpp.o[0m
[ 40%] [32mBuilding CXX object CMakeFiles/nmpc_node.dir/src/main.cpp.o[0m
[ 60%] [32mBuilding CXX object CMakeFiles/odom_publisher.dir/src/odom_publisher.cpp.o[0m
[ 80%] [32m[1mLinking CXX executable odom_publisher[0m
[ 80%] Built target odom_publisher
[100%] [32m[1mLinking CXX executable nmpc_node[0m
[100%] Built target nmpc_node
-- Install configuration: ""
-- Installing: /home/hj926217/ros2ws/install/nmpc_uav_avoidance/share/ament_index/resource_index/package_run_dependencies/nmpc_uav_avoidance
-- Installing: /home/hj926217/ros2ws/install/nmpc_uav_avoidance/share/ament_index/resource_index/parent_prefix_path/nmpc_uav_avoidance
-- Installing: /home/hj926217/ros2ws/install/nmpc_uav_avoidance/share/nmpc_uav_avoidance/environment/ament_prefix_path.sh
-- Installing: /home/hj926217/ros2ws/install/nmpc_uav_avoidance/share/nmpc_uav_avoidance/environment/ament_prefix_path.dsv
-- Installing: /home/hj926217/ros2ws/install/nmpc_uav_avoidance/share/nmpc_uav_avoidance/environment/path.sh
-- Installing: /home/hj926217/ros2ws/install/nmpc_uav_avoidance/share/nmpc_uav_avoidance/environment/path.dsv
-- Installing: /home/hj926217/ros2ws/install/nmpc_uav_avoidance/share/nmpc_uav_avoidance/local_setup.bash
-- Installing: /home/hj926217/ros2ws/install/nmpc_uav_avoidance/share/nmpc_uav_avoidance/local_setup.sh
-- Installing: /home/hj926217/ros2ws/install/nmpc_uav_avoidance/share/nmpc_uav_avoidance/local_setup.zsh
-- Installing: /home/hj926217/ros2ws/install/nmpc_uav_avoidance/share/nmpc_uav_avoidance/local_setup.dsv
-- Installing: /home/hj926217/ros2ws/install/nmpc_uav_avoidance/share/nmpc_uav_avoidance/package.dsv
-- Installing: /home/hj926217/ros2ws/install/nmpc_uav_avoidance/share/ament_index/resource_index/packages/nmpc_uav_avoidance
-- Installing: /home/hj926217/ros2ws/install/nmpc_uav_avoidance/share/nmpc_uav_avoidance/cmake/nmpc_uav_avoidanceConfig.cmake
-- Installing: /home/hj926217/ros2ws/install/nmpc_uav_avoidance/share/nmpc_uav_avoidance/cmake/nmpc_uav_avoidanceConfig-version.cmake
-- Installing: /home/hj926217/ros2ws/install/nmpc_uav_avoidance/share/nmpc_uav_avoidance/package.xml
