[ 12%] Built target frame_transforms
[ 12%] Built target ament_cmake_python_copy_px4_ros_com
[ 25%] Built target offboard_control_srv
Traceback (most recent call last):
  File "/home/hj926217/ros2ws/build/px4_ros_com/ament_cmake_python/px4_ros_com/setup.py", line 1, in <module>
    from setuptools import find_packages
  File "/usr/lib/python3/dist-packages/setuptools/__init__.py", line 16, in <module>
    import setuptools.version
  File "/usr/lib/python3/dist-packages/setuptools/version.py", line 1, in <module>
    import pkg_resources
  File "/usr/lib/python3/dist-packages/pkg_resources/__init__.py", line 78, in <module>
    __import__('pkg_resources.extern.packaging.requirements')
  File "/usr/lib/python3/dist-packages/pkg_resources/_vendor/packaging/requirements.py", line 10, in <module>
    from pkg_resources.extern.pyparsing import (  # noqa
  File "<frozen importlib._bootstrap>", line 1027, in _find_and_load
  File "<frozen importlib._bootstrap>", line 1006, in _find_and_load_unlocked
  File "<frozen importlib._bootstrap>", line 674, in _load_unlocked
  File "<frozen importlib._bootstrap>", line 571, in module_from_spec
  File "/usr/lib/python3/dist-packages/pkg_resources/extern/__init__.py", line 52, in create_module
    return self.load_module(spec.name)
  File "/usr/lib/python3/dist-packages/pkg_resources/extern/__init__.py", line 37, in load_module
    __import__(extant)
  File "/usr/lib/python3/dist-packages/pkg_resources/_vendor/pyparsing.py", line 5399, in <module>
    class pyparsing_common:
  File "/usr/lib/python3/dist-packages/pkg_resources/_vendor/pyparsing.py", line 5586, in pyparsing_common
    ipv6_address = Combine((_full_ipv6_address | _mixed_ipv6_address | _short_ipv6_address).setName("IPv6 address")).setName("IPv6 address")
  File "/usr/lib/python3/dist-packages/pkg_resources/_vendor/pyparsing.py", line 4255, in __init__
    self.leaveWhitespace()
  File "/usr/lib/python3/dist-packages/pkg_resources/_vendor/pyparsing.py", line 3747, in leaveWhitespace
    self.expr.leaveWhitespace()
  File "/usr/lib/python3/dist-packages/pkg_resources/_vendor/pyparsing.py", line 3294, in leaveWhitespace
    e.leaveWhitespace()
  File "/usr/lib/python3/dist-packages/pkg_resources/_vendor/pyparsing.py", line 3294, in leaveWhitespace
    e.leaveWhitespace()
  File "/usr/lib/python3/dist-packages/pkg_resources/_vendor/pyparsing.py", line 3294, in leaveWhitespace
    e.leaveWhitespace()
  File "/usr/lib/python3/dist-packages/pkg_resources/_vendor/pyparsing.py", line 3292, in leaveWhitespace
    self.exprs = [ e.copy() for e in self.exprs ]
  File "/usr/lib/python3/dist-packages/pkg_resources/_vendor/pyparsing.py", line 3292, in <listcomp>
    self.exprs = [ e.copy() for e in self.exprs ]
  File "/usr/lib/python3/dist-packages/pkg_resources/_vendor/pyparsing.py", line 3365, in copy
    ret.exprs = [e.copy() for e in self.exprs]
  File "/usr/lib/python3/dist-packages/pkg_resources/_vendor/pyparsing.py", line 3365, in <listcomp>
    ret.exprs = [e.copy() for e in self.exprs]
  File "/usr/lib/python3/dist-packages/pkg_resources/_vendor/pyparsing.py", line 1183, in copy
    cpy = copy.copy( self )
  File "/usr/lib/python3.10/copy.py", line 83, in copy
    if copier is not None:
KeyboardInterrupt
gmake[2]: *** [CMakeFiles/ament_cmake_python_build_px4_ros_com_egg.dir/build.make:70: CMakeFiles/ament_cmake_python_build_px4_ros_com_egg] Interrupt
gmake[1]: *** [CMakeFiles/Makefile2:388: CMakeFiles/ament_cmake_python_build_px4_ros_com_egg.dir/all] Interrupt
gmake: *** [Makefile:146: all] Interrupt
