[35m[1mConsolidate compiler generated dependencies of target aruco_position_sub[0m
[35m[1mConsolidate compiler generated dependencies of target aruco_position_publisher_node[0m
[  5%] Built target frame_transforms
[ 11%] [32mBuilding CXX object CMakeFiles/aruco_position_sub.dir/src/aruco_position_sub.cpp.o[0m
[ 14%] Built target vertiport_land
[ 29%] Built target vehicle_gps_position_listener
[ 38%] Built target circle_flight
[ 44%] Built target debug_vect_advertiser
[ 29%] Built target goal_to_path
[ 50%] Built target offboard_control
[ 32%] Built target sensor_combined_listener
[ 55%] Built target nav_path
[ 67%] Built target ground_odom
[ 67%] Built target tf2_control
[ 73%] Built target landing_target_sender_mavros
[ 79%] Built target path_follower
[ 85%] Built target goal_marker_pub
[ 91%] Built target aruco_position_publisher_node
[ 97%] Built target offboard_control_srv
[ 97%] Built target ament_cmake_python_copy_px4_ros_com
running egg_info
writing px4_ros_com.egg-info/PKG-INFO
writing dependency_links to px4_ros_com.egg-info/dependency_links.txt
writing top-level names to px4_ros_com.egg-info/top_level.txt
reading manifest file 'px4_ros_com.egg-info/SOURCES.txt'
writing manifest file 'px4_ros_com.egg-info/SOURCES.txt'
[01m[K/home/hj926217/ros2ws/src/px4_ros_com/src/aruco_position_sub.cpp:173:126:[m[K [01;31m[Kerror: [m[Kstray ‘[01m[K@[m[K’ in program
  173 |   }ros2 run ros_gz_bridge parameter_bridge /world/default/model/x500_mono_cam_down_0/link/lidar_sensor_link/sensor/lidar/scan[01;31m[K@[m[Ksensor_msgs/msg/LaserScan@gz.msgs.LaserScan
      |                                                                                                                              [01;31m[K^[m[K
[01m[K/home/hj926217/ros2ws/src/px4_ros_com/src/aruco_position_sub.cpp:173:152:[m[K [01;31m[Kerror: [m[Kstray ‘[01m[K@[m[K’ in program
  173 |   }ros2 run ros_gz_bridge parameter_bridge /world/default/model/x500_mono_cam_down_0/link/lidar_sensor_link/sensor/lidar/scan@sensor_msgs/msg/LaserScan[01;31m[K@[m[Kgz.msgs.LaserScan
      |                                                                                                                                                        [01;31m[K^[m[K
[ 97%] Built target ament_cmake_python_build_px4_ros_com_egg
[01m[K/home/hj926217/ros2ws/src/px4_ros_com/src/aruco_position_sub.cpp:173:4:[m[K [01;31m[Kerror: [m[K‘[01m[Kros2[m[K’ does not name a type
  173 |   }[01;31m[Kros2[m[K run ros_gz_bridge parameter_bridge /world/default/model/x500_mono_cam_down_0/link/lidar_sensor_link/sensor/lidar/scan@sensor_msgs/msg/LaserScan@gz.msgs.LaserScan
      |    [01;31m[K^~~~[m[K
[01m[K/home/hj926217/ros2ws/src/px4_ros_com/src/aruco_position_sub.cpp:[m[K In member function ‘[01m[Kvoid OffboardControl::arucoPoseCb(geometry_msgs::msg::PoseStamped_<std::allocator<void> >::SharedPtr)[m[K’:
[01m[K/home/hj926217/ros2ws/src/px4_ros_com/src/aruco_position_sub.cpp:99:7:[m[K [01;31m[Kerror: [m[K‘[01m[Karm[m[K’ was not declared in this scope
   99 |       [01;31m[Karm[m[K();
      |       [01;31m[K^~~[m[K
gmake[2]: *** [CMakeFiles/aruco_position_sub.dir/build.make:76: CMakeFiles/aruco_position_sub.dir/src/aruco_position_sub.cpp.o] Error 1
gmake[1]: *** [CMakeFiles/Makefile2:484: CMakeFiles/aruco_position_sub.dir/all] Error 2
gmake: *** [Makefile:146: all] Error 2
