In file included from [01m[K/home/hj926217/ros2ws/src/px4_ros_com/src/examples/offboard/tf2_control.cpp:6[m[K:
[01m[K/opt/ros/humble/include/tf2_geometry_msgs/tf2_geometry_msgs/tf2_geometry_msgs.h:35:2:[m[K [01;35m[Kwarning: [m[K#warning This header is obsolete, please include tf2_geometry_msgs/tf2_geometry_msgs.hpp instead [[01;35m[K]8;;https://gcc.gnu.org/onlinedocs/gcc/Warning-Options.html#index-Wcpp-Wcpp]8;;[m[K]
   35 | #[01;35m[Kwarning[m[K This header is obsolete, please include tf2_geometry_msgs/tf2_geometry_msgs.hpp instead
      |  [01;35m[K^~~~~~~[m[K
[01m[K/home/hj926217/ros2ws/src/px4_ros_com/src/examples/offboard/tf2_control.cpp:[m[K In member function ‘[01m[Kvoid DynamicTFPublisher2D::broadcast_transform()[m[K’:
[01m[K/home/hj926217/ros2ws/src/px4_ros_com/src/examples/offboard/tf2_control.cpp:61:32:[m[K [01;31m[Kerror: [m[K‘[01m[Kusing element_type = struct px4_msgs::msg::VehicleLocalPosition_<std::allocator<void> >[m[K’ {aka ‘[01m[Kstruct px4_msgs::msg::VehicleLocalPosition_<std::allocator<void> >[m[K’} has no member named ‘[01m[Kq[m[K’
   61 |             vehicle_position_->[01;31m[Kq[m[K[0], vehicle_position_->q[1],
      |                                [01;31m[K^[m[K
[01m[K/home/hj926217/ros2ws/src/px4_ros_com/src/examples/offboard/tf2_control.cpp:61:57:[m[K [01;31m[Kerror: [m[K‘[01m[Kusing element_type = struct px4_msgs::msg::VehicleLocalPosition_<std::allocator<void> >[m[K’ {aka ‘[01m[Kstruct px4_msgs::msg::VehicleLocalPosition_<std::allocator<void> >[m[K’} has no member named ‘[01m[Kq[m[K’
   61 |             vehicle_position_->q[0], vehicle_position_->[01;31m[Kq[m[K[1],
      |                                                         [01;31m[K^[m[K
[01m[K/home/hj926217/ros2ws/src/px4_ros_com/src/examples/offboard/tf2_control.cpp:62:32:[m[K [01;31m[Kerror: [m[K‘[01m[Kusing element_type = struct px4_msgs::msg::VehicleLocalPosition_<std::allocator<void> >[m[K’ {aka ‘[01m[Kstruct px4_msgs::msg::VehicleLocalPosition_<std::allocator<void> >[m[K’} has no member named ‘[01m[Kq[m[K’
   62 |             vehicle_position_->[01;31m[Kq[m[K[2], vehicle_position_->q[3]
      |                                [01;31m[K^[m[K
[01m[K/home/hj926217/ros2ws/src/px4_ros_com/src/examples/offboard/tf2_control.cpp:62:57:[m[K [01;31m[Kerror: [m[K‘[01m[Kusing element_type = struct px4_msgs::msg::VehicleLocalPosition_<std::allocator<void> >[m[K’ {aka ‘[01m[Kstruct px4_msgs::msg::VehicleLocalPosition_<std::allocator<void> >[m[K’} has no member named ‘[01m[Kq[m[K’
   62 |             vehicle_position_->q[2], vehicle_position_->[01;31m[Kq[m[K[3]
      |                                                         [01;31m[K^[m[K
gmake[2]: *** [CMakeFiles/tf2_control.dir/build.make:76: CMakeFiles/tf2_control.dir/src/examples/offboard/tf2_control.cpp.o] Error 1
gmake[1]: *** [CMakeFiles/Makefile2:256: CMakeFiles/tf2_control.dir/all] Error 2
gmake: *** [Makefile:146: all] Error 2
