[0.020s] Invoking command in '/home/hj926217/ros2ws/build/px4_ros_com': CMAKE_PREFIX_PATH=/home/hj926217/ros2ws/install/px4_msgs:/home/hj926217/ros2ws/install/px4_ros_com:/opt/ros/humble LD_LIBRARY_PATH=/home/hj926217/ros2ws/install/px4_msgs/lib:/home/hj926217/ros2ws/install/px4_ros_com/lib:/opt/ros/humble/opt/rviz_ogre_vendor/lib:/opt/ros/humble/lib/x86_64-linux-gnu:/opt/ros/humble/lib:/usr/local/lib /usr/bin/cmake --build /home/hj926217/ros2ws/build/px4_ros_com -- -j16 -l16
[0.056s] -- Found ament_cmake: 1.3.12 (/opt/ros/humble/share/ament_cmake/cmake)
[0.270s] -- Found builtin_interfaces: 1.2.2 (/opt/ros/humble/share/builtin_interfaces/cmake)
[0.313s] -- Found rosidl_generator_c: 3.1.7 (/opt/ros/humble/share/rosidl_generator_c/cmake)
[0.317s] -- Found rosidl_adapter: 3.1.7 (/opt/ros/humble/share/rosidl_adapter/cmake)
[0.328s] -- Found rosidl_generator_cpp: 3.1.7 (/opt/ros/humble/share/rosidl_generator_cpp/cmake)
[0.348s] -- Using all available rosidl_typesupport_c: rosidl_typesupport_fastrtps_c;rosidl_typesupport_introspection_c
[0.373s] -- Using all available rosidl_typesupport_cpp: rosidl_typesupport_fastrtps_cpp;rosidl_typesupport_introspection_cpp
[0.390s] -- Found eigen3_cmake_module: 0.1.1 (/opt/ros/humble/share/eigen3_cmake_module/cmake)
[0.393s] -- Found geometry_msgs: 4.9.0 (/opt/ros/humble/share/geometry_msgs/cmake)
[0.428s] -- Found px4_msgs: 2.0.1 (/home/hj926217/aruco/install/px4_msgs/share/px4_msgs/cmake)
[0.452s] -- Found rclcpp: 16.0.15 (/opt/ros/humble/share/rclcpp/cmake)
[0.500s] -- Found rmw_implementation_cmake: 6.1.2 (/opt/ros/humble/share/rmw_implementation_cmake/cmake)
[0.503s] -- Found rmw_fastrtps_cpp: 6.2.9 (/opt/ros/humble/share/rmw_fastrtps_cpp/cmake)
[0.700s] -- Using RMW implementation 'rmw_fastrtps_cpp' as default
[0.764s] -- Found sensor_msgs: 4.9.0 (/opt/ros/humble/share/sensor_msgs/cmake)
[0.785s] -- Found rclpy: 3.3.17 (/opt/ros/humble/share/rclpy/cmake)
[0.785s] -- Found tf2: 0.25.16 (/opt/ros/humble/share/tf2/cmake)
[0.791s] -- Found tf2_ros: 0.25.16 (/opt/ros/humble/share/tf2_ros/cmake)
[0.944s] -- Found tf2_geometry_msgs: 0.25.16 (/opt/ros/humble/share/tf2_geometry_msgs/cmake)
[0.971s] -- Ensuring Eigen3 include directory is part of orocos-kdl CMake target
[0.991s] -- Found ament_lint_auto: 0.12.14 (/opt/ros/humble/share/ament_lint_auto/cmake)
[1.143s] -- Added test 'copyright' to check source files copyright and LICENSE
[1.153s] -- Added test 'cppcheck' to perform static code analysis on C / C++ code
[1.154s] -- Configured cppcheck include dirs: /home/hj926217/ros2ws/src/px4_ros_com/include;$<BUILD_INTERFACE:/home/hj926217/ros2ws/src/px4_ros_com/include/px4_ros_com>
[1.154s] -- Configured cppcheck exclude dirs and/or files: 
[1.162s] -- Added test 'cpplint' to check C / C++ code against the Google style
[1.163s] -- Configured cpplint exclude dirs and/or files: 
[1.164s] -- Added test 'flake8' to check Python code syntax and style conventions
[1.168s] -- Added test 'lint_cmake' to check CMake code style
[1.169s] -- Added test 'pep257' to check Python code against some of the docstring style conventions in PEP 257
[1.179s] -- Added test 'uncrustify' to check C / C++ code style
[1.179s] -- Configured uncrustify additional arguments: 
[1.181s] -- Added test 'xmllint' to check XML markup files
[1.184s] -- Configuring done
[1.244s] -- Generating done
[1.266s] -- Build files have been written to: /home/hj926217/ros2ws/build/px4_ros_com
[1.320s] [35m[1mConsolidate compiler generated dependencies of target sensor_combined_listener[0m
[1.322s] [35m[1mConsolidate compiler generated dependencies of target offboard_control[0m
[1.322s] [35m[1mConsolidate compiler generated dependencies of target vehicle_gps_position_listener[0m
[1.322s] [35m[1mConsolidate compiler generated dependencies of target frame_transforms[0m
[1.324s] [35m[1mConsolidate compiler generated dependencies of target tf2_control[0m
[1.328s] [35m[1mConsolidate compiler generated dependencies of target offboard_control_srv[0m
[1.333s] [35m[1mConsolidate compiler generated dependencies of target debug_vect_advertiser[0m
[1.358s] [ 14%] Built target frame_transforms
[1.360s] [ 42%] Built target offboard_control
[1.360s] [ 42%] Built target vehicle_gps_position_listener
[1.361s] [ 57%] Built target sensor_combined_listener
[1.362s] [ 64%] [32mBuilding CXX object CMakeFiles/tf2_control.dir/src/examples/offboard/tf2_control.cpp.o[0m
[1.370s] [ 78%] Built target offboard_control_srv
[1.373s] [ 92%] Built target debug_vect_advertiser
[1.374s] [ 92%] Built target ament_cmake_python_copy_px4_ros_com
[1.900s] In file included from [01m[K/home/hj926217/ros2ws/src/px4_ros_com/src/examples/offboard/tf2_control.cpp:6[m[K:
[1.900s] [01m[K/opt/ros/humble/include/tf2_geometry_msgs/tf2_geometry_msgs/tf2_geometry_msgs.h:35:2:[m[K [01;35m[Kwarning: [m[K#warning This header is obsolete, please include tf2_geometry_msgs/tf2_geometry_msgs.hpp instead [[01;35m[K]8;;https://gcc.gnu.org/onlinedocs/gcc/Warning-Options.html#index-Wcpp-Wcpp]8;;[m[K]
[1.900s]    35 | #[01;35m[Kwarning[m[K This header is obsolete, please include tf2_geometry_msgs/tf2_geometry_msgs.hpp instead
[1.901s]       |  [01;35m[K^~~~~~~[m[K
[2.024s] running egg_info
[2.026s] writing px4_ros_com.egg-info/PKG-INFO
[2.026s] writing dependency_links to px4_ros_com.egg-info/dependency_links.txt
[2.026s] writing top-level names to px4_ros_com.egg-info/top_level.txt
[2.032s] reading manifest file 'px4_ros_com.egg-info/SOURCES.txt'
[2.034s] writing manifest file 'px4_ros_com.egg-info/SOURCES.txt'
[2.090s] [ 92%] Built target ament_cmake_python_build_px4_ros_com_egg
[6.019s] [01m[K/home/hj926217/ros2ws/src/px4_ros_com/src/examples/offboard/tf2_control.cpp:[m[K In member function ‘[01m[Kvoid DynamicTFPublisher2D::broadcast_transform()[m[K’:
[6.020s] [01m[K/home/hj926217/ros2ws/src/px4_ros_com/src/examples/offboard/tf2_control.cpp:61:32:[m[K [01;31m[Kerror: [m[K‘[01m[Kusing element_type = struct px4_msgs::msg::VehicleLocalPosition_<std::allocator<void> >[m[K’ {aka ‘[01m[Kstruct px4_msgs::msg::VehicleLocalPosition_<std::allocator<void> >[m[K’} has no member named ‘[01m[Kq[m[K’
[6.020s]    61 |             vehicle_position_->[01;31m[Kq[m[K[0], vehicle_position_->q[1],
[6.020s]       |                                [01;31m[K^[m[K
[6.020s] [01m[K/home/hj926217/ros2ws/src/px4_ros_com/src/examples/offboard/tf2_control.cpp:61:57:[m[K [01;31m[Kerror: [m[K‘[01m[Kusing element_type = struct px4_msgs::msg::VehicleLocalPosition_<std::allocator<void> >[m[K’ {aka ‘[01m[Kstruct px4_msgs::msg::VehicleLocalPosition_<std::allocator<void> >[m[K’} has no member named ‘[01m[Kq[m[K’
[6.020s]    61 |             vehicle_position_->q[0], vehicle_position_->[01;31m[Kq[m[K[1],
[6.020s]       |                                                         [01;31m[K^[m[K
[6.020s] [01m[K/home/hj926217/ros2ws/src/px4_ros_com/src/examples/offboard/tf2_control.cpp:62:32:[m[K [01;31m[Kerror: [m[K‘[01m[Kusing element_type = struct px4_msgs::msg::VehicleLocalPosition_<std::allocator<void> >[m[K’ {aka ‘[01m[Kstruct px4_msgs::msg::VehicleLocalPosition_<std::allocator<void> >[m[K’} has no member named ‘[01m[Kq[m[K’
[6.020s]    62 |             vehicle_position_->[01;31m[Kq[m[K[2], vehicle_position_->q[3]
[6.021s]       |                                [01;31m[K^[m[K
[6.021s] [01m[K/home/hj926217/ros2ws/src/px4_ros_com/src/examples/offboard/tf2_control.cpp:62:57:[m[K [01;31m[Kerror: [m[K‘[01m[Kusing element_type = struct px4_msgs::msg::VehicleLocalPosition_<std::allocator<void> >[m[K’ {aka ‘[01m[Kstruct px4_msgs::msg::VehicleLocalPosition_<std::allocator<void> >[m[K’} has no member named ‘[01m[Kq[m[K’
[6.021s]    62 |             vehicle_position_->q[2], vehicle_position_->[01;31m[Kq[m[K[3]
[6.021s]       |                                                         [01;31m[K^[m[K
[9.995s] gmake[2]: *** [CMakeFiles/tf2_control.dir/build.make:76: CMakeFiles/tf2_control.dir/src/examples/offboard/tf2_control.cpp.o] Error 1
[9.995s] gmake[1]: *** [CMakeFiles/Makefile2:256: CMakeFiles/tf2_control.dir/all] Error 2
[9.995s] gmake: *** [Makefile:146: all] Error 2
[9.998s] Invoked command in '/home/hj926217/ros2ws/build/px4_ros_com' returned '2': CMAKE_PREFIX_PATH=/home/hj926217/ros2ws/install/px4_msgs:/home/hj926217/ros2ws/install/px4_ros_com:/opt/ros/humble LD_LIBRARY_PATH=/home/hj926217/ros2ws/install/px4_msgs/lib:/home/hj926217/ros2ws/install/px4_ros_com/lib:/opt/ros/humble/opt/rviz_ogre_vendor/lib:/opt/ros/humble/lib/x86_64-linux-gnu:/opt/ros/humble/lib:/usr/local/lib /usr/bin/cmake --build /home/hj926217/ros2ws/build/px4_ros_com -- -j16 -l16
