[0.034s] Invoking command in '/home/hj926217/ros2ws/build/px4_ros_com': CMAKE_PREFIX_PATH=/home/hj926217/ros2ws/install/px4_msgs:/home/hj926217/ros2ws/install/px4_ros_com:/home/hj926217/aruco/install/vision_opencv:/home/hj926217/aruco/install/vertiport_land:/home/hj926217/aruco/install/translation_node:/home/hj926217/aruco/install/precision_land:/home/hj926217/aruco/install/example_rover_velocity_mode_cpp:/home/hj926217/aruco/install/example_mode_with_executor_cpp:/home/hj926217/aruco/install/example_mode_vtol_cpp:/home/hj926217/aruco/install/example_mode_rtl_replacement_cpp:/home/hj926217/aruco/install/example_mode_mission_cpp:/home/hj926217/aruco/install/example_mode_manual_cpp:/home/hj926217/aruco/install/example_mode_goto_global_cpp:/home/hj926217/aruco/install/example_mode_goto_cpp:/home/hj926217/aruco/install/example_mode_fw_attitude_cpp:/home/hj926217/aruco/install/example_local_navigation_cpp:/home/hj926217/aruco/install/example_global_navigation_cpp:/home/hj926217/aruco/install/example_executor_with_multiple_modes_cpp:/home/hj926217/aruco/install/px4_ros2_cpp:/home/hj926217/aruco/install/px4_msgs_old:/home/hj926217/aruco/install/aruco_tracker:/home/hj926217/aruco/install/px4_msgs:/home/hj926217/aruco/install/image_geometry:/home/hj926217/aruco/install/cv_bridge:/home/hj926217/aruco/install/opencv_tests:/opt/ros/humble LD_LIBRARY_PATH=/home/hj926217/ros2ws/install/px4_msgs/lib:/home/hj926217/ros2ws/install/px4_ros_com/lib:/home/hj926217/aruco/install/translation_node/lib:/home/hj926217/aruco/install/px4_ros2_cpp/lib:/home/hj926217/aruco/install/px4_msgs_old/lib:/home/hj926217/aruco/install/px4_msgs/lib:/home/hj926217/aruco/install/image_geometry/lib:/home/hj926217/aruco/install/cv_bridge/lib:/opt/ros/humble/opt/rviz_ogre_vendor/lib:/opt/ros/humble/lib/x86_64-linux-gnu:/opt/ros/humble/lib:/usr/local/lib /usr/bin/cmake --build /home/hj926217/ros2ws/build/px4_ros_com -- -j16 -l16
[0.150s] [35m[1mConsolidate compiler generated dependencies of target aruco_position_sub[0m
[0.177s] [ 10%] Built target frame_transforms
[0.185s] [ 15%] [32mBuilding CXX object CMakeFiles/aruco_position_sub.dir/src/aruco_position_sub.cpp.o[0m
[0.188s] [ 25%] Built target tf2_control
[0.196s] [ 35%] Built target sensor_combined_listener
[0.196s] [ 35%] Built target ament_cmake_python_copy_px4_ros_com
[0.223s] [ 45%] Built target vehicle_gps_position_listener
[0.236s] [ 55%] Built target offboard_control_srv
[0.239s] [ 65%] Built target aruco_position_publisher_node
[0.247s] [ 75%] Built target offboard_control
[0.253s] [ 85%] Built target vertiport_land
[0.279s] [ 95%] Built target debug_vect_advertiser
[0.751s] running egg_info
[0.753s] writing px4_ros_com.egg-info/PKG-INFO
[0.754s] writing dependency_links to px4_ros_com.egg-info/dependency_links.txt
[0.754s] writing top-level names to px4_ros_com.egg-info/top_level.txt
[0.757s] reading manifest file 'px4_ros_com.egg-info/SOURCES.txt'
[0.758s] writing manifest file 'px4_ros_com.egg-info/SOURCES.txt'
[0.825s] [ 95%] Built target ament_cmake_python_build_px4_ros_com_egg
[30.086s] [100%] [32m[1mLinking CXX executable aruco_position_sub[0m
[31.595s] [100%] Built target aruco_position_sub
[31.628s] Invoked command in '/home/hj926217/ros2ws/build/px4_ros_com' returned '0': CMAKE_PREFIX_PATH=/home/hj926217/ros2ws/install/px4_msgs:/home/hj926217/ros2ws/install/px4_ros_com:/home/hj926217/aruco/install/vision_opencv:/home/hj926217/aruco/install/vertiport_land:/home/hj926217/aruco/install/translation_node:/home/hj926217/aruco/install/precision_land:/home/hj926217/aruco/install/example_rover_velocity_mode_cpp:/home/hj926217/aruco/install/example_mode_with_executor_cpp:/home/hj926217/aruco/install/example_mode_vtol_cpp:/home/hj926217/aruco/install/example_mode_rtl_replacement_cpp:/home/hj926217/aruco/install/example_mode_mission_cpp:/home/hj926217/aruco/install/example_mode_manual_cpp:/home/hj926217/aruco/install/example_mode_goto_global_cpp:/home/hj926217/aruco/install/example_mode_goto_cpp:/home/hj926217/aruco/install/example_mode_fw_attitude_cpp:/home/hj926217/aruco/install/example_local_navigation_cpp:/home/hj926217/aruco/install/example_global_navigation_cpp:/home/hj926217/aruco/install/example_executor_with_multiple_modes_cpp:/home/hj926217/aruco/install/px4_ros2_cpp:/home/hj926217/aruco/install/px4_msgs_old:/home/hj926217/aruco/install/aruco_tracker:/home/hj926217/aruco/install/px4_msgs:/home/hj926217/aruco/install/image_geometry:/home/hj926217/aruco/install/cv_bridge:/home/hj926217/aruco/install/opencv_tests:/opt/ros/humble LD_LIBRARY_PATH=/home/hj926217/ros2ws/install/px4_msgs/lib:/home/hj926217/ros2ws/install/px4_ros_com/lib:/home/hj926217/aruco/install/translation_node/lib:/home/hj926217/aruco/install/px4_ros2_cpp/lib:/home/hj926217/aruco/install/px4_msgs_old/lib:/home/hj926217/aruco/install/px4_msgs/lib:/home/hj926217/aruco/install/image_geometry/lib:/home/hj926217/aruco/install/cv_bridge/lib:/opt/ros/humble/opt/rviz_ogre_vendor/lib:/opt/ros/humble/lib/x86_64-linux-gnu:/opt/ros/humble/lib:/usr/local/lib /usr/bin/cmake --build /home/hj926217/ros2ws/build/px4_ros_com -- -j16 -l16
[31.678s] Invoking command in '/home/hj926217/ros2ws/build/px4_ros_com': CMAKE_PREFIX_PATH=/home/hj926217/ros2ws/install/px4_msgs:/home/hj926217/ros2ws/install/px4_ros_com:/home/hj926217/aruco/install/vision_opencv:/home/hj926217/aruco/install/vertiport_land:/home/hj926217/aruco/install/translation_node:/home/hj926217/aruco/install/precision_land:/home/hj926217/aruco/install/example_rover_velocity_mode_cpp:/home/hj926217/aruco/install/example_mode_with_executor_cpp:/home/hj926217/aruco/install/example_mode_vtol_cpp:/home/hj926217/aruco/install/example_mode_rtl_replacement_cpp:/home/hj926217/aruco/install/example_mode_mission_cpp:/home/hj926217/aruco/install/example_mode_manual_cpp:/home/hj926217/aruco/install/example_mode_goto_global_cpp:/home/hj926217/aruco/install/example_mode_goto_cpp:/home/hj926217/aruco/install/example_mode_fw_attitude_cpp:/home/hj926217/aruco/install/example_local_navigation_cpp:/home/hj926217/aruco/install/example_global_navigation_cpp:/home/hj926217/aruco/install/example_executor_with_multiple_modes_cpp:/home/hj926217/aruco/install/px4_ros2_cpp:/home/hj926217/aruco/install/px4_msgs_old:/home/hj926217/aruco/install/aruco_tracker:/home/hj926217/aruco/install/px4_msgs:/home/hj926217/aruco/install/image_geometry:/home/hj926217/aruco/install/cv_bridge:/home/hj926217/aruco/install/opencv_tests:/opt/ros/humble LD_LIBRARY_PATH=/home/hj926217/ros2ws/install/px4_msgs/lib:/home/hj926217/ros2ws/install/px4_ros_com/lib:/home/hj926217/aruco/install/translation_node/lib:/home/hj926217/aruco/install/px4_ros2_cpp/lib:/home/hj926217/aruco/install/px4_msgs_old/lib:/home/hj926217/aruco/install/px4_msgs/lib:/home/hj926217/aruco/install/image_geometry/lib:/home/hj926217/aruco/install/cv_bridge/lib:/opt/ros/humble/opt/rviz_ogre_vendor/lib:/opt/ros/humble/lib/x86_64-linux-gnu:/opt/ros/humble/lib:/usr/local/lib /usr/bin/cmake --install /home/hj926217/ros2ws/build/px4_ros_com
[31.694s] -- Install configuration: ""
[31.695s] -- Up-to-date: /home/hj926217/ros2ws/install/px4_ros_com/lib/px4_ros_com/sensor_combined_listener
[31.697s] -- Up-to-date: /home/hj926217/ros2ws/install/px4_ros_com/lib/px4_ros_com/vehicle_gps_position_listener
[31.698s] -- Up-to-date: /home/hj926217/ros2ws/install/px4_ros_com/lib/px4_ros_com/debug_vect_advertiser
[31.698s] -- Up-to-date: /home/hj926217/ros2ws/install/px4_ros_com/lib/px4_ros_com/tf2_control
[31.698s] -- Installing: /home/hj926217/ros2ws/install/px4_ros_com/lib/px4_ros_com/aruco_position_sub
[31.754s] -- Set runtime path of "/home/hj926217/ros2ws/install/px4_ros_com/lib/px4_ros_com/aruco_position_sub" to ""
[31.755s] -- Up-to-date: /home/hj926217/ros2ws/install/px4_ros_com/lib/px4_ros_com/vertiport_land
[31.758s] -- Up-to-date: /home/hj926217/ros2ws/install/px4_ros_com/lib/px4_ros_com/aruco_position_publisher_node
[31.760s] -- Up-to-date: /home/hj926217/ros2ws/install/px4_ros_com/lib/px4_ros_com/offboard_control
[31.764s] -- Up-to-date: /home/hj926217/ros2ws/install/px4_ros_com/lib/px4_ros_com/offboard_control_srv
[31.765s] -- Up-to-date: /home/hj926217/ros2ws/install/px4_ros_com/share/px4_ros_com/environment/library_path.sh
[31.765s] -- Up-to-date: /home/hj926217/ros2ws/install/px4_ros_com/share/px4_ros_com/environment/library_path.dsv
[31.765s] -- Up-to-date: /home/hj926217/ros2ws/install/px4_ros_com/include/px4_ros_com
[31.766s] -- Up-to-date: /home/hj926217/ros2ws/install/px4_ros_com/include/px4_ros_com/frame_transforms.h
[31.766s] -- Up-to-date: /home/hj926217/ros2ws/install/px4_ros_com/lib/libframe_transforms.so
[31.769s] -- Up-to-date: /home/hj926217/ros2ws/install/px4_ros_com/share/px4_ros_com//launch
[31.770s] -- Up-to-date: /home/hj926217/ros2ws/install/px4_ros_com/share/px4_ros_com//launch/rtab_points.launch.py
[31.771s] -- Up-to-date: /home/hj926217/ros2ws/install/px4_ros_com/share/px4_ros_com//launch/offboard_control_launch.yaml
[31.771s] -- Up-to-date: /home/hj926217/ros2ws/install/px4_ros_com/share/px4_ros_com//launch/sensor_combined_listener.launch.py
[31.772s] -- Up-to-date: /home/hj926217/ros2ws/install/px4_ros_com/share/px4_ros_com//test
[31.773s] -- Up-to-date: /home/hj926217/ros2ws/install/px4_ros_com/share/px4_ros_com//test/test_output.py
[31.774s] -- Up-to-date: /home/hj926217/ros2ws/install/px4_ros_com/share/px4_ros_com//test/__init__.py
[31.775s] -- Up-to-date: /home/hj926217/ros2ws/install/px4_ros_com/share/px4_ros_com//test/pipeline_io_test.py
[31.776s] -- Up-to-date: /home/hj926217/ros2ws/install/px4_ros_com/share/px4_ros_com//test/test_input.py
[31.777s] -- Up-to-date: /home/hj926217/ros2ws/install/px4_ros_com/share/px4_ros_com/environment/pythonpath.sh
[31.778s] -- Up-to-date: /home/hj926217/ros2ws/install/px4_ros_com/share/px4_ros_com/environment/pythonpath.dsv
[31.779s] -- Up-to-date: /home/hj926217/ros2ws/install/px4_ros_com/local/lib/python3.10/dist-packages/px4_ros_com-0.1.0-py3.10.egg-info
[31.780s] -- Installing: /home/hj926217/ros2ws/install/px4_ros_com/local/lib/python3.10/dist-packages/px4_ros_com-0.1.0-py3.10.egg-info/SOURCES.txt
[31.781s] -- Installing: /home/hj926217/ros2ws/install/px4_ros_com/local/lib/python3.10/dist-packages/px4_ros_com-0.1.0-py3.10.egg-info/PKG-INFO
[31.782s] -- Installing: /home/hj926217/ros2ws/install/px4_ros_com/local/lib/python3.10/dist-packages/px4_ros_com-0.1.0-py3.10.egg-info/top_level.txt
[31.782s] -- Installing: /home/hj926217/ros2ws/install/px4_ros_com/local/lib/python3.10/dist-packages/px4_ros_com-0.1.0-py3.10.egg-info/dependency_links.txt
[31.783s] -- Up-to-date: /home/hj926217/ros2ws/install/px4_ros_com/local/lib/python3.10/dist-packages/px4_ros_com
[31.784s] -- Up-to-date: /home/hj926217/ros2ws/install/px4_ros_com/local/lib/python3.10/dist-packages/px4_ros_com/module_to_import.py
[31.785s] -- Up-to-date: /home/hj926217/ros2ws/install/px4_ros_com/local/lib/python3.10/dist-packages/px4_ros_com/__init__.py
[31.846s] Listing '/home/hj926217/ros2ws/install/px4_ros_com/local/lib/python3.10/dist-packages/px4_ros_com'...
[31.857s] -- Up-to-date: /home/hj926217/ros2ws/install/px4_ros_com/lib/px4_ros_com/offboard_control.py
[31.857s] -- Up-to-date: /home/hj926217/ros2ws/install/px4_ros_com/share/ament_index/resource_index/package_run_dependencies/px4_ros_com
[31.858s] -- Up-to-date: /home/hj926217/ros2ws/install/px4_ros_com/share/ament_index/resource_index/parent_prefix_path/px4_ros_com
[31.858s] -- Up-to-date: /home/hj926217/ros2ws/install/px4_ros_com/share/px4_ros_com/environment/ament_prefix_path.sh
[31.858s] -- Up-to-date: /home/hj926217/ros2ws/install/px4_ros_com/share/px4_ros_com/environment/ament_prefix_path.dsv
[31.859s] -- Up-to-date: /home/hj926217/ros2ws/install/px4_ros_com/share/px4_ros_com/environment/path.sh
[31.859s] -- Up-to-date: /home/hj926217/ros2ws/install/px4_ros_com/share/px4_ros_com/environment/path.dsv
[31.859s] -- Up-to-date: /home/hj926217/ros2ws/install/px4_ros_com/share/px4_ros_com/local_setup.bash
[31.860s] -- Up-to-date: /home/hj926217/ros2ws/install/px4_ros_com/share/px4_ros_com/local_setup.sh
[31.860s] -- Up-to-date: /home/hj926217/ros2ws/install/px4_ros_com/share/px4_ros_com/local_setup.zsh
[31.861s] -- Up-to-date: /home/hj926217/ros2ws/install/px4_ros_com/share/px4_ros_com/local_setup.dsv
[31.861s] -- Installing: /home/hj926217/ros2ws/install/px4_ros_com/share/px4_ros_com/package.dsv
[31.863s] -- Up-to-date: /home/hj926217/ros2ws/install/px4_ros_com/share/ament_index/resource_index/packages/px4_ros_com
[31.865s] -- Up-to-date: /home/hj926217/ros2ws/install/px4_ros_com/share/px4_ros_com/cmake/export_frame_transformsExport.cmake
[31.865s] -- Up-to-date: /home/hj926217/ros2ws/install/px4_ros_com/share/px4_ros_com/cmake/export_frame_transformsExport-noconfig.cmake
[31.866s] -- Up-to-date: /home/hj926217/ros2ws/install/px4_ros_com/share/px4_ros_com/cmake/ament_cmake_export_dependencies-extras.cmake
[31.866s] -- Up-to-date: /home/hj926217/ros2ws/install/px4_ros_com/share/px4_ros_com/cmake/ament_cmake_export_targets-extras.cmake
[31.866s] -- Up-to-date: /home/hj926217/ros2ws/install/px4_ros_com/share/px4_ros_com/cmake/ament_cmake_export_include_directories-extras.cmake
[31.866s] -- Up-to-date: /home/hj926217/ros2ws/install/px4_ros_com/share/px4_ros_com/cmake/ament_cmake_export_libraries-extras.cmake
[31.866s] -- Up-to-date: /home/hj926217/ros2ws/install/px4_ros_com/share/px4_ros_com/cmake/px4_ros_comConfig.cmake
[31.866s] -- Up-to-date: /home/hj926217/ros2ws/install/px4_ros_com/share/px4_ros_com/cmake/px4_ros_comConfig-version.cmake
[31.866s] -- Up-to-date: /home/hj926217/ros2ws/install/px4_ros_com/share/px4_ros_com/package.xml
[31.870s] Invoked command in '/home/hj926217/ros2ws/build/px4_ros_com' returned '0': CMAKE_PREFIX_PATH=/home/hj926217/ros2ws/install/px4_msgs:/home/hj926217/ros2ws/install/px4_ros_com:/home/hj926217/aruco/install/vision_opencv:/home/hj926217/aruco/install/vertiport_land:/home/hj926217/aruco/install/translation_node:/home/hj926217/aruco/install/precision_land:/home/hj926217/aruco/install/example_rover_velocity_mode_cpp:/home/hj926217/aruco/install/example_mode_with_executor_cpp:/home/hj926217/aruco/install/example_mode_vtol_cpp:/home/hj926217/aruco/install/example_mode_rtl_replacement_cpp:/home/hj926217/aruco/install/example_mode_mission_cpp:/home/hj926217/aruco/install/example_mode_manual_cpp:/home/hj926217/aruco/install/example_mode_goto_global_cpp:/home/hj926217/aruco/install/example_mode_goto_cpp:/home/hj926217/aruco/install/example_mode_fw_attitude_cpp:/home/hj926217/aruco/install/example_local_navigation_cpp:/home/hj926217/aruco/install/example_global_navigation_cpp:/home/hj926217/aruco/install/example_executor_with_multiple_modes_cpp:/home/hj926217/aruco/install/px4_ros2_cpp:/home/hj926217/aruco/install/px4_msgs_old:/home/hj926217/aruco/install/aruco_tracker:/home/hj926217/aruco/install/px4_msgs:/home/hj926217/aruco/install/image_geometry:/home/hj926217/aruco/install/cv_bridge:/home/hj926217/aruco/install/opencv_tests:/opt/ros/humble LD_LIBRARY_PATH=/home/hj926217/ros2ws/install/px4_msgs/lib:/home/hj926217/ros2ws/install/px4_ros_com/lib:/home/hj926217/aruco/install/translation_node/lib:/home/hj926217/aruco/install/px4_ros2_cpp/lib:/home/hj926217/aruco/install/px4_msgs_old/lib:/home/hj926217/aruco/install/px4_msgs/lib:/home/hj926217/aruco/install/image_geometry/lib:/home/hj926217/aruco/install/cv_bridge/lib:/opt/ros/humble/opt/rviz_ogre_vendor/lib:/opt/ros/humble/lib/x86_64-linux-gnu:/opt/ros/humble/lib:/usr/local/lib /usr/bin/cmake --install /home/hj926217/ros2ws/build/px4_ros_com
