[0.204s] DEBUG:colcon:Command line arguments: ['/usr/bin/colcon', 'build', '--packages-select', 'px4_ros_com']
[0.204s] DEBUG:colcon:Parsed command line arguments: Namespace(log_base=None, log_level=None, verb_name='build', build_base='build', install_base='install', merge_install=False, symlink_install=False, test_result_base=None, continue_on_error=False, executor='parallel', parallel_workers=16, event_handlers=None, ignore_user_meta=False, metas=['./colcon.meta'], base_paths=['.'], packages_ignore=None, packages_ignore_regex=None, paths=None, packages_up_to=None, packages_up_to_regex=None, packages_above=None, packages_above_and_dependencies=None, packages_above_depth=None, packages_select_by_dep=None, packages_skip_by_dep=None, packages_skip_up_to=None, packages_select_build_failed=False, packages_skip_build_finished=False, packages_select_test_failures=False, packages_skip_test_passed=False, packages_select=['px4_ros_com'], packages_skip=None, packages_select_regex=None, packages_skip_regex=None, packages_start=None, packages_end=None, allow_overriding=[], cmake_args=None, cmake_target=None, cmake_target_skip_unavailable=False, cmake_clean_cache=False, cmake_clean_first=False, cmake_force_configure=False, ament_cmake_args=None, catkin_cmake_args=None, catkin_skip_building_tests=False, mixin_files=None, mixin=None, verb_parser=<colcon_mixin.mixin.mixin_argument.MixinArgumentDecorator object at 0x7f8f4b59d870>, verb_extension=<colcon_core.verb.build.BuildVerb object at 0x7f8f4b51f340>, main=<bound method BuildVerb.main of <colcon_core.verb.build.BuildVerb object at 0x7f8f4b51f340>>, mixin_verb=('build',))
[0.427s] Level 1:colcon.colcon_core.package_discovery:discover_packages(colcon_meta) check parameters
[0.427s] Level 1:colcon.colcon_core.package_discovery:discover_packages(recursive) check parameters
[0.427s] Level 1:colcon.colcon_core.package_discovery:discover_packages(ignore) check parameters
[0.427s] Level 1:colcon.colcon_core.package_discovery:discover_packages(path) check parameters
[0.427s] Level 1:colcon.colcon_core.package_discovery:discover_packages(colcon_meta) discover
[0.427s] Level 1:colcon.colcon_core.package_discovery:discover_packages(recursive) discover
[0.427s] INFO:colcon.colcon_core.package_discovery:Crawling recursively for packages in '/home/hj926217/ros2ws'
[0.428s] Level 1:colcon.colcon_core.package_identification:_identify(.) by extensions ['ignore', 'ignore_ament_install']
[0.428s] Level 1:colcon.colcon_core.package_identification:_identify(.) by extension 'ignore'
[0.428s] Level 1:colcon.colcon_core.package_identification:_identify(.) by extension 'ignore_ament_install'
[0.428s] Level 1:colcon.colcon_core.package_identification:_identify(.) by extensions ['colcon_pkg']
[0.428s] Level 1:colcon.colcon_core.package_identification:_identify(.) by extension 'colcon_pkg'
[0.428s] Level 1:colcon.colcon_core.package_identification:_identify(.) by extensions ['colcon_meta']
[0.428s] Level 1:colcon.colcon_core.package_identification:_identify(.) by extension 'colcon_meta'
[0.428s] Level 1:colcon.colcon_core.package_identification:_identify(.) by extensions ['ros']
[0.428s] Level 1:colcon.colcon_core.package_identification:_identify(.) by extension 'ros'
[0.447s] Level 1:colcon.colcon_core.package_identification:_identify(.) by extensions ['cmake', 'python']
[0.447s] Level 1:colcon.colcon_core.package_identification:_identify(.) by extension 'cmake'
[0.447s] Level 1:colcon.colcon_core.package_identification:_identify(.) by extension 'python'
[0.447s] Level 1:colcon.colcon_core.package_identification:_identify(.) by extensions ['python_setup_py']
[0.447s] Level 1:colcon.colcon_core.package_identification:_identify(.) by extension 'python_setup_py'
[0.448s] Level 1:colcon.colcon_core.package_identification:_identify(build) by extensions ['ignore', 'ignore_ament_install']
[0.448s] Level 1:colcon.colcon_core.package_identification:_identify(build) by extension 'ignore'
[0.448s] Level 1:colcon.colcon_core.package_identification:_identify(build) ignored
[0.448s] Level 1:colcon.colcon_core.package_identification:_identify(install) by extensions ['ignore', 'ignore_ament_install']
[0.448s] Level 1:colcon.colcon_core.package_identification:_identify(install) by extension 'ignore'
[0.448s] Level 1:colcon.colcon_core.package_identification:_identify(install) ignored
[0.448s] Level 1:colcon.colcon_core.package_identification:_identify(log) by extensions ['ignore', 'ignore_ament_install']
[0.448s] Level 1:colcon.colcon_core.package_identification:_identify(log) by extension 'ignore'
[0.448s] Level 1:colcon.colcon_core.package_identification:_identify(log) ignored
[0.448s] Level 1:colcon.colcon_core.package_identification:_identify(src) by extensions ['ignore', 'ignore_ament_install']
[0.449s] Level 1:colcon.colcon_core.package_identification:_identify(src) by extension 'ignore'
[0.449s] Level 1:colcon.colcon_core.package_identification:_identify(src) by extension 'ignore_ament_install'
[0.449s] Level 1:colcon.colcon_core.package_identification:_identify(src) by extensions ['colcon_pkg']
[0.449s] Level 1:colcon.colcon_core.package_identification:_identify(src) by extension 'colcon_pkg'
[0.449s] Level 1:colcon.colcon_core.package_identification:_identify(src) by extensions ['colcon_meta']
[0.449s] Level 1:colcon.colcon_core.package_identification:_identify(src) by extension 'colcon_meta'
[0.449s] Level 1:colcon.colcon_core.package_identification:_identify(src) by extensions ['ros']
[0.449s] Level 1:colcon.colcon_core.package_identification:_identify(src) by extension 'ros'
[0.449s] Level 1:colcon.colcon_core.package_identification:_identify(src) by extensions ['cmake', 'python']
[0.449s] Level 1:colcon.colcon_core.package_identification:_identify(src) by extension 'cmake'
[0.449s] Level 1:colcon.colcon_core.package_identification:_identify(src) by extension 'python'
[0.449s] Level 1:colcon.colcon_core.package_identification:_identify(src) by extensions ['python_setup_py']
[0.449s] Level 1:colcon.colcon_core.package_identification:_identify(src) by extension 'python_setup_py'
[0.449s] Level 1:colcon.colcon_core.package_identification:_identify(src/nmpc_uav_avoidance) by extensions ['ignore', 'ignore_ament_install']
[0.449s] Level 1:colcon.colcon_core.package_identification:_identify(src/nmpc_uav_avoidance) by extension 'ignore'
[0.449s] Level 1:colcon.colcon_core.package_identification:_identify(src/nmpc_uav_avoidance) by extension 'ignore_ament_install'
[0.449s] Level 1:colcon.colcon_core.package_identification:_identify(src/nmpc_uav_avoidance) by extensions ['colcon_pkg']
[0.449s] Level 1:colcon.colcon_core.package_identification:_identify(src/nmpc_uav_avoidance) by extension 'colcon_pkg'
[0.449s] Level 1:colcon.colcon_core.package_identification:_identify(src/nmpc_uav_avoidance) by extensions ['colcon_meta']
[0.449s] Level 1:colcon.colcon_core.package_identification:_identify(src/nmpc_uav_avoidance) by extension 'colcon_meta'
[0.449s] Level 1:colcon.colcon_core.package_identification:_identify(src/nmpc_uav_avoidance) by extensions ['ros']
[0.449s] Level 1:colcon.colcon_core.package_identification:_identify(src/nmpc_uav_avoidance) by extension 'ros'
[0.453s] DEBUG:colcon.colcon_core.package_identification:Package 'src/nmpc_uav_avoidance' with type 'ros.ament_cmake' and name 'nmpc_uav_avoidance'
[0.453s] Level 1:colcon.colcon_core.package_identification:_identify(src/px4_msgs) by extensions ['ignore', 'ignore_ament_install']
[0.453s] Level 1:colcon.colcon_core.package_identification:_identify(src/px4_msgs) by extension 'ignore'
[0.453s] Level 1:colcon.colcon_core.package_identification:_identify(src/px4_msgs) by extension 'ignore_ament_install'
[0.453s] Level 1:colcon.colcon_core.package_identification:_identify(src/px4_msgs) by extensions ['colcon_pkg']
[0.453s] Level 1:colcon.colcon_core.package_identification:_identify(src/px4_msgs) by extension 'colcon_pkg'
[0.453s] Level 1:colcon.colcon_core.package_identification:_identify(src/px4_msgs) by extensions ['colcon_meta']
[0.453s] Level 1:colcon.colcon_core.package_identification:_identify(src/px4_msgs) by extension 'colcon_meta'
[0.453s] Level 1:colcon.colcon_core.package_identification:_identify(src/px4_msgs) by extensions ['ros']
[0.453s] Level 1:colcon.colcon_core.package_identification:_identify(src/px4_msgs) by extension 'ros'
[0.454s] DEBUG:colcon.colcon_core.package_identification:Package 'src/px4_msgs' with type 'ros.ament_cmake' and name 'px4_msgs'
[0.454s] Level 1:colcon.colcon_core.package_identification:_identify(src/px4_ros_com) by extensions ['ignore', 'ignore_ament_install']
[0.454s] Level 1:colcon.colcon_core.package_identification:_identify(src/px4_ros_com) by extension 'ignore'
[0.454s] Level 1:colcon.colcon_core.package_identification:_identify(src/px4_ros_com) by extension 'ignore_ament_install'
[0.455s] Level 1:colcon.colcon_core.package_identification:_identify(src/px4_ros_com) by extensions ['colcon_pkg']
[0.455s] Level 1:colcon.colcon_core.package_identification:_identify(src/px4_ros_com) by extension 'colcon_pkg'
[0.455s] Level 1:colcon.colcon_core.package_identification:_identify(src/px4_ros_com) by extensions ['colcon_meta']
[0.455s] Level 1:colcon.colcon_core.package_identification:_identify(src/px4_ros_com) by extension 'colcon_meta'
[0.455s] Level 1:colcon.colcon_core.package_identification:_identify(src/px4_ros_com) by extensions ['ros']
[0.455s] Level 1:colcon.colcon_core.package_identification:_identify(src/px4_ros_com) by extension 'ros'
[0.457s] DEBUG:colcon.colcon_core.package_identification:Package 'src/px4_ros_com' with type 'ros.ament_cmake' and name 'px4_ros_com'
[0.457s] Level 1:colcon.colcon_core.package_discovery:discover_packages(recursive) using defaults
[0.457s] Level 1:colcon.colcon_core.package_discovery:discover_packages(ignore) discover
[0.457s] Level 1:colcon.colcon_core.package_discovery:discover_packages(ignore) using defaults
[0.457s] Level 1:colcon.colcon_core.package_discovery:discover_packages(path) discover
[0.457s] Level 1:colcon.colcon_core.package_discovery:discover_packages(path) using defaults
[0.483s] INFO:colcon.colcon_core.package_selection:Skipping not selected package 'px4_msgs' in 'src/px4_msgs'
[0.483s] INFO:colcon.colcon_core.package_selection:Skipping not selected package 'nmpc_uav_avoidance' in 'src/nmpc_uav_avoidance'
[0.483s] Level 1:colcon.colcon_core.package_discovery:discover_packages(prefix_path) check parameters
[0.483s] Level 1:colcon.colcon_core.package_discovery:discover_packages(prefix_path) discover
[0.487s] DEBUG:colcon.colcon_installed_package_information.package_discovery:Found 407 installed packages in /opt/ros/humble
[0.489s] Level 1:colcon.colcon_core.package_discovery:discover_packages(prefix_path) using defaults
[0.533s] Level 5:colcon.colcon_core.verb:set package 'px4_ros_com' build argument 'cmake_args' from command line to 'None'
[0.533s] Level 5:colcon.colcon_core.verb:set package 'px4_ros_com' build argument 'cmake_target' from command line to 'None'
[0.533s] Level 5:colcon.colcon_core.verb:set package 'px4_ros_com' build argument 'cmake_target_skip_unavailable' from command line to 'False'
[0.533s] Level 5:colcon.colcon_core.verb:set package 'px4_ros_com' build argument 'cmake_clean_cache' from command line to 'False'
[0.533s] Level 5:colcon.colcon_core.verb:set package 'px4_ros_com' build argument 'cmake_clean_first' from command line to 'False'
[0.533s] Level 5:colcon.colcon_core.verb:set package 'px4_ros_com' build argument 'cmake_force_configure' from command line to 'False'
[0.533s] Level 5:colcon.colcon_core.verb:set package 'px4_ros_com' build argument 'ament_cmake_args' from command line to 'None'
[0.533s] Level 5:colcon.colcon_core.verb:set package 'px4_ros_com' build argument 'catkin_cmake_args' from command line to 'None'
[0.533s] Level 5:colcon.colcon_core.verb:set package 'px4_ros_com' build argument 'catkin_skip_building_tests' from command line to 'False'
[0.533s] DEBUG:colcon.colcon_core.verb:Building package 'px4_ros_com' with the following arguments: {'ament_cmake_args': None, 'build_base': '/home/hj926217/ros2ws/build/px4_ros_com', 'catkin_cmake_args': None, 'catkin_skip_building_tests': False, 'cmake_args': None, 'cmake_clean_cache': False, 'cmake_clean_first': False, 'cmake_force_configure': False, 'cmake_target': None, 'cmake_target_skip_unavailable': False, 'install_base': '/home/hj926217/ros2ws/install/px4_ros_com', 'merge_install': False, 'path': '/home/hj926217/ros2ws/src/px4_ros_com', 'symlink_install': False, 'test_result_base': None}
[0.533s] INFO:colcon.colcon_core.executor:Executing jobs using 'parallel' executor
[0.534s] DEBUG:colcon.colcon_parallel_executor.executor.parallel:run_until_complete
[0.535s] INFO:colcon.colcon_ros.task.ament_cmake.build:Building ROS package in '/home/hj926217/ros2ws/src/px4_ros_com' with build type 'ament_cmake'
[0.535s] INFO:colcon.colcon_cmake.task.cmake.build:Building CMake package in '/home/hj926217/ros2ws/src/px4_ros_com'
[0.538s] INFO:colcon.colcon_core.plugin_system:Skipping extension 'colcon_core.shell.bat': Not used on non-Windows systems
[0.538s] INFO:colcon.colcon_core.shell:Skip shell extension 'powershell' for command environment: Not usable outside of PowerShell
[0.538s] DEBUG:colcon.colcon_core.shell:Skip shell extension 'dsv' for command environment
[0.551s] DEBUG:colcon.colcon_core.event_handler.log_command:Invoking command in '/home/hj926217/ros2ws/build/px4_ros_com': AMENT_PREFIX_PATH=/home/hj926217/ros2ws/install/px4_msgs:${AMENT_PREFIX_PATH} CMAKE_PREFIX_PATH=/home/hj926217/ros2ws/install/px4_msgs:/opt/ros/humble LD_LIBRARY_PATH=/home/hj926217/ros2ws/install/px4_msgs/lib:${LD_LIBRARY_PATH} PYTHONPATH=/home/hj926217/ros2ws/install/px4_msgs/local/lib/python3.10/dist-packages:${PYTHONPATH} /usr/bin/cmake --build /home/hj926217/ros2ws/build/px4_ros_com -- -j16 -l16
[19.246s] DEBUG:colcon.colcon_core.event_handler.log_command:Invoked command in '/home/hj926217/ros2ws/build/px4_ros_com' returned '0': AMENT_PREFIX_PATH=/home/hj926217/ros2ws/install/px4_msgs:${AMENT_PREFIX_PATH} CMAKE_PREFIX_PATH=/home/hj926217/ros2ws/install/px4_msgs:/opt/ros/humble LD_LIBRARY_PATH=/home/hj926217/ros2ws/install/px4_msgs/lib:${LD_LIBRARY_PATH} PYTHONPATH=/home/hj926217/ros2ws/install/px4_msgs/local/lib/python3.10/dist-packages:${PYTHONPATH} /usr/bin/cmake --build /home/hj926217/ros2ws/build/px4_ros_com -- -j16 -l16
[19.258s] DEBUG:colcon.colcon_core.event_handler.log_command:Invoking command in '/home/hj926217/ros2ws/build/px4_ros_com': AMENT_PREFIX_PATH=/home/hj926217/ros2ws/install/px4_msgs:${AMENT_PREFIX_PATH} CMAKE_PREFIX_PATH=/home/hj926217/ros2ws/install/px4_msgs:/opt/ros/humble LD_LIBRARY_PATH=/home/hj926217/ros2ws/install/px4_msgs/lib:${LD_LIBRARY_PATH} PYTHONPATH=/home/hj926217/ros2ws/install/px4_msgs/local/lib/python3.10/dist-packages:${PYTHONPATH} /usr/bin/cmake --install /home/hj926217/ros2ws/build/px4_ros_com
[19.346s] Level 1:colcon.colcon_core.environment:create_environment_scripts_only(px4_ros_com)
[19.347s] DEBUG:colcon.colcon_core.event_handler.log_command:Invoked command in '/home/hj926217/ros2ws/build/px4_ros_com' returned '0': AMENT_PREFIX_PATH=/home/hj926217/ros2ws/install/px4_msgs:${AMENT_PREFIX_PATH} CMAKE_PREFIX_PATH=/home/hj926217/ros2ws/install/px4_msgs:/opt/ros/humble LD_LIBRARY_PATH=/home/hj926217/ros2ws/install/px4_msgs/lib:${LD_LIBRARY_PATH} PYTHONPATH=/home/hj926217/ros2ws/install/px4_msgs/local/lib/python3.10/dist-packages:${PYTHONPATH} /usr/bin/cmake --install /home/hj926217/ros2ws/build/px4_ros_com
[19.354s] Level 1:colcon.colcon_core.environment:checking '/home/hj926217/ros2ws/install/px4_ros_com' for CMake module files
[19.354s] Level 1:colcon.colcon_core.environment:checking '/home/hj926217/ros2ws/install/px4_ros_com' for CMake config files
[19.355s] Level 1:colcon.colcon_core.shell:create_environment_hook('px4_ros_com', 'cmake_prefix_path')
[19.355s] INFO:colcon.colcon_core.shell:Creating environment hook '/home/hj926217/ros2ws/install/px4_ros_com/share/px4_ros_com/hook/cmake_prefix_path.ps1'
[19.356s] INFO:colcon.colcon_core.shell:Creating environment descriptor '/home/hj926217/ros2ws/install/px4_ros_com/share/px4_ros_com/hook/cmake_prefix_path.dsv'
[19.357s] INFO:colcon.colcon_core.shell:Creating environment hook '/home/hj926217/ros2ws/install/px4_ros_com/share/px4_ros_com/hook/cmake_prefix_path.sh'
[19.358s] Level 1:colcon.colcon_core.environment:checking '/home/hj926217/ros2ws/install/px4_ros_com/lib'
[19.358s] Level 1:colcon.colcon_core.shell:create_environment_hook('px4_ros_com', 'ld_library_path_lib')
[19.359s] INFO:colcon.colcon_core.shell:Creating environment hook '/home/hj926217/ros2ws/install/px4_ros_com/share/px4_ros_com/hook/ld_library_path_lib.ps1'
[19.359s] INFO:colcon.colcon_core.shell:Creating environment descriptor '/home/hj926217/ros2ws/install/px4_ros_com/share/px4_ros_com/hook/ld_library_path_lib.dsv'
[19.359s] INFO:colcon.colcon_core.shell:Creating environment hook '/home/hj926217/ros2ws/install/px4_ros_com/share/px4_ros_com/hook/ld_library_path_lib.sh'
[19.360s] Level 1:colcon.colcon_core.environment:checking '/home/hj926217/ros2ws/install/px4_ros_com/bin'
[19.360s] Level 1:colcon.colcon_core.environment:checking '/home/hj926217/ros2ws/install/px4_ros_com/lib/pkgconfig/px4_ros_com.pc'
[19.360s] Level 1:colcon.colcon_core.environment:checking '/home/hj926217/ros2ws/install/px4_ros_com/lib/python3.10/site-packages'
[19.361s] Level 1:colcon.colcon_core.environment:checking '/home/hj926217/ros2ws/install/px4_ros_com/bin'
[19.361s] INFO:colcon.colcon_core.shell:Creating package script '/home/hj926217/ros2ws/install/px4_ros_com/share/px4_ros_com/package.ps1'
[19.362s] INFO:colcon.colcon_core.shell:Creating package descriptor '/home/hj926217/ros2ws/install/px4_ros_com/share/px4_ros_com/package.dsv'
[19.363s] INFO:colcon.colcon_core.shell:Creating package script '/home/hj926217/ros2ws/install/px4_ros_com/share/px4_ros_com/package.sh'
[19.364s] INFO:colcon.colcon_core.shell:Creating package script '/home/hj926217/ros2ws/install/px4_ros_com/share/px4_ros_com/package.bash'
[19.366s] INFO:colcon.colcon_core.shell:Creating package script '/home/hj926217/ros2ws/install/px4_ros_com/share/px4_ros_com/package.zsh'
[19.367s] Level 1:colcon.colcon_core.environment:create_file_with_runtime_dependencies(/home/hj926217/ros2ws/install/px4_ros_com/share/colcon-core/packages/px4_ros_com)
[19.368s] Level 1:colcon.colcon_core.environment:create_environment_scripts_only(px4_ros_com)
[19.369s] Level 1:colcon.colcon_core.environment:checking '/home/hj926217/ros2ws/install/px4_ros_com' for CMake module files
[19.370s] Level 1:colcon.colcon_core.environment:checking '/home/hj926217/ros2ws/install/px4_ros_com' for CMake config files
[19.370s] Level 1:colcon.colcon_core.shell:create_environment_hook('px4_ros_com', 'cmake_prefix_path')
[19.370s] INFO:colcon.colcon_core.shell:Creating environment hook '/home/hj926217/ros2ws/install/px4_ros_com/share/px4_ros_com/hook/cmake_prefix_path.ps1'
[19.371s] INFO:colcon.colcon_core.shell:Creating environment descriptor '/home/hj926217/ros2ws/install/px4_ros_com/share/px4_ros_com/hook/cmake_prefix_path.dsv'
[19.372s] INFO:colcon.colcon_core.shell:Creating environment hook '/home/hj926217/ros2ws/install/px4_ros_com/share/px4_ros_com/hook/cmake_prefix_path.sh'
[19.372s] Level 1:colcon.colcon_core.environment:checking '/home/hj926217/ros2ws/install/px4_ros_com/lib'
[19.373s] Level 1:colcon.colcon_core.shell:create_environment_hook('px4_ros_com', 'ld_library_path_lib')
[19.373s] INFO:colcon.colcon_core.shell:Creating environment hook '/home/hj926217/ros2ws/install/px4_ros_com/share/px4_ros_com/hook/ld_library_path_lib.ps1'
[19.373s] INFO:colcon.colcon_core.shell:Creating environment descriptor '/home/hj926217/ros2ws/install/px4_ros_com/share/px4_ros_com/hook/ld_library_path_lib.dsv'
[19.374s] INFO:colcon.colcon_core.shell:Creating environment hook '/home/hj926217/ros2ws/install/px4_ros_com/share/px4_ros_com/hook/ld_library_path_lib.sh'
[19.374s] Level 1:colcon.colcon_core.environment:checking '/home/hj926217/ros2ws/install/px4_ros_com/bin'
[19.375s] Level 1:colcon.colcon_core.environment:checking '/home/hj926217/ros2ws/install/px4_ros_com/lib/pkgconfig/px4_ros_com.pc'
[19.375s] Level 1:colcon.colcon_core.environment:checking '/home/hj926217/ros2ws/install/px4_ros_com/lib/python3.10/site-packages'
[19.376s] Level 1:colcon.colcon_core.environment:checking '/home/hj926217/ros2ws/install/px4_ros_com/bin'
[19.376s] INFO:colcon.colcon_core.shell:Creating package script '/home/hj926217/ros2ws/install/px4_ros_com/share/px4_ros_com/package.ps1'
[19.377s] INFO:colcon.colcon_core.shell:Creating package descriptor '/home/hj926217/ros2ws/install/px4_ros_com/share/px4_ros_com/package.dsv'
[19.378s] INFO:colcon.colcon_core.shell:Creating package script '/home/hj926217/ros2ws/install/px4_ros_com/share/px4_ros_com/package.sh'
[19.378s] INFO:colcon.colcon_core.shell:Creating package script '/home/hj926217/ros2ws/install/px4_ros_com/share/px4_ros_com/package.bash'
[19.379s] INFO:colcon.colcon_core.shell:Creating package script '/home/hj926217/ros2ws/install/px4_ros_com/share/px4_ros_com/package.zsh'
[19.379s] Level 1:colcon.colcon_core.environment:create_file_with_runtime_dependencies(/home/hj926217/ros2ws/install/px4_ros_com/share/colcon-core/packages/px4_ros_com)
[19.380s] DEBUG:colcon.colcon_parallel_executor.executor.parallel:closing loop
[19.380s] DEBUG:colcon.colcon_parallel_executor.executor.parallel:loop closed
[19.380s] DEBUG:colcon.colcon_parallel_executor.executor.parallel:run_until_complete finished with '0'
[19.380s] DEBUG:colcon.colcon_core.event_reactor:joining thread
[19.387s] INFO:colcon.colcon_core.plugin_system:Skipping extension 'colcon_notification.desktop_notification.terminal_notifier': Not used on non-Darwin systems
[19.387s] INFO:colcon.colcon_core.plugin_system:Skipping extension 'colcon_notification.desktop_notification.win32': Not used on non-Windows systems
[19.387s] INFO:colcon.colcon_notification.desktop_notification:Sending desktop notification using 'notify2'
[19.403s] DEBUG:colcon.colcon_core.event_reactor:joined thread
[19.403s] INFO:colcon.colcon_core.shell:Creating prefix script '/home/hj926217/ros2ws/install/local_setup.ps1'
[19.405s] INFO:colcon.colcon_core.shell:Creating prefix util module '/home/hj926217/ros2ws/install/_local_setup_util_ps1.py'
[19.406s] INFO:colcon.colcon_core.shell:Creating prefix chain script '/home/hj926217/ros2ws/install/setup.ps1'
[19.408s] INFO:colcon.colcon_core.shell:Creating prefix script '/home/hj926217/ros2ws/install/local_setup.sh'
[19.409s] INFO:colcon.colcon_core.shell:Creating prefix util module '/home/hj926217/ros2ws/install/_local_setup_util_sh.py'
[19.410s] INFO:colcon.colcon_core.shell:Creating prefix chain script '/home/hj926217/ros2ws/install/setup.sh'
[19.412s] INFO:colcon.colcon_core.shell:Creating prefix script '/home/hj926217/ros2ws/install/local_setup.bash'
[19.413s] INFO:colcon.colcon_core.shell:Creating prefix chain script '/home/hj926217/ros2ws/install/setup.bash'
[19.414s] INFO:colcon.colcon_core.shell:Creating prefix script '/home/hj926217/ros2ws/install/local_setup.zsh'
[19.414s] INFO:colcon.colcon_core.shell:Creating prefix chain script '/home/hj926217/ros2ws/install/setup.zsh'
