[0.237s] DEBUG:colcon:Command line arguments: ['/usr/bin/colcon', 'build', '--packages-select', 'px4_ros_com']
[0.237s] DEBUG:colcon:Parsed command line arguments: Namespace(log_base=None, log_level=None, verb_name='build', build_base='build', install_base='install', merge_install=False, symlink_install=False, test_result_base=None, continue_on_error=False, executor='parallel', parallel_workers=16, event_handlers=None, ignore_user_meta=False, metas=['./colcon.meta'], base_paths=['.'], packages_ignore=None, packages_ignore_regex=None, paths=None, packages_up_to=None, packages_up_to_regex=None, packages_above=None, packages_above_and_dependencies=None, packages_above_depth=None, packages_select_by_dep=None, packages_skip_by_dep=None, packages_skip_up_to=None, packages_select_build_failed=False, packages_skip_build_finished=False, packages_select_test_failures=False, packages_skip_test_passed=False, packages_select=['px4_ros_com'], packages_skip=None, packages_select_regex=None, packages_skip_regex=None, packages_start=None, packages_end=None, allow_overriding=[], cmake_args=None, cmake_target=None, cmake_target_skip_unavailable=False, cmake_clean_cache=False, cmake_clean_first=False, cmake_force_configure=False, ament_cmake_args=None, catkin_cmake_args=None, catkin_skip_building_tests=False, mixin_files=None, mixin=None, verb_parser=<colcon_mixin.mixin.mixin_argument.MixinArgumentDecorator object at 0x707f92597040>, verb_extension=<colcon_core.verb.build.BuildVerb object at 0x707f92596830>, main=<bound method BuildVerb.main of <colcon_core.verb.build.BuildVerb object at 0x707f92596830>>, mixin_verb=('build',))
[0.625s] Level 1:colcon.colcon_core.package_discovery:discover_packages(colcon_meta) check parameters
[0.625s] Level 1:colcon.colcon_core.package_discovery:discover_packages(recursive) check parameters
[0.625s] Level 1:colcon.colcon_core.package_discovery:discover_packages(ignore) check parameters
[0.626s] Level 1:colcon.colcon_core.package_discovery:discover_packages(path) check parameters
[0.626s] Level 1:colcon.colcon_core.package_discovery:discover_packages(colcon_meta) discover
[0.626s] Level 1:colcon.colcon_core.package_discovery:discover_packages(recursive) discover
[0.626s] INFO:colcon.colcon_core.package_discovery:Crawling recursively for packages in '/home/hj926217/ros2ws'
[0.626s] Level 1:colcon.colcon_core.package_identification:_identify(.) by extensions ['ignore', 'ignore_ament_install']
[0.626s] Level 1:colcon.colcon_core.package_identification:_identify(.) by extension 'ignore'
[0.626s] Level 1:colcon.colcon_core.package_identification:_identify(.) by extension 'ignore_ament_install'
[0.626s] Level 1:colcon.colcon_core.package_identification:_identify(.) by extensions ['colcon_pkg']
[0.626s] Level 1:colcon.colcon_core.package_identification:_identify(.) by extension 'colcon_pkg'
[0.626s] Level 1:colcon.colcon_core.package_identification:_identify(.) by extensions ['colcon_meta']
[0.626s] Level 1:colcon.colcon_core.package_identification:_identify(.) by extension 'colcon_meta'
[0.626s] Level 1:colcon.colcon_core.package_identification:_identify(.) by extensions ['ros']
[0.626s] Level 1:colcon.colcon_core.package_identification:_identify(.) by extension 'ros'
[0.643s] Level 1:colcon.colcon_core.package_identification:_identify(.) by extensions ['cmake', 'python']
[0.643s] Level 1:colcon.colcon_core.package_identification:_identify(.) by extension 'cmake'
[0.643s] Level 1:colcon.colcon_core.package_identification:_identify(.) by extension 'python'
[0.643s] Level 1:colcon.colcon_core.package_identification:_identify(.) by extensions ['python_setup_py']
[0.643s] Level 1:colcon.colcon_core.package_identification:_identify(.) by extension 'python_setup_py'
[0.643s] Level 1:colcon.colcon_core.package_identification:_identify(build) by extensions ['ignore', 'ignore_ament_install']
[0.644s] Level 1:colcon.colcon_core.package_identification:_identify(build) by extension 'ignore'
[0.644s] Level 1:colcon.colcon_core.package_identification:_identify(build) ignored
[0.644s] Level 1:colcon.colcon_core.package_identification:_identify(install) by extensions ['ignore', 'ignore_ament_install']
[0.644s] Level 1:colcon.colcon_core.package_identification:_identify(install) by extension 'ignore'
[0.644s] Level 1:colcon.colcon_core.package_identification:_identify(install) ignored
[0.644s] Level 1:colcon.colcon_core.package_identification:_identify(log) by extensions ['ignore', 'ignore_ament_install']
[0.644s] Level 1:colcon.colcon_core.package_identification:_identify(log) by extension 'ignore'
[0.644s] Level 1:colcon.colcon_core.package_identification:_identify(log) ignored
[0.644s] Level 1:colcon.colcon_core.package_identification:_identify(src) by extensions ['ignore', 'ignore_ament_install']
[0.644s] Level 1:colcon.colcon_core.package_identification:_identify(src) by extension 'ignore'
[0.645s] Level 1:colcon.colcon_core.package_identification:_identify(src) by extension 'ignore_ament_install'
[0.645s] Level 1:colcon.colcon_core.package_identification:_identify(src) by extensions ['colcon_pkg']
[0.645s] Level 1:colcon.colcon_core.package_identification:_identify(src) by extension 'colcon_pkg'
[0.645s] Level 1:colcon.colcon_core.package_identification:_identify(src) by extensions ['colcon_meta']
[0.645s] Level 1:colcon.colcon_core.package_identification:_identify(src) by extension 'colcon_meta'
[0.645s] Level 1:colcon.colcon_core.package_identification:_identify(src) by extensions ['ros']
[0.645s] Level 1:colcon.colcon_core.package_identification:_identify(src) by extension 'ros'
[0.645s] Level 1:colcon.colcon_core.package_identification:_identify(src) by extensions ['cmake', 'python']
[0.645s] Level 1:colcon.colcon_core.package_identification:_identify(src) by extension 'cmake'
[0.645s] Level 1:colcon.colcon_core.package_identification:_identify(src) by extension 'python'
[0.645s] Level 1:colcon.colcon_core.package_identification:_identify(src) by extensions ['python_setup_py']
[0.645s] Level 1:colcon.colcon_core.package_identification:_identify(src) by extension 'python_setup_py'
[0.645s] Level 1:colcon.colcon_core.package_identification:_identify(src/px4_msgs) by extensions ['ignore', 'ignore_ament_install']
[0.645s] Level 1:colcon.colcon_core.package_identification:_identify(src/px4_msgs) by extension 'ignore'
[0.645s] Level 1:colcon.colcon_core.package_identification:_identify(src/px4_msgs) by extension 'ignore_ament_install'
[0.645s] Level 1:colcon.colcon_core.package_identification:_identify(src/px4_msgs) by extensions ['colcon_pkg']
[0.645s] Level 1:colcon.colcon_core.package_identification:_identify(src/px4_msgs) by extension 'colcon_pkg'
[0.645s] Level 1:colcon.colcon_core.package_identification:_identify(src/px4_msgs) by extensions ['colcon_meta']
[0.646s] Level 1:colcon.colcon_core.package_identification:_identify(src/px4_msgs) by extension 'colcon_meta'
[0.646s] Level 1:colcon.colcon_core.package_identification:_identify(src/px4_msgs) by extensions ['ros']
[0.646s] Level 1:colcon.colcon_core.package_identification:_identify(src/px4_msgs) by extension 'ros'
[0.650s] DEBUG:colcon.colcon_core.package_identification:Package 'src/px4_msgs' with type 'ros.ament_cmake' and name 'px4_msgs'
[0.650s] Level 1:colcon.colcon_core.package_identification:_identify(src/px4_ros_com) by extensions ['ignore', 'ignore_ament_install']
[0.650s] Level 1:colcon.colcon_core.package_identification:_identify(src/px4_ros_com) by extension 'ignore'
[0.650s] Level 1:colcon.colcon_core.package_identification:_identify(src/px4_ros_com) by extension 'ignore_ament_install'
[0.650s] Level 1:colcon.colcon_core.package_identification:_identify(src/px4_ros_com) by extensions ['colcon_pkg']
[0.650s] Level 1:colcon.colcon_core.package_identification:_identify(src/px4_ros_com) by extension 'colcon_pkg'
[0.650s] Level 1:colcon.colcon_core.package_identification:_identify(src/px4_ros_com) by extensions ['colcon_meta']
[0.650s] Level 1:colcon.colcon_core.package_identification:_identify(src/px4_ros_com) by extension 'colcon_meta'
[0.651s] Level 1:colcon.colcon_core.package_identification:_identify(src/px4_ros_com) by extensions ['ros']
[0.651s] Level 1:colcon.colcon_core.package_identification:_identify(src/px4_ros_com) by extension 'ros'
[0.653s] DEBUG:colcon.colcon_core.package_identification:Package 'src/px4_ros_com' with type 'ros.ament_cmake' and name 'px4_ros_com'
[0.653s] Level 1:colcon.colcon_core.package_discovery:discover_packages(recursive) using defaults
[0.654s] Level 1:colcon.colcon_core.package_discovery:discover_packages(ignore) discover
[0.654s] Level 1:colcon.colcon_core.package_discovery:discover_packages(ignore) using defaults
[0.654s] Level 1:colcon.colcon_core.package_discovery:discover_packages(path) discover
[0.654s] Level 1:colcon.colcon_core.package_discovery:discover_packages(path) using defaults
[0.694s] INFO:colcon.colcon_core.package_selection:Skipping not selected package 'px4_msgs' in 'src/px4_msgs'
[0.695s] Level 1:colcon.colcon_core.package_discovery:discover_packages(prefix_path) check parameters
[0.695s] Level 1:colcon.colcon_core.package_discovery:discover_packages(prefix_path) discover
[0.697s] WARNING:colcon.colcon_ros.prefix_path.ament:The path '/home/hj926217/ros2ws/install/px4_ros_com' in the environment variable AMENT_PREFIX_PATH doesn't exist
[0.698s] WARNING:colcon.colcon_ros.prefix_path.catkin:The path '/home/hj926217/ros2ws/install/px4_ros_com' in the environment variable CMAKE_PREFIX_PATH doesn't exist
[0.699s] DEBUG:colcon.colcon_installed_package_information.package_discovery:Found 2 installed packages in /home/hj926217/aruco/src/tracktor-beam/install
[0.700s] DEBUG:colcon.colcon_installed_package_information.package_discovery:Found 2 installed packages in /home/hj926217/ros2ws/install
[0.701s] DEBUG:colcon.colcon_installed_package_information.package_discovery:Found 22 installed packages in /home/hj926217/aruco/install
[0.704s] DEBUG:colcon.colcon_installed_package_information.package_discovery:Found 361 installed packages in /opt/ros/humble
[0.707s] Level 1:colcon.colcon_core.package_discovery:discover_packages(prefix_path) using defaults
[0.791s] Level 5:colcon.colcon_core.verb:set package 'px4_ros_com' build argument 'cmake_args' from command line to 'None'
[0.791s] Level 5:colcon.colcon_core.verb:set package 'px4_ros_com' build argument 'cmake_target' from command line to 'None'
[0.791s] Level 5:colcon.colcon_core.verb:set package 'px4_ros_com' build argument 'cmake_target_skip_unavailable' from command line to 'False'
[0.791s] Level 5:colcon.colcon_core.verb:set package 'px4_ros_com' build argument 'cmake_clean_cache' from command line to 'False'
[0.791s] Level 5:colcon.colcon_core.verb:set package 'px4_ros_com' build argument 'cmake_clean_first' from command line to 'False'
[0.791s] Level 5:colcon.colcon_core.verb:set package 'px4_ros_com' build argument 'cmake_force_configure' from command line to 'False'
[0.792s] Level 5:colcon.colcon_core.verb:set package 'px4_ros_com' build argument 'ament_cmake_args' from command line to 'None'
[0.792s] Level 5:colcon.colcon_core.verb:set package 'px4_ros_com' build argument 'catkin_cmake_args' from command line to 'None'
[0.792s] Level 5:colcon.colcon_core.verb:set package 'px4_ros_com' build argument 'catkin_skip_building_tests' from command line to 'False'
[0.792s] DEBUG:colcon.colcon_core.verb:Building package 'px4_ros_com' with the following arguments: {'ament_cmake_args': None, 'build_base': '/home/hj926217/ros2ws/build/px4_ros_com', 'catkin_cmake_args': None, 'catkin_skip_building_tests': False, 'cmake_args': None, 'cmake_clean_cache': False, 'cmake_clean_first': False, 'cmake_force_configure': False, 'cmake_target': None, 'cmake_target_skip_unavailable': False, 'install_base': '/home/hj926217/ros2ws/install/px4_ros_com', 'merge_install': False, 'path': '/home/hj926217/ros2ws/src/px4_ros_com', 'symlink_install': False, 'test_result_base': None}
[0.792s] INFO:colcon.colcon_core.executor:Executing jobs using 'parallel' executor
[0.794s] DEBUG:colcon.colcon_parallel_executor.executor.parallel:run_until_complete
[0.795s] INFO:colcon.colcon_ros.task.ament_cmake.build:Building ROS package in '/home/hj926217/ros2ws/src/px4_ros_com' with build type 'ament_cmake'
[0.795s] INFO:colcon.colcon_cmake.task.cmake.build:Building CMake package in '/home/hj926217/ros2ws/src/px4_ros_com'
[0.800s] INFO:colcon.colcon_core.plugin_system:Skipping extension 'colcon_core.shell.bat': Not used on non-Windows systems
[0.801s] INFO:colcon.colcon_core.shell:Skip shell extension 'powershell' for command environment: Not usable outside of PowerShell
[0.801s] DEBUG:colcon.colcon_core.shell:Skip shell extension 'dsv' for command environment
[0.820s] DEBUG:colcon.colcon_core.event_handler.log_command:Invoking command in '/home/hj926217/ros2ws/build/px4_ros_com': CMAKE_PREFIX_PATH=${CMAKE_PREFIX_PATH}:/home/hj926217/aruco/install/opencv_tests:/opt/ros/humble /usr/bin/cmake /home/hj926217/ros2ws/src/px4_ros_com -DCMAKE_INSTALL_PREFIX=/home/hj926217/ros2ws/install/px4_ros_com
[3.168s] DEBUG:colcon.colcon_core.event_handler.log_command:Invoked command in '/home/hj926217/ros2ws/build/px4_ros_com' returned '0': CMAKE_PREFIX_PATH=${CMAKE_PREFIX_PATH}:/home/hj926217/aruco/install/opencv_tests:/opt/ros/humble /usr/bin/cmake /home/hj926217/ros2ws/src/px4_ros_com -DCMAKE_INSTALL_PREFIX=/home/hj926217/ros2ws/install/px4_ros_com
[3.172s] DEBUG:colcon.colcon_core.event_handler.log_command:Invoking command in '/home/hj926217/ros2ws/build/px4_ros_com': CMAKE_PREFIX_PATH=${CMAKE_PREFIX_PATH}:/home/hj926217/aruco/install/opencv_tests:/opt/ros/humble /usr/bin/cmake --build /home/hj926217/ros2ws/build/px4_ros_com -- -j16 -l16
[23.004s] DEBUG:colcon.colcon_core.event_handler.log_command:Invoked command in '/home/hj926217/ros2ws/build/px4_ros_com' returned '0': CMAKE_PREFIX_PATH=${CMAKE_PREFIX_PATH}:/home/hj926217/aruco/install/opencv_tests:/opt/ros/humble /usr/bin/cmake --build /home/hj926217/ros2ws/build/px4_ros_com -- -j16 -l16
[23.022s] DEBUG:colcon.colcon_core.event_handler.log_command:Invoking command in '/home/hj926217/ros2ws/build/px4_ros_com': CMAKE_PREFIX_PATH=${CMAKE_PREFIX_PATH}:/home/hj926217/aruco/install/opencv_tests:/opt/ros/humble /usr/bin/cmake --install /home/hj926217/ros2ws/build/px4_ros_com
[23.136s] Level 1:colcon.colcon_core.environment:create_environment_scripts_only(px4_ros_com)
[23.137s] DEBUG:colcon.colcon_core.event_handler.log_command:Invoked command in '/home/hj926217/ros2ws/build/px4_ros_com' returned '0': CMAKE_PREFIX_PATH=${CMAKE_PREFIX_PATH}:/home/hj926217/aruco/install/opencv_tests:/opt/ros/humble /usr/bin/cmake --install /home/hj926217/ros2ws/build/px4_ros_com
[23.142s] Level 1:colcon.colcon_core.environment:checking '/home/hj926217/ros2ws/install/px4_ros_com' for CMake module files
[23.142s] Level 1:colcon.colcon_core.environment:checking '/home/hj926217/ros2ws/install/px4_ros_com' for CMake config files
[23.143s] Level 1:colcon.colcon_core.shell:create_environment_hook('px4_ros_com', 'cmake_prefix_path')
[23.144s] INFO:colcon.colcon_core.shell:Creating environment hook '/home/hj926217/ros2ws/install/px4_ros_com/share/px4_ros_com/hook/cmake_prefix_path.ps1'
[23.144s] INFO:colcon.colcon_core.shell:Creating environment descriptor '/home/hj926217/ros2ws/install/px4_ros_com/share/px4_ros_com/hook/cmake_prefix_path.dsv'
[23.145s] INFO:colcon.colcon_core.shell:Creating environment hook '/home/hj926217/ros2ws/install/px4_ros_com/share/px4_ros_com/hook/cmake_prefix_path.sh'
[23.146s] Level 1:colcon.colcon_core.environment:checking '/home/hj926217/ros2ws/install/px4_ros_com/lib'
[23.147s] Level 1:colcon.colcon_core.shell:create_environment_hook('px4_ros_com', 'ld_library_path_lib')
[23.147s] INFO:colcon.colcon_core.shell:Creating environment hook '/home/hj926217/ros2ws/install/px4_ros_com/share/px4_ros_com/hook/ld_library_path_lib.ps1'
[23.148s] INFO:colcon.colcon_core.shell:Creating environment descriptor '/home/hj926217/ros2ws/install/px4_ros_com/share/px4_ros_com/hook/ld_library_path_lib.dsv'
[23.149s] INFO:colcon.colcon_core.shell:Creating environment hook '/home/hj926217/ros2ws/install/px4_ros_com/share/px4_ros_com/hook/ld_library_path_lib.sh'
[23.150s] Level 1:colcon.colcon_core.environment:checking '/home/hj926217/ros2ws/install/px4_ros_com/bin'
[23.151s] Level 1:colcon.colcon_core.environment:checking '/home/hj926217/ros2ws/install/px4_ros_com/lib/pkgconfig/px4_ros_com.pc'
[23.151s] Level 1:colcon.colcon_core.environment:checking '/home/hj926217/ros2ws/install/px4_ros_com/lib/python3.10/site-packages'
[23.152s] Level 1:colcon.colcon_core.environment:checking '/home/hj926217/ros2ws/install/px4_ros_com/bin'
[23.153s] INFO:colcon.colcon_core.shell:Creating package script '/home/hj926217/ros2ws/install/px4_ros_com/share/px4_ros_com/package.ps1'
[23.155s] INFO:colcon.colcon_core.shell:Creating package descriptor '/home/hj926217/ros2ws/install/px4_ros_com/share/px4_ros_com/package.dsv'
[23.156s] INFO:colcon.colcon_core.shell:Creating package script '/home/hj926217/ros2ws/install/px4_ros_com/share/px4_ros_com/package.sh'
[23.158s] INFO:colcon.colcon_core.shell:Creating package script '/home/hj926217/ros2ws/install/px4_ros_com/share/px4_ros_com/package.bash'
[23.159s] INFO:colcon.colcon_core.shell:Creating package script '/home/hj926217/ros2ws/install/px4_ros_com/share/px4_ros_com/package.zsh'
[23.159s] Level 1:colcon.colcon_core.environment:create_file_with_runtime_dependencies(/home/hj926217/ros2ws/install/px4_ros_com/share/colcon-core/packages/px4_ros_com)
[23.161s] Level 1:colcon.colcon_core.environment:create_environment_scripts_only(px4_ros_com)
[23.161s] Level 1:colcon.colcon_core.environment:checking '/home/hj926217/ros2ws/install/px4_ros_com' for CMake module files
[23.162s] Level 1:colcon.colcon_core.environment:checking '/home/hj926217/ros2ws/install/px4_ros_com' for CMake config files
[23.162s] Level 1:colcon.colcon_core.shell:create_environment_hook('px4_ros_com', 'cmake_prefix_path')
[23.162s] INFO:colcon.colcon_core.shell:Creating environment hook '/home/hj926217/ros2ws/install/px4_ros_com/share/px4_ros_com/hook/cmake_prefix_path.ps1'
[23.163s] INFO:colcon.colcon_core.shell:Creating environment descriptor '/home/hj926217/ros2ws/install/px4_ros_com/share/px4_ros_com/hook/cmake_prefix_path.dsv'
[23.164s] INFO:colcon.colcon_core.shell:Creating environment hook '/home/hj926217/ros2ws/install/px4_ros_com/share/px4_ros_com/hook/cmake_prefix_path.sh'
[23.164s] Level 1:colcon.colcon_core.environment:checking '/home/hj926217/ros2ws/install/px4_ros_com/lib'
[23.164s] Level 1:colcon.colcon_core.shell:create_environment_hook('px4_ros_com', 'ld_library_path_lib')
[23.165s] INFO:colcon.colcon_core.shell:Creating environment hook '/home/hj926217/ros2ws/install/px4_ros_com/share/px4_ros_com/hook/ld_library_path_lib.ps1'
[23.165s] INFO:colcon.colcon_core.shell:Creating environment descriptor '/home/hj926217/ros2ws/install/px4_ros_com/share/px4_ros_com/hook/ld_library_path_lib.dsv'
[23.166s] INFO:colcon.colcon_core.shell:Creating environment hook '/home/hj926217/ros2ws/install/px4_ros_com/share/px4_ros_com/hook/ld_library_path_lib.sh'
[23.166s] Level 1:colcon.colcon_core.environment:checking '/home/hj926217/ros2ws/install/px4_ros_com/bin'
[23.166s] Level 1:colcon.colcon_core.environment:checking '/home/hj926217/ros2ws/install/px4_ros_com/lib/pkgconfig/px4_ros_com.pc'
[23.167s] Level 1:colcon.colcon_core.environment:checking '/home/hj926217/ros2ws/install/px4_ros_com/lib/python3.10/site-packages'
[23.167s] Level 1:colcon.colcon_core.environment:checking '/home/hj926217/ros2ws/install/px4_ros_com/bin'
[23.168s] INFO:colcon.colcon_core.shell:Creating package script '/home/hj926217/ros2ws/install/px4_ros_com/share/px4_ros_com/package.ps1'
[23.169s] INFO:colcon.colcon_core.shell:Creating package descriptor '/home/hj926217/ros2ws/install/px4_ros_com/share/px4_ros_com/package.dsv'
[23.170s] INFO:colcon.colcon_core.shell:Creating package script '/home/hj926217/ros2ws/install/px4_ros_com/share/px4_ros_com/package.sh'
[23.170s] INFO:colcon.colcon_core.shell:Creating package script '/home/hj926217/ros2ws/install/px4_ros_com/share/px4_ros_com/package.bash'
[23.171s] INFO:colcon.colcon_core.shell:Creating package script '/home/hj926217/ros2ws/install/px4_ros_com/share/px4_ros_com/package.zsh'
[23.172s] Level 1:colcon.colcon_core.environment:create_file_with_runtime_dependencies(/home/hj926217/ros2ws/install/px4_ros_com/share/colcon-core/packages/px4_ros_com)
[23.172s] DEBUG:colcon.colcon_parallel_executor.executor.parallel:closing loop
[23.173s] DEBUG:colcon.colcon_parallel_executor.executor.parallel:loop closed
[23.173s] DEBUG:colcon.colcon_parallel_executor.executor.parallel:run_until_complete finished with '0'
[23.173s] DEBUG:colcon.colcon_core.event_reactor:joining thread
[23.184s] INFO:colcon.colcon_core.plugin_system:Skipping extension 'colcon_notification.desktop_notification.terminal_notifier': Not used on non-Darwin systems
[23.185s] INFO:colcon.colcon_core.plugin_system:Skipping extension 'colcon_notification.desktop_notification.win32': Not used on non-Windows systems
[23.185s] INFO:colcon.colcon_notification.desktop_notification:Sending desktop notification using 'notify2'
[23.202s] DEBUG:colcon.colcon_core.event_reactor:joined thread
[23.203s] INFO:colcon.colcon_core.shell:Creating prefix script '/home/hj926217/ros2ws/install/local_setup.ps1'
[23.204s] INFO:colcon.colcon_core.shell:Creating prefix util module '/home/hj926217/ros2ws/install/_local_setup_util_ps1.py'
[23.206s] INFO:colcon.colcon_core.shell:Creating prefix chain script '/home/hj926217/ros2ws/install/setup.ps1'
[23.215s] INFO:colcon.colcon_core.shell:Creating prefix script '/home/hj926217/ros2ws/install/local_setup.sh'
[23.216s] INFO:colcon.colcon_core.shell:Creating prefix util module '/home/hj926217/ros2ws/install/_local_setup_util_sh.py'
[23.218s] INFO:colcon.colcon_core.shell:Creating prefix chain script '/home/hj926217/ros2ws/install/setup.sh'
[23.222s] INFO:colcon.colcon_core.shell:Creating prefix script '/home/hj926217/ros2ws/install/local_setup.bash'
[23.223s] INFO:colcon.colcon_core.shell:Creating prefix chain script '/home/hj926217/ros2ws/install/setup.bash'
[23.226s] INFO:colcon.colcon_core.shell:Creating prefix script '/home/hj926217/ros2ws/install/local_setup.zsh'
[23.227s] INFO:colcon.colcon_core.shell:Creating prefix chain script '/home/hj926217/ros2ws/install/setup.zsh'
