[0.012s] Invoking command in '/home/hj926217/ros2ws/build/px4_ros_com': CMAKE_PREFIX_PATH=/home/hj926217/ros2ws/install/px4_msgs:/home/hj926217/ros2ws/install/px4_ros_com:/opt/ros/humble LD_LIBRARY_PATH=/home/hj926217/ros2ws/install/px4_msgs/lib:/home/hj926217/ros2ws/install/px4_ros_com/lib:/opt/ros/humble/opt/rviz_ogre_vendor/lib:/opt/ros/humble/lib/x86_64-linux-gnu:/opt/ros/humble/lib:/usr/local/lib /usr/bin/cmake --build /home/hj926217/ros2ws/build/px4_ros_com -- -j16 -l16
[0.076s] [35m[1mConsolidate compiler generated dependencies of target tf2_control[0m
[0.109s] [ 13%] Built target goal_marker_pub
[0.110s] [ 13%] Built target debug_vect_advertiser
[0.111s] [ 23%] [32mBuilding CXX object CMakeFiles/goal_to_path.dir/src/goal_to_path.cpp.o[0m
[0.113s] [ 46%] Built target sensor_combined_listener
[0.114s] [ 46%] Built target frame_transforms
[0.114s] [ 46%] Built target vertiport_land
[0.114s] [ 46%] Built target vehicle_gps_position_listener
[0.116s] [ 60%] Built target aruco_position_sub
[0.116s] [ 60%] Built target aruco_position_publisher_node
[0.116s] [ 66%] Built target nav_path
[0.116s] [ 70%] Built target ground_odom
[0.117s] [ 76%] Built target circle_flight
[0.119s] [ 86%] Built target offboard_control_srv
[0.119s] [ 90%] Built target offboard_control
[0.122s] [ 93%] [32mBuilding CXX object CMakeFiles/tf2_control.dir/src/examples/offboard/tf2_control.cpp.o[0m
[0.126s] [ 93%] Built target ament_cmake_python_copy_px4_ros_com
[0.288s] [01m[K/home/hj926217/ros2ws/src/px4_ros_com/src/goal_to_path.cpp:8:10:[m[K [01;31m[Kfatal error: [m[Ktf2_ros/transform_broadcaster.h: No such file or directory
[0.289s]     8 | #include [01;31m[K<tf2_ros/transform_broadcaster.h>[m[K
[0.289s]       |          [01;31m[K^~~~~~~~~~~~~~~~~~~~~~~~~~~~~~~~~[m[K
[0.289s] compilation terminated.
[0.298s] gmake[2]: *** [CMakeFiles/goal_to_path.dir/build.make:76: CMakeFiles/goal_to_path.dir/src/goal_to_path.cpp.o] Error 1
[0.298s] gmake[1]: *** [CMakeFiles/Makefile2:220: CMakeFiles/goal_to_path.dir/all] Error 2
[0.299s] gmake[1]: *** Waiting for unfinished jobs....
[0.377s] running egg_info
[0.379s] writing px4_ros_com.egg-info/PKG-INFO
[0.379s] writing dependency_links to px4_ros_com.egg-info/dependency_links.txt
[0.379s] writing top-level names to px4_ros_com.egg-info/top_level.txt
[0.382s] reading manifest file 'px4_ros_com.egg-info/SOURCES.txt'
[0.383s] writing manifest file 'px4_ros_com.egg-info/SOURCES.txt'
[0.429s] [ 93%] Built target ament_cmake_python_build_px4_ros_com_egg
[7.287s] [ 96%] [32m[1mLinking CXX executable tf2_control[0m
[7.654s] [ 96%] Built target tf2_control
[7.655s] gmake: *** [Makefile:146: all] Error 2
[7.657s] Invoked command in '/home/hj926217/ros2ws/build/px4_ros_com' returned '2': CMAKE_PREFIX_PATH=/home/hj926217/ros2ws/install/px4_msgs:/home/hj926217/ros2ws/install/px4_ros_com:/opt/ros/humble LD_LIBRARY_PATH=/home/hj926217/ros2ws/install/px4_msgs/lib:/home/hj926217/ros2ws/install/px4_ros_com/lib:/opt/ros/humble/opt/rviz_ogre_vendor/lib:/opt/ros/humble/lib/x86_64-linux-gnu:/opt/ros/humble/lib:/usr/local/lib /usr/bin/cmake --build /home/hj926217/ros2ws/build/px4_ros_com -- -j16 -l16
