[0.030s] Invoking command in '/home/hj926217/ros2ws/build/px4_ros_com': CMAKE_PREFIX_PATH=/home/hj926217/ros2ws/install/px4_msgs:/home/hj926217/ros2ws/install/px4_ros_com:/home/hj926217/aruco/install/vision_opencv:/home/hj926217/aruco/install/vertiport_land:/home/hj926217/aruco/install/translation_node:/home/hj926217/aruco/install/precision_land:/home/hj926217/aruco/install/example_rover_velocity_mode_cpp:/home/hj926217/aruco/install/example_mode_with_executor_cpp:/home/hj926217/aruco/install/example_mode_vtol_cpp:/home/hj926217/aruco/install/example_mode_rtl_replacement_cpp:/home/hj926217/aruco/install/example_mode_mission_cpp:/home/hj926217/aruco/install/example_mode_manual_cpp:/home/hj926217/aruco/install/example_mode_goto_global_cpp:/home/hj926217/aruco/install/example_mode_goto_cpp:/home/hj926217/aruco/install/example_mode_fw_attitude_cpp:/home/hj926217/aruco/install/example_local_navigation_cpp:/home/hj926217/aruco/install/example_global_navigation_cpp:/home/hj926217/aruco/install/example_executor_with_multiple_modes_cpp:/home/hj926217/aruco/install/px4_ros2_cpp:/home/hj926217/aruco/install/px4_msgs_old:/home/hj926217/aruco/install/aruco_tracker:/home/hj926217/aruco/install/px4_msgs:/home/hj926217/aruco/install/image_geometry:/home/hj926217/aruco/install/cv_bridge:/home/hj926217/aruco/install/opencv_tests:/opt/ros/humble LD_LIBRARY_PATH=/home/hj926217/ros2ws/install/px4_msgs/lib:/home/hj926217/ros2ws/install/px4_ros_com/lib:/home/hj926217/aruco/install/translation_node/lib:/home/hj926217/aruco/install/px4_ros2_cpp/lib:/home/hj926217/aruco/install/px4_msgs_old/lib:/home/hj926217/aruco/install/px4_msgs/lib:/home/hj926217/aruco/install/image_geometry/lib:/home/hj926217/aruco/install/cv_bridge/lib:/opt/ros/humble/opt/rviz_ogre_vendor/lib:/opt/ros/humble/lib/x86_64-linux-gnu:/opt/ros/humble/lib:/usr/local/lib /usr/bin/cmake --build /home/hj926217/ros2ws/build/px4_ros_com -- -j16 -l16
[0.149s] [35m[1mConsolidate compiler generated dependencies of target aruco_position_sub[0m
[0.157s] [ 10%] Built target frame_transforms
[0.168s] [ 20%] Built target vehicle_gps_position_listener
[0.169s] [ 30%] Built target vertiport_land
[0.170s] [ 40%] Built target offboard_control
[0.172s] [ 50%] Built target offboard_control_srv
[0.173s] [ 50%] Built target ament_cmake_python_copy_px4_ros_com
[0.173s] [ 60%] Built target debug_vect_advertiser
[0.174s] [ 70%] Built target tf2_control
[0.176s] [ 80%] Built target sensor_combined_listener
[0.189s] [ 90%] Built target aruco_position_publisher_node
[0.196s] [ 95%] [32mBuilding CXX object CMakeFiles/aruco_position_sub.dir/src/aruco_position_sub.cpp.o[0m
[0.793s] running egg_info
[0.798s] writing px4_ros_com.egg-info/PKG-INFO
[0.799s] writing dependency_links to px4_ros_com.egg-info/dependency_links.txt
[0.800s] writing top-level names to px4_ros_com.egg-info/top_level.txt
[0.806s] reading manifest file 'px4_ros_com.egg-info/SOURCES.txt'
[0.807s] writing manifest file 'px4_ros_com.egg-info/SOURCES.txt'
[0.912s] [ 95%] Built target ament_cmake_python_build_px4_ros_com_egg
[35.823s] [100%] [32m[1mLinking CXX executable aruco_position_sub[0m
[37.736s] [100%] Built target aruco_position_sub
[37.762s] Invoked command in '/home/hj926217/ros2ws/build/px4_ros_com' returned '0': CMAKE_PREFIX_PATH=/home/hj926217/ros2ws/install/px4_msgs:/home/hj926217/ros2ws/install/px4_ros_com:/home/hj926217/aruco/install/vision_opencv:/home/hj926217/aruco/install/vertiport_land:/home/hj926217/aruco/install/translation_node:/home/hj926217/aruco/install/precision_land:/home/hj926217/aruco/install/example_rover_velocity_mode_cpp:/home/hj926217/aruco/install/example_mode_with_executor_cpp:/home/hj926217/aruco/install/example_mode_vtol_cpp:/home/hj926217/aruco/install/example_mode_rtl_replacement_cpp:/home/hj926217/aruco/install/example_mode_mission_cpp:/home/hj926217/aruco/install/example_mode_manual_cpp:/home/hj926217/aruco/install/example_mode_goto_global_cpp:/home/hj926217/aruco/install/example_mode_goto_cpp:/home/hj926217/aruco/install/example_mode_fw_attitude_cpp:/home/hj926217/aruco/install/example_local_navigation_cpp:/home/hj926217/aruco/install/example_global_navigation_cpp:/home/hj926217/aruco/install/example_executor_with_multiple_modes_cpp:/home/hj926217/aruco/install/px4_ros2_cpp:/home/hj926217/aruco/install/px4_msgs_old:/home/hj926217/aruco/install/aruco_tracker:/home/hj926217/aruco/install/px4_msgs:/home/hj926217/aruco/install/image_geometry:/home/hj926217/aruco/install/cv_bridge:/home/hj926217/aruco/install/opencv_tests:/opt/ros/humble LD_LIBRARY_PATH=/home/hj926217/ros2ws/install/px4_msgs/lib:/home/hj926217/ros2ws/install/px4_ros_com/lib:/home/hj926217/aruco/install/translation_node/lib:/home/hj926217/aruco/install/px4_ros2_cpp/lib:/home/hj926217/aruco/install/px4_msgs_old/lib:/home/hj926217/aruco/install/px4_msgs/lib:/home/hj926217/aruco/install/image_geometry/lib:/home/hj926217/aruco/install/cv_bridge/lib:/opt/ros/humble/opt/rviz_ogre_vendor/lib:/opt/ros/humble/lib/x86_64-linux-gnu:/opt/ros/humble/lib:/usr/local/lib /usr/bin/cmake --build /home/hj926217/ros2ws/build/px4_ros_com -- -j16 -l16
[37.806s] Invoking command in '/home/hj926217/ros2ws/build/px4_ros_com': CMAKE_PREFIX_PATH=/home/hj926217/ros2ws/install/px4_msgs:/home/hj926217/ros2ws/install/px4_ros_com:/home/hj926217/aruco/install/vision_opencv:/home/hj926217/aruco/install/vertiport_land:/home/hj926217/aruco/install/translation_node:/home/hj926217/aruco/install/precision_land:/home/hj926217/aruco/install/example_rover_velocity_mode_cpp:/home/hj926217/aruco/install/example_mode_with_executor_cpp:/home/hj926217/aruco/install/example_mode_vtol_cpp:/home/hj926217/aruco/install/example_mode_rtl_replacement_cpp:/home/hj926217/aruco/install/example_mode_mission_cpp:/home/hj926217/aruco/install/example_mode_manual_cpp:/home/hj926217/aruco/install/example_mode_goto_global_cpp:/home/hj926217/aruco/install/example_mode_goto_cpp:/home/hj926217/aruco/install/example_mode_fw_attitude_cpp:/home/hj926217/aruco/install/example_local_navigation_cpp:/home/hj926217/aruco/install/example_global_navigation_cpp:/home/hj926217/aruco/install/example_executor_with_multiple_modes_cpp:/home/hj926217/aruco/install/px4_ros2_cpp:/home/hj926217/aruco/install/px4_msgs_old:/home/hj926217/aruco/install/aruco_tracker:/home/hj926217/aruco/install/px4_msgs:/home/hj926217/aruco/install/image_geometry:/home/hj926217/aruco/install/cv_bridge:/home/hj926217/aruco/install/opencv_tests:/opt/ros/humble LD_LIBRARY_PATH=/home/hj926217/ros2ws/install/px4_msgs/lib:/home/hj926217/ros2ws/install/px4_ros_com/lib:/home/hj926217/aruco/install/translation_node/lib:/home/hj926217/aruco/install/px4_ros2_cpp/lib:/home/hj926217/aruco/install/px4_msgs_old/lib:/home/hj926217/aruco/install/px4_msgs/lib:/home/hj926217/aruco/install/image_geometry/lib:/home/hj926217/aruco/install/cv_bridge/lib:/opt/ros/humble/opt/rviz_ogre_vendor/lib:/opt/ros/humble/lib/x86_64-linux-gnu:/opt/ros/humble/lib:/usr/local/lib /usr/bin/cmake --install /home/hj926217/ros2ws/build/px4_ros_com
[37.818s] -- Install configuration: ""
[37.819s] -- Up-to-date: /home/hj926217/ros2ws/install/px4_ros_com/lib/px4_ros_com/sensor_combined_listener
[37.819s] -- Up-to-date: /home/hj926217/ros2ws/install/px4_ros_com/lib/px4_ros_com/vehicle_gps_position_listener
[37.819s] -- Up-to-date: /home/hj926217/ros2ws/install/px4_ros_com/lib/px4_ros_com/debug_vect_advertiser
[37.821s] -- Up-to-date: /home/hj926217/ros2ws/install/px4_ros_com/lib/px4_ros_com/tf2_control
[37.821s] -- Installing: /home/hj926217/ros2ws/install/px4_ros_com/lib/px4_ros_com/aruco_position_sub
[37.833s] -- Set runtime path of "/home/hj926217/ros2ws/install/px4_ros_com/lib/px4_ros_com/aruco_position_sub" to ""
[37.834s] -- Up-to-date: /home/hj926217/ros2ws/install/px4_ros_com/lib/px4_ros_com/vertiport_land
[37.834s] -- Up-to-date: /home/hj926217/ros2ws/install/px4_ros_com/lib/px4_ros_com/aruco_position_publisher_node
[37.834s] -- Up-to-date: /home/hj926217/ros2ws/install/px4_ros_com/lib/px4_ros_com/offboard_control
[37.835s] -- Up-to-date: /home/hj926217/ros2ws/install/px4_ros_com/lib/px4_ros_com/offboard_control_srv
[37.836s] -- Up-to-date: /home/hj926217/ros2ws/install/px4_ros_com/share/px4_ros_com/environment/library_path.sh
[37.837s] -- Up-to-date: /home/hj926217/ros2ws/install/px4_ros_com/share/px4_ros_com/environment/library_path.dsv
[37.837s] -- Up-to-date: /home/hj926217/ros2ws/install/px4_ros_com/include/px4_ros_com
[37.838s] -- Up-to-date: /home/hj926217/ros2ws/install/px4_ros_com/include/px4_ros_com/frame_transforms.h
[37.839s] -- Up-to-date: /home/hj926217/ros2ws/install/px4_ros_com/lib/libframe_transforms.so
[37.839s] -- Up-to-date: /home/hj926217/ros2ws/install/px4_ros_com/share/px4_ros_com//launch
[37.840s] -- Up-to-date: /home/hj926217/ros2ws/install/px4_ros_com/share/px4_ros_com//launch/rtab_points.launch.py
[37.841s] -- Up-to-date: /home/hj926217/ros2ws/install/px4_ros_com/share/px4_ros_com//launch/offboard_control_launch.yaml
[37.841s] -- Up-to-date: /home/hj926217/ros2ws/install/px4_ros_com/share/px4_ros_com//launch/sensor_combined_listener.launch.py
[37.842s] -- Up-to-date: /home/hj926217/ros2ws/install/px4_ros_com/share/px4_ros_com//test
[37.843s] -- Up-to-date: /home/hj926217/ros2ws/install/px4_ros_com/share/px4_ros_com//test/test_output.py
[37.843s] -- Up-to-date: /home/hj926217/ros2ws/install/px4_ros_com/share/px4_ros_com//test/__init__.py
[37.844s] -- Up-to-date: /home/hj926217/ros2ws/install/px4_ros_com/share/px4_ros_com//test/pipeline_io_test.py
[37.844s] -- Up-to-date: /home/hj926217/ros2ws/install/px4_ros_com/share/px4_ros_com//test/test_input.py
[37.845s] -- Up-to-date: /home/hj926217/ros2ws/install/px4_ros_com/share/px4_ros_com/environment/pythonpath.sh
[37.846s] -- Up-to-date: /home/hj926217/ros2ws/install/px4_ros_com/share/px4_ros_com/environment/pythonpath.dsv
[37.846s] -- Up-to-date: /home/hj926217/ros2ws/install/px4_ros_com/local/lib/python3.10/dist-packages/px4_ros_com-0.1.0-py3.10.egg-info
[37.847s] -- Installing: /home/hj926217/ros2ws/install/px4_ros_com/local/lib/python3.10/dist-packages/px4_ros_com-0.1.0-py3.10.egg-info/SOURCES.txt
[37.848s] -- Installing: /home/hj926217/ros2ws/install/px4_ros_com/local/lib/python3.10/dist-packages/px4_ros_com-0.1.0-py3.10.egg-info/PKG-INFO
[37.849s] -- Installing: /home/hj926217/ros2ws/install/px4_ros_com/local/lib/python3.10/dist-packages/px4_ros_com-0.1.0-py3.10.egg-info/top_level.txt
[37.849s] -- Installing: /home/hj926217/ros2ws/install/px4_ros_com/local/lib/python3.10/dist-packages/px4_ros_com-0.1.0-py3.10.egg-info/dependency_links.txt
[37.850s] -- Up-to-date: /home/hj926217/ros2ws/install/px4_ros_com/local/lib/python3.10/dist-packages/px4_ros_com
[37.851s] -- Up-to-date: /home/hj926217/ros2ws/install/px4_ros_com/local/lib/python3.10/dist-packages/px4_ros_com/module_to_import.py
[37.851s] -- Up-to-date: /home/hj926217/ros2ws/install/px4_ros_com/local/lib/python3.10/dist-packages/px4_ros_com/__init__.py
[37.919s] Listing '/home/hj926217/ros2ws/install/px4_ros_com/local/lib/python3.10/dist-packages/px4_ros_com'...
[37.927s] -- Up-to-date: /home/hj926217/ros2ws/install/px4_ros_com/lib/px4_ros_com/offboard_control.py
[37.927s] -- Up-to-date: /home/hj926217/ros2ws/install/px4_ros_com/share/ament_index/resource_index/package_run_dependencies/px4_ros_com
[37.928s] -- Up-to-date: /home/hj926217/ros2ws/install/px4_ros_com/share/ament_index/resource_index/parent_prefix_path/px4_ros_com
[37.929s] -- Up-to-date: /home/hj926217/ros2ws/install/px4_ros_com/share/px4_ros_com/environment/ament_prefix_path.sh
[37.929s] -- Up-to-date: /home/hj926217/ros2ws/install/px4_ros_com/share/px4_ros_com/environment/ament_prefix_path.dsv
[37.929s] -- Up-to-date: /home/hj926217/ros2ws/install/px4_ros_com/share/px4_ros_com/environment/path.sh
[37.929s] -- Up-to-date: /home/hj926217/ros2ws/install/px4_ros_com/share/px4_ros_com/environment/path.dsv
[37.929s] -- Up-to-date: /home/hj926217/ros2ws/install/px4_ros_com/share/px4_ros_com/local_setup.bash
[37.929s] -- Up-to-date: /home/hj926217/ros2ws/install/px4_ros_com/share/px4_ros_com/local_setup.sh
[37.929s] -- Up-to-date: /home/hj926217/ros2ws/install/px4_ros_com/share/px4_ros_com/local_setup.zsh
[37.929s] -- Up-to-date: /home/hj926217/ros2ws/install/px4_ros_com/share/px4_ros_com/local_setup.dsv
[37.929s] -- Installing: /home/hj926217/ros2ws/install/px4_ros_com/share/px4_ros_com/package.dsv
[37.929s] -- Up-to-date: /home/hj926217/ros2ws/install/px4_ros_com/share/ament_index/resource_index/packages/px4_ros_com
[37.930s] -- Up-to-date: /home/hj926217/ros2ws/install/px4_ros_com/share/px4_ros_com/cmake/export_frame_transformsExport.cmake
[37.930s] -- Up-to-date: /home/hj926217/ros2ws/install/px4_ros_com/share/px4_ros_com/cmake/export_frame_transformsExport-noconfig.cmake
[37.930s] -- Up-to-date: /home/hj926217/ros2ws/install/px4_ros_com/share/px4_ros_com/cmake/ament_cmake_export_dependencies-extras.cmake
[37.930s] -- Up-to-date: /home/hj926217/ros2ws/install/px4_ros_com/share/px4_ros_com/cmake/ament_cmake_export_targets-extras.cmake
[37.930s] -- Up-to-date: /home/hj926217/ros2ws/install/px4_ros_com/share/px4_ros_com/cmake/ament_cmake_export_include_directories-extras.cmake
[37.930s] -- Up-to-date: /home/hj926217/ros2ws/install/px4_ros_com/share/px4_ros_com/cmake/ament_cmake_export_libraries-extras.cmake
[37.930s] -- Up-to-date: /home/hj926217/ros2ws/install/px4_ros_com/share/px4_ros_com/cmake/px4_ros_comConfig.cmake
[37.930s] -- Up-to-date: /home/hj926217/ros2ws/install/px4_ros_com/share/px4_ros_com/cmake/px4_ros_comConfig-version.cmake
[37.930s] -- Up-to-date: /home/hj926217/ros2ws/install/px4_ros_com/share/px4_ros_com/package.xml
[37.934s] Invoked command in '/home/hj926217/ros2ws/build/px4_ros_com' returned '0': CMAKE_PREFIX_PATH=/home/hj926217/ros2ws/install/px4_msgs:/home/hj926217/ros2ws/install/px4_ros_com:/home/hj926217/aruco/install/vision_opencv:/home/hj926217/aruco/install/vertiport_land:/home/hj926217/aruco/install/translation_node:/home/hj926217/aruco/install/precision_land:/home/hj926217/aruco/install/example_rover_velocity_mode_cpp:/home/hj926217/aruco/install/example_mode_with_executor_cpp:/home/hj926217/aruco/install/example_mode_vtol_cpp:/home/hj926217/aruco/install/example_mode_rtl_replacement_cpp:/home/hj926217/aruco/install/example_mode_mission_cpp:/home/hj926217/aruco/install/example_mode_manual_cpp:/home/hj926217/aruco/install/example_mode_goto_global_cpp:/home/hj926217/aruco/install/example_mode_goto_cpp:/home/hj926217/aruco/install/example_mode_fw_attitude_cpp:/home/hj926217/aruco/install/example_local_navigation_cpp:/home/hj926217/aruco/install/example_global_navigation_cpp:/home/hj926217/aruco/install/example_executor_with_multiple_modes_cpp:/home/hj926217/aruco/install/px4_ros2_cpp:/home/hj926217/aruco/install/px4_msgs_old:/home/hj926217/aruco/install/aruco_tracker:/home/hj926217/aruco/install/px4_msgs:/home/hj926217/aruco/install/image_geometry:/home/hj926217/aruco/install/cv_bridge:/home/hj926217/aruco/install/opencv_tests:/opt/ros/humble LD_LIBRARY_PATH=/home/hj926217/ros2ws/install/px4_msgs/lib:/home/hj926217/ros2ws/install/px4_ros_com/lib:/home/hj926217/aruco/install/translation_node/lib:/home/hj926217/aruco/install/px4_ros2_cpp/lib:/home/hj926217/aruco/install/px4_msgs_old/lib:/home/hj926217/aruco/install/px4_msgs/lib:/home/hj926217/aruco/install/image_geometry/lib:/home/hj926217/aruco/install/cv_bridge/lib:/opt/ros/humble/opt/rviz_ogre_vendor/lib:/opt/ros/humble/lib/x86_64-linux-gnu:/opt/ros/humble/lib:/usr/local/lib /usr/bin/cmake --install /home/hj926217/ros2ws/build/px4_ros_com
