[35m[1mConsolidate compiler generated dependencies of target tf2_control[0m
[ 14%] Built target vehicle_gps_position_listener
[ 28%] Built target frame_transforms
[ 42%] Built target debug_vect_advertiser
[ 57%] Built target sensor_combined_listener
[ 71%] Built target offboard_control_srv
[ 85%] Built target offboard_control
[ 85%] Built target ament_cmake_python_copy_px4_ros_com
[ 92%] [32mBuilding CXX object CMakeFiles/tf2_control.dir/src/examples/offboard/tf2_control.cpp.o[0m
running egg_info
writing px4_ros_com.egg-info/PKG-INFO
writing dependency_links to px4_ros_com.egg-info/dependency_links.txt
writing top-level names to px4_ros_com.egg-info/top_level.txt
reading manifest file 'px4_ros_com.egg-info/SOURCES.txt'
writing manifest file 'px4_ros_com.egg-info/SOURCES.txt'
[ 92%] Built target ament_cmake_python_build_px4_ros_com_egg
[01m[K/home/hj926217/ros2ws/src/px4_ros_com/src/examples/offboard/tf2_control.cpp:[m[K In member function ‘[01m[Kvoid DynamicTFPublisher2D::broadcast_transform()[m[K’:
[01m[K/home/hj926217/ros2ws/src/px4_ros_com/src/examples/offboard/tf2_control.cpp:63:32:[m[K [01;31m[Kerror: [m[K‘[01m[Kusing element_type = struct px4_msgs::msg::VehicleLocalPosition_<std::allocator<void> >[m[K’ {aka ‘[01m[Kstruct px4_msgs::msg::VehicleLocalPosition_<std::allocator<void> >[m[K’} has no member named ‘[01m[Korientation[m[K’
   63 |             vehicle_position_->[01;31m[Korientation[m[K.x,
      |                                [01;31m[K^~~~~~~~~~~[m[K
[01m[K/home/hj926217/ros2ws/src/px4_ros_com/src/examples/offboard/tf2_control.cpp:64:32:[m[K [01;31m[Kerror: [m[K‘[01m[Kusing element_type = struct px4_msgs::msg::VehicleLocalPosition_<std::allocator<void> >[m[K’ {aka ‘[01m[Kstruct px4_msgs::msg::VehicleLocalPosition_<std::allocator<void> >[m[K’} has no member named ‘[01m[Korientation[m[K’
   64 |             vehicle_position_->[01;31m[Korientation[m[K.y,
      |                                [01;31m[K^~~~~~~~~~~[m[K
[01m[K/home/hj926217/ros2ws/src/px4_ros_com/src/examples/offboard/tf2_control.cpp:65:32:[m[K [01;31m[Kerror: [m[K‘[01m[Kusing element_type = struct px4_msgs::msg::VehicleLocalPosition_<std::allocator<void> >[m[K’ {aka ‘[01m[Kstruct px4_msgs::msg::VehicleLocalPosition_<std::allocator<void> >[m[K’} has no member named ‘[01m[Korientation[m[K’
   65 |             vehicle_position_->[01;31m[Korientation[m[K.z,
      |                                [01;31m[K^~~~~~~~~~~[m[K
[01m[K/home/hj926217/ros2ws/src/px4_ros_com/src/examples/offboard/tf2_control.cpp:66:32:[m[K [01;31m[Kerror: [m[K‘[01m[Kusing element_type = struct px4_msgs::msg::VehicleLocalPosition_<std::allocator<void> >[m[K’ {aka ‘[01m[Kstruct px4_msgs::msg::VehicleLocalPosition_<std::allocator<void> >[m[K’} has no member named ‘[01m[Korientation[m[K’
   66 |             vehicle_position_->[01;31m[Korientation[m[K.w
      |                                [01;31m[K^~~~~~~~~~~[m[K
gmake[2]: *** [CMakeFiles/tf2_control.dir/build.make:76: CMakeFiles/tf2_control.dir/src/examples/offboard/tf2_control.cpp.o] Error 1
gmake[1]: *** [CMakeFiles/Makefile2:256: CMakeFiles/tf2_control.dir/all] Error 2
gmake: *** [Makefile:146: all] Error 2
