[  5%] [32mBuilding CXX object CMakeFiles/aruco_position_publisher_node.dir/src/aruco_position_publisher.cpp.o[0m
[ 16%] Built target frame_transforms
[ 27%] Built target vertiport_land
[ 38%] Built target sensor_combined_listener
[ 55%] Built target debug_vect_advertiser
[ 61%] Built target vehicle_gps_position_listener
[ 61%] Built target ament_cmake_python_copy_px4_ros_com
[ 72%] Built target tf2_control
[ 83%] Built target offboard_control
[ 94%] Built target offboard_control_srv
running egg_info
writing px4_ros_com.egg-info/PKG-INFO
writing dependency_links to px4_ros_com.egg-info/dependency_links.txt
writing top-level names to px4_ros_com.egg-info/top_level.txt
reading manifest file 'px4_ros_com.egg-info/SOURCES.txt'
writing manifest file 'px4_ros_com.egg-info/SOURCES.txt'
[ 94%] Built target ament_cmake_python_build_px4_ros_com_egg
[01m[K/home/hj926217/ros2ws/src/px4_ros_com/src/aruco_position_publisher.cpp:[m[K In constructor ‘[01m[KArucoPositionPublisher::ArucoPositionPublisher()[m[K’:
[01m[K/home/hj926217/ros2ws/src/px4_ros_com/src/aruco_position_publisher.cpp:43:62:[m[K [01;31m[Kerror: [m[Kno match for ‘[01m[Koperator=[m[K’ (operand types are ‘[01m[Kcv::Ptr<cv::aruco::Dictionary>[m[K’ and ‘[01m[Kcv::aruco::Dictionary[m[K’)
   43 |     dictionary_ = cv::aruco::getPredefinedDictionary(dict_id_[01;31m[K)[m[K;
      |                                                              [01;31m[K^[m[K
In file included from [01m[K/usr/local/include/opencv4/opencv2/core/cvstd.hpp:81[m[K,
                 from [01m[K/usr/local/include/opencv4/opencv2/core/base.hpp:58[m[K,
                 from [01m[K/usr/local/include/opencv4/opencv2/core.hpp:53[m[K,
                 from [01m[K/usr/local/include/opencv4/opencv2/core/core.hpp:48[m[K,
                 from [01m[K/home/hj926217/aruco/install/cv_bridge/include/cv_bridge/cv_bridge/cv_bridge.hpp:43[m[K,
                 from [01m[K/home/hj926217/ros2ws/src/px4_ros_com/src/aruco_position_publisher.cpp:7[m[K:
[01m[K/usr/local/include/opencv4/opencv2/core/cvstd_wrapper.hpp:122:38:[m[K [01;36m[Knote: [m[Kcandidate: ‘[01m[Ktemplate<class Y> cv::Ptr<T>& cv::Ptr<T>::operator=(const cv::Ptr<Y>&) [with Y = Y; T = cv::aruco::Dictionary][m[K’
  122 |     template<typename Y> inline Ptr& [01;36m[Koperator[m[K=(const Ptr<Y>& o) { std::shared_ptr<T>::operator =(o); return *this; }
      |                                      [01;36m[K^~~~~~~~[m[K
[01m[K/usr/local/include/opencv4/opencv2/core/cvstd_wrapper.hpp:122:38:[m[K [01;36m[Knote: [m[K  template argument deduction/substitution failed:
[01m[K/home/hj926217/ros2ws/src/px4_ros_com/src/aruco_position_publisher.cpp:43:62:[m[K [01;36m[Knote: [m[K  ‘[01m[Kcv::aruco::Dictionary[m[K’ is not derived from ‘[01m[Kconst cv::Ptr<_Tp>[m[K’
   43 |     dictionary_ = cv::aruco::getPredefinedDictionary(dict_id_[01;36m[K)[m[K;
      |                                                              [01;36m[K^[m[K
In file included from [01m[K/usr/local/include/opencv4/opencv2/core/cvstd.hpp:81[m[K,
                 from [01m[K/usr/local/include/opencv4/opencv2/core/base.hpp:58[m[K,
                 from [01m[K/usr/local/include/opencv4/opencv2/core.hpp:53[m[K,
                 from [01m[K/usr/local/include/opencv4/opencv2/core/core.hpp:48[m[K,
                 from [01m[K/home/hj926217/aruco/install/cv_bridge/include/cv_bridge/cv_bridge/cv_bridge.hpp:43[m[K,
                 from [01m[K/home/hj926217/ros2ws/src/px4_ros_com/src/aruco_position_publisher.cpp:7[m[K:
[01m[K/usr/local/include/opencv4/opencv2/core/cvstd_wrapper.hpp:121:10:[m[K [01;36m[Knote: [m[Kcandidate: ‘[01m[Kcv::Ptr<T>& cv::Ptr<T>::operator=(const cv::Ptr<T>&) [with T = cv::aruco::Dictionary][m[K’
  121 |     Ptr& [01;36m[Koperator[m[K=(const Ptr& o) { std::shared_ptr<T>::operator =(o); return *this; }
      |          [01;36m[K^~~~~~~~[m[K
[01m[K/usr/local/include/opencv4/opencv2/core/cvstd_wrapper.hpp:121:31:[m[K [01;36m[Knote: [m[K  no known conversion for argument 1 from ‘[01m[Kcv::aruco::Dictionary[m[K’ to ‘[01m[Kconst cv::Ptr<cv::aruco::Dictionary>&[m[K’
  121 |     Ptr& operator=([01;36m[Kconst Ptr& o[m[K) { std::shared_ptr<T>::operator =(o); return *this; }
      |                    [01;36m[K~~~~~~~~~~~^[m[K
[01m[K/home/hj926217/ros2ws/src/px4_ros_com/src/aruco_position_publisher.cpp:44:55:[m[K [01;31m[Kerror: [m[K‘[01m[Kcreate[m[K’ is not a member of ‘[01m[Kcv::aruco::DetectorParameters[m[K’
   44 |     detector_params_ = cv::aruco::DetectorParameters::[01;31m[Kcreate[m[K();
      |                                                       [01;31m[K^~~~~~[m[K
gmake[2]: *** [CMakeFiles/aruco_position_publisher_node.dir/build.make:76: CMakeFiles/aruco_position_publisher_node.dir/src/aruco_position_publisher.cpp.o] Error 1
gmake[1]: *** [CMakeFiles/Makefile2:312: CMakeFiles/aruco_position_publisher_node.dir/all] Error 2
gmake: *** [Makefile:146: all] Error 2
