[0.053s] Invoking command in '/home/hj926217/ros2ws/build/px4_ros_com': CMAKE_PREFIX_PATH=/home/hj926217/ros2ws/install/px4_msgs:/home/hj926217/ros2ws/install/px4_ros_com:/home/hj926217/aruco/install/vision_opencv:/home/hj926217/aruco/install/vertiport_land:/home/hj926217/aruco/install/translation_node:/home/hj926217/aruco/install/precision_land:/home/hj926217/aruco/install/example_rover_velocity_mode_cpp:/home/hj926217/aruco/install/example_mode_with_executor_cpp:/home/hj926217/aruco/install/example_mode_vtol_cpp:/home/hj926217/aruco/install/example_mode_rtl_replacement_cpp:/home/hj926217/aruco/install/example_mode_mission_cpp:/home/hj926217/aruco/install/example_mode_manual_cpp:/home/hj926217/aruco/install/example_mode_goto_global_cpp:/home/hj926217/aruco/install/example_mode_goto_cpp:/home/hj926217/aruco/install/example_mode_fw_attitude_cpp:/home/hj926217/aruco/install/example_local_navigation_cpp:/home/hj926217/aruco/install/example_global_navigation_cpp:/home/hj926217/aruco/install/example_executor_with_multiple_modes_cpp:/home/hj926217/aruco/install/px4_ros2_cpp:/home/hj926217/aruco/install/px4_msgs_old:/home/hj926217/aruco/install/aruco_tracker:/home/hj926217/aruco/install/px4_msgs:/home/hj926217/aruco/install/image_geometry:/home/hj926217/aruco/install/cv_bridge:/home/hj926217/aruco/install/opencv_tests:/opt/ros/humble LD_LIBRARY_PATH=/home/hj926217/ros2ws/install/px4_msgs/lib:/home/hj926217/ros2ws/install/px4_ros_com/lib:/home/hj926217/aruco/install/translation_node/lib:/home/hj926217/aruco/install/px4_ros2_cpp/lib:/home/hj926217/aruco/install/px4_msgs_old/lib:/home/hj926217/aruco/install/px4_msgs/lib:/home/hj926217/aruco/install/image_geometry/lib:/home/hj926217/aruco/install/cv_bridge/lib:/opt/ros/humble/opt/rviz_ogre_vendor/lib:/opt/ros/humble/lib/x86_64-linux-gnu:/opt/ros/humble/lib:/usr/local/lib /usr/bin/cmake --build /home/hj926217/ros2ws/build/px4_ros_com -- -j16 -l16
[0.179s] [  5%] [32mBuilding CXX object CMakeFiles/aruco_position_publisher_node.dir/src/aruco_position_publisher.cpp.o[0m
[0.189s] [ 16%] Built target frame_transforms
[0.194s] [ 27%] Built target vertiport_land
[0.200s] [ 38%] Built target sensor_combined_listener
[0.204s] [ 55%] Built target debug_vect_advertiser
[0.204s] [ 61%] Built target vehicle_gps_position_listener
[0.209s] [ 61%] Built target ament_cmake_python_copy_px4_ros_com
[0.212s] [ 72%] Built target tf2_control
[0.219s] [ 83%] Built target offboard_control
[0.223s] [ 94%] Built target offboard_control_srv
[1.005s] running egg_info
[1.008s] writing px4_ros_com.egg-info/PKG-INFO
[1.008s] writing dependency_links to px4_ros_com.egg-info/dependency_links.txt
[1.009s] writing top-level names to px4_ros_com.egg-info/top_level.txt
[1.016s] reading manifest file 'px4_ros_com.egg-info/SOURCES.txt'
[1.017s] writing manifest file 'px4_ros_com.egg-info/SOURCES.txt'
[1.091s] [ 94%] Built target ament_cmake_python_build_px4_ros_com_egg
[7.478s] [01m[K/home/hj926217/ros2ws/src/px4_ros_com/src/aruco_position_publisher.cpp:[m[K In constructor ‘[01m[KArucoPositionPublisher::ArucoPositionPublisher()[m[K’:
[7.479s] [01m[K/home/hj926217/ros2ws/src/px4_ros_com/src/aruco_position_publisher.cpp:43:62:[m[K [01;31m[Kerror: [m[Kno match for ‘[01m[Koperator=[m[K’ (operand types are ‘[01m[Kcv::Ptr<cv::aruco::Dictionary>[m[K’ and ‘[01m[Kcv::aruco::Dictionary[m[K’)
[7.479s]    43 |     dictionary_ = cv::aruco::getPredefinedDictionary(dict_id_[01;31m[K)[m[K;
[7.479s]       |                                                              [01;31m[K^[m[K
[7.479s] In file included from [01m[K/usr/local/include/opencv4/opencv2/core/cvstd.hpp:81[m[K,
[7.479s]                  from [01m[K/usr/local/include/opencv4/opencv2/core/base.hpp:58[m[K,
[7.479s]                  from [01m[K/usr/local/include/opencv4/opencv2/core.hpp:53[m[K,
[7.480s]                  from [01m[K/usr/local/include/opencv4/opencv2/core/core.hpp:48[m[K,
[7.480s]                  from [01m[K/home/hj926217/aruco/install/cv_bridge/include/cv_bridge/cv_bridge/cv_bridge.hpp:43[m[K,
[7.480s]                  from [01m[K/home/hj926217/ros2ws/src/px4_ros_com/src/aruco_position_publisher.cpp:7[m[K:
[7.480s] [01m[K/usr/local/include/opencv4/opencv2/core/cvstd_wrapper.hpp:122:38:[m[K [01;36m[Knote: [m[Kcandidate: ‘[01m[Ktemplate<class Y> cv::Ptr<T>& cv::Ptr<T>::operator=(const cv::Ptr<Y>&) [with Y = Y; T = cv::aruco::Dictionary][m[K’
[7.480s]   122 |     template<typename Y> inline Ptr& [01;36m[Koperator[m[K=(const Ptr<Y>& o) { std::shared_ptr<T>::operator =(o); return *this; }
[7.480s]       |                                      [01;36m[K^~~~~~~~[m[K
[7.480s] [01m[K/usr/local/include/opencv4/opencv2/core/cvstd_wrapper.hpp:122:38:[m[K [01;36m[Knote: [m[K  template argument deduction/substitution failed:
[7.480s] [01m[K/home/hj926217/ros2ws/src/px4_ros_com/src/aruco_position_publisher.cpp:43:62:[m[K [01;36m[Knote: [m[K  ‘[01m[Kcv::aruco::Dictionary[m[K’ is not derived from ‘[01m[Kconst cv::Ptr<_Tp>[m[K’
[7.480s]    43 |     dictionary_ = cv::aruco::getPredefinedDictionary(dict_id_[01;36m[K)[m[K;
[7.480s]       |                                                              [01;36m[K^[m[K
[7.480s] In file included from [01m[K/usr/local/include/opencv4/opencv2/core/cvstd.hpp:81[m[K,
[7.480s]                  from [01m[K/usr/local/include/opencv4/opencv2/core/base.hpp:58[m[K,
[7.481s]                  from [01m[K/usr/local/include/opencv4/opencv2/core.hpp:53[m[K,
[7.481s]                  from [01m[K/usr/local/include/opencv4/opencv2/core/core.hpp:48[m[K,
[7.481s]                  from [01m[K/home/hj926217/aruco/install/cv_bridge/include/cv_bridge/cv_bridge/cv_bridge.hpp:43[m[K,
[7.481s]                  from [01m[K/home/hj926217/ros2ws/src/px4_ros_com/src/aruco_position_publisher.cpp:7[m[K:
[7.481s] [01m[K/usr/local/include/opencv4/opencv2/core/cvstd_wrapper.hpp:121:10:[m[K [01;36m[Knote: [m[Kcandidate: ‘[01m[Kcv::Ptr<T>& cv::Ptr<T>::operator=(const cv::Ptr<T>&) [with T = cv::aruco::Dictionary][m[K’
[7.481s]   121 |     Ptr& [01;36m[Koperator[m[K=(const Ptr& o) { std::shared_ptr<T>::operator =(o); return *this; }
[7.481s]       |          [01;36m[K^~~~~~~~[m[K
[7.481s] [01m[K/usr/local/include/opencv4/opencv2/core/cvstd_wrapper.hpp:121:31:[m[K [01;36m[Knote: [m[K  no known conversion for argument 1 from ‘[01m[Kcv::aruco::Dictionary[m[K’ to ‘[01m[Kconst cv::Ptr<cv::aruco::Dictionary>&[m[K’
[7.481s]   121 |     Ptr& operator=([01;36m[Kconst Ptr& o[m[K) { std::shared_ptr<T>::operator =(o); return *this; }
[7.481s]       |                    [01;36m[K~~~~~~~~~~~^[m[K
[7.481s] [01m[K/home/hj926217/ros2ws/src/px4_ros_com/src/aruco_position_publisher.cpp:44:55:[m[K [01;31m[Kerror: [m[K‘[01m[Kcreate[m[K’ is not a member of ‘[01m[Kcv::aruco::DetectorParameters[m[K’
[7.482s]    44 |     detector_params_ = cv::aruco::DetectorParameters::[01;31m[Kcreate[m[K();
[7.482s]       |                                                       [01;31m[K^~~~~~[m[K
[15.107s] gmake[2]: *** [CMakeFiles/aruco_position_publisher_node.dir/build.make:76: CMakeFiles/aruco_position_publisher_node.dir/src/aruco_position_publisher.cpp.o] Error 1
[15.107s] gmake[1]: *** [CMakeFiles/Makefile2:312: CMakeFiles/aruco_position_publisher_node.dir/all] Error 2
[15.107s] gmake: *** [Makefile:146: all] Error 2
[15.113s] Invoked command in '/home/hj926217/ros2ws/build/px4_ros_com' returned '2': CMAKE_PREFIX_PATH=/home/hj926217/ros2ws/install/px4_msgs:/home/hj926217/ros2ws/install/px4_ros_com:/home/hj926217/aruco/install/vision_opencv:/home/hj926217/aruco/install/vertiport_land:/home/hj926217/aruco/install/translation_node:/home/hj926217/aruco/install/precision_land:/home/hj926217/aruco/install/example_rover_velocity_mode_cpp:/home/hj926217/aruco/install/example_mode_with_executor_cpp:/home/hj926217/aruco/install/example_mode_vtol_cpp:/home/hj926217/aruco/install/example_mode_rtl_replacement_cpp:/home/hj926217/aruco/install/example_mode_mission_cpp:/home/hj926217/aruco/install/example_mode_manual_cpp:/home/hj926217/aruco/install/example_mode_goto_global_cpp:/home/hj926217/aruco/install/example_mode_goto_cpp:/home/hj926217/aruco/install/example_mode_fw_attitude_cpp:/home/hj926217/aruco/install/example_local_navigation_cpp:/home/hj926217/aruco/install/example_global_navigation_cpp:/home/hj926217/aruco/install/example_executor_with_multiple_modes_cpp:/home/hj926217/aruco/install/px4_ros2_cpp:/home/hj926217/aruco/install/px4_msgs_old:/home/hj926217/aruco/install/aruco_tracker:/home/hj926217/aruco/install/px4_msgs:/home/hj926217/aruco/install/image_geometry:/home/hj926217/aruco/install/cv_bridge:/home/hj926217/aruco/install/opencv_tests:/opt/ros/humble LD_LIBRARY_PATH=/home/hj926217/ros2ws/install/px4_msgs/lib:/home/hj926217/ros2ws/install/px4_ros_com/lib:/home/hj926217/aruco/install/translation_node/lib:/home/hj926217/aruco/install/px4_ros2_cpp/lib:/home/hj926217/aruco/install/px4_msgs_old/lib:/home/hj926217/aruco/install/px4_msgs/lib:/home/hj926217/aruco/install/image_geometry/lib:/home/hj926217/aruco/install/cv_bridge/lib:/opt/ros/humble/opt/rviz_ogre_vendor/lib:/opt/ros/humble/lib/x86_64-linux-gnu:/opt/ros/humble/lib:/usr/local/lib /usr/bin/cmake --build /home/hj926217/ros2ws/build/px4_ros_com -- -j16 -l16
