[0.017s] Invoking command in '/home/hj926217/ros2ws/build/px4_ros_com': CMAKE_PREFIX_PATH=/home/hj926217/ros2ws/install/px4_msgs:/home/hj926217/ros2ws/install/px4_ros_com:/opt/ros/humble LD_LIBRARY_PATH=/home/hj926217/ros2ws/install/px4_msgs/lib:/home/hj926217/ros2ws/install/px4_ros_com/lib:/opt/ros/humble/opt/rviz_ogre_vendor/lib:/opt/ros/humble/lib/x86_64-linux-gnu:/opt/ros/humble/lib:/usr/local/lib /usr/bin/cmake --build /home/hj926217/ros2ws/build/px4_ros_com -- -j16 -l16
[0.145s] [  6%] Built target goal_marker_pub
[0.145s] [ 12%] Built target ground_odom
[0.146s] [ 21%] Built target vehicle_gps_position_listener
[0.146s] [ 28%] Built target sensor_combined_listener
[0.146s] [ 31%] Built target frame_transforms
[0.146s] [ 37%] Built target debug_vect_advertiser
[0.147s] [ 50%] Built target nav_path
[0.147s] [ 50%] Built target path_follower
[0.147s] [ 56%] Built target circle_flight
[0.147s] [ 62%] Built target aruco_position_publisher_node
[0.148s] [ 71%] Built target aruco_position_sub
[0.148s] [ 75%] Built target tf2_control
[0.148s] [ 81%] Built target vertiport_land
[0.148s] [ 90%] [32mBuilding CXX object CMakeFiles/goal_to_path.dir/src/goal_to_path.cpp.o[0m
[0.149s] [ 90%] Built target offboard_control
[0.161s] [ 96%] Built target offboard_control_srv
[0.189s] [ 96%] Built target ament_cmake_python_copy_px4_ros_com
[0.656s] running egg_info
[0.657s] writing px4_ros_com.egg-info/PKG-INFO
[0.658s] writing dependency_links to px4_ros_com.egg-info/dependency_links.txt
[0.658s] writing top-level names to px4_ros_com.egg-info/top_level.txt
[0.661s] reading manifest file 'px4_ros_com.egg-info/SOURCES.txt'
[0.662s] writing manifest file 'px4_ros_com.egg-info/SOURCES.txt'
[0.706s] [ 96%] Built target ament_cmake_python_build_px4_ros_com_egg
[17.556s] [100%] [32m[1mLinking CXX executable goal_to_path[0m
[18.408s] [100%] Built target goal_to_path
[18.423s] Invoked command in '/home/hj926217/ros2ws/build/px4_ros_com' returned '0': CMAKE_PREFIX_PATH=/home/hj926217/ros2ws/install/px4_msgs:/home/hj926217/ros2ws/install/px4_ros_com:/opt/ros/humble LD_LIBRARY_PATH=/home/hj926217/ros2ws/install/px4_msgs/lib:/home/hj926217/ros2ws/install/px4_ros_com/lib:/opt/ros/humble/opt/rviz_ogre_vendor/lib:/opt/ros/humble/lib/x86_64-linux-gnu:/opt/ros/humble/lib:/usr/local/lib /usr/bin/cmake --build /home/hj926217/ros2ws/build/px4_ros_com -- -j16 -l16
[18.436s] Invoking command in '/home/hj926217/ros2ws/build/px4_ros_com': CMAKE_PREFIX_PATH=/home/hj926217/ros2ws/install/px4_msgs:/home/hj926217/ros2ws/install/px4_ros_com:/opt/ros/humble LD_LIBRARY_PATH=/home/hj926217/ros2ws/install/px4_msgs/lib:/home/hj926217/ros2ws/install/px4_ros_com/lib:/opt/ros/humble/opt/rviz_ogre_vendor/lib:/opt/ros/humble/lib/x86_64-linux-gnu:/opt/ros/humble/lib:/usr/local/lib /usr/bin/cmake --install /home/hj926217/ros2ws/build/px4_ros_com
[18.445s] -- Install configuration: ""
[18.445s] -- Up-to-date: /home/hj926217/ros2ws/install/px4_ros_com/lib/px4_ros_com/path_follower
[18.446s] -- Up-to-date: /home/hj926217/ros2ws/install/px4_ros_com/lib/px4_ros_com/goal_marker_pub
[18.446s] -- Installing: /home/hj926217/ros2ws/install/px4_ros_com/lib/px4_ros_com/goal_to_path
[18.455s] -- Set runtime path of "/home/hj926217/ros2ws/install/px4_ros_com/lib/px4_ros_com/goal_to_path" to ""
[18.455s] -- Up-to-date: /home/hj926217/ros2ws/install/px4_ros_com/lib/px4_ros_com/ground_odom
[18.455s] -- Up-to-date: /home/hj926217/ros2ws/install/px4_ros_com/lib/px4_ros_com/sensor_combined_listener
[18.455s] -- Up-to-date: /home/hj926217/ros2ws/install/px4_ros_com/lib/px4_ros_com/vehicle_gps_position_listener
[18.456s] -- Up-to-date: /home/hj926217/ros2ws/install/px4_ros_com/lib/px4_ros_com/debug_vect_advertiser
[18.456s] -- Up-to-date: /home/hj926217/ros2ws/install/px4_ros_com/lib/px4_ros_com/nav_path
[18.456s] -- Up-to-date: /home/hj926217/ros2ws/install/px4_ros_com/lib/px4_ros_com/circle_flight
[18.457s] -- Up-to-date: /home/hj926217/ros2ws/install/px4_ros_com/lib/px4_ros_com/tf2_control
[18.457s] -- Up-to-date: /home/hj926217/ros2ws/install/px4_ros_com/lib/px4_ros_com/aruco_position_sub
[18.457s] -- Up-to-date: /home/hj926217/ros2ws/install/px4_ros_com/lib/px4_ros_com/vertiport_land
[18.458s] -- Up-to-date: /home/hj926217/ros2ws/install/px4_ros_com/lib/px4_ros_com/aruco_position_publisher_node
[18.458s] -- Up-to-date: /home/hj926217/ros2ws/install/px4_ros_com/lib/px4_ros_com/offboard_control
[18.458s] -- Up-to-date: /home/hj926217/ros2ws/install/px4_ros_com/lib/px4_ros_com/offboard_control_srv
[18.459s] -- Up-to-date: /home/hj926217/ros2ws/install/px4_ros_com/share/px4_ros_com/environment/library_path.sh
[18.459s] -- Up-to-date: /home/hj926217/ros2ws/install/px4_ros_com/share/px4_ros_com/environment/library_path.dsv
[18.459s] -- Up-to-date: /home/hj926217/ros2ws/install/px4_ros_com/include/px4_ros_com
[18.459s] -- Up-to-date: /home/hj926217/ros2ws/install/px4_ros_com/include/px4_ros_com/frame_transforms.h
[18.459s] -- Up-to-date: /home/hj926217/ros2ws/install/px4_ros_com/lib/libframe_transforms.so
[18.459s] -- Up-to-date: /home/hj926217/ros2ws/install/px4_ros_com/share/px4_ros_com//launch
[18.459s] -- Up-to-date: /home/hj926217/ros2ws/install/px4_ros_com/share/px4_ros_com//launch/lidar_octomap_launch.py
[18.459s] -- Up-to-date: /home/hj926217/ros2ws/install/px4_ros_com/share/px4_ros_com//launch/rtab_points.launch.py
[18.459s] -- Up-to-date: /home/hj926217/ros2ws/install/px4_ros_com/share/px4_ros_com//launch/path_follower_launch.py
[18.459s] -- Up-to-date: /home/hj926217/ros2ws/install/px4_ros_com/share/px4_ros_com//launch/offboard_control_launch.yaml
[18.460s] -- Up-to-date: /home/hj926217/ros2ws/install/px4_ros_com/share/px4_ros_com//launch/sensor_combined_listener.launch.py
[18.460s] -- Up-to-date: /home/hj926217/ros2ws/install/px4_ros_com/share/px4_ros_com//test
[18.460s] -- Up-to-date: /home/hj926217/ros2ws/install/px4_ros_com/share/px4_ros_com//test/test_output.py
[18.460s] -- Up-to-date: /home/hj926217/ros2ws/install/px4_ros_com/share/px4_ros_com//test/__init__.py
[18.460s] -- Up-to-date: /home/hj926217/ros2ws/install/px4_ros_com/share/px4_ros_com//test/pipeline_io_test.py
[18.460s] -- Up-to-date: /home/hj926217/ros2ws/install/px4_ros_com/share/px4_ros_com//test/test_input.py
[18.460s] -- Up-to-date: /home/hj926217/ros2ws/install/px4_ros_com/share/px4_ros_com/environment/pythonpath.sh
[18.460s] -- Up-to-date: /home/hj926217/ros2ws/install/px4_ros_com/share/px4_ros_com/environment/pythonpath.dsv
[18.460s] -- Up-to-date: /home/hj926217/ros2ws/install/px4_ros_com/local/lib/python3.10/dist-packages/px4_ros_com-0.1.0-py3.10.egg-info
[18.460s] -- Installing: /home/hj926217/ros2ws/install/px4_ros_com/local/lib/python3.10/dist-packages/px4_ros_com-0.1.0-py3.10.egg-info/SOURCES.txt
[18.460s] -- Installing: /home/hj926217/ros2ws/install/px4_ros_com/local/lib/python3.10/dist-packages/px4_ros_com-0.1.0-py3.10.egg-info/PKG-INFO
[18.460s] -- Installing: /home/hj926217/ros2ws/install/px4_ros_com/local/lib/python3.10/dist-packages/px4_ros_com-0.1.0-py3.10.egg-info/top_level.txt
[18.461s] -- Installing: /home/hj926217/ros2ws/install/px4_ros_com/local/lib/python3.10/dist-packages/px4_ros_com-0.1.0-py3.10.egg-info/dependency_links.txt
[18.461s] -- Up-to-date: /home/hj926217/ros2ws/install/px4_ros_com/local/lib/python3.10/dist-packages/px4_ros_com
[18.461s] -- Up-to-date: /home/hj926217/ros2ws/install/px4_ros_com/local/lib/python3.10/dist-packages/px4_ros_com/module_to_import.py
[18.461s] -- Up-to-date: /home/hj926217/ros2ws/install/px4_ros_com/local/lib/python3.10/dist-packages/px4_ros_com/__init__.py
[18.517s] Listing '/home/hj926217/ros2ws/install/px4_ros_com/local/lib/python3.10/dist-packages/px4_ros_com'...
[18.526s] -- Up-to-date: /home/hj926217/ros2ws/install/px4_ros_com/lib/px4_ros_com/offboard_control.py
[18.526s] -- Up-to-date: /home/hj926217/ros2ws/install/px4_ros_com/share/ament_index/resource_index/package_run_dependencies/px4_ros_com
[18.526s] -- Up-to-date: /home/hj926217/ros2ws/install/px4_ros_com/share/ament_index/resource_index/parent_prefix_path/px4_ros_com
[18.527s] -- Up-to-date: /home/hj926217/ros2ws/install/px4_ros_com/share/px4_ros_com/environment/ament_prefix_path.sh
[18.527s] -- Up-to-date: /home/hj926217/ros2ws/install/px4_ros_com/share/px4_ros_com/environment/ament_prefix_path.dsv
[18.527s] -- Up-to-date: /home/hj926217/ros2ws/install/px4_ros_com/share/px4_ros_com/environment/path.sh
[18.527s] -- Up-to-date: /home/hj926217/ros2ws/install/px4_ros_com/share/px4_ros_com/environment/path.dsv
[18.527s] -- Up-to-date: /home/hj926217/ros2ws/install/px4_ros_com/share/px4_ros_com/local_setup.bash
[18.527s] -- Up-to-date: /home/hj926217/ros2ws/install/px4_ros_com/share/px4_ros_com/local_setup.sh
[18.527s] -- Up-to-date: /home/hj926217/ros2ws/install/px4_ros_com/share/px4_ros_com/local_setup.zsh
[18.527s] -- Up-to-date: /home/hj926217/ros2ws/install/px4_ros_com/share/px4_ros_com/local_setup.dsv
[18.527s] -- Installing: /home/hj926217/ros2ws/install/px4_ros_com/share/px4_ros_com/package.dsv
[18.527s] -- Up-to-date: /home/hj926217/ros2ws/install/px4_ros_com/share/ament_index/resource_index/packages/px4_ros_com
[18.527s] -- Up-to-date: /home/hj926217/ros2ws/install/px4_ros_com/share/px4_ros_com/cmake/export_frame_transformsExport.cmake
[18.527s] -- Up-to-date: /home/hj926217/ros2ws/install/px4_ros_com/share/px4_ros_com/cmake/export_frame_transformsExport-noconfig.cmake
[18.527s] -- Up-to-date: /home/hj926217/ros2ws/install/px4_ros_com/share/px4_ros_com/cmake/ament_cmake_export_dependencies-extras.cmake
[18.527s] -- Up-to-date: /home/hj926217/ros2ws/install/px4_ros_com/share/px4_ros_com/cmake/ament_cmake_export_targets-extras.cmake
[18.527s] -- Up-to-date: /home/hj926217/ros2ws/install/px4_ros_com/share/px4_ros_com/cmake/ament_cmake_export_include_directories-extras.cmake
[18.528s] -- Up-to-date: /home/hj926217/ros2ws/install/px4_ros_com/share/px4_ros_com/cmake/ament_cmake_export_libraries-extras.cmake
[18.528s] -- Up-to-date: /home/hj926217/ros2ws/install/px4_ros_com/share/px4_ros_com/cmake/px4_ros_comConfig.cmake
[18.528s] -- Up-to-date: /home/hj926217/ros2ws/install/px4_ros_com/share/px4_ros_com/cmake/px4_ros_comConfig-version.cmake
[18.528s] -- Up-to-date: /home/hj926217/ros2ws/install/px4_ros_com/share/px4_ros_com/package.xml
[18.530s] Invoked command in '/home/hj926217/ros2ws/build/px4_ros_com' returned '0': CMAKE_PREFIX_PATH=/home/hj926217/ros2ws/install/px4_msgs:/home/hj926217/ros2ws/install/px4_ros_com:/opt/ros/humble LD_LIBRARY_PATH=/home/hj926217/ros2ws/install/px4_msgs/lib:/home/hj926217/ros2ws/install/px4_ros_com/lib:/opt/ros/humble/opt/rviz_ogre_vendor/lib:/opt/ros/humble/lib/x86_64-linux-gnu:/opt/ros/humble/lib:/usr/local/lib /usr/bin/cmake --install /home/hj926217/ros2ws/build/px4_ros_com
