[35m[1mConsolidate compiler generated dependencies of target obstacle_odom_publisher[0m
[  4%] Built target frame_transforms
[  9%] Built target sensor_combined_listener
[ 19%] Built target goal_to_path
[ 19%] Built target debug_vect_advertiser
[ 21%] [32mBuilding CXX object CMakeFiles/obstacle_odom_publisher.dir/src/obstacle_odom_publisher.cpp.o[0m
[ 26%] Built target tf2_control
[ 30%] Built target global_path
[ 38%] Built target rrt_star_planner
[ 40%] Built target circle_flight
[ 45%] Built target vtol_mission_node
[ 50%] Built target path_follower
[ 54%] Built target nav_path
[ 59%] Built target goal_marker_pub
[ 64%] Built target local_path
[ 69%] Built target ground_odom
[ 73%] Built target vehicle_gps_position_listener
[ 78%] Built target vertiport_land
[ 83%] Built target aruco_position_sub
[ 88%] Built target offboard_control_srv
[ 92%] Built target offboard_control
[ 92%] Built target ament_cmake_python_copy_px4_ros_com
[ 97%] Built target aruco_position_publisher_node
running egg_info
writing px4_ros_com.egg-info/PKG-INFO
writing dependency_links to px4_ros_com.egg-info/dependency_links.txt
writing top-level names to px4_ros_com.egg-info/top_level.txt
reading manifest file 'px4_ros_com.egg-info/SOURCES.txt'
writing manifest file 'px4_ros_com.egg-info/SOURCES.txt'
[ 97%] Built target ament_cmake_python_build_px4_ros_com_egg
