[0.022s] Invoking command in '/home/hj926217/ros2ws/build/px4_ros_com': AMENT_PREFIX_PATH=/home/hj926217/ros2ws/install/px4_msgs:${AMENT_PREFIX_PATH} CMAKE_PREFIX_PATH=/home/hj926217/ros2ws/install/px4_msgs:/opt/ros/humble LD_LIBRARY_PATH=/home/hj926217/ros2ws/install/px4_msgs/lib:${LD_LIBRARY_PATH} PYTHONPATH=/home/hj926217/ros2ws/install/px4_msgs/local/lib/python3.10/dist-packages:${PYTHONPATH} /usr/bin/cmake --build /home/hj926217/ros2ws/build/px4_ros_com -- -j16 -l16
[0.130s] [35m[1mConsolidate compiler generated dependencies of target obstacle_odom_publisher[0m
[0.172s] [  4%] Built target frame_transforms
[0.175s] [  9%] Built target sensor_combined_listener
[0.176s] [ 19%] Built target goal_to_path
[0.176s] [ 19%] Built target debug_vect_advertiser
[0.176s] [ 21%] [32mBuilding CXX object CMakeFiles/obstacle_odom_publisher.dir/src/obstacle_odom_publisher.cpp.o[0m
[0.178s] [ 26%] Built target tf2_control
[0.178s] [ 30%] Built target global_path
[0.179s] [ 38%] Built target rrt_star_planner
[0.181s] [ 40%] Built target circle_flight
[0.181s] [ 45%] Built target vtol_mission_node
[0.181s] [ 50%] Built target path_follower
[0.181s] [ 54%] Built target nav_path
[0.185s] [ 59%] Built target goal_marker_pub
[0.186s] [ 64%] Built target local_path
[0.187s] [ 69%] Built target ground_odom
[0.187s] [ 73%] Built target vehicle_gps_position_listener
[0.222s] [ 78%] Built target vertiport_land
[0.222s] [ 83%] Built target aruco_position_sub
[0.223s] [ 88%] Built target offboard_control_srv
[0.228s] [ 92%] Built target offboard_control
[0.234s] [ 92%] Built target ament_cmake_python_copy_px4_ros_com
[0.234s] [ 97%] Built target aruco_position_publisher_node
[0.668s] [01m[K/home/hj926217/ros2ws/src/px4_ros_com/src/obstacle_odom_publisher.cpp:10:10:[m[K [01;31m[Kfatal error: [m[Kpx4_msgs/msg/vehicle_odometry.hpp: No such file or directory
[0.669s]    10 | #include [01;31m[K<px4_msgs/msg/vehicle_odometry.hpp>[m[K // PX4 메시지 헤더 추가
[0.669s]       |          [01;31m[K^~~~~~~~~~~~~~~~~~~~~~~~~~~~~~~~~~~[m[K
[0.669s] compilation terminated.
[0.673s] gmake[2]: *** [CMakeFiles/obstacle_odom_publisher.dir/build.make:76: CMakeFiles/obstacle_odom_publisher.dir/src/obstacle_odom_publisher.cpp.o] Error 1
[0.674s] gmake[1]: *** [CMakeFiles/Makefile2:180: CMakeFiles/obstacle_odom_publisher.dir/all] Error 2
[0.674s] gmake[1]: *** Waiting for unfinished jobs....
[0.698s] running egg_info
[0.700s] writing px4_ros_com.egg-info/PKG-INFO
[0.700s] writing dependency_links to px4_ros_com.egg-info/dependency_links.txt
[0.700s] writing top-level names to px4_ros_com.egg-info/top_level.txt
[0.705s] reading manifest file 'px4_ros_com.egg-info/SOURCES.txt'
[0.706s] writing manifest file 'px4_ros_com.egg-info/SOURCES.txt'
[0.754s] [ 97%] Built target ament_cmake_python_build_px4_ros_com_egg
[0.756s] gmake: *** [Makefile:146: all] Error 2
[0.760s] Invoked command in '/home/hj926217/ros2ws/build/px4_ros_com' returned '2': AMENT_PREFIX_PATH=/home/hj926217/ros2ws/install/px4_msgs:${AMENT_PREFIX_PATH} CMAKE_PREFIX_PATH=/home/hj926217/ros2ws/install/px4_msgs:/opt/ros/humble LD_LIBRARY_PATH=/home/hj926217/ros2ws/install/px4_msgs/lib:${LD_LIBRARY_PATH} PYTHONPATH=/home/hj926217/ros2ws/install/px4_msgs/local/lib/python3.10/dist-packages:${PYTHONPATH} /usr/bin/cmake --build /home/hj926217/ros2ws/build/px4_ros_com -- -j16 -l16
