[0.040s] Invoking command in '/home/hj926217/ros2ws/build/px4_ros_com': AMENT_PREFIX_PATH=/home/hj926217/ros2ws/install/px4_msgs:${AMENT_PREFIX_PATH} CMAKE_PREFIX_PATH=/home/hj926217/ros2ws/install/px4_msgs:/opt/ros/humble LD_LIBRARY_PATH=/home/hj926217/ros2ws/install/px4_msgs/lib:/opt/ros/humble/opt/rviz_ogre_vendor/lib:/opt/ros/humble/lib/x86_64-linux-gnu:/opt/ros/humble/lib:/usr/local/lib PYTHONPATH=/home/hj926217/ros2ws/install/px4_msgs/local/lib/python3.10/dist-packages:${PYTHONPATH} /usr/bin/cmake --build /home/hj926217/ros2ws/build/px4_ros_com -- -j16 -l16
[0.125s] -- Found ament_cmake: 1.3.12 (/opt/ros/humble/share/ament_cmake/cmake)
[0.505s] -- Found builtin_interfaces: 1.2.2 (/opt/ros/humble/share/builtin_interfaces/cmake)
[0.574s] -- Found rosidl_generator_c: 3.1.7 (/opt/ros/humble/share/rosidl_generator_c/cmake)
[0.580s] -- Found rosidl_adapter: 3.1.7 (/opt/ros/humble/share/rosidl_adapter/cmake)
[0.595s] -- Found rosidl_generator_cpp: 3.1.7 (/opt/ros/humble/share/rosidl_generator_cpp/cmake)
[0.625s] -- Using all available rosidl_typesupport_c: rosidl_typesupport_fastrtps_c;rosidl_typesupport_introspection_c
[0.675s] -- Using all available rosidl_typesupport_cpp: rosidl_typesupport_fastrtps_cpp;rosidl_typesupport_introspection_cpp
[0.712s] -- Found eigen3_cmake_module: 0.1.1 (/opt/ros/humble/share/eigen3_cmake_module/cmake)
[0.718s] -- Found geometry_msgs: 4.9.0 (/opt/ros/humble/share/geometry_msgs/cmake)
[0.806s] -- Found px4_msgs: 2.0.1 (/home/hj926217/aruco/install/px4_msgs/share/px4_msgs/cmake)
[0.842s] -- Found rclcpp: 16.0.15 (/opt/ros/humble/share/rclcpp/cmake)
[0.928s] -- Found rmw_implementation_cmake: 6.1.2 (/opt/ros/humble/share/rmw_implementation_cmake/cmake)
[0.935s] -- Found rmw_fastrtps_cpp: 6.2.9 (/opt/ros/humble/share/rmw_fastrtps_cpp/cmake)
[1.287s] -- Using RMW implementation 'rmw_fastrtps_cpp' as default
[1.422s] -- Found sensor_msgs: 4.9.0 (/opt/ros/humble/share/sensor_msgs/cmake)
[1.482s] -- Found rclpy: 3.3.17 (/opt/ros/humble/share/rclpy/cmake)
[1.483s] -- Found tf2: 0.25.16 (/opt/ros/humble/share/tf2/cmake)
[1.496s] -- Found tf2_ros: 0.25.16 (/opt/ros/humble/share/tf2_ros/cmake)
[1.788s] -- Found tf2_geometry_msgs: 0.25.16 (/opt/ros/humble/share/tf2_geometry_msgs/cmake)
[1.804s] -- Ensuring Eigen3 include directory is part of orocos-kdl CMake target
[1.808s] -- Found nav_msgs: 4.9.0 (/opt/ros/humble/share/nav_msgs/cmake)
[1.900s] [31mCMake Error at CMakeLists.txt:32 (find_package):
[1.900s]   By not providing "Findpx4_ros2_cpp.cmake" in CMAKE_MODULE_PATH this project
[1.900s]   has asked CMake to find a package configuration file provided by
[1.900s]   "px4_ros2_cpp", but CMake did not find one.
[1.901s] 
[1.901s]   Could not find a package configuration file provided by "px4_ros2_cpp" with
[1.901s]   any of the following names:
[1.901s] 
[1.901s]     px4_ros2_cppConfig.cmake
[1.901s]     px4_ros2_cpp-config.cmake
[1.902s] 
[1.902s]   Add the installation prefix of "px4_ros2_cpp" to CMAKE_PREFIX_PATH or set
[1.902s]   "px4_ros2_cpp_DIR" to a directory containing one of the above files.  If
[1.902s]   "px4_ros2_cpp" provides a separate development package or SDK, be sure it
[1.902s]   has been installed.
[1.902s] 
[1.902s] [0m
[1.903s] -- Configuring incomplete, errors occurred!
[1.903s] See also "/home/hj926217/ros2ws/build/px4_ros_com/CMakeFiles/CMakeOutput.log".
[1.918s] gmake: *** [Makefile:541: cmake_check_build_system] Error 1
[1.922s] Invoked command in '/home/hj926217/ros2ws/build/px4_ros_com' returned '2': AMENT_PREFIX_PATH=/home/hj926217/ros2ws/install/px4_msgs:${AMENT_PREFIX_PATH} CMAKE_PREFIX_PATH=/home/hj926217/ros2ws/install/px4_msgs:/opt/ros/humble LD_LIBRARY_PATH=/home/hj926217/ros2ws/install/px4_msgs/lib:/opt/ros/humble/opt/rviz_ogre_vendor/lib:/opt/ros/humble/lib/x86_64-linux-gnu:/opt/ros/humble/lib:/usr/local/lib PYTHONPATH=/home/hj926217/ros2ws/install/px4_msgs/local/lib/python3.10/dist-packages:${PYTHONPATH} /usr/bin/cmake --build /home/hj926217/ros2ws/build/px4_ros_com -- -j16 -l16
