[0.042s] Invoking command in '/home/hj926217/ros2ws/build/px4_ros_com': CMAKE_PREFIX_PATH=/home/hj926217/ros2ws/install/px4_msgs:/home/hj926217/ros2ws/install/px4_ros_com:/home/hj926217/aruco/install/vision_opencv:/home/hj926217/aruco/install/vertiport_land:/home/hj926217/aruco/install/translation_node:/home/hj926217/aruco/install/precision_land:/home/hj926217/aruco/install/example_rover_velocity_mode_cpp:/home/hj926217/aruco/install/example_mode_with_executor_cpp:/home/hj926217/aruco/install/example_mode_vtol_cpp:/home/hj926217/aruco/install/example_mode_rtl_replacement_cpp:/home/hj926217/aruco/install/example_mode_mission_cpp:/home/hj926217/aruco/install/example_mode_manual_cpp:/home/hj926217/aruco/install/example_mode_goto_global_cpp:/home/hj926217/aruco/install/example_mode_goto_cpp:/home/hj926217/aruco/install/example_mode_fw_attitude_cpp:/home/hj926217/aruco/install/example_local_navigation_cpp:/home/hj926217/aruco/install/example_global_navigation_cpp:/home/hj926217/aruco/install/example_executor_with_multiple_modes_cpp:/home/hj926217/aruco/install/px4_ros2_cpp:/home/hj926217/aruco/install/px4_msgs_old:/home/hj926217/aruco/install/aruco_tracker:/home/hj926217/aruco/install/px4_msgs:/home/hj926217/aruco/install/image_geometry:/home/hj926217/aruco/install/cv_bridge:/home/hj926217/aruco/install/opencv_tests:/opt/ros/humble LD_LIBRARY_PATH=/home/hj926217/ros2ws/install/px4_msgs/lib:/home/hj926217/ros2ws/install/px4_ros_com/lib:/home/hj926217/aruco/install/translation_node/lib:/home/hj926217/aruco/install/px4_ros2_cpp/lib:/home/hj926217/aruco/install/px4_msgs_old/lib:/home/hj926217/aruco/install/px4_msgs/lib:/home/hj926217/aruco/install/image_geometry/lib:/home/hj926217/aruco/install/cv_bridge/lib:/opt/ros/humble/opt/rviz_ogre_vendor/lib:/opt/ros/humble/lib/x86_64-linux-gnu:/opt/ros/humble/lib:/usr/local/lib /usr/bin/cmake --build /home/hj926217/ros2ws/build/px4_ros_com -- -j16 -l16
[0.124s] -- Found ament_cmake: 1.3.12 (/opt/ros/humble/share/ament_cmake/cmake)
[0.392s] -- Found builtin_interfaces: 1.2.2 (/opt/ros/humble/share/builtin_interfaces/cmake)
[0.453s] -- Found rosidl_generator_c: 3.1.7 (/opt/ros/humble/share/rosidl_generator_c/cmake)
[0.458s] -- Found rosidl_adapter: 3.1.7 (/opt/ros/humble/share/rosidl_adapter/cmake)
[0.470s] -- Found rosidl_generator_cpp: 3.1.7 (/opt/ros/humble/share/rosidl_generator_cpp/cmake)
[0.495s] -- Using all available rosidl_typesupport_c: rosidl_typesupport_fastrtps_c;rosidl_typesupport_introspection_c
[0.523s] -- Using all available rosidl_typesupport_cpp: rosidl_typesupport_fastrtps_cpp;rosidl_typesupport_introspection_cpp
[0.544s] -- Found eigen3_cmake_module: 0.1.1 (/opt/ros/humble/share/eigen3_cmake_module/cmake)
[0.547s] -- Found geometry_msgs: 4.9.0 (/opt/ros/humble/share/geometry_msgs/cmake)
[0.604s] -- Found px4_msgs: 2.0.1 (/home/hj926217/ros2ws/install/px4_msgs/share/px4_msgs/cmake)
[0.631s] -- Found rclcpp: 16.0.15 (/opt/ros/humble/share/rclcpp/cmake)
[0.684s] -- Found rmw_implementation_cmake: 6.1.2 (/opt/ros/humble/share/rmw_implementation_cmake/cmake)
[0.690s] -- Found rmw_fastrtps_cpp: 6.2.9 (/opt/ros/humble/share/rmw_fastrtps_cpp/cmake)
[0.923s] -- Using RMW implementation 'rmw_fastrtps_cpp' as default
[1.012s] -- Found sensor_msgs: 4.9.0 (/opt/ros/humble/share/sensor_msgs/cmake)
[1.048s] -- Found rclpy: 3.3.17 (/opt/ros/humble/share/rclpy/cmake)
[1.048s] -- Found tf2: 0.25.16 (/opt/ros/humble/share/tf2/cmake)
[1.056s] -- Found tf2_ros: 0.25.16 (/opt/ros/humble/share/tf2_ros/cmake)
[1.223s] -- Found tf2_geometry_msgs: 0.25.16 (/opt/ros/humble/share/tf2_geometry_msgs/cmake)
[1.238s] -- Ensuring Eigen3 include directory is part of orocos-kdl CMake target
[1.242s] -- Found nav_msgs: 4.9.0 (/opt/ros/humble/share/nav_msgs/cmake)
[1.282s] -- Found cv_bridge: 4.1.0 (/home/hj926217/aruco/install/cv_bridge/share/cv_bridge/cmake)
[1.312s] -- Found OpenCV: /usr/local (found version "4.10.0") 
[1.358s] -- Found ament_lint_auto: 0.12.14 (/opt/ros/humble/share/ament_lint_auto/cmake)
[1.506s] -- Added test 'copyright' to check source files copyright and LICENSE
[1.512s] -- Added test 'cppcheck' to perform static code analysis on C / C++ code
[1.514s] -- Configured cppcheck include dirs: /home/hj926217/ros2ws/src/px4_ros_com/include;$<BUILD_INTERFACE:/home/hj926217/ros2ws/src/px4_ros_com/include/px4_ros_com>
[1.514s] -- Configured cppcheck exclude dirs and/or files: 
[1.519s] -- Added test 'cpplint' to check C / C++ code against the Google style
[1.519s] -- Configured cpplint exclude dirs and/or files: 
[1.520s] -- Added test 'flake8' to check Python code syntax and style conventions
[1.523s] -- Added test 'lint_cmake' to check CMake code style
[1.525s] -- Added test 'pep257' to check Python code against some of the docstring style conventions in PEP 257
[1.533s] -- Added test 'uncrustify' to check C / C++ code style
[1.533s] -- Configured uncrustify additional arguments: 
[1.535s] -- Added test 'xmllint' to check XML markup files
[1.539s] -- Configuring done
[1.620s] -- Generating done
[1.654s] -- Build files have been written to: /home/hj926217/ros2ws/build/px4_ros_com
[1.708s] [35m[1mConsolidate compiler generated dependencies of target offboard_control[0m
[1.708s] [35m[1mConsolidate compiler generated dependencies of target tf2_control[0m
[1.709s] [35m[1mConsolidate compiler generated dependencies of target frame_transforms[0m
[1.709s] [35m[1mConsolidate compiler generated dependencies of target sensor_combined_listener[0m
[1.710s] [35m[1mConsolidate compiler generated dependencies of target vehicle_gps_position_listener[0m
[1.711s] [35m[1mConsolidate compiler generated dependencies of target offboard_control_srv[0m
[1.711s] [35m[1mConsolidate compiler generated dependencies of target debug_vect_advertiser[0m
[1.715s] [35m[1mConsolidate compiler generated dependencies of target vertiport_land[0m
[1.735s] [  5%] [32mBuilding CXX object CMakeFiles/aruco_position_publisher_node.dir/src/aruco_position_publisher.cpp.o[0m
[1.759s] [  5%] Built target ament_cmake_python_copy_px4_ros_com
[1.761s] [ 16%] Built target frame_transforms
[1.765s] [ 27%] Built target offboard_control
[1.765s] [ 38%] Built target sensor_combined_listener
[1.766s] [ 55%] Built target offboard_control_srv
[1.766s] [ 61%] Built target vehicle_gps_position_listener
[1.766s] [ 72%] Built target vertiport_land
[1.770s] [ 83%] Built target debug_vect_advertiser
[1.772s] [ 94%] Built target tf2_control
[2.355s] [01m[K/home/hj926217/ros2ws/src/px4_ros_com/src/aruco_position_publisher.cpp:7:10:[m[K [01;31m[Kfatal error: [m[Kcv_bridge/cv_bridge.h: No such file or directory
[2.355s]     7 | #include [01;31m[K<cv_bridge/cv_bridge.h>[m[K
[2.356s]       |          [01;31m[K^~~~~~~~~~~~~~~~~~~~~~~[m[K
[2.356s] compilation terminated.
[2.360s] gmake[2]: *** [CMakeFiles/aruco_position_publisher_node.dir/build.make:76: CMakeFiles/aruco_position_publisher_node.dir/src/aruco_position_publisher.cpp.o] Error 1
[2.360s] gmake[1]: *** [CMakeFiles/Makefile2:312: CMakeFiles/aruco_position_publisher_node.dir/all] Error 2
[2.360s] gmake[1]: *** Waiting for unfinished jobs....
[2.382s] running egg_info
[2.384s] writing px4_ros_com.egg-info/PKG-INFO
[2.385s] writing dependency_links to px4_ros_com.egg-info/dependency_links.txt
[2.385s] writing top-level names to px4_ros_com.egg-info/top_level.txt
[2.391s] reading manifest file 'px4_ros_com.egg-info/SOURCES.txt'
[2.393s] writing manifest file 'px4_ros_com.egg-info/SOURCES.txt'
[2.449s] [ 94%] Built target ament_cmake_python_build_px4_ros_com_egg
[2.450s] gmake: *** [Makefile:146: all] Error 2
[2.454s] Invoked command in '/home/hj926217/ros2ws/build/px4_ros_com' returned '2': CMAKE_PREFIX_PATH=/home/hj926217/ros2ws/install/px4_msgs:/home/hj926217/ros2ws/install/px4_ros_com:/home/hj926217/aruco/install/vision_opencv:/home/hj926217/aruco/install/vertiport_land:/home/hj926217/aruco/install/translation_node:/home/hj926217/aruco/install/precision_land:/home/hj926217/aruco/install/example_rover_velocity_mode_cpp:/home/hj926217/aruco/install/example_mode_with_executor_cpp:/home/hj926217/aruco/install/example_mode_vtol_cpp:/home/hj926217/aruco/install/example_mode_rtl_replacement_cpp:/home/hj926217/aruco/install/example_mode_mission_cpp:/home/hj926217/aruco/install/example_mode_manual_cpp:/home/hj926217/aruco/install/example_mode_goto_global_cpp:/home/hj926217/aruco/install/example_mode_goto_cpp:/home/hj926217/aruco/install/example_mode_fw_attitude_cpp:/home/hj926217/aruco/install/example_local_navigation_cpp:/home/hj926217/aruco/install/example_global_navigation_cpp:/home/hj926217/aruco/install/example_executor_with_multiple_modes_cpp:/home/hj926217/aruco/install/px4_ros2_cpp:/home/hj926217/aruco/install/px4_msgs_old:/home/hj926217/aruco/install/aruco_tracker:/home/hj926217/aruco/install/px4_msgs:/home/hj926217/aruco/install/image_geometry:/home/hj926217/aruco/install/cv_bridge:/home/hj926217/aruco/install/opencv_tests:/opt/ros/humble LD_LIBRARY_PATH=/home/hj926217/ros2ws/install/px4_msgs/lib:/home/hj926217/ros2ws/install/px4_ros_com/lib:/home/hj926217/aruco/install/translation_node/lib:/home/hj926217/aruco/install/px4_ros2_cpp/lib:/home/hj926217/aruco/install/px4_msgs_old/lib:/home/hj926217/aruco/install/px4_msgs/lib:/home/hj926217/aruco/install/image_geometry/lib:/home/hj926217/aruco/install/cv_bridge/lib:/opt/ros/humble/opt/rviz_ogre_vendor/lib:/opt/ros/humble/lib/x86_64-linux-gnu:/opt/ros/humble/lib:/usr/local/lib /usr/bin/cmake --build /home/hj926217/ros2ws/build/px4_ros_com -- -j16 -l16
