[0.062s] Invoking command in '/home/hj926217/ros2ws/build/px4_ros_com': AMENT_PREFIX_PATH=/home/hj926217/ros2ws/install/px4_msgs:${AMENT_PREFIX_PATH} CMAKE_PREFIX_PATH=/home/hj926217/ros2ws/install/px4_msgs:/opt/ros/humble LD_LIBRARY_PATH=/home/hj926217/ros2ws/install/px4_msgs/lib:/opt/ros/humble/opt/rviz_ogre_vendor/lib:/opt/ros/humble/lib/x86_64-linux-gnu:/opt/ros/humble/lib:/usr/local/lib PYTHONPATH=/home/hj926217/ros2ws/install/px4_msgs/local/lib/python3.10/dist-packages:${PYTHONPATH} /usr/bin/cmake --build /home/hj926217/ros2ws/build/px4_ros_com -- -j16 -l16
[0.159s] -- Found ament_cmake: 1.3.12 (/opt/ros/humble/share/ament_cmake/cmake)
[0.699s] -- Found builtin_interfaces: 1.2.2 (/opt/ros/humble/share/builtin_interfaces/cmake)
[0.801s] -- Found rosidl_generator_c: 3.1.7 (/opt/ros/humble/share/rosidl_generator_c/cmake)
[0.811s] -- Found rosidl_adapter: 3.1.7 (/opt/ros/humble/share/rosidl_adapter/cmake)
[0.833s] -- Found rosidl_generator_cpp: 3.1.7 (/opt/ros/humble/share/rosidl_generator_cpp/cmake)
[0.870s] -- Using all available rosidl_typesupport_c: rosidl_typesupport_fastrtps_c;rosidl_typesupport_introspection_c
[0.921s] -- Using all available rosidl_typesupport_cpp: rosidl_typesupport_fastrtps_cpp;rosidl_typesupport_introspection_cpp
[0.965s] -- Found eigen3_cmake_module: 0.1.1 (/opt/ros/humble/share/eigen3_cmake_module/cmake)
[0.973s] -- Found geometry_msgs: 4.9.0 (/opt/ros/humble/share/geometry_msgs/cmake)
[1.065s] -- Found px4_msgs: 2.0.1 (/home/hj926217/ros2ws/install/px4_msgs/share/px4_msgs/cmake)
[1.123s] -- Found rclcpp: 16.0.15 (/opt/ros/humble/share/rclcpp/cmake)
[1.239s] -- Found rmw_implementation_cmake: 6.1.2 (/opt/ros/humble/share/rmw_implementation_cmake/cmake)
[1.246s] -- Found rmw_fastrtps_cpp: 6.2.9 (/opt/ros/humble/share/rmw_fastrtps_cpp/cmake)
[1.732s] -- Using RMW implementation 'rmw_fastrtps_cpp' as default
[1.871s] -- Found sensor_msgs: 4.9.0 (/opt/ros/humble/share/sensor_msgs/cmake)
[1.940s] -- Found rclpy: 3.3.17 (/opt/ros/humble/share/rclpy/cmake)
[1.940s] -- Found tf2: 0.25.16 (/opt/ros/humble/share/tf2/cmake)
[1.957s] -- Found tf2_ros: 0.25.16 (/opt/ros/humble/share/tf2_ros/cmake)
[2.228s] -- Found tf2_geometry_msgs: 0.25.16 (/opt/ros/humble/share/tf2_geometry_msgs/cmake)
[2.252s] -- Ensuring Eigen3 include directory is part of orocos-kdl CMake target
[2.258s] -- Found nav_msgs: 4.9.0 (/opt/ros/humble/share/nav_msgs/cmake)
[2.322s] -- Found cv_bridge: 4.1.0 (/home/hj926217/aruco/install/cv_bridge/share/cv_bridge/cmake)
[2.382s] -- Found visualization_msgs: 4.9.0 (/opt/ros/humble/share/visualization_msgs/cmake)
[2.472s] -- Found interactive_markers: 2.3.2 (/opt/ros/humble/share/interactive_markers/cmake)
[2.481s] -- Found mavros_msgs: 2.12.0 (/opt/ros/humble/share/mavros_msgs/cmake)
[2.660s] -- Found std_srvs: 4.9.0 (/opt/ros/humble/share/std_srvs/cmake)
[2.701s] -- Found tf2_sensor_msgs: 0.25.16 (/opt/ros/humble/share/tf2_sensor_msgs/cmake)
[2.718s] -- Found pcl_conversions: 2.4.5 (/opt/ros/humble/share/pcl_conversions/cmake)
[2.848s] -- Eigen found (include: /usr/include/eigen3, version: 3.4.0)
[2.958s] -- FLANN found (include: /usr/include, lib: /usr/lib/x86_64-linux-gnu/libflann_cpp.so)
[4.164s] -- OpenNI found (version: 1.5.4.0, include: /usr/include/ni, lib: /usr/lib/libOpenNI.so;libusb::libusb)
[4.187s] -- OpenNI2 found (version: 2.2.0.33, include: /usr/include/openni2, lib: /usr/lib/x86_64-linux-gnu/libOpenNI2.so;libusb::libusb)
[4.815s] -- Eigen found (include: /usr/include/eigen3, version: 3.4.0)
[4.863s] -- OpenNI found (version: 1.5.4.0, include: /usr/include/ni, lib: /usr/lib/libOpenNI.so;libusb::libusb)
[4.891s] -- OpenNI2 found (version: 2.2.0.33, include: /usr/include/openni2, lib: /usr/lib/x86_64-linux-gnu/libOpenNI2.so;libusb::libusb)
[5.415s] -- Found Qhull version 8.0.2
[5.968s] -- OpenNI found (version: 1.5.4.0, include: /usr/include/ni, lib: /usr/lib/libOpenNI.so;libusb::libusb)
[6.571s] -- Found pcl_ros: 2.4.5 (/opt/ros/humble/share/pcl_ros/cmake)
[6.615s] [33mCMake Warning (dev) at CMakeLists.txt:42 (find_package):
[6.615s]   Policy CMP0074 is not set: find_package uses <PackageName>_ROOT variables.
[6.615s]   Run "cmake --help-policy CMP0074" for policy details.  Use the cmake_policy
[6.616s]   command to set the policy and suppress this warning.
[6.616s] 
[6.616s]   CMake variable PCL_ROOT is set to:
[6.616s] 
[6.617s]     /usr
[6.617s] 
[6.617s]   For compatibility, CMake is ignoring the variable.
[6.618s] This warning is for project developers.  Use -Wno-dev to suppress it.
[6.618s] [0m
[6.863s] -- Found ament_lint_auto: 0.12.14 (/opt/ros/humble/share/ament_lint_auto/cmake)
[7.135s] -- Added test 'copyright' to check source files copyright and LICENSE
[7.154s] -- Added test 'cppcheck' to perform static code analysis on C / C++ code
[7.160s] -- Configured cppcheck include dirs: /home/hj926217/ros2ws/src/px4_ros_com/include;$<BUILD_INTERFACE:/home/hj926217/ros2ws/src/px4_ros_com/include>;$<BUILD_INTERFACE:/home/hj926217/ros2ws/src/px4_ros_com/include/px4_ros_com>
[7.161s] -- Configured cppcheck exclude dirs and/or files: 
[7.181s] -- Added test 'cpplint' to check C / C++ code against the Google style
[7.182s] -- Configured cpplint exclude dirs and/or files: 
[7.185s] -- Added test 'flake8' to check Python code syntax and style conventions
[7.189s] -- Added test 'lint_cmake' to check CMake code style
[7.192s] -- Added test 'pep257' to check Python code against some of the docstring style conventions in PEP 257
[7.210s] -- Added test 'uncrustify' to check C / C++ code style
[7.210s] -- Configured uncrustify additional arguments: 
[7.212s] -- Added test 'xmllint' to check XML markup files
[7.217s] -- Configuring done
[7.244s] [33mCMake Warning (dev) at CMakeLists.txt:81 (add_executable):
[7.245s]   Policy CMP0115 is not set: Source file extensions must be explicit.  Run
[7.246s]   "cmake --help-policy CMP0115" for policy details.  Use the cmake_policy
[7.246s]   command to set the policy and suppress this warning.
[7.246s] 
[7.246s]   File:
[7.247s] 
[7.247s]     /home/hj926217/ros2ws/src/px4_ros_com/src/global_path.cpp
[7.247s] This warning is for project developers.  Use -Wno-dev to suppress it.
[7.247s] [0m
[7.759s] -- Generating done
[7.978s] -- Build files have been written to: /home/hj926217/ros2ws/build/px4_ros_com
[8.149s] [  2%] [32mBuilding CXX object CMakeFiles/local_path.dir/src/local_path.cpp.o[0m
[15.202s] [01m[K/home/hj926217/ros2ws/src/px4_ros_com/src/local_path.cpp:24:10:[m[K [01;31m[Kfatal error: [m[Kpcl_ros/transforms.hpp: No such file or directory
[15.202s]    24 | #include [01;31m[K<pcl_ros/transforms.hpp>[m[K
[15.202s]       |          [01;31m[K^~~~~~~~~~~~~~~~~~~~~~~~[m[K
[15.203s] compilation terminated.
[15.262s] gmake[2]: *** [CMakeFiles/local_path.dir/build.make:76: CMakeFiles/local_path.dir/src/local_path.cpp.o] Error 1
[15.263s] gmake[1]: *** [CMakeFiles/Makefile2:180: CMakeFiles/local_path.dir/all] Error 2
[15.264s] gmake: *** [Makefile:146: all] Error 2
[15.276s] Invoked command in '/home/hj926217/ros2ws/build/px4_ros_com' returned '2': AMENT_PREFIX_PATH=/home/hj926217/ros2ws/install/px4_msgs:${AMENT_PREFIX_PATH} CMAKE_PREFIX_PATH=/home/hj926217/ros2ws/install/px4_msgs:/opt/ros/humble LD_LIBRARY_PATH=/home/hj926217/ros2ws/install/px4_msgs/lib:/opt/ros/humble/opt/rviz_ogre_vendor/lib:/opt/ros/humble/lib/x86_64-linux-gnu:/opt/ros/humble/lib:/usr/local/lib PYTHONPATH=/home/hj926217/ros2ws/install/px4_msgs/local/lib/python3.10/dist-packages:${PYTHONPATH} /usr/bin/cmake --build /home/hj926217/ros2ws/build/px4_ros_com -- -j16 -l16
