[0.032s] Invoking command in '/home/hj926217/ros2ws/build/px4_ros_com': AMENT_PREFIX_PATH=/home/hj926217/ros2ws/install/px4_msgs:${AMENT_PREFIX_PATH} CMAKE_PREFIX_PATH=/home/hj926217/ros2ws/install/px4_msgs:/opt/ros/humble LD_LIBRARY_PATH=/home/hj926217/ros2ws/install/px4_msgs/lib:/opt/ros/humble/opt/rviz_ogre_vendor/lib:/opt/ros/humble/lib/x86_64-linux-gnu:/opt/ros/humble/lib:/usr/local/lib PYTHONPATH=/home/hj926217/ros2ws/install/px4_msgs/local/lib/python3.10/dist-packages:${PYTHONPATH} /usr/bin/cmake --build /home/hj926217/ros2ws/build/px4_ros_com -- -j16 -l16
[0.096s] -- Found ament_cmake: 1.3.12 (/opt/ros/humble/share/ament_cmake/cmake)
[0.476s] -- Found builtin_interfaces: 1.2.2 (/opt/ros/humble/share/builtin_interfaces/cmake)
[0.540s] -- Found rosidl_generator_c: 3.1.7 (/opt/ros/humble/share/rosidl_generator_c/cmake)
[0.546s] -- Found rosidl_adapter: 3.1.7 (/opt/ros/humble/share/rosidl_adapter/cmake)
[0.563s] -- Found rosidl_generator_cpp: 3.1.7 (/opt/ros/humble/share/rosidl_generator_cpp/cmake)
[0.590s] -- Using all available rosidl_typesupport_c: rosidl_typesupport_fastrtps_c;rosidl_typesupport_introspection_c
[0.620s] -- Using all available rosidl_typesupport_cpp: rosidl_typesupport_fastrtps_cpp;rosidl_typesupport_introspection_cpp
[0.647s] -- Found eigen3_cmake_module: 0.1.1 (/opt/ros/humble/share/eigen3_cmake_module/cmake)
[0.653s] -- Found geometry_msgs: 4.9.0 (/opt/ros/humble/share/geometry_msgs/cmake)
[0.720s] -- Found px4_msgs: 2.0.1 (/home/hj926217/aruco/install/px4_msgs/share/px4_msgs/cmake)
[0.753s] -- Found rclcpp: 16.0.15 (/opt/ros/humble/share/rclcpp/cmake)
[0.821s] -- Found rmw_implementation_cmake: 6.1.2 (/opt/ros/humble/share/rmw_implementation_cmake/cmake)
[0.825s] -- Found rmw_fastrtps_cpp: 6.2.9 (/opt/ros/humble/share/rmw_fastrtps_cpp/cmake)
[1.127s] -- Using RMW implementation 'rmw_fastrtps_cpp' as default
[1.225s] -- Found sensor_msgs: 4.9.0 (/opt/ros/humble/share/sensor_msgs/cmake)
[1.267s] -- Found rclpy: 3.3.17 (/opt/ros/humble/share/rclpy/cmake)
[1.268s] -- Found tf2: 0.25.16 (/opt/ros/humble/share/tf2/cmake)
[1.273s] -- Found tf2_ros: 0.25.16 (/opt/ros/humble/share/tf2_ros/cmake)
[1.499s] -- Found tf2_geometry_msgs: 0.25.16 (/opt/ros/humble/share/tf2_geometry_msgs/cmake)
[1.514s] -- Ensuring Eigen3 include directory is part of orocos-kdl CMake target
[1.517s] -- Found nav_msgs: 4.9.0 (/opt/ros/humble/share/nav_msgs/cmake)
[1.582s] -- Found ament_lint_auto: 0.12.14 (/opt/ros/humble/share/ament_lint_auto/cmake)
[1.807s] -- Added test 'copyright' to check source files copyright and LICENSE
[1.819s] -- Added test 'cppcheck' to perform static code analysis on C / C++ code
[1.821s] -- Configured cppcheck include dirs: /home/hj926217/ros2ws/src/px4_ros_com/include;$<BUILD_INTERFACE:/home/hj926217/ros2ws/src/px4_ros_com/include/px4_ros_com>
[1.822s] -- Configured cppcheck exclude dirs and/or files: 
[1.831s] -- Added test 'cpplint' to check C / C++ code against the Google style
[1.832s] -- Configured cpplint exclude dirs and/or files: 
[1.834s] -- Added test 'flake8' to check Python code syntax and style conventions
[1.837s] -- Added test 'lint_cmake' to check CMake code style
[1.839s] -- Added test 'pep257' to check Python code against some of the docstring style conventions in PEP 257
[1.850s] -- Added test 'uncrustify' to check C / C++ code style
[1.850s] -- Configured uncrustify additional arguments: 
[1.852s] -- Added test 'xmllint' to check XML markup files
[1.855s] -- Configuring done
[1.962s] -- Generating done
[2.001s] -- Build files have been written to: /home/hj926217/ros2ws/build/px4_ros_com
[2.082s] [35m[1mConsolidate compiler generated dependencies of target frame_transforms[0m
[2.137s] [  6%] [32mBuilding CXX object CMakeFiles/frame_transforms.dir/src/lib/frame_transforms.cpp.o[0m
[20.398s] [ 12%] [32m[1mLinking CXX shared library libframe_transforms.so[0m
[21.063s] [ 12%] Built target frame_transforms
[21.127s] [ 12%] Built target ament_cmake_python_copy_px4_ros_com
[21.152s] [35m[1mConsolidate compiler generated dependencies of target offboard_control_srv[0m
[21.207s] [ 18%] [32mBuilding CXX object CMakeFiles/offboard_control_srv.dir/src/examples/offboard/offboard_control_srv.cpp.o[0m
[36.619s] [ 25%] [32m[1mLinking CXX executable offboard_control_srv[0m
[37.342s] [ 25%] Built target offboard_control_srv
[38.188s] running egg_info
[38.188s] writing px4_ros_com.egg-info/PKG-INFO
[38.193s] writing dependency_links to px4_ros_com.egg-info/dependency_links.txt
[38.193s] writing top-level names to px4_ros_com.egg-info/top_level.txt
[38.199s] reading manifest file 'px4_ros_com.egg-info/SOURCES.txt'
[38.202s] writing manifest file 'px4_ros_com.egg-info/SOURCES.txt'
[38.281s] [ 25%] Built target ament_cmake_python_build_px4_ros_com_egg
[38.303s] [35m[1mConsolidate compiler generated dependencies of target offboard_control[0m
[38.348s] [ 31%] [32mBuilding CXX object CMakeFiles/offboard_control.dir/src/examples/offboard/offboard_control.cpp.o[0m
[51.879s] [ 37%] [32m[1mLinking CXX executable offboard_control[0m
[52.412s] [ 37%] Built target offboard_control
[52.479s] [ 43%] [32mBuilding CXX object CMakeFiles/vertiport_land.dir/src/examples/offboard/VertiportLand.cpp.o[0m
[52.508s] [01m[K/home/hj926217/ros2ws/src/px4_ros_com/src/examples/offboard/VertiportLand.cpp:1:10:[m[K [01;31m[Kfatal error: [m[KPrecisionLand.hpp: No such file or directory
[52.509s]     1 | #include [01;31m[K"PrecisionLand.hpp"[m[K
[52.509s]       |          [01;31m[K^~~~~~~~~~~~~~~~~~~[m[K
[52.509s] compilation terminated.
[52.511s] gmake[2]: *** [CMakeFiles/vertiport_land.dir/build.make:76: CMakeFiles/vertiport_land.dir/src/examples/offboard/VertiportLand.cpp.o] Error 1
[52.511s] gmake[1]: *** [CMakeFiles/Makefile2:284: CMakeFiles/vertiport_land.dir/all] Error 2
[52.513s] gmake: *** [Makefile:146: all] Error 2
[52.520s] Invoked command in '/home/hj926217/ros2ws/build/px4_ros_com' returned '2': AMENT_PREFIX_PATH=/home/hj926217/ros2ws/install/px4_msgs:${AMENT_PREFIX_PATH} CMAKE_PREFIX_PATH=/home/hj926217/ros2ws/install/px4_msgs:/opt/ros/humble LD_LIBRARY_PATH=/home/hj926217/ros2ws/install/px4_msgs/lib:/opt/ros/humble/opt/rviz_ogre_vendor/lib:/opt/ros/humble/lib/x86_64-linux-gnu:/opt/ros/humble/lib:/usr/local/lib PYTHONPATH=/home/hj926217/ros2ws/install/px4_msgs/local/lib/python3.10/dist-packages:${PYTHONPATH} /usr/bin/cmake --build /home/hj926217/ros2ws/build/px4_ros_com -- -j16 -l16
