[0.018s] Invoking command in '/home/hj926217/ros2ws/build/px4_ros_com': AMENT_PREFIX_PATH=/home/hj926217/ros2ws/install/px4_msgs:${AMENT_PREFIX_PATH} CMAKE_PREFIX_PATH=/home/hj926217/ros2ws/install/px4_msgs:/opt/ros/humble LD_LIBRARY_PATH=/home/hj926217/ros2ws/install/px4_msgs/lib:${LD_LIBRARY_PATH} PYTHONPATH=/home/hj926217/ros2ws/install/px4_msgs/local/lib/python3.10/dist-packages:${PYTHONPATH} /usr/bin/cmake --build /home/hj926217/ros2ws/build/px4_ros_com -- -j16 -l16
[0.063s] -- Found ament_cmake: 1.3.12 (/opt/ros/humble/share/ament_cmake/cmake)
[0.191s] -- Found builtin_interfaces: 1.2.2 (/opt/ros/humble/share/builtin_interfaces/cmake)
[0.217s] -- Found rosidl_generator_c: 3.1.7 (/opt/ros/humble/share/rosidl_generator_c/cmake)
[0.219s] -- Found rosidl_adapter: 3.1.7 (/opt/ros/humble/share/rosidl_adapter/cmake)
[0.224s] -- Found rosidl_generator_cpp: 3.1.7 (/opt/ros/humble/share/rosidl_generator_cpp/cmake)
[0.234s] -- Using all available rosidl_typesupport_c: rosidl_typesupport_fastrtps_c;rosidl_typesupport_introspection_c
[0.248s] -- Using all available rosidl_typesupport_cpp: rosidl_typesupport_fastrtps_cpp;rosidl_typesupport_introspection_cpp
[0.265s] -- Found eigen3_cmake_module: 0.1.1 (/opt/ros/humble/share/eigen3_cmake_module/cmake)
[0.267s] -- Found geometry_msgs: 4.9.0 (/opt/ros/humble/share/geometry_msgs/cmake)
[0.300s] -- Found px4_msgs: 2.0.1 (/home/hj926217/ros2ws/install/px4_msgs/share/px4_msgs/cmake)
[0.315s] -- Found rclcpp: 16.0.15 (/opt/ros/humble/share/rclcpp/cmake)
[0.348s] -- Found rmw_implementation_cmake: 6.1.2 (/opt/ros/humble/share/rmw_implementation_cmake/cmake)
[0.350s] -- Found rmw_fastrtps_cpp: 6.2.9 (/opt/ros/humble/share/rmw_fastrtps_cpp/cmake)
[0.460s] -- Using RMW implementation 'rmw_fastrtps_cpp' as default
[0.502s] -- Found sensor_msgs: 4.9.0 (/opt/ros/humble/share/sensor_msgs/cmake)
[0.519s] -- Found rclpy: 3.3.17 (/opt/ros/humble/share/rclpy/cmake)
[0.519s] -- Found tf2: 0.25.16 (/opt/ros/humble/share/tf2/cmake)
[0.524s] -- Found tf2_ros: 0.25.16 (/opt/ros/humble/share/tf2_ros/cmake)
[0.608s] -- Found tf2_geometry_msgs: 0.25.16 (/opt/ros/humble/share/tf2_geometry_msgs/cmake)
[0.616s] -- Ensuring Eigen3 include directory is part of orocos-kdl CMake target
[0.617s] -- Found nav_msgs: 4.9.0 (/opt/ros/humble/share/nav_msgs/cmake)
[0.636s] -- Found cv_bridge: 3.2.1 (/opt/ros/humble/share/cv_bridge/cmake)
[0.650s] -- Found visualization_msgs: 4.9.0 (/opt/ros/humble/share/visualization_msgs/cmake)
[0.665s] -- Found interactive_markers: 2.3.2 (/opt/ros/humble/share/interactive_markers/cmake)
[0.667s] -- Found mavros_msgs: 2.12.0 (/opt/ros/humble/share/mavros_msgs/cmake)
[0.708s] -- Found std_srvs: 4.9.0 (/opt/ros/humble/share/std_srvs/cmake)
[0.718s] -- Found tf2_sensor_msgs: 0.25.16 (/opt/ros/humble/share/tf2_sensor_msgs/cmake)
[0.721s] -- Found pcl_conversions: 2.4.5 (/opt/ros/humble/share/pcl_conversions/cmake)
[0.755s] -- Eigen found (include: /usr/include/eigen3, version: 3.4.0)
[0.783s] -- FLANN found (include: /usr/include, lib: /usr/lib/x86_64-linux-gnu/libflann_cpp.so)
[1.118s] -- OpenNI found (version: 1.5.4.0, include: /usr/include/ni, lib: /usr/lib/libOpenNI.so;libusb::libusb)
[1.124s] -- OpenNI2 found (version: 2.2.0.33, include: /usr/include/openni2, lib: /usr/lib/x86_64-linux-gnu/libOpenNI2.so;libusb::libusb)
[1.243s] -- Eigen found (include: /usr/include/eigen3, version: 3.4.0)
[1.249s] -- OpenNI found (version: 1.5.4.0, include: /usr/include/ni, lib: /usr/lib/libOpenNI.so;libusb::libusb)
[1.254s] -- OpenNI2 found (version: 2.2.0.33, include: /usr/include/openni2, lib: /usr/lib/x86_64-linux-gnu/libOpenNI2.so;libusb::libusb)
[1.379s] -- Found Qhull version 8.0.2
[1.496s] -- OpenNI found (version: 1.5.4.0, include: /usr/include/ni, lib: /usr/lib/libOpenNI.so;libusb::libusb)
[1.628s] -- Found pcl_ros: 2.4.5 (/opt/ros/humble/share/pcl_ros/cmake)
[1.637s] [33mCMake Warning (dev) at CMakeLists.txt:42 (find_package):
[1.637s]   Policy CMP0074 is not set: find_package uses <PackageName>_ROOT variables.
[1.637s]   Run "cmake --help-policy CMP0074" for policy details.  Use the cmake_policy
[1.637s]   command to set the policy and suppress this warning.
[1.637s] 
[1.637s]   CMake variable PCL_ROOT is set to:
[1.637s] 
[1.638s]     /usr
[1.638s] 
[1.638s]   For compatibility, CMake is ignoring the variable.
[1.638s] This warning is for project developers.  Use -Wno-dev to suppress it.
[1.638s] [0m
[1.646s] -- Found octomap_msgs: 2.0.1 (/opt/ros/humble/share/octomap_msgs/cmake)
[1.722s] -- Found ament_lint_auto: 0.12.14 (/opt/ros/humble/share/ament_lint_auto/cmake)
[1.791s] -- Added test 'copyright' to check source files copyright and LICENSE
[1.795s] -- Added test 'cppcheck' to perform static code analysis on C / C++ code
[1.796s] -- Configured cppcheck include dirs: /home/hj926217/ros2ws/src/px4_ros_com/include;$<BUILD_INTERFACE:/home/hj926217/ros2ws/src/px4_ros_com/include>;$<BUILD_INTERFACE:/home/hj926217/ros2ws/src/px4_ros_com/include/px4_ros_com>
[1.796s] -- Configured cppcheck exclude dirs and/or files: 
[1.799s] -- Added test 'cpplint' to check C / C++ code against the Google style
[1.799s] -- Configured cpplint exclude dirs and/or files: 
[1.800s] -- Added test 'flake8' to check Python code syntax and style conventions
[1.801s] -- Added test 'lint_cmake' to check CMake code style
[1.801s] -- Added test 'pep257' to check Python code against some of the docstring style conventions in PEP 257
[1.804s] -- Added test 'uncrustify' to check C / C++ code style
[1.804s] -- Configured uncrustify additional arguments: 
[1.805s] -- Added test 'xmllint' to check XML markup files
[1.806s] -- Configuring done
[1.812s] [33mCMake Warning (dev) at CMakeLists.txt:183 (add_executable):
[1.812s]   Policy CMP0115 is not set: Source file extensions must be explicit.  Run
[1.813s]   "cmake --help-policy CMP0115" for policy details.  Use the cmake_policy
[1.813s]   command to set the policy and suppress this warning.
[1.813s] 
[1.813s]   File:
[1.813s] 
[1.813s]     /home/hj926217/ros2ws/src/px4_ros_com/src/global_path.cpp
[1.813s] This warning is for project developers.  Use -Wno-dev to suppress it.
[1.813s] [0m
[1.956s] -- Generating done
[2.005s] -- Build files have been written to: /home/hj926217/ros2ws/build/px4_ros_com
[2.043s] [35m[1mConsolidate compiler generated dependencies of target offboard_circle_control[0m
[2.044s] [35m[1mConsolidate compiler generated dependencies of target figure_eight_planner[0m
[2.044s] [35m[1mConsolidate compiler generated dependencies of target obstacle_odom_publisher[0m
[2.044s] [35m[1mConsolidate compiler generated dependencies of target vtol_mission_node[0m
[2.044s] [35m[1mConsolidate compiler generated dependencies of target rrt_star_planner[0m
[2.044s] [35m[1mConsolidate compiler generated dependencies of target goal_to_path[0m
[2.046s] [35m[1mConsolidate compiler generated dependencies of target local_path[0m
[2.048s] [35m[1mConsolidate compiler generated dependencies of target frame_transforms[0m
[2.049s] [35m[1mConsolidate compiler generated dependencies of target sensor_combined_listener[0m
[2.049s] [35m[1mConsolidate compiler generated dependencies of target ground_odom[0m
[2.049s] [35m[1mConsolidate compiler generated dependencies of target tracking_error_node[0m
[2.049s] [35m[1mConsolidate compiler generated dependencies of target global_path[0m
[2.049s] [35m[1mConsolidate compiler generated dependencies of target goal_marker_pub[0m
[2.050s] [35m[1mConsolidate compiler generated dependencies of target vehicle_gps_position_listener[0m
[2.050s] [35m[1mConsolidate compiler generated dependencies of target path_follower[0m
[2.057s] [  2%] [32mBuilding CXX object CMakeFiles/octomap_boxes_rviz_node.dir/src/octomap_boxes_rviz_node.cpp.o[0m
[2.076s] [ 10%] Built target vehicle_gps_position_listener
[2.076s] [ 10%] Built target offboard_circle_control
[2.078s] [ 14%] [32mBuilding CXX object CMakeFiles/rrt_star_planner.dir/src/rrt_star_planner.cpp.o[0m
[2.078s] [ 16%] Built target sensor_combined_listener
[2.080s] [ 20%] Built target ground_odom
[2.082s] [ 26%] Built target obstacle_odom_publisher
[2.082s] [ 28%] Built target goal_to_path
[2.082s] [ 32%] Built target tracking_error_node
[2.084s] [ 36%] Built target vtol_mission_node
[2.086s] [ 40%] Built target frame_transforms
[2.087s] [ 44%] Built target path_follower
[2.093s] [ 48%] Built target goal_marker_pub
[2.093s] [ 52%] Built target global_path
[2.094s] [35m[1mConsolidate compiler generated dependencies of target debug_vect_advertiser[0m
[2.100s] [35m[1mConsolidate compiler generated dependencies of target circle_flight[0m
[2.100s] [35m[1mConsolidate compiler generated dependencies of target tf2_control[0m
[2.100s] [35m[1mConsolidate compiler generated dependencies of target nav_path[0m
[2.100s] [35m[1mConsolidate compiler generated dependencies of target vertiport_land[0m
[2.100s] [ 56%] Built target local_path
[2.100s] [35m[1mConsolidate compiler generated dependencies of target aruco_position_publisher_node[0m
[2.101s] [35m[1mConsolidate compiler generated dependencies of target offboard_control[0m
[2.102s] [ 60%] Built target figure_eight_planner
[2.106s] [35m[1mConsolidate compiler generated dependencies of target aruco_position_sub[0m
[2.106s] [35m[1mConsolidate compiler generated dependencies of target offboard_control_srv[0m
[2.119s] [ 64%] Built target debug_vect_advertiser
[2.120s] [ 68%] Built target nav_path
[2.123s] [ 72%] Built target circle_flight
[2.125s] [ 72%] Built target ament_cmake_python_copy_px4_ros_com
[2.126s] [ 76%] Built target vertiport_land
[2.126s] [ 80%] Built target tf2_control
[2.127s] [ 88%] Built target aruco_position_publisher_node
[2.127s] [ 88%] Built target aruco_position_sub
[2.127s] [ 92%] Built target offboard_control_srv
[2.137s] [ 96%] Built target offboard_control
[2.343s] running egg_info
[2.344s] writing px4_ros_com.egg-info/PKG-INFO
[2.344s] writing dependency_links to px4_ros_com.egg-info/dependency_links.txt
[2.344s] writing top-level names to px4_ros_com.egg-info/top_level.txt
[2.346s] reading manifest file 'px4_ros_com.egg-info/SOURCES.txt'
[2.347s] writing manifest file 'px4_ros_com.egg-info/SOURCES.txt'
[2.370s] [ 96%] Built target ament_cmake_python_build_px4_ros_com_egg
[7.615s] [ 98%] [32m[1mLinking CXX executable octomap_boxes_rviz_node[0m
[7.854s] [ 98%] Built target octomap_boxes_rviz_node
[11.333s] [100%] [32m[1mLinking CXX executable rrt_star_planner[0m
[11.785s] [100%] Built target rrt_star_planner
[11.797s] Invoked command in '/home/hj926217/ros2ws/build/px4_ros_com' returned '0': AMENT_PREFIX_PATH=/home/hj926217/ros2ws/install/px4_msgs:${AMENT_PREFIX_PATH} CMAKE_PREFIX_PATH=/home/hj926217/ros2ws/install/px4_msgs:/opt/ros/humble LD_LIBRARY_PATH=/home/hj926217/ros2ws/install/px4_msgs/lib:${LD_LIBRARY_PATH} PYTHONPATH=/home/hj926217/ros2ws/install/px4_msgs/local/lib/python3.10/dist-packages:${PYTHONPATH} /usr/bin/cmake --build /home/hj926217/ros2ws/build/px4_ros_com -- -j16 -l16
[11.805s] Invoking command in '/home/hj926217/ros2ws/build/px4_ros_com': AMENT_PREFIX_PATH=/home/hj926217/ros2ws/install/px4_msgs:${AMENT_PREFIX_PATH} CMAKE_PREFIX_PATH=/home/hj926217/ros2ws/install/px4_msgs:/opt/ros/humble LD_LIBRARY_PATH=/home/hj926217/ros2ws/install/px4_msgs/lib:${LD_LIBRARY_PATH} PYTHONPATH=/home/hj926217/ros2ws/install/px4_msgs/local/lib/python3.10/dist-packages:${PYTHONPATH} /usr/bin/cmake --install /home/hj926217/ros2ws/build/px4_ros_com
[11.813s] -- Install configuration: ""
[11.813s] -- Installing: /home/hj926217/ros2ws/install/px4_ros_com/lib/px4_ros_com/octomap_boxes_rviz_node
[11.815s] -- Set runtime path of "/home/hj926217/ros2ws/install/px4_ros_com/lib/px4_ros_com/octomap_boxes_rviz_node" to ""
[11.815s] -- Up-to-date: /home/hj926217/ros2ws/install/px4_ros_com/lib/px4_ros_com/tracking_error_node
[11.816s] -- Up-to-date: /home/hj926217/ros2ws/install/px4_ros_com/lib/px4_ros_com/offboard_circle_control
[11.816s] -- Up-to-date: /home/hj926217/ros2ws/install/px4_ros_com/lib/px4_ros_com/figure_eight_planner
[11.816s] -- Up-to-date: /home/hj926217/ros2ws/install/px4_ros_com/lib/px4_ros_com/obstacle_odom_publisher
[11.816s] -- Installing: /home/hj926217/ros2ws/install/px4_ros_com/lib/px4_ros_com/rrt_star_planner
[11.822s] -- Set runtime path of "/home/hj926217/ros2ws/install/px4_ros_com/lib/px4_ros_com/rrt_star_planner" to ""
[11.822s] -- Up-to-date: /home/hj926217/ros2ws/install/px4_ros_com/lib/px4_ros_com/vtol_mission_node
[11.822s] -- Up-to-date: /home/hj926217/ros2ws/install/px4_ros_com/lib/px4_ros_com/local_path
[11.822s] -- Up-to-date: /home/hj926217/ros2ws/install/px4_ros_com/lib/px4_ros_com/global_path
[11.822s] -- Up-to-date: /home/hj926217/ros2ws/install/px4_ros_com/lib/px4_ros_com/path_follower
[11.823s] -- Up-to-date: /home/hj926217/ros2ws/install/px4_ros_com/lib/px4_ros_com/goal_marker_pub
[11.823s] -- Up-to-date: /home/hj926217/ros2ws/install/px4_ros_com/lib/px4_ros_com/goal_to_path
[11.823s] -- Up-to-date: /home/hj926217/ros2ws/install/px4_ros_com/lib/px4_ros_com/ground_odom
[11.823s] -- Up-to-date: /home/hj926217/ros2ws/install/px4_ros_com/lib/px4_ros_com/sensor_combined_listener
[11.824s] -- Up-to-date: /home/hj926217/ros2ws/install/px4_ros_com/lib/px4_ros_com/vehicle_gps_position_listener
[11.824s] -- Up-to-date: /home/hj926217/ros2ws/install/px4_ros_com/lib/px4_ros_com/debug_vect_advertiser
[11.824s] -- Up-to-date: /home/hj926217/ros2ws/install/px4_ros_com/lib/px4_ros_com/nav_path
[11.824s] -- Up-to-date: /home/hj926217/ros2ws/install/px4_ros_com/lib/px4_ros_com/circle_flight
[11.825s] -- Up-to-date: /home/hj926217/ros2ws/install/px4_ros_com/lib/px4_ros_com/tf2_control
[11.825s] -- Up-to-date: /home/hj926217/ros2ws/install/px4_ros_com/lib/px4_ros_com/aruco_position_sub
[11.825s] -- Up-to-date: /home/hj926217/ros2ws/install/px4_ros_com/lib/px4_ros_com/vertiport_land
[11.825s] -- Up-to-date: /home/hj926217/ros2ws/install/px4_ros_com/lib/px4_ros_com/aruco_position_publisher_node
[11.826s] -- Up-to-date: /home/hj926217/ros2ws/install/px4_ros_com/lib/px4_ros_com/offboard_control
[11.826s] -- Up-to-date: /home/hj926217/ros2ws/install/px4_ros_com/lib/px4_ros_com/offboard_control_srv
[11.826s] -- Up-to-date: /home/hj926217/ros2ws/install/px4_ros_com/share/px4_ros_com/environment/library_path.sh
[11.826s] -- Installing: /home/hj926217/ros2ws/install/px4_ros_com/share/px4_ros_com/environment/library_path.dsv
[11.826s] -- Up-to-date: /home/hj926217/ros2ws/install/px4_ros_com/include/px4_ros_com
[11.826s] -- Up-to-date: /home/hj926217/ros2ws/install/px4_ros_com/include/px4_ros_com/frame_transforms.h
[11.826s] -- Up-to-date: /home/hj926217/ros2ws/install/px4_ros_com/lib/libframe_transforms.so
[11.827s] -- Up-to-date: /home/hj926217/ros2ws/install/px4_ros_com/share/px4_ros_com//launch
[11.827s] -- Up-to-date: /home/hj926217/ros2ws/install/px4_ros_com/share/px4_ros_com//launch/lidar_octomap_launch.py
[11.827s] -- Up-to-date: /home/hj926217/ros2ws/install/px4_ros_com/share/px4_ros_com//launch/path.launch.py
[11.827s] -- Up-to-date: /home/hj926217/ros2ws/install/px4_ros_com/share/px4_ros_com//launch/rtab_points.launch.py
[11.827s] -- Up-to-date: /home/hj926217/ros2ws/install/px4_ros_com/share/px4_ros_com//launch/path_follower_launch.py
[11.827s] -- Up-to-date: /home/hj926217/ros2ws/install/px4_ros_com/share/px4_ros_com//launch/offboard_control_launch.yaml
[11.827s] -- Up-to-date: /home/hj926217/ros2ws/install/px4_ros_com/share/px4_ros_com//launch/123.launch.py
[11.827s] -- Up-to-date: /home/hj926217/ros2ws/install/px4_ros_com/share/px4_ros_com//launch/sensor_combined_listener.launch.py
[11.827s] -- Up-to-date: /home/hj926217/ros2ws/install/px4_ros_com/share/px4_ros_com//test
[11.827s] -- Up-to-date: /home/hj926217/ros2ws/install/px4_ros_com/share/px4_ros_com//test/test_output.py
[11.827s] -- Up-to-date: /home/hj926217/ros2ws/install/px4_ros_com/share/px4_ros_com//test/__init__.py
[11.827s] -- Up-to-date: /home/hj926217/ros2ws/install/px4_ros_com/share/px4_ros_com//test/pipeline_io_test.py
[11.828s] -- Up-to-date: /home/hj926217/ros2ws/install/px4_ros_com/share/px4_ros_com//test/test_input.py
[11.828s] -- Up-to-date: /home/hj926217/ros2ws/install/px4_ros_com/share/px4_ros_com/environment/pythonpath.sh
[11.828s] -- Installing: /home/hj926217/ros2ws/install/px4_ros_com/share/px4_ros_com/environment/pythonpath.dsv
[11.828s] -- Up-to-date: /home/hj926217/ros2ws/install/px4_ros_com/local/lib/python3.10/dist-packages/px4_ros_com-0.1.0-py3.10.egg-info
[11.828s] -- Installing: /home/hj926217/ros2ws/install/px4_ros_com/local/lib/python3.10/dist-packages/px4_ros_com-0.1.0-py3.10.egg-info/SOURCES.txt
[11.828s] -- Installing: /home/hj926217/ros2ws/install/px4_ros_com/local/lib/python3.10/dist-packages/px4_ros_com-0.1.0-py3.10.egg-info/PKG-INFO
[11.828s] -- Installing: /home/hj926217/ros2ws/install/px4_ros_com/local/lib/python3.10/dist-packages/px4_ros_com-0.1.0-py3.10.egg-info/top_level.txt
[11.828s] -- Installing: /home/hj926217/ros2ws/install/px4_ros_com/local/lib/python3.10/dist-packages/px4_ros_com-0.1.0-py3.10.egg-info/dependency_links.txt
[11.828s] -- Up-to-date: /home/hj926217/ros2ws/install/px4_ros_com/local/lib/python3.10/dist-packages/px4_ros_com
[11.828s] -- Up-to-date: /home/hj926217/ros2ws/install/px4_ros_com/local/lib/python3.10/dist-packages/px4_ros_com/module_to_import.py
[11.828s] -- Up-to-date: /home/hj926217/ros2ws/install/px4_ros_com/local/lib/python3.10/dist-packages/px4_ros_com/__init__.py
[11.853s] Listing '/home/hj926217/ros2ws/install/px4_ros_com/local/lib/python3.10/dist-packages/px4_ros_com'...
[11.856s] -- Up-to-date: /home/hj926217/ros2ws/install/px4_ros_com/lib/px4_ros_com/offboard_control.py
[11.857s] -- Up-to-date: /home/hj926217/ros2ws/install/px4_ros_com/share/ament_index/resource_index/package_run_dependencies/px4_ros_com
[11.857s] -- Installing: /home/hj926217/ros2ws/install/px4_ros_com/share/ament_index/resource_index/parent_prefix_path/px4_ros_com
[11.857s] -- Up-to-date: /home/hj926217/ros2ws/install/px4_ros_com/share/px4_ros_com/environment/ament_prefix_path.sh
[11.857s] -- Installing: /home/hj926217/ros2ws/install/px4_ros_com/share/px4_ros_com/environment/ament_prefix_path.dsv
[11.857s] -- Up-to-date: /home/hj926217/ros2ws/install/px4_ros_com/share/px4_ros_com/environment/path.sh
[11.857s] -- Installing: /home/hj926217/ros2ws/install/px4_ros_com/share/px4_ros_com/environment/path.dsv
[11.857s] -- Up-to-date: /home/hj926217/ros2ws/install/px4_ros_com/share/px4_ros_com/local_setup.bash
[11.857s] -- Up-to-date: /home/hj926217/ros2ws/install/px4_ros_com/share/px4_ros_com/local_setup.sh
[11.857s] -- Up-to-date: /home/hj926217/ros2ws/install/px4_ros_com/share/px4_ros_com/local_setup.zsh
[11.857s] -- Installing: /home/hj926217/ros2ws/install/px4_ros_com/share/px4_ros_com/local_setup.dsv
[11.857s] -- Installing: /home/hj926217/ros2ws/install/px4_ros_com/share/px4_ros_com/package.dsv
[11.857s] -- Up-to-date: /home/hj926217/ros2ws/install/px4_ros_com/share/ament_index/resource_index/packages/px4_ros_com
[11.857s] -- Up-to-date: /home/hj926217/ros2ws/install/px4_ros_com/share/px4_ros_com/cmake/export_frame_transformsExport.cmake
[11.858s] -- Up-to-date: /home/hj926217/ros2ws/install/px4_ros_com/share/px4_ros_com/cmake/export_frame_transformsExport-noconfig.cmake
[11.858s] -- Up-to-date: /home/hj926217/ros2ws/install/px4_ros_com/share/px4_ros_com/cmake/ament_cmake_export_dependencies-extras.cmake
[11.858s] -- Up-to-date: /home/hj926217/ros2ws/install/px4_ros_com/share/px4_ros_com/cmake/ament_cmake_export_targets-extras.cmake
[11.858s] -- Up-to-date: /home/hj926217/ros2ws/install/px4_ros_com/share/px4_ros_com/cmake/ament_cmake_export_include_directories-extras.cmake
[11.858s] -- Up-to-date: /home/hj926217/ros2ws/install/px4_ros_com/share/px4_ros_com/cmake/ament_cmake_export_libraries-extras.cmake
[11.858s] -- Up-to-date: /home/hj926217/ros2ws/install/px4_ros_com/share/px4_ros_com/cmake/px4_ros_comConfig.cmake
[11.858s] -- Up-to-date: /home/hj926217/ros2ws/install/px4_ros_com/share/px4_ros_com/cmake/px4_ros_comConfig-version.cmake
[11.858s] -- Up-to-date: /home/hj926217/ros2ws/install/px4_ros_com/share/px4_ros_com/package.xml
[11.860s] Invoked command in '/home/hj926217/ros2ws/build/px4_ros_com' returned '0': AMENT_PREFIX_PATH=/home/hj926217/ros2ws/install/px4_msgs:${AMENT_PREFIX_PATH} CMAKE_PREFIX_PATH=/home/hj926217/ros2ws/install/px4_msgs:/opt/ros/humble LD_LIBRARY_PATH=/home/hj926217/ros2ws/install/px4_msgs/lib:${LD_LIBRARY_PATH} PYTHONPATH=/home/hj926217/ros2ws/install/px4_msgs/local/lib/python3.10/dist-packages:${PYTHONPATH} /usr/bin/cmake --install /home/hj926217/ros2ws/build/px4_ros_com
