[35m[1mConsolidate compiler generated dependencies of target figure_eight_planner[0m
[  4%] Built target global_path
[  9%] Built target rrt_star_planner
[ 11%] [32mBuilding CXX object CMakeFiles/obstacle_odom_publisher.dir/src/obstacle_odom_publisher.cpp.o[0m
[ 15%] Built target vtol_mission_node
[ 20%] Built target vehicle_gps_position_listener
[ 25%] Built target sensor_combined_listener
[ 29%] Built target path_follower
[ 34%] Built target figure_eight_planner
[ 38%] Built target nav_path
[ 43%] Built target frame_transforms
[ 47%] Built target debug_vect_advertiser
[ 52%] Built target goal_marker_pub
[ 56%] Built target ground_odom
[ 61%] Built target local_path
[ 63%] [32mBuilding CXX object CMakeFiles/circle_flight.dir/src/circle_flight.cpp.o[0m
[ 68%] Built target goal_to_path
[ 72%] Built target offboard_control_srv
[ 77%] Built target vertiport_land
[ 81%] Built target aruco_position_sub
[ 86%] Built target offboard_control
[ 86%] Built target ament_cmake_python_copy_px4_ros_com
[ 90%] Built target tf2_control
[ 95%] Built target aruco_position_publisher_node
[01m[K/home/hj926217/ros2ws/src/px4_ros_com/src/circle_flight.cpp:8:10:[m[K [01;31m[Kfatal error: [m[Knav_msgs/msg/path.hpp: No such file or directory
    8 | #include [01;31m[K<nav_msgs/msg/path.hpp>[m[K
      |          [01;31m[K^~~~~~~~~~~~~~~~~~~~~~~[m[K
compilation terminated.
gmake[2]: *** [CMakeFiles/circle_flight.dir/build.make:76: CMakeFiles/circle_flight.dir/src/circle_flight.cpp.o] Error 1
gmake[1]: *** [CMakeFiles/Makefile2:572: CMakeFiles/circle_flight.dir/all] Error 2
gmake[1]: *** Waiting for unfinished jobs....
running egg_info
writing px4_ros_com.egg-info/PKG-INFO
writing dependency_links to px4_ros_com.egg-info/dependency_links.txt
writing top-level names to px4_ros_com.egg-info/top_level.txt
reading manifest file 'px4_ros_com.egg-info/SOURCES.txt'
writing manifest file 'px4_ros_com.egg-info/SOURCES.txt'
[ 95%] Built target ament_cmake_python_build_px4_ros_com_egg
[ 97%] [32m[1mLinking CXX executable obstacle_odom_publisher[0m
[ 97%] Built target obstacle_odom_publisher
gmake: *** [Makefile:146: all] Error 2
