[0.037s] Invoking command in '/home/hj926217/ros2ws/build/px4_ros_com': CMAKE_PREFIX_PATH=/home/hj926217/ros2ws/install/px4_msgs:/home/hj926217/ros2ws/install/px4_ros_com:/home/hj926217/aruco/install/vision_opencv:/home/hj926217/aruco/install/vertiport_land:/home/hj926217/aruco/install/translation_node:/home/hj926217/aruco/install/precision_land:/home/hj926217/aruco/install/example_rover_velocity_mode_cpp:/home/hj926217/aruco/install/example_mode_with_executor_cpp:/home/hj926217/aruco/install/example_mode_vtol_cpp:/home/hj926217/aruco/install/example_mode_rtl_replacement_cpp:/home/hj926217/aruco/install/example_mode_mission_cpp:/home/hj926217/aruco/install/example_mode_manual_cpp:/home/hj926217/aruco/install/example_mode_goto_global_cpp:/home/hj926217/aruco/install/example_mode_goto_cpp:/home/hj926217/aruco/install/example_mode_fw_attitude_cpp:/home/hj926217/aruco/install/example_local_navigation_cpp:/home/hj926217/aruco/install/example_global_navigation_cpp:/home/hj926217/aruco/install/example_executor_with_multiple_modes_cpp:/home/hj926217/aruco/install/px4_ros2_cpp:/home/hj926217/aruco/install/px4_msgs_old:/home/hj926217/aruco/install/aruco_tracker:/home/hj926217/aruco/install/px4_msgs:/home/hj926217/aruco/install/image_geometry:/home/hj926217/aruco/install/cv_bridge:/home/hj926217/aruco/install/opencv_tests:/opt/ros/humble LD_LIBRARY_PATH=/home/hj926217/ros2ws/install/px4_msgs/lib:/home/hj926217/ros2ws/install/px4_ros_com/lib:/home/hj926217/aruco/install/translation_node/lib:/home/hj926217/aruco/install/px4_ros2_cpp/lib:/home/hj926217/aruco/install/px4_msgs_old/lib:/home/hj926217/aruco/install/px4_msgs/lib:/home/hj926217/aruco/install/image_geometry/lib:/home/hj926217/aruco/install/cv_bridge/lib:/opt/ros/humble/opt/rviz_ogre_vendor/lib:/opt/ros/humble/lib/x86_64-linux-gnu:/opt/ros/humble/lib:/usr/local/lib /usr/bin/cmake --build /home/hj926217/ros2ws/build/px4_ros_com -- -j16 -l16
[0.193s] [ 10%] Built target vertiport_land
[0.195s] [ 20%] Built target offboard_control_srv
[0.196s] [35m[1mConsolidate compiler generated dependencies of target aruco_position_sub[0m
[0.202s] [ 30%] Built target tf2_control
[0.212s] [ 40%] Built target debug_vect_advertiser
[0.213s] [ 50%] Built target sensor_combined_listener
[0.217s] [ 50%] Built target ament_cmake_python_copy_px4_ros_com
[0.229s] [ 55%] [32mBuilding CXX object CMakeFiles/aruco_position_sub.dir/src/aruco_position_sub.cpp.o[0m
[0.247s] [ 65%] Built target vehicle_gps_position_listener
[0.258s] [ 75%] Built target aruco_position_publisher_node
[0.273s] [ 85%] Built target offboard_control
[0.279s] [ 95%] Built target frame_transforms
[0.774s] running egg_info
[0.776s] writing px4_ros_com.egg-info/PKG-INFO
[0.776s] writing dependency_links to px4_ros_com.egg-info/dependency_links.txt
[0.777s] writing top-level names to px4_ros_com.egg-info/top_level.txt
[0.780s] reading manifest file 'px4_ros_com.egg-info/SOURCES.txt'
[0.781s] writing manifest file 'px4_ros_com.egg-info/SOURCES.txt'
[0.831s] [ 95%] Built target ament_cmake_python_build_px4_ros_com_egg
[6.971s] [01m[K/home/hj926217/ros2ws/src/px4_ros_com/src/aruco_position_sub.cpp:318:33:[m[K [01;31m[Kerror: [m[Kexpected ‘[01m[K}[m[K’ at end of input
[6.971s]   318 |   bool have_vehicle_pos_{false};
[6.971s]       |                                 [01;31m[K^[m[K
[6.971s] [01m[K/home/hj926217/ros2ws/src/px4_ros_com/src/aruco_position_sub.cpp:26:1:[m[K [01;36m[Knote: [m[Kto match this ‘[01m[K{[m[K’
[6.971s]    26 | [01;36m[K{[m[K
[6.971s]       | [01;36m[K^[m[K
[7.045s] [01m[K/home/hj926217/ros2ws/src/px4_ros_com/src/aruco_position_sub.cpp:[m[K In member function ‘[01m[Kvoid OffboardControl::landDetectedCb(px4_msgs::msg::VehicleLandDetected_<std::allocator<void> >::SharedPtr)[m[K’:
[7.045s] [01m[K/home/hj926217/ros2ws/src/px4_ros_com/src/aruco_position_sub.cpp:83:5:[m[K [01;31m[Kerror: [m[K‘[01m[Kclose_to_ground_or_skipped_check_[m[K’ was not declared in this scope
[7.045s]    83 |     [01;31m[Kclose_to_ground_or_skipped_check_[m[K = msg->close_to_ground_or_skipped_check;
[7.045s]       |     [01;31m[K^~~~~~~~~~~~~~~~~~~~~~~~~~~~~~~~~[m[K
[7.061s] [01m[K/home/hj926217/ros2ws/src/px4_ros_com/src/aruco_position_sub.cpp:[m[K In member function ‘[01m[Kvoid OffboardControl::arucoPoseCb(geometry_msgs::msg::PoseStamped_<std::allocator<void> >::SharedPtr)[m[K’:
[7.062s] [01m[K/home/hj926217/ros2ws/src/px4_ros_com/src/aruco_position_sub.cpp:89:5:[m[K [01;31m[Kerror: [m[K‘[01m[Karuco_rel_x_[m[K’ was not declared in this scope
[7.063s]    89 |     [01;31m[Karuco_rel_x_[m[K = static_cast<float>(msg->pose.position.x);
[7.064s]       |     [01;31m[K^~~~~~~~~~~~[m[K
[7.075s] [01m[K/home/hj926217/ros2ws/src/px4_ros_com/src/aruco_position_sub.cpp:90:5:[m[K [01;31m[Kerror: [m[K‘[01m[Karuco_rel_y_[m[K’ was not declared in this scope
[7.076s]    90 |     [01;31m[Karuco_rel_y_[m[K = static_cast<float>(msg->pose.position.y);
[7.077s]       |     [01;31m[K^~~~~~~~~~~~[m[K
[7.087s] [01m[K/home/hj926217/ros2ws/src/px4_ros_com/src/aruco_position_sub.cpp:91:5:[m[K [01;31m[Kerror: [m[K‘[01m[Karuco_rel_z_[m[K’ was not declared in this scope
[7.087s]    91 |     [01;31m[Karuco_rel_z_[m[K = static_cast<float>(msg->pose.position.z);
[7.088s]       |     [01;31m[K^~~~~~~~~~~~[m[K
[7.100s] [01m[K/home/hj926217/ros2ws/src/px4_ros_com/src/aruco_position_sub.cpp:93:5:[m[K [01;31m[Kerror: [m[K‘[01m[Khave_aruco_[m[K’ was not declared in this scope
[7.100s]    93 |     [01;31m[Khave_aruco_[m[K = true;
[7.100s]       |     [01;31m[K^~~~~~~~~~~[m[K
[7.115s] [01m[K/home/hj926217/ros2ws/src/px4_ros_com/src/aruco_position_sub.cpp:97:9:[m[K [01;31m[Kerror: [m[K‘[01m[Koffboard_ready_[m[K’ was not declared in this scope
[7.115s]    97 |     if ([01;31m[Koffboard_ready_[m[K && !offboard_started_) {
[7.115s]       |         [01;31m[K^~~~~~~~~~~~~~~[m[K
[7.134s] [01m[K/home/hj926217/ros2ws/src/px4_ros_com/src/aruco_position_sub.cpp:97:29:[m[K [01;31m[Kerror: [m[K‘[01m[Koffboard_started_[m[K’ was not declared in this scope
[7.136s]    97 |     if (offboard_ready_ && ![01;31m[Koffboard_started_[m[K) {
[7.136s]       |                             [01;31m[K^~~~~~~~~~~~~~~~~[m[K
[7.147s] [01m[K/home/hj926217/ros2ws/src/px4_ros_com/src/aruco_position_sub.cpp:[m[K In member function ‘[01m[Kvoid OffboardControl::compute_offsets_from_aruco()[m[K’:
[7.148s] [01m[K/home/hj926217/ros2ws/src/px4_ros_com/src/aruco_position_sub.cpp:110:5:[m[K [01;31m[Kerror: [m[K‘[01m[Koffset_x_[m[K’ was not declared in this scope; did you mean ‘[01m[Koffsetof[m[K’?
[7.149s]   110 |     [01;31m[Koffset_x_[m[K = aruco_rel_x_;
[7.150s]       |     [01;31m[K^~~~~~~~~[m[K
[7.151s]       |     [32m[Koffsetof[m[K
[7.157s] [01m[K/home/hj926217/ros2ws/src/px4_ros_com/src/aruco_position_sub.cpp:110:17:[m[K [01;31m[Kerror: [m[K‘[01m[Karuco_rel_x_[m[K’ was not declared in this scope
[7.157s]   110 |     offset_x_ = [01;31m[Karuco_rel_x_[m[K;
[7.157s]       |                 [01;31m[K^~~~~~~~~~~~[m[K
[7.168s] [01m[K/home/hj926217/ros2ws/src/px4_ros_com/src/aruco_position_sub.cpp:111:5:[m[K [01;31m[Kerror: [m[K‘[01m[Koffset_y_[m[K’ was not declared in this scope; did you mean ‘[01m[Koffsetof[m[K’?
[7.168s]   111 |     [01;31m[Koffset_y_[m[K = aruco_rel_y_;
[7.168s]       |     [01;31m[K^~~~~~~~~[m[K
[7.169s]       |     [32m[Koffsetof[m[K
[7.179s] [01m[K/home/hj926217/ros2ws/src/px4_ros_com/src/aruco_position_sub.cpp:111:17:[m[K [01;31m[Kerror: [m[K‘[01m[Karuco_rel_y_[m[K’ was not declared in this scope
[7.180s]   111 |     offset_y_ = [01;31m[Karuco_rel_y_[m[K;
[7.180s]       |                 [01;31m[K^~~~~~~~~~~~[m[K
[7.193s] [01m[K/home/hj926217/ros2ws/src/px4_ros_com/src/aruco_position_sub.cpp:[m[K In member function ‘[01m[Kvoid OffboardControl::try_lock_target()[m[K’:
[7.193s] [01m[K/home/hj926217/ros2ws/src/px4_ros_com/src/aruco_position_sub.cpp:117:10:[m[K [01;31m[Kerror: [m[K‘[01m[Ktarget_locked_[m[K’ was not declared in this scope
[7.193s]   117 |     if (![01;31m[Ktarget_locked_[m[K && have_vehicle_pos_ && have_aruco_) {
[7.193s]       |          [01;31m[K^~~~~~~~~~~~~~[m[K
[7.208s] [01m[K/home/hj926217/ros2ws/src/px4_ros_com/src/aruco_position_sub.cpp:117:49:[m[K [01;31m[Kerror: [m[K‘[01m[Khave_aruco_[m[K’ was not declared in this scope
[7.209s]   117 |     if (!target_locked_ && have_vehicle_pos_ && [01;31m[Khave_aruco_[m[K) {
[7.210s]       |                                                 [01;31m[K^~~~~~~~~~~[m[K
[7.220s] [01m[K/home/hj926217/ros2ws/src/px4_ros_com/src/aruco_position_sub.cpp:121:7:[m[K [01;31m[Kerror: [m[K‘[01m[Ktarget_x_[m[K’ was not declared in this scope
[7.221s]   121 |       [01;31m[Ktarget_x_[m[K = current_x_ - offset_x_;
[7.222s]       |       [01;31m[K^~~~~~~~~[m[K
[7.231s] [01m[K/home/hj926217/ros2ws/src/px4_ros_com/src/aruco_position_sub.cpp:121:32:[m[K [01;31m[Kerror: [m[K‘[01m[Koffset_x_[m[K’ was not declared in this scope; did you mean ‘[01m[Koffsetof[m[K’?
[7.232s]   121 |       target_x_ = current_x_ - [01;31m[Koffset_x_[m[K;
[7.233s]       |                                [01;31m[K^~~~~~~~~[m[K
[7.233s]       |                                [32m[Koffsetof[m[K
[7.242s] [01m[K/home/hj926217/ros2ws/src/px4_ros_com/src/aruco_position_sub.cpp:122:7:[m[K [01;31m[Kerror: [m[K‘[01m[Ktarget_y_[m[K’ was not declared in this scope
[7.242s]   122 |       [01;31m[Ktarget_y_[m[K = current_y_ - offset_y_;
[7.242s]       |       [01;31m[K^~~~~~~~~[m[K
[7.252s] [01m[K/home/hj926217/ros2ws/src/px4_ros_com/src/aruco_position_sub.cpp:122:32:[m[K [01;31m[Kerror: [m[K‘[01m[Koffset_y_[m[K’ was not declared in this scope; did you mean ‘[01m[Koffsetof[m[K’?
[7.253s]   122 |       target_y_ = current_y_ - [01;31m[Koffset_y_[m[K;
[7.254s]       |                                [01;31m[K^~~~~~~~~[m[K
[7.255s]       |                                [32m[Koffsetof[m[K
[7.263s] [01m[K/home/hj926217/ros2ws/src/px4_ros_com/src/aruco_position_sub.cpp:123:7:[m[K [01;31m[Kerror: [m[K‘[01m[Ktarget_z_[m[K’ was not declared in this scope
[7.263s]   123 |       [01;31m[Ktarget_z_[m[K = current_z_;
[7.263s]       |       [01;31m[K^~~~~~~~~[m[K
[7.307s] [01m[K/home/hj926217/ros2ws/src/px4_ros_com/src/aruco_position_sub.cpp:126:7:[m[K [01;31m[Kerror: [m[K‘[01m[Kdescending_[m[K’ was not declared in this scope
[7.308s]   126 |       [01;31m[Kdescending_[m[K = false;
[7.309s]       |       [01;31m[K^~~~~~~~~~~[m[K
[7.355s] In file included from [01m[K/opt/ros/humble/include/rclcpp/rclcpp/logging.hpp:24[m[K,
[7.356s]                  from [01m[K/opt/ros/humble/include/rclcpp/rclcpp/client.hpp:40[m[K,
[7.357s]                  from [01m[K/opt/ros/humble/include/rclcpp/rclcpp/callback_group.hpp:24[m[K,
[7.358s]                  from [01m[K/opt/ros/humble/include/rclcpp/rclcpp/any_executable.hpp:20[m[K,
[7.358s]                  from [01m[K/opt/ros/humble/include/rclcpp/rclcpp/memory_strategy.hpp:25[m[K,
[7.359s]                  from [01m[K/opt/ros/humble/include/rclcpp/rclcpp/memory_strategies.hpp:18[m[K,
[7.359s]                  from [01m[K/opt/ros/humble/include/rclcpp/rclcpp/executor_options.hpp:20[m[K,
[7.359s]                  from [01m[K/opt/ros/humble/include/rclcpp/rclcpp/executor.hpp:37[m[K,
[7.360s]                  from [01m[K/opt/ros/humble/include/rclcpp/rclcpp/executors/multi_threaded_executor.hpp:25[m[K,
[7.360s]                  from [01m[K/opt/ros/humble/include/rclcpp/rclcpp/executors.hpp:21[m[K,
[7.360s]                  from [01m[K/opt/ros/humble/include/rclcpp/rclcpp/rclcpp.hpp:155[m[K,
[7.360s]                  from [01m[K/home/hj926217/ros2ws/src/px4_ros_com/src/aruco_position_sub.cpp:10[m[K:
[7.360s] [01m[K/home/hj926217/ros2ws/src/px4_ros_com/src/aruco_position_sub.cpp:131:19:[m[K [01;31m[Kerror: [m[K‘[01m[Karuco_rel_x_[m[K’ was not declared in this scope
[7.360s]   131 |                   [01;31m[Karuco_rel_x_[m[K, aruco_rel_y_, aruco_rel_z_,
[7.360s]       |                   [01;31m[K^~~~~~~~~~~~[m[K
[7.375s] [01m[K/home/hj926217/ros2ws/src/px4_ros_com/src/aruco_position_sub.cpp:131:33:[m[K [01;31m[Kerror: [m[K‘[01m[Karuco_rel_y_[m[K’ was not declared in this scope
[7.375s]   131 |                   aruco_rel_x_, [01;31m[Karuco_rel_y_[m[K, aruco_rel_z_,
[7.375s]       |                                 [01;31m[K^~~~~~~~~~~~[m[K
[7.389s] [01m[K/home/hj926217/ros2ws/src/px4_ros_com/src/aruco_position_sub.cpp:131:47:[m[K [01;31m[Kerror: [m[K‘[01m[Karuco_rel_z_[m[K’ was not declared in this scope
[7.389s]   131 |                   aruco_rel_x_, aruco_rel_y_, [01;31m[Karuco_rel_z_[m[K,
[7.389s]       |                                               [01;31m[K^~~~~~~~~~~~[m[K
[7.402s] [01m[K/home/hj926217/ros2ws/src/px4_ros_com/src/aruco_position_sub.cpp:[m[K In member function ‘[01m[Kvoid OffboardControl::try_update_target()[m[K’:
[7.402s] [01m[K/home/hj926217/ros2ws/src/px4_ros_com/src/aruco_position_sub.cpp:139:30:[m[K [01;31m[Kerror: [m[K‘[01m[Khave_aruco_[m[K’ was not declared in this scope
[7.402s]   139 |     if (have_vehicle_pos_ && [01;31m[Khave_aruco_[m[K) {
[7.402s]       |                              [01;31m[K^~~~~~~~~~~[m[K
[7.412s] [01m[K/home/hj926217/ros2ws/src/px4_ros_com/src/aruco_position_sub.cpp:142:7:[m[K [01;31m[Kerror: [m[K‘[01m[Ktarget_x_[m[K’ was not declared in this scope
[7.412s]   142 |       [01;31m[Ktarget_x_[m[K = current_x_ - offset_x_;
[7.413s]       |       [01;31m[K^~~~~~~~~[m[K
[7.423s] [01m[K/home/hj926217/ros2ws/src/px4_ros_com/src/aruco_position_sub.cpp:142:32:[m[K [01;31m[Kerror: [m[K‘[01m[Koffset_x_[m[K’ was not declared in this scope; did you mean ‘[01m[Koffsetof[m[K’?
[7.424s]   142 |       target_x_ = current_x_ - [01;31m[Koffset_x_[m[K;
[7.425s]       |                                [01;31m[K^~~~~~~~~[m[K
[7.427s]       |                                [32m[Koffsetof[m[K
[7.437s] [01m[K/home/hj926217/ros2ws/src/px4_ros_com/src/aruco_position_sub.cpp:143:7:[m[K [01;31m[Kerror: [m[K‘[01m[Ktarget_y_[m[K’ was not declared in this scope
[7.437s]   143 |       [01;31m[Ktarget_y_[m[K = current_y_ - offset_y_;
[7.437s]       |       [01;31m[K^~~~~~~~~[m[K
[7.450s] [01m[K/home/hj926217/ros2ws/src/px4_ros_com/src/aruco_position_sub.cpp:143:32:[m[K [01;31m[Kerror: [m[K‘[01m[Koffset_y_[m[K’ was not declared in this scope; did you mean ‘[01m[Koffsetof[m[K’?
[7.450s]   143 |       target_y_ = current_y_ - [01;31m[Koffset_y_[m[K;
[7.450s]       |                                [01;31m[K^~~~~~~~~[m[K
[7.450s]       |                                [32m[Koffsetof[m[K
[7.462s] In file included from [01m[K/opt/ros/humble/include/rclcpp/rclcpp/logging.hpp:24[m[K,
[7.463s]                  from [01m[K/opt/ros/humble/include/rclcpp/rclcpp/client.hpp:40[m[K,
[7.464s]                  from [01m[K/opt/ros/humble/include/rclcpp/rclcpp/callback_group.hpp:24[m[K,
[7.464s]                  from [01m[K/opt/ros/humble/include/rclcpp/rclcpp/any_executable.hpp:20[m[K,
[7.465s]                  from [01m[K/opt/ros/humble/include/rclcpp/rclcpp/memory_strategy.hpp:25[m[K,
[7.466s]                  from [01m[K/opt/ros/humble/include/rclcpp/rclcpp/memory_strategies.hpp:18[m[K,
[7.466s]                  from [01m[K/opt/ros/humble/include/rclcpp/rclcpp/executor_options.hpp:20[m[K,
[7.467s]                  from [01m[K/opt/ros/humble/include/rclcpp/rclcpp/executor.hpp:37[m[K,
[7.468s]                  from [01m[K/opt/ros/humble/include/rclcpp/rclcpp/executors/multi_threaded_executor.hpp:25[m[K,
[7.468s]                  from [01m[K/opt/ros/humble/include/rclcpp/rclcpp/executors.hpp:21[m[K,
[7.469s]                  from [01m[K/opt/ros/humble/include/rclcpp/rclcpp/rclcpp.hpp:155[m[K,
[7.474s]                  from [01m[K/home/hj926217/ros2ws/src/px4_ros_com/src/aruco_position_sub.cpp:10[m[K:
[7.475s] [01m[K/home/hj926217/ros2ws/src/px4_ros_com/src/aruco_position_sub.cpp:147:41:[m[K [01;31m[Kerror: [m[K‘[01m[Ktarget_z_[m[K’ was not declared in this scope
[7.476s]   147 |                   target_x_, target_y_, [01;31m[Ktarget_z_[m[K,
[7.477s]       |                                         [01;31m[K^~~~~~~~~[m[K
[7.477s] [01m[K/home/hj926217/ros2ws/src/px4_ros_com/src/aruco_position_sub.cpp:148:19:[m[K [01;31m[Kerror: [m[K‘[01m[Karuco_rel_x_[m[K’ was not declared in this scope
[7.478s]   148 |                   [01;31m[Karuco_rel_x_[m[K, aruco_rel_y_, aruco_rel_z_);
[7.478s]       |                   [01;31m[K^~~~~~~~~~~~[m[K
[7.488s] [01m[K/home/hj926217/ros2ws/src/px4_ros_com/src/aruco_position_sub.cpp:148:33:[m[K [01;31m[Kerror: [m[K‘[01m[Karuco_rel_y_[m[K’ was not declared in this scope
[7.488s]   148 |                   aruco_rel_x_, [01;31m[Karuco_rel_y_[m[K, aruco_rel_z_);
[7.488s]       |                                 [01;31m[K^~~~~~~~~~~~[m[K
[7.501s] [01m[K/home/hj926217/ros2ws/src/px4_ros_com/src/aruco_position_sub.cpp:148:47:[m[K [01;31m[Kerror: [m[K‘[01m[Karuco_rel_z_[m[K’ was not declared in this scope
[7.502s]   148 |                   aruco_rel_x_, aruco_rel_y_, [01;31m[Karuco_rel_z_[m[K);
[7.503s]       |                                               [01;31m[K^~~~~~~~~~~~[m[K
[7.515s] [01m[K/home/hj926217/ros2ws/src/px4_ros_com/src/aruco_position_sub.cpp:[m[K In member function ‘[01m[Kvoid OffboardControl::onTimer()[m[K’:
[7.515s] [01m[K/home/hj926217/ros2ws/src/px4_ros_com/src/aruco_position_sub.cpp:158:9:[m[K [01;31m[Kerror: [m[K‘[01m[Ktarget_locked_[m[K’ was not declared in this scope
[7.515s]   158 |     if ([01;31m[Ktarget_locked_[m[K) {
[7.515s]       |         [01;31m[K^~~~~~~~~~~~~~[m[K
[7.542s] [01m[K/home/hj926217/ros2ws/src/px4_ros_com/src/aruco_position_sub.cpp:169:10:[m[K [01;31m[Kerror: [m[K‘[01m[Koffboard_ready_[m[K’ was not declared in this scope
[7.542s]   169 |     if (![01;31m[Koffboard_ready_[m[K && offboard_setpoint_counter_ > 20) {
[7.542s]       |          [01;31m[K^~~~~~~~~~~~~~~[m[K
[7.574s] [01m[K/home/hj926217/ros2ws/src/px4_ros_com/src/aruco_position_sub.cpp:[m[K In member function ‘[01m[Kvoid OffboardControl::publish_locked_setpoint()[m[K’:
[7.574s] [01m[K/home/hj926217/ros2ws/src/px4_ros_com/src/aruco_position_sub.cpp:217:32:[m[K [01;31m[Kerror: [m[K‘[01m[Khave_aruco_[m[K’ was not declared in this scope
[7.574s]   217 |     if (!have_vehicle_pos_ || ![01;31m[Khave_aruco_[m[K) {
[7.575s]       |                                [01;31m[K^~~~~~~~~~~[m[K
[7.585s] [01m[K/home/hj926217/ros2ws/src/px4_ros_com/src/aruco_position_sub.cpp:222:22:[m[K [01;31m[Kerror: [m[K‘[01m[Ktarget_x_[m[K’ was not declared in this scope
[7.585s]   222 |     const float dx = [01;31m[Ktarget_x_[m[K - current_x_;
[7.585s]       |                      [01;31m[K^~~~~~~~~[m[K
[7.597s] [01m[K/home/hj926217/ros2ws/src/px4_ros_com/src/aruco_position_sub.cpp:223:22:[m[K [01;31m[Kerror: [m[K‘[01m[Ktarget_y_[m[K’ was not declared in this scope
[7.597s]   223 |     const float dy = [01;31m[Ktarget_y_[m[K - current_y_;
[7.597s]       |                      [01;31m[K^~~~~~~~~[m[K
[7.609s] [01m[K/home/hj926217/ros2ws/src/px4_ros_com/src/aruco_position_sub.cpp:225:35:[m[K [01;31m[Kerror: [m[K‘[01m[Ktarget_z_[m[K’ was not declared in this scope
[7.610s]   225 |     const float z_err = std::fabs([01;31m[Ktarget_z_[m[K - current_z_);
[7.610s]       |                                   [01;31m[K^~~~~~~~~[m[K
[7.625s] [01m[K/home/hj926217/ros2ws/src/px4_ros_com/src/aruco_position_sub.cpp:242:10:[m[K [01;31m[Kerror: [m[K‘[01m[Kdescending_[m[K’ was not declared in this scope
[7.625s]   242 |     if (![01;31m[Kdescending_[m[K) {
[7.626s]       |          [01;31m[K^~~~~~~~~~~[m[K
[7.628s] [01m[K/home/hj926217/ros2ws/src/px4_ros_com/src/aruco_position_sub.cpp:271:52:[m[K [01;31m[Kerror: [m[Kno match for ‘[01m[Koperator=[m[K’ (operand types are ‘[01m[Kpx4_msgs::msg::TrajectorySetpoint_<std::allocator<void> >::_position_type[m[K’ {aka ‘[01m[Kstd::array<float, 3>[m[K’} and ‘[01m[K<brace-enclosed initializer list>[m[K’)
[7.628s]   271 |     msg.position = {target_x_, target_y_, target_z_[01;31m[K}[m[K;
[7.628s]       |                                                    [01;31m[K^[m[K
[7.628s] In file included from [01m[K/usr/include/c++/11/tuple:39[m[K,
[7.628s]                  from [01m[K/usr/include/c++/11/functional:54[m[K,
[7.628s]                  from [01m[K/usr/include/c++/11/pstl/glue_algorithm_defs.h:13[m[K,
[7.628s]                  from [01m[K/usr/include/c++/11/algorithm:74[m[K,
[7.629s]                  from [01m[K/home/hj926217/ros2ws/install/px4_msgs/include/px4_msgs/px4_msgs/msg/detail/offboard_control_mode__struct.hpp:8[m[K,
[7.629s]                  from [01m[K/home/hj926217/ros2ws/install/px4_msgs/include/px4_msgs/px4_msgs/msg/offboard_control_mode.hpp:7[m[K,
[7.629s]                  from [01m[K/home/hj926217/ros2ws/src/px4_ros_com/src/aruco_position_sub.cpp:1[m[K:
[7.629s] [01m[K/usr/include/c++/11/array:95:12:[m[K [01;36m[Knote: [m[Kcandidate: ‘[01m[Kconstexpr std::array<float, 3>& std::array<float, 3>::operator=(const std::array<float, 3>&)[m[K’
[7.629s]    95 |     struct [01;36m[Karray[m[K
[7.629s]       |            [01;36m[K^~~~~[m[K
[7.629s] [01m[K/usr/include/c++/11/array:95:12:[m[K [01;36m[Knote: [m[K  no known conversion for argument 1 from ‘[01m[K<brace-enclosed initializer list>[m[K’ to ‘[01m[Kconst std::array<float, 3>&[m[K’
[7.629s] [01m[K/usr/include/c++/11/array:95:12:[m[K [01;36m[Knote: [m[Kcandidate: ‘[01m[Kconstexpr std::array<float, 3>& std::array<float, 3>::operator=(std::array<float, 3>&&)[m[K’
[7.629s] [01m[K/usr/include/c++/11/array:95:12:[m[K [01;36m[Knote: [m[K  no known conversion for argument 1 from ‘[01m[K<brace-enclosed initializer list>[m[K’ to ‘[01m[Kstd::array<float, 3>&&[m[K’
[7.641s] In file included from [01m[K/opt/ros/humble/include/rclcpp/rclcpp/logging.hpp:24[m[K,
[7.642s]                  from [01m[K/opt/ros/humble/include/rclcpp/rclcpp/client.hpp:40[m[K,
[7.643s]                  from [01m[K/opt/ros/humble/include/rclcpp/rclcpp/callback_group.hpp:24[m[K,
[7.643s]                  from [01m[K/opt/ros/humble/include/rclcpp/rclcpp/any_executable.hpp:20[m[K,
[7.644s]                  from [01m[K/opt/ros/humble/include/rclcpp/rclcpp/memory_strategy.hpp:25[m[K,
[7.645s]                  from [01m[K/opt/ros/humble/include/rclcpp/rclcpp/memory_strategies.hpp:18[m[K,
[7.645s]                  from [01m[K/opt/ros/humble/include/rclcpp/rclcpp/executor_options.hpp:20[m[K,
[7.646s]                  from [01m[K/opt/ros/humble/include/rclcpp/rclcpp/executor.hpp:37[m[K,
[7.647s]                  from [01m[K/opt/ros/humble/include/rclcpp/rclcpp/executors/multi_threaded_executor.hpp:25[m[K,
[7.647s]                  from [01m[K/opt/ros/humble/include/rclcpp/rclcpp/executors.hpp:21[m[K,
[7.647s]                  from [01m[K/opt/ros/humble/include/rclcpp/rclcpp/rclcpp.hpp:155[m[K,
[7.647s]                  from [01m[K/home/hj926217/ros2ws/src/px4_ros_com/src/aruco_position_sub.cpp:10[m[K:
[7.647s] [01m[K/home/hj926217/ros2ws/src/px4_ros_com/src/aruco_position_sub.cpp:281:72:[m[K [01;31m[Kerror: [m[K‘[01m[Kdescending_[m[K’ was not declared in this scope
[7.647s]   281 |                   target_x_, target_y_, target_z_, xy_err, z_err, (int)[01;31m[Kdescending_[m[K,
[7.647s]       |                                                                        [01;31m[K^~~~~~~~~~~[m[K
[7.655s] [01m[K/home/hj926217/ros2ws/src/px4_ros_com/src/aruco_position_sub.cpp:282:19:[m[K [01;31m[Kerror: [m[K‘[01m[Karuco_rel_x_[m[K’ was not declared in this scope
[7.655s]   282 |                   [01;31m[Karuco_rel_x_[m[K, aruco_rel_y_, aruco_rel_z_,
[7.655s]       |                   [01;31m[K^~~~~~~~~~~~[m[K
[7.669s] [01m[K/home/hj926217/ros2ws/src/px4_ros_com/src/aruco_position_sub.cpp:282:33:[m[K [01;31m[Kerror: [m[K‘[01m[Karuco_rel_y_[m[K’ was not declared in this scope
[7.670s]   282 |                   aruco_rel_x_, [01;31m[Karuco_rel_y_[m[K, aruco_rel_z_,
[7.670s]       |                                 [01;31m[K^~~~~~~~~~~~[m[K
[7.680s] [01m[K/home/hj926217/ros2ws/src/px4_ros_com/src/aruco_position_sub.cpp:282:47:[m[K [01;31m[Kerror: [m[K‘[01m[Karuco_rel_z_[m[K’ was not declared in this scope
[7.680s]   282 |                   aruco_rel_x_, aruco_rel_y_, [01;31m[Karuco_rel_z_[m[K,
[7.680s]       |                                               [01;31m[K^~~~~~~~~~~~[m[K
[7.705s] [01m[K/home/hj926217/ros2ws/src/px4_ros_com/src/aruco_position_sub.cpp:283:24:[m[K [01;31m[Kerror: [m[K‘[01m[Kclose_to_ground_or_skipped_check_[m[K’ was not declared in this scope
[7.705s]   283 |                   (int)[01;31m[Kclose_to_ground_or_skipped_check_[m[K, current_z_);
[7.705s]       |                        [01;31m[K^~~~~~~~~~~~~~~~~~~~~~~~~~~~~~~~~[m[K
[7.707s] [01m[K/home/hj926217/ros2ws/src/px4_ros_com/src/aruco_position_sub.cpp:[m[K At global scope:
[7.708s] [01m[K/home/hj926217/ros2ws/src/px4_ros_com/src/aruco_position_sub.cpp:318:33:[m[K [01;31m[Kerror: [m[Kexpected unqualified-id at end of input
[7.708s]   318 |   bool have_vehicle_pos_{false};
[7.708s]       |                                 [01;31m[K^[m[K
[17.177s] gmake[2]: *** [CMakeFiles/aruco_position_sub.dir/build.make:76: CMakeFiles/aruco_position_sub.dir/src/aruco_position_sub.cpp.o] Error 1
[17.179s] gmake[1]: *** [CMakeFiles/Makefile2:288: CMakeFiles/aruco_position_sub.dir/all] Error 2
[17.179s] gmake: *** [Makefile:146: all] Error 2
[17.189s] Invoked command in '/home/hj926217/ros2ws/build/px4_ros_com' returned '2': CMAKE_PREFIX_PATH=/home/hj926217/ros2ws/install/px4_msgs:/home/hj926217/ros2ws/install/px4_ros_com:/home/hj926217/aruco/install/vision_opencv:/home/hj926217/aruco/install/vertiport_land:/home/hj926217/aruco/install/translation_node:/home/hj926217/aruco/install/precision_land:/home/hj926217/aruco/install/example_rover_velocity_mode_cpp:/home/hj926217/aruco/install/example_mode_with_executor_cpp:/home/hj926217/aruco/install/example_mode_vtol_cpp:/home/hj926217/aruco/install/example_mode_rtl_replacement_cpp:/home/hj926217/aruco/install/example_mode_mission_cpp:/home/hj926217/aruco/install/example_mode_manual_cpp:/home/hj926217/aruco/install/example_mode_goto_global_cpp:/home/hj926217/aruco/install/example_mode_goto_cpp:/home/hj926217/aruco/install/example_mode_fw_attitude_cpp:/home/hj926217/aruco/install/example_local_navigation_cpp:/home/hj926217/aruco/install/example_global_navigation_cpp:/home/hj926217/aruco/install/example_executor_with_multiple_modes_cpp:/home/hj926217/aruco/install/px4_ros2_cpp:/home/hj926217/aruco/install/px4_msgs_old:/home/hj926217/aruco/install/aruco_tracker:/home/hj926217/aruco/install/px4_msgs:/home/hj926217/aruco/install/image_geometry:/home/hj926217/aruco/install/cv_bridge:/home/hj926217/aruco/install/opencv_tests:/opt/ros/humble LD_LIBRARY_PATH=/home/hj926217/ros2ws/install/px4_msgs/lib:/home/hj926217/ros2ws/install/px4_ros_com/lib:/home/hj926217/aruco/install/translation_node/lib:/home/hj926217/aruco/install/px4_ros2_cpp/lib:/home/hj926217/aruco/install/px4_msgs_old/lib:/home/hj926217/aruco/install/px4_msgs/lib:/home/hj926217/aruco/install/image_geometry/lib:/home/hj926217/aruco/install/cv_bridge/lib:/opt/ros/humble/opt/rviz_ogre_vendor/lib:/opt/ros/humble/lib/x86_64-linux-gnu:/opt/ros/humble/lib:/usr/local/lib /usr/bin/cmake --build /home/hj926217/ros2ws/build/px4_ros_com -- -j16 -l16
