[0.022s] Invoking command in '/home/hj926217/ros2ws/build/nmpc_uav_avoidance': CMAKE_PREFIX_PATH=/home/hj926217/ros2ws/install/px4_msgs:/home/hj926217/ros2ws/install/px4_ros_com:/opt/ros/humble LD_LIBRARY_PATH=/home/hj926217/ros2ws/install/px4_msgs/lib:/home/hj926217/ros2ws/install/px4_ros_com/lib:/usr/local/lib:/opt/ros/humble/opt/rviz_ogre_vendor/lib:/opt/ros/humble/lib/x86_64-linux-gnu:/opt/ros/humble/lib /usr/bin/cmake /home/hj926217/ros2ws/src/nmpc_uav_avoidance -DCMAKE_INSTALL_PREFIX=/home/hj926217/ros2ws/install/nmpc_uav_avoidance
[0.085s] -- The C compiler identification is GNU 11.4.0
[0.159s] -- The CXX compiler identification is GNU 11.4.0
[0.169s] -- Detecting C compiler ABI info
[0.248s] -- Detecting C compiler ABI info - done
[0.257s] -- Check for working C compiler: /usr/bin/cc - skipped
[0.257s] -- Detecting C compile features
[0.258s] -- Detecting C compile features - done
[0.262s] -- Detecting CXX compiler ABI info
[0.341s] -- Detecting CXX compiler ABI info - done
[0.349s] -- Check for working CXX compiler: /usr/bin/c++ - skipped
[0.350s] -- Detecting CXX compile features
[0.350s] -- Detecting CXX compile features - done
[0.357s] -- Found ament_cmake: 1.3.12 (/opt/ros/humble/share/ament_cmake/cmake)
[0.531s] -- Found Python3: /usr/bin/python3 (found version "3.10.12") found components: Interpreter 
[0.652s] -- Found rclcpp: 16.0.15 (/opt/ros/humble/share/rclcpp/cmake)
[0.717s] -- Found rosidl_generator_c: 3.1.7 (/opt/ros/humble/share/rosidl_generator_c/cmake)
[0.727s] -- Found rosidl_adapter: 3.1.7 (/opt/ros/humble/share/rosidl_adapter/cmake)
[0.738s] -- Found rosidl_generator_cpp: 3.1.7 (/opt/ros/humble/share/rosidl_generator_cpp/cmake)
[0.752s] -- Using all available rosidl_typesupport_c: rosidl_typesupport_fastrtps_c;rosidl_typesupport_introspection_c
[0.771s] -- Using all available rosidl_typesupport_cpp: rosidl_typesupport_fastrtps_cpp;rosidl_typesupport_introspection_cpp
[0.837s] -- Found rmw_implementation_cmake: 6.1.2 (/opt/ros/humble/share/rmw_implementation_cmake/cmake)
[0.841s] -- Found rmw_fastrtps_cpp: 6.2.9 (/opt/ros/humble/share/rmw_fastrtps_cpp/cmake)
[0.951s] -- Found OpenSSL: /usr/lib/x86_64-linux-gnu/libcrypto.so (found version "3.0.2")  
[0.982s] -- Found FastRTPS: /opt/ros/humble/include  
[1.038s] -- Using RMW implementation 'rmw_fastrtps_cpp' as default
[1.051s] -- Looking for pthread.h
[1.130s] -- Looking for pthread.h - found
[1.130s] -- Performing Test CMAKE_HAVE_LIBC_PTHREAD
[1.210s] -- Performing Test CMAKE_HAVE_LIBC_PTHREAD - Success
[1.211s] -- Found Threads: TRUE  
[1.273s] -- Found nav_msgs: 4.9.0 (/opt/ros/humble/share/nav_msgs/cmake)
[1.313s] -- Found visualization_msgs: 4.9.0 (/opt/ros/humble/share/visualization_msgs/cmake)
[1.364s] -- Found px4_msgs: 2.0.1 (/home/hj926217/ros2ws/install/px4_msgs/share/px4_msgs/cmake)
[1.385s] -- Found ament_lint_auto: 0.12.14 (/opt/ros/humble/share/ament_lint_auto/cmake)
[1.494s] -- Added test 'copyright' to check source files copyright and LICENSE
[1.495s] -- Added test 'cppcheck' to perform static code analysis on C / C++ code
[1.495s] -- Configured cppcheck include dirs: $<BUILD_INTERFACE:/home/hj926217/ros2ws/src/nmpc_uav_avoidance/include>
[1.495s] -- Configured cppcheck exclude dirs and/or files: 
[1.496s] -- Added test 'cpplint' to check C / C++ code against the Google style
[1.496s] -- Configured cpplint exclude dirs and/or files: 
[1.496s] -- Added test 'flake8' to check Python code syntax and style conventions
[1.497s] -- Added test 'lint_cmake' to check CMake code style
[1.497s] -- Added test 'pep257' to check Python code against some of the docstring style conventions in PEP 257
[1.498s] -- Added test 'uncrustify' to check C / C++ code style
[1.498s] -- Configured uncrustify additional arguments: 
[1.499s] -- Added test 'xmllint' to check XML markup files
[1.500s] -- Configuring done
[1.512s] -- Generating done
[1.517s] -- Build files have been written to: /home/hj926217/ros2ws/build/nmpc_uav_avoidance
[1.531s] Invoked command in '/home/hj926217/ros2ws/build/nmpc_uav_avoidance' returned '0': CMAKE_PREFIX_PATH=/home/hj926217/ros2ws/install/px4_msgs:/home/hj926217/ros2ws/install/px4_ros_com:/opt/ros/humble LD_LIBRARY_PATH=/home/hj926217/ros2ws/install/px4_msgs/lib:/home/hj926217/ros2ws/install/px4_ros_com/lib:/usr/local/lib:/opt/ros/humble/opt/rviz_ogre_vendor/lib:/opt/ros/humble/lib/x86_64-linux-gnu:/opt/ros/humble/lib /usr/bin/cmake /home/hj926217/ros2ws/src/nmpc_uav_avoidance -DCMAKE_INSTALL_PREFIX=/home/hj926217/ros2ws/install/nmpc_uav_avoidance
[1.534s] Invoking command in '/home/hj926217/ros2ws/build/nmpc_uav_avoidance': CMAKE_PREFIX_PATH=/home/hj926217/ros2ws/install/px4_msgs:/home/hj926217/ros2ws/install/px4_ros_com:/opt/ros/humble LD_LIBRARY_PATH=/home/hj926217/ros2ws/install/px4_msgs/lib:/home/hj926217/ros2ws/install/px4_ros_com/lib:/usr/local/lib:/opt/ros/humble/opt/rviz_ogre_vendor/lib:/opt/ros/humble/lib/x86_64-linux-gnu:/opt/ros/humble/lib /usr/bin/cmake --build /home/hj926217/ros2ws/build/nmpc_uav_avoidance -- -j16 -l16
[1.590s] [ 33%] [32mBuilding CXX object CMakeFiles/nmpc_node.dir/src/nmpc_node.cpp.o[0m
[1.590s] [ 66%] [32mBuilding CXX object CMakeFiles/nmpc_node.dir/src/main.cpp.o[0m
[1.603s] [01m[K/home/hj926217/ros2ws/src/nmpc_uav_avoidance/src/main.cpp:6:10:[m[K [01;31m[Kfatal error: [m[Knmpc_uav_avoidance/nmpc_node.hpp: No such file or directory
[1.603s]     6 | #include [01;31m[K"nmpc_uav_avoidance/nmpc_node.hpp"[m[K
[1.603s]       |          [01;31m[K^~~~~~~~~~~~~~~~~~~~~~~~~~~~~~~~~~[m[K
[1.603s] [01m[K/home/hj926217/ros2ws/src/nmpc_uav_avoidance/src/nmpc_node.cpp:13:10:[m[K [01;31m[Kfatal error: [m[Knmpc_uav_avoidance/nmpc_node.hpp: No such file or directory
[1.603s]    13 | #include [01;31m[K"nmpc_uav_avoidance/nmpc_node.hpp"[m[K
[1.603s]       |          [01;31m[K^~~~~~~~~~~~~~~~~~~~~~~~~~~~~~~~~~[m[K
[1.604s] compilation terminated.
[1.604s] compilation terminated.
[1.604s] gmake[2]: *** [CMakeFiles/nmpc_node.dir/build.make:76: CMakeFiles/nmpc_node.dir/src/main.cpp.o] Error 1
[1.604s] gmake[2]: *** Waiting for unfinished jobs....
[1.604s] gmake[2]: *** [CMakeFiles/nmpc_node.dir/build.make:90: CMakeFiles/nmpc_node.dir/src/nmpc_node.cpp.o] Error 1
[1.605s] gmake[1]: *** [CMakeFiles/Makefile2:137: CMakeFiles/nmpc_node.dir/all] Error 2
[1.605s] gmake: *** [Makefile:146: all] Error 2
[1.608s] Invoked command in '/home/hj926217/ros2ws/build/nmpc_uav_avoidance' returned '2': CMAKE_PREFIX_PATH=/home/hj926217/ros2ws/install/px4_msgs:/home/hj926217/ros2ws/install/px4_ros_com:/opt/ros/humble LD_LIBRARY_PATH=/home/hj926217/ros2ws/install/px4_msgs/lib:/home/hj926217/ros2ws/install/px4_ros_com/lib:/usr/local/lib:/opt/ros/humble/opt/rviz_ogre_vendor/lib:/opt/ros/humble/lib/x86_64-linux-gnu:/opt/ros/humble/lib /usr/bin/cmake --build /home/hj926217/ros2ws/build/nmpc_uav_avoidance -- -j16 -l16
