[0.033s] Invoking command in '/home/hj926217/ros2ws/build/nmpc_uav_avoidance': CMAKE_PREFIX_PATH=/home/hj926217/ros2ws/install/px4_msgs:/home/hj926217/ros2ws/install/px4_ros_com:/home/hj926217/ros2ws/install/nmpc_uav_avoidance:/opt/ros/humble LD_LIBRARY_PATH=/home/hj926217/ros2ws/install/px4_msgs/lib:/home/hj926217/ros2ws/install/px4_ros_com/lib:/usr/local/lib:/opt/ros/humble/opt/rviz_ogre_vendor/lib:/opt/ros/humble/lib/x86_64-linux-gnu:/opt/ros/humble/lib /usr/bin/cmake --build /home/hj926217/ros2ws/build/nmpc_uav_avoidance -- -j16 -l16
[0.137s] [35m[1mConsolidate compiler generated dependencies of target nmpc_node[0m
[0.170s] [ 20%] [32mBuilding CXX object CMakeFiles/odom_publisher.dir/src/odom_publisher.cpp.o[0m
[0.185s] [ 80%] Built target nmpc_node
[33.353s] [100%] [32m[1mLinking CXX executable odom_publisher[0m
[35.175s] [100%] Built target odom_publisher
[35.207s] Invoked command in '/home/hj926217/ros2ws/build/nmpc_uav_avoidance' returned '0': CMAKE_PREFIX_PATH=/home/hj926217/ros2ws/install/px4_msgs:/home/hj926217/ros2ws/install/px4_ros_com:/home/hj926217/ros2ws/install/nmpc_uav_avoidance:/opt/ros/humble LD_LIBRARY_PATH=/home/hj926217/ros2ws/install/px4_msgs/lib:/home/hj926217/ros2ws/install/px4_ros_com/lib:/usr/local/lib:/opt/ros/humble/opt/rviz_ogre_vendor/lib:/opt/ros/humble/lib/x86_64-linux-gnu:/opt/ros/humble/lib /usr/bin/cmake --build /home/hj926217/ros2ws/build/nmpc_uav_avoidance -- -j16 -l16
[35.235s] Invoking command in '/home/hj926217/ros2ws/build/nmpc_uav_avoidance': CMAKE_PREFIX_PATH=/home/hj926217/ros2ws/install/px4_msgs:/home/hj926217/ros2ws/install/px4_ros_com:/home/hj926217/ros2ws/install/nmpc_uav_avoidance:/opt/ros/humble LD_LIBRARY_PATH=/home/hj926217/ros2ws/install/px4_msgs/lib:/home/hj926217/ros2ws/install/px4_ros_com/lib:/usr/local/lib:/opt/ros/humble/opt/rviz_ogre_vendor/lib:/opt/ros/humble/lib/x86_64-linux-gnu:/opt/ros/humble/lib /usr/bin/cmake --install /home/hj926217/ros2ws/build/nmpc_uav_avoidance
[35.259s] -- Install configuration: ""
[35.260s] -- Up-to-date: /home/hj926217/ros2ws/install/nmpc_uav_avoidance/lib/nmpc_uav_avoidance/nmpc_node
[35.261s] -- Installing: /home/hj926217/ros2ws/install/nmpc_uav_avoidance/lib/nmpc_uav_avoidance/odom_publisher
[35.275s] -- Set runtime path of "/home/hj926217/ros2ws/install/nmpc_uav_avoidance/lib/nmpc_uav_avoidance/odom_publisher" to ""
[35.275s] -- Up-to-date: /home/hj926217/ros2ws/install/nmpc_uav_avoidance/include
[35.275s] -- Up-to-date: /home/hj926217/ros2ws/install/nmpc_uav_avoidance/include/nmpc_uav_avoidance
[35.276s] -- Up-to-date: /home/hj926217/ros2ws/install/nmpc_uav_avoidance/include/nmpc_uav_avoidance/open_tcp_client.hpp
[35.277s] -- Up-to-date: /home/hj926217/ros2ws/install/nmpc_uav_avoidance/include/nmpc_uav_avoidance/nmpc_node.hpp
[35.277s] -- Up-to-date: /home/hj926217/ros2ws/install/nmpc_uav_avoidance/share/nmpc_uav_avoidance/launch
[35.277s] -- Up-to-date: /home/hj926217/ros2ws/install/nmpc_uav_avoidance/share/nmpc_uav_avoidance/launch/nmpc_launch.py
[35.278s] -- Up-to-date: /home/hj926217/ros2ws/install/nmpc_uav_avoidance/share/ament_index/resource_index/package_run_dependencies/nmpc_uav_avoidance
[35.278s] -- Up-to-date: /home/hj926217/ros2ws/install/nmpc_uav_avoidance/share/ament_index/resource_index/parent_prefix_path/nmpc_uav_avoidance
[35.278s] -- Up-to-date: /home/hj926217/ros2ws/install/nmpc_uav_avoidance/share/nmpc_uav_avoidance/environment/ament_prefix_path.sh
[35.279s] -- Up-to-date: /home/hj926217/ros2ws/install/nmpc_uav_avoidance/share/nmpc_uav_avoidance/environment/ament_prefix_path.dsv
[35.279s] -- Up-to-date: /home/hj926217/ros2ws/install/nmpc_uav_avoidance/share/nmpc_uav_avoidance/environment/path.sh
[35.279s] -- Up-to-date: /home/hj926217/ros2ws/install/nmpc_uav_avoidance/share/nmpc_uav_avoidance/environment/path.dsv
[35.279s] -- Up-to-date: /home/hj926217/ros2ws/install/nmpc_uav_avoidance/share/nmpc_uav_avoidance/local_setup.bash
[35.279s] -- Up-to-date: /home/hj926217/ros2ws/install/nmpc_uav_avoidance/share/nmpc_uav_avoidance/local_setup.sh
[35.279s] -- Up-to-date: /home/hj926217/ros2ws/install/nmpc_uav_avoidance/share/nmpc_uav_avoidance/local_setup.zsh
[35.280s] -- Up-to-date: /home/hj926217/ros2ws/install/nmpc_uav_avoidance/share/nmpc_uav_avoidance/local_setup.dsv
[35.280s] -- Installing: /home/hj926217/ros2ws/install/nmpc_uav_avoidance/share/nmpc_uav_avoidance/package.dsv
[35.280s] -- Up-to-date: /home/hj926217/ros2ws/install/nmpc_uav_avoidance/share/ament_index/resource_index/packages/nmpc_uav_avoidance
[35.280s] -- Up-to-date: /home/hj926217/ros2ws/install/nmpc_uav_avoidance/share/nmpc_uav_avoidance/cmake/nmpc_uav_avoidanceConfig.cmake
[35.280s] -- Up-to-date: /home/hj926217/ros2ws/install/nmpc_uav_avoidance/share/nmpc_uav_avoidance/cmake/nmpc_uav_avoidanceConfig-version.cmake
[35.281s] -- Up-to-date: /home/hj926217/ros2ws/install/nmpc_uav_avoidance/share/nmpc_uav_avoidance/package.xml
[35.283s] Invoked command in '/home/hj926217/ros2ws/build/nmpc_uav_avoidance' returned '0': CMAKE_PREFIX_PATH=/home/hj926217/ros2ws/install/px4_msgs:/home/hj926217/ros2ws/install/px4_ros_com:/home/hj926217/ros2ws/install/nmpc_uav_avoidance:/opt/ros/humble LD_LIBRARY_PATH=/home/hj926217/ros2ws/install/px4_msgs/lib:/home/hj926217/ros2ws/install/px4_ros_com/lib:/usr/local/lib:/opt/ros/humble/opt/rviz_ogre_vendor/lib:/opt/ros/humble/lib/x86_64-linux-gnu:/opt/ros/humble/lib /usr/bin/cmake --install /home/hj926217/ros2ws/build/nmpc_uav_avoidance
