[33mCMake Warning (dev) at CMakeLists.txt:42 (find_package):
  Policy CMP0074 is not set: find_package uses <PackageName>_ROOT variables.
  Run "cmake --help-policy CMP0074" for policy details.  Use the cmake_policy
  command to set the policy and suppress this warning.

  CMake variable PCL_ROOT is set to:

    /usr

  For compatibility, CMake is ignoring the variable.
This warning is for project developers.  Use -Wno-dev to suppress it.
[0m
[31mCMake Error at CMakeLists.txt:45 (find_package):
  By not providing "Findcrazyflie_interfaces.cmake" in CMAKE_MODULE_PATH this
  project has asked CMake to find a package configuration file provided by
  "crazyflie_interfaces", but CMake did not find one.

  Could not find a package configuration file provided by
  "crazyflie_interfaces" with any of the following names:

    crazyflie_interfacesConfig.cmake
    crazyflie_interfaces-config.cmake

  Add the installation prefix of "crazyflie_interfaces" to CMAKE_PREFIX_PATH
  or set "crazyflie_interfaces_DIR" to a directory containing one of the
  above files.  If "crazyflie_interfaces" provides a separate development
  package or SDK, be sure it has been installed.

[0m
gmake: *** [Makefile:1402: cmake_check_build_system] Error 1
