In file included from [01m[K/home/hj926217/ros2ws/src/nmpc_uav_avoidance/include/nmpc_uav_avoidance/nmpc_node.hpp:20[m[K,
                 from [01m[K/home/hj926217/ros2ws/src/nmpc_uav_avoidance/src/nmpc_node.cpp:12[m[K:
[01m[K/home/hj926217/ros2ws/src/nmpc_uav_avoidance/include/nmpc_uav_avoidance/open_tcp_client.hpp:264:2:[m[K [01;31m[Kerror: [m[Kexpected ‘[01m[K;[m[K’ after class definition
  264 | }[01;31m[K [m[K // namespace nmpc_uav
      |  [01;31m[K^[m[K
      |  [32m[K;[m[K
In file included from [01m[K/home/hj926217/ros2ws/src/nmpc_uav_avoidance/include/nmpc_uav_avoidance/nmpc_node.hpp:20[m[K,
                 from [01m[K/home/hj926217/ros2ws/src/nmpc_uav_avoidance/src/main.cpp:6[m[K:
[01m[K/home/hj926217/ros2ws/src/nmpc_uav_avoidance/include/nmpc_uav_avoidance/open_tcp_client.hpp:264:2:[m[K [01;31m[Kerror: [m[Kexpected ‘[01m[K;[m[K’ after class definition
  264 | }[01;31m[K [m[K // namespace nmpc_uav
      |  [01;31m[K^[m[K
      |  [32m[K;[m[K
[01m[K/home/hj926217/ros2ws/src/nmpc_uav_avoidance/include/nmpc_uav_avoidance/open_tcp_client.hpp:[m[K In static member function ‘[01m[Kstatic nmpc_uav::OpEnResult nmpc_uav::OpEnTcpClient::parse_response(const string&)[m[K’:
[01m[K/home/hj926217/ros2ws/src/nmpc_uav_avoidance/include/nmpc_uav_avoidance/open_tcp_client.hpp:200:32:[m[K [01;31m[Kerror: [m[K‘[01m[Kextract_number[m[K’ was not declared in this scope
  200 |         result.solve_time_ms = [01;31m[Kextract_number[m[K(json, "solve_time_ms");
      |                                [01;31m[K^~~~~~~~~~~~~~[m[K
[01m[K/home/hj926217/ros2ws/src/nmpc_uav_avoidance/include/nmpc_uav_avoidance/open_tcp_client.hpp:202:27:[m[K [01;31m[Kerror: [m[K‘[01m[Kextract_array[m[K’ was not declared in this scope
  202 |         result.solution = [01;31m[Kextract_array[m[K(json, "solution");
      |                           [01;31m[K^~~~~~~~~~~~~[m[K
[01m[K/home/hj926217/ros2ws/src/nmpc_uav_avoidance/include/nmpc_uav_avoidance/open_tcp_client.hpp:[m[K In static member function ‘[01m[Kstatic nmpc_uav::OpEnResult nmpc_uav::OpEnTcpClient::parse_response(const string&)[m[K’:
[01m[K/home/hj926217/ros2ws/src/nmpc_uav_avoidance/include/nmpc_uav_avoidance/open_tcp_client.hpp:200:32:[m[K [01;31m[Kerror: [m[K‘[01m[Kextract_number[m[K’ was not declared in this scope
  200 |         result.solve_time_ms = [01;31m[Kextract_number[m[K(json, "solve_time_ms");
      |                                [01;31m[K^~~~~~~~~~~~~~[m[K
[01m[K/home/hj926217/ros2ws/src/nmpc_uav_avoidance/include/nmpc_uav_avoidance/open_tcp_client.hpp:[m[K In static member function ‘[01m[Kstatic std::string nmpc_uav::OpEnTcpClient::extract_string(const string&, const string&)[m[K’:
[01m[K/home/hj926217/ros2ws/src/nmpc_uav_avoidance/include/nmpc_uav_avoidance/open_tcp_client.hpp:223:58:[m[K [01;31m[Kerror: [m[Ka function-definition is not allowed here before ‘[01m[K{[m[K’ token
  223 |                                  const std::string& key) [01;31m[K{[m[K
      |                                                          [01;31m[K^[m[K
[01m[K/home/hj926217/ros2ws/src/nmpc_uav_avoidance/include/nmpc_uav_avoidance/open_tcp_client.hpp:237:70:[m[K [01;31m[Kerror: [m[Ka function-definition is not allowed here before ‘[01m[K{[m[K’ token
  237 |                                              const std::string& key) [01;31m[K{[m[K
      |                                                                      [01;31m[K^[m[K
[01m[K/home/hj926217/ros2ws/src/nmpc_uav_avoidance/include/nmpc_uav_avoidance/open_tcp_client.hpp:202:27:[m[K [01;31m[Kerror: [m[K‘[01m[Kextract_array[m[K’ was not declared in this scope
  202 |         result.solution = [01;31m[Kextract_array[m[K(json, "solution");
      |                           [01;31m[K^~~~~~~~~~~~~[m[K
[01m[K/home/hj926217/ros2ws/src/nmpc_uav_avoidance/include/nmpc_uav_avoidance/open_tcp_client.hpp:[m[K In static member function ‘[01m[Kstatic std::string nmpc_uav::OpEnTcpClient::extract_string(const string&, const string&)[m[K’:
[01m[K/home/hj926217/ros2ws/src/nmpc_uav_avoidance/include/nmpc_uav_avoidance/open_tcp_client.hpp:223:58:[m[K [01;31m[Kerror: [m[Ka function-definition is not allowed here before ‘[01m[K{[m[K’ token
  223 |                                  const std::string& key) [01;31m[K{[m[K
      |                                                          [01;31m[K^[m[K
[01m[K/home/hj926217/ros2ws/src/nmpc_uav_avoidance/include/nmpc_uav_avoidance/open_tcp_client.hpp:237:70:[m[K [01;31m[Kerror: [m[Ka function-definition is not allowed here before ‘[01m[K{[m[K’ token
  237 |                                              const std::string& key) [01;31m[K{[m[K
      |                                                                      [01;31m[K^[m[K
[01m[K/home/hj926217/ros2ws/src/nmpc_uav_avoidance/src/main.cpp:[m[K At global scope:
[01m[K/home/hj926217/ros2ws/src/nmpc_uav_avoidance/src/main.cpp:17:2:[m[K [01;31m[Kerror: [m[Kexpected ‘[01m[K}[m[K’ at end of input
   17 | }
      |  [01;31m[K^[m[K
In file included from [01m[K/home/hj926217/ros2ws/src/nmpc_uav_avoidance/include/nmpc_uav_avoidance/nmpc_node.hpp:20[m[K,
                 from [01m[K/home/hj926217/ros2ws/src/nmpc_uav_avoidance/src/main.cpp:6[m[K:
[01m[K/home/hj926217/ros2ws/src/nmpc_uav_avoidance/include/nmpc_uav_avoidance/open_tcp_client.hpp:32:20:[m[K [01;36m[Knote: [m[Kto match this ‘[01m[K{[m[K’
   32 | namespace nmpc_uav [01;36m[K{[m[K
      |                    [01;36m[K^[m[K
[01m[K/home/hj926217/ros2ws/src/nmpc_uav_avoidance/src/nmpc_node.cpp:[m[K At global scope:
[01m[K/home/hj926217/ros2ws/src/nmpc_uav_avoidance/src/nmpc_node.cpp:479:2:[m[K [01;31m[Kerror: [m[Kexpected ‘[01m[K}[m[K’ at end of input
  479 | }[01;31m[K [m[K // namespace nmpc_uav
      |  [01;31m[K^[m[K
In file included from [01m[K/home/hj926217/ros2ws/src/nmpc_uav_avoidance/include/nmpc_uav_avoidance/nmpc_node.hpp:20[m[K,
                 from [01m[K/home/hj926217/ros2ws/src/nmpc_uav_avoidance/src/nmpc_node.cpp:12[m[K:
[01m[K/home/hj926217/ros2ws/src/nmpc_uav_avoidance/include/nmpc_uav_avoidance/open_tcp_client.hpp:32:20:[m[K [01;36m[Knote: [m[Kto match this ‘[01m[K{[m[K’
   32 | namespace nmpc_uav [01;36m[K{[m[K
      |                    [01;36m[K^[m[K
gmake[2]: *** [CMakeFiles/nmpc_node.dir/build.make:76: CMakeFiles/nmpc_node.dir/src/main.cpp.o] Error 1
gmake[2]: *** Waiting for unfinished jobs....
gmake[2]: *** [CMakeFiles/nmpc_node.dir/build.make:90: CMakeFiles/nmpc_node.dir/src/nmpc_node.cpp.o] Error 1
gmake[1]: *** [CMakeFiles/Makefile2:139: CMakeFiles/nmpc_node.dir/all] Error 2
gmake: *** [Makefile:146: all] Error 2
