[01m[K/home/hj926217/ros2ws/src/px4_ros_com/src/examples/offboard/tf2_control.cpp:[m[K In member function ‘[01m[Kvoid PX4OdometryPublisher::vehicleOdomCallback(px4_msgs::msg::VehicleOdometry_<std::allocator<void> >::SharedPtr)[m[K’:
[01m[K/home/hj926217/ros2ws/src/px4_ros_com/src/examples/offboard/tf2_control.cpp:33:42:[m[K [01;31m[Kerror: [m[K‘[01m[Kusing element_type = struct px4_msgs::msg::VehicleOdometry_<std::allocator<void> >[m[K’ {aka ‘[01m[Kstruct px4_msgs::msg::VehicleOdometry_<std::allocator<void> >[m[K’} has no member named ‘[01m[Kx[m[K’
   33 |         odom.pose.pose.position.x = msg->[01;31m[Kx[m[K;
      |                                          [01;31m[K^[m[K
[01m[K/home/hj926217/ros2ws/src/px4_ros_com/src/examples/offboard/tf2_control.cpp:34:42:[m[K [01;31m[Kerror: [m[K‘[01m[Kusing element_type = struct px4_msgs::msg::VehicleOdometry_<std::allocator<void> >[m[K’ {aka ‘[01m[Kstruct px4_msgs::msg::VehicleOdometry_<std::allocator<void> >[m[K’} has no member named ‘[01m[Ky[m[K’
   34 |         odom.pose.pose.position.y = msg->[01;31m[Ky[m[K;
      |                                          [01;31m[K^[m[K
[01m[K/home/hj926217/ros2ws/src/px4_ros_com/src/examples/offboard/tf2_control.cpp:35:42:[m[K [01;31m[Kerror: [m[K‘[01m[Kusing element_type = struct px4_msgs::msg::VehicleOdometry_<std::allocator<void> >[m[K’ {aka ‘[01m[Kstruct px4_msgs::msg::VehicleOdometry_<std::allocator<void> >[m[K’} has no member named ‘[01m[Kz[m[K’
   35 |         odom.pose.pose.position.z = msg->[01;31m[Kz[m[K;
      |                                          [01;31m[K^[m[K
[01m[K/home/hj926217/ros2ws/src/px4_ros_com/src/examples/offboard/tf2_control.cpp:44:42:[m[K [01;31m[Kerror: [m[K‘[01m[Kusing element_type = struct px4_msgs::msg::VehicleOdometry_<std::allocator<void> >[m[K’ {aka ‘[01m[Kstruct px4_msgs::msg::VehicleOdometry_<std::allocator<void> >[m[K’} has no member named ‘[01m[Kvx[m[K’
   44 |         odom.twist.twist.linear.x = msg->[01;31m[Kvx[m[K;
      |                                          [01;31m[K^~[m[K
[01m[K/home/hj926217/ros2ws/src/px4_ros_com/src/examples/offboard/tf2_control.cpp:45:42:[m[K [01;31m[Kerror: [m[K‘[01m[Kusing element_type = struct px4_msgs::msg::VehicleOdometry_<std::allocator<void> >[m[K’ {aka ‘[01m[Kstruct px4_msgs::msg::VehicleOdometry_<std::allocator<void> >[m[K’} has no member named ‘[01m[Kvy[m[K’
   45 |         odom.twist.twist.linear.y = msg->[01;31m[Kvy[m[K;
      |                                          [01;31m[K^~[m[K
[01m[K/home/hj926217/ros2ws/src/px4_ros_com/src/examples/offboard/tf2_control.cpp:46:42:[m[K [01;31m[Kerror: [m[K‘[01m[Kusing element_type = struct px4_msgs::msg::VehicleOdometry_<std::allocator<void> >[m[K’ {aka ‘[01m[Kstruct px4_msgs::msg::VehicleOdometry_<std::allocator<void> >[m[K’} has no member named ‘[01m[Kvz[m[K’
   46 |         odom.twist.twist.linear.z = msg->[01;31m[Kvz[m[K;
      |                                          [01;31m[K^~[m[K
gmake[2]: *** [CMakeFiles/tf2_control.dir/build.make:76: CMakeFiles/tf2_control.dir/src/examples/offboard/tf2_control.cpp.o] Error 1
gmake[1]: *** [CMakeFiles/Makefile2:256: CMakeFiles/tf2_control.dir/all] Error 2
gmake: *** [Makefile:146: all] Error 2
