[0.012s] Invoking command in '/home/hj926217/ros2ws/build/px4_ros_com': AMENT_PREFIX_PATH=/home/hj926217/ros2ws/install/px4_msgs:${AMENT_PREFIX_PATH} CMAKE_PREFIX_PATH=/home/hj926217/ros2ws/install/px4_msgs:/opt/ros/humble LD_LIBRARY_PATH=/home/hj926217/ros2ws/install/px4_msgs/lib:/opt/ros/humble/opt/rviz_ogre_vendor/lib:/opt/ros/humble/lib/x86_64-linux-gnu:/opt/ros/humble/lib:/usr/local/lib PYTHONPATH=/home/hj926217/ros2ws/install/px4_msgs/local/lib/python3.10/dist-packages:${PYTHONPATH} /usr/bin/cmake --build /home/hj926217/ros2ws/build/px4_ros_com -- -j16 -l16
[0.037s] -- Found ament_cmake: 1.3.12 (/opt/ros/humble/share/ament_cmake/cmake)
[0.142s] -- Found builtin_interfaces: 1.2.2 (/opt/ros/humble/share/builtin_interfaces/cmake)
[0.158s] -- Found rosidl_generator_c: 3.1.7 (/opt/ros/humble/share/rosidl_generator_c/cmake)
[0.160s] -- Found rosidl_adapter: 3.1.7 (/opt/ros/humble/share/rosidl_adapter/cmake)
[0.164s] -- Found rosidl_generator_cpp: 3.1.7 (/opt/ros/humble/share/rosidl_generator_cpp/cmake)
[0.170s] -- Using all available rosidl_typesupport_c: rosidl_typesupport_fastrtps_c;rosidl_typesupport_introspection_c
[0.181s] -- Using all available rosidl_typesupport_cpp: rosidl_typesupport_fastrtps_cpp;rosidl_typesupport_introspection_cpp
[0.191s] -- Found eigen3_cmake_module: 0.1.1 (/opt/ros/humble/share/eigen3_cmake_module/cmake)
[0.192s] -- Found geometry_msgs: 4.9.0 (/opt/ros/humble/share/geometry_msgs/cmake)
[0.213s] -- Found px4_msgs: 2.0.1 (/home/hj926217/ros2ws/install/px4_msgs/share/px4_msgs/cmake)
[0.223s] -- Found rclcpp: 16.0.15 (/opt/ros/humble/share/rclcpp/cmake)
[0.248s] -- Found rmw_implementation_cmake: 6.1.2 (/opt/ros/humble/share/rmw_implementation_cmake/cmake)
[0.250s] -- Found rmw_fastrtps_cpp: 6.2.9 (/opt/ros/humble/share/rmw_fastrtps_cpp/cmake)
[0.359s] -- Using RMW implementation 'rmw_fastrtps_cpp' as default
[0.405s] -- Found sensor_msgs: 4.9.0 (/opt/ros/humble/share/sensor_msgs/cmake)
[0.422s] -- Found rclpy: 3.3.17 (/opt/ros/humble/share/rclpy/cmake)
[0.422s] -- Found tf2: 0.25.16 (/opt/ros/humble/share/tf2/cmake)
[0.426s] -- Found tf2_ros: 0.25.16 (/opt/ros/humble/share/tf2_ros/cmake)
[0.505s] -- Found tf2_geometry_msgs: 0.25.16 (/opt/ros/humble/share/tf2_geometry_msgs/cmake)
[0.511s] -- Ensuring Eigen3 include directory is part of orocos-kdl CMake target
[0.512s] -- Found nav_msgs: 4.9.0 (/opt/ros/humble/share/nav_msgs/cmake)
[0.528s] -- Found cv_bridge: 4.1.0 (/home/hj926217/aruco/install/cv_bridge/share/cv_bridge/cmake)
[0.541s] -- Found visualization_msgs: 4.9.0 (/opt/ros/humble/share/visualization_msgs/cmake)
[0.560s] -- Found interactive_markers: 2.3.2 (/opt/ros/humble/share/interactive_markers/cmake)
[0.563s] -- Found mavros_msgs: 2.12.0 (/opt/ros/humble/share/mavros_msgs/cmake)
[0.628s] -- Found ament_lint_auto: 0.12.14 (/opt/ros/humble/share/ament_lint_auto/cmake)
[0.699s] -- Added test 'copyright' to check source files copyright and LICENSE
[0.706s] -- Added test 'cppcheck' to perform static code analysis on C / C++ code
[0.707s] -- Configured cppcheck include dirs: /home/hj926217/ros2ws/src/px4_ros_com/include;$<BUILD_INTERFACE:/home/hj926217/ros2ws/src/px4_ros_com/include/px4_ros_com>
[0.707s] -- Configured cppcheck exclude dirs and/or files: 
[0.713s] -- Added test 'cpplint' to check C / C++ code against the Google style
[0.713s] -- Configured cpplint exclude dirs and/or files: 
[0.714s] -- Added test 'flake8' to check Python code syntax and style conventions
[0.716s] -- Added test 'lint_cmake' to check CMake code style
[0.718s] -- Added test 'pep257' to check Python code against some of the docstring style conventions in PEP 257
[0.725s] -- Added test 'uncrustify' to check C / C++ code style
[0.725s] -- Configured uncrustify additional arguments: 
[0.726s] -- Added test 'xmllint' to check XML markup files
[0.728s] -- Configuring done
[0.799s] -- Generating done
[0.829s] -- Build files have been written to: /home/hj926217/ros2ws/build/px4_ros_com
[0.866s] [35m[1mConsolidate compiler generated dependencies of target goal_to_path[0m
[0.866s] [35m[1mConsolidate compiler generated dependencies of target sensor_combined_listener[0m
[0.869s] [35m[1mConsolidate compiler generated dependencies of target landing_target_sender_mavros[0m
[0.869s] [35m[1mConsolidate compiler generated dependencies of target debug_vect_advertiser[0m
[0.869s] [35m[1mConsolidate compiler generated dependencies of target goal_marker_pub[0m
[0.869s] [35m[1mConsolidate compiler generated dependencies of target vehicle_gps_position_listener[0m
[0.869s] [35m[1mConsolidate compiler generated dependencies of target ground_odom[0m
[0.869s] [35m[1mConsolidate compiler generated dependencies of target aruco_position_sub[0m
[0.870s] [35m[1mConsolidate compiler generated dependencies of target path_follower[0m
[0.870s] [35m[1mConsolidate compiler generated dependencies of target tf2_control[0m
[0.870s] [35m[1mConsolidate compiler generated dependencies of target nav_path[0m
[0.874s] [35m[1mConsolidate compiler generated dependencies of target circle_flight[0m
[0.874s] [35m[1mConsolidate compiler generated dependencies of target vertiport_land[0m
[0.874s] [35m[1mConsolidate compiler generated dependencies of target frame_transforms[0m
[0.880s] [35m[1mConsolidate compiler generated dependencies of target offboard_control[0m
[0.881s] [35m[1mConsolidate compiler generated dependencies of target aruco_position_publisher_node[0m
[0.895s] [  5%] Built target goal_to_path
[0.899s] [ 11%] Built target goal_marker_pub
[0.899s] [ 17%] Built target ground_odom
[0.899s] [ 23%] Built target vehicle_gps_position_listener
[0.903s] [ 35%] Built target sensor_combined_listener
[0.903s] [ 35%] Built target frame_transforms
[0.903s] [ 41%] Built target aruco_position_sub
[0.903s] [ 44%] [32mBuilding CXX object CMakeFiles/path_follower.dir/src/path_follower.cpp.o[0m
[0.905s] [ 50%] Built target debug_vect_advertiser
[0.905s] [ 55%] Built target tf2_control
[0.905s] [ 61%] Built target landing_target_sender_mavros
[0.908s] [ 67%] Built target nav_path
[0.908s] [ 73%] Built target vertiport_land
[0.910s] [ 79%] Built target offboard_control
[0.912s] [ 85%] Built target circle_flight
[0.914s] [35m[1mConsolidate compiler generated dependencies of target offboard_control_srv[0m
[0.918s] [ 91%] Built target aruco_position_publisher_node
[0.937s] [ 97%] Built target offboard_control_srv
[0.943s] [ 97%] Built target ament_cmake_python_copy_px4_ros_com
[1.184s] [01m[K/home/hj926217/ros2ws/src/px4_ros_com/src/path_follower.cpp:12:10:[m[K [01;31m[Kfatal error: [m[Kstd_srvs/srv/trigger.hpp: No such file or directory
[1.184s]    12 | #include [01;31m[K<std_srvs/srv/trigger.hpp>[m[K
[1.184s]       |          [01;31m[K^~~~~~~~~~~~~~~~~~~~~~~~~~[m[K
[1.184s] compilation terminated.
[1.187s] gmake[2]: *** [CMakeFiles/path_follower.dir/build.make:76: CMakeFiles/path_follower.dir/src/path_follower.cpp.o] Error 1
[1.187s] gmake[1]: *** [CMakeFiles/Makefile2:224: CMakeFiles/path_follower.dir/all] Error 2
[1.187s] gmake[1]: *** Waiting for unfinished jobs....
[1.266s] running egg_info
[1.267s] writing px4_ros_com.egg-info/PKG-INFO
[1.267s] writing dependency_links to px4_ros_com.egg-info/dependency_links.txt
[1.267s] writing top-level names to px4_ros_com.egg-info/top_level.txt
[1.269s] reading manifest file 'px4_ros_com.egg-info/SOURCES.txt'
[1.270s] writing manifest file 'px4_ros_com.egg-info/SOURCES.txt'
[1.298s] [ 97%] Built target ament_cmake_python_build_px4_ros_com_egg
[1.299s] gmake: *** [Makefile:146: all] Error 2
[1.301s] Invoked command in '/home/hj926217/ros2ws/build/px4_ros_com' returned '2': AMENT_PREFIX_PATH=/home/hj926217/ros2ws/install/px4_msgs:${AMENT_PREFIX_PATH} CMAKE_PREFIX_PATH=/home/hj926217/ros2ws/install/px4_msgs:/opt/ros/humble LD_LIBRARY_PATH=/home/hj926217/ros2ws/install/px4_msgs/lib:/opt/ros/humble/opt/rviz_ogre_vendor/lib:/opt/ros/humble/lib/x86_64-linux-gnu:/opt/ros/humble/lib:/usr/local/lib PYTHONPATH=/home/hj926217/ros2ws/install/px4_msgs/local/lib/python3.10/dist-packages:${PYTHONPATH} /usr/bin/cmake --build /home/hj926217/ros2ws/build/px4_ros_com -- -j16 -l16
