[  5%] Built target frame_transforms
[ 14%] Built target landing_target_sender_mavros
[ 17%] Built target goal_marker_pub
[ 23%] Built target path_follower
[ 29%] Built target offboard_control
[ 35%] Built target offboard_control_srv
[ 38%] Built target ament_cmake_python_copy_px4_ros_com
[ 41%] Built target aruco_position_publisher_node
[ 47%] Built target vertiport_land
[35m[1mConsolidate compiler generated dependencies of target aruco_position_sub[0m
[ 52%] Built target tf2_control
[ 55%] [32mBuilding CXX object CMakeFiles/aruco_position_sub.dir/src/aruco_position_sub.cpp.o[0m
[ 61%] Built target circle_flight
[ 67%] Built target nav_path
[ 73%] Built target debug_vect_advertiser
[ 79%] Built target vehicle_gps_position_listener
[ 85%] Built target sensor_combined_listener
[ 91%] Built target ground_odom
[ 97%] Built target goal_to_path
running egg_info
writing px4_ros_com.egg-info/PKG-INFO
writing dependency_links to px4_ros_com.egg-info/dependency_links.txt
writing top-level names to px4_ros_com.egg-info/top_level.txt
reading manifest file 'px4_ros_com.egg-info/SOURCES.txt'
writing manifest file 'px4_ros_com.egg-info/SOURCES.txt'
[ 97%] Built target ament_cmake_python_build_px4_ros_com_egg
