[0.051s] Invoking command in '/home/hj926217/ros2ws/build/px4_ros_com': AMENT_PREFIX_PATH=/home/hj926217/ros2ws/install/px4_msgs:${AMENT_PREFIX_PATH} CMAKE_PREFIX_PATH=/home/hj926217/ros2ws/install/px4_msgs:/opt/ros/humble LD_LIBRARY_PATH=/home/hj926217/ros2ws/install/px4_msgs/lib:/opt/ros/humble/opt/rviz_ogre_vendor/lib:/opt/ros/humble/lib/x86_64-linux-gnu:/opt/ros/humble/lib:/usr/local/lib PYTHONPATH=/home/hj926217/ros2ws/install/px4_msgs/local/lib/python3.10/dist-packages:${PYTHONPATH} /usr/bin/cmake --build /home/hj926217/ros2ws/build/px4_ros_com -- -j16 -l16
[0.249s] [  5%] Built target frame_transforms
[0.263s] [ 14%] Built target landing_target_sender_mavros
[0.267s] [ 17%] Built target goal_marker_pub
[0.270s] [ 23%] Built target path_follower
[0.332s] [ 29%] Built target offboard_control
[0.342s] [ 35%] Built target offboard_control_srv
[0.353s] [ 38%] Built target ament_cmake_python_copy_px4_ros_com
[0.353s] [ 41%] Built target aruco_position_publisher_node
[0.357s] [ 47%] Built target vertiport_land
[0.374s] [35m[1mConsolidate compiler generated dependencies of target aruco_position_sub[0m
[0.423s] [ 52%] Built target tf2_control
[0.424s] [ 55%] [32mBuilding CXX object CMakeFiles/aruco_position_sub.dir/src/aruco_position_sub.cpp.o[0m
[0.430s] [ 61%] Built target circle_flight
[0.431s] [ 67%] Built target nav_path
[0.504s] [ 73%] Built target debug_vect_advertiser
[0.508s] [ 79%] Built target vehicle_gps_position_listener
[0.512s] [ 85%] Built target sensor_combined_listener
[0.574s] [ 91%] Built target ground_odom
[0.583s] [ 97%] Built target goal_to_path
[1.226s] running egg_info
[1.229s] writing px4_ros_com.egg-info/PKG-INFO
[1.230s] writing dependency_links to px4_ros_com.egg-info/dependency_links.txt
[1.230s] writing top-level names to px4_ros_com.egg-info/top_level.txt
[1.238s] reading manifest file 'px4_ros_com.egg-info/SOURCES.txt'
[1.239s] writing manifest file 'px4_ros_com.egg-info/SOURCES.txt'
[1.290s] [01m[K/home/hj926217/ros2ws/src/px4_ros_com/src/aruco_position_sub.cpp:13:10:[m[K [01;31m[Kfatal error: [m[Ktf2/LinearMath/Quaternion.h: No such file or directory
[1.290s]    13 | #include [01;31m[K<tf2/LinearMath/Quaternion.h>[m[K
[1.291s]       |          [01;31m[K^~~~~~~~~~~~~~~~~~~~~~~~~~~~~[m[K
[1.291s] compilation terminated.
[1.297s] gmake[2]: *** [CMakeFiles/aruco_position_sub.dir/build.make:76: CMakeFiles/aruco_position_sub.dir/src/aruco_position_sub.cpp.o] Error 1
[1.298s] gmake[1]: *** [CMakeFiles/Makefile2:484: CMakeFiles/aruco_position_sub.dir/all] Error 2
[1.298s] gmake[1]: *** Waiting for unfinished jobs....
[1.315s] [ 97%] Built target ament_cmake_python_build_px4_ros_com_egg
[1.318s] gmake: *** [Makefile:146: all] Error 2
[1.324s] Invoked command in '/home/hj926217/ros2ws/build/px4_ros_com' returned '2': AMENT_PREFIX_PATH=/home/hj926217/ros2ws/install/px4_msgs:${AMENT_PREFIX_PATH} CMAKE_PREFIX_PATH=/home/hj926217/ros2ws/install/px4_msgs:/opt/ros/humble LD_LIBRARY_PATH=/home/hj926217/ros2ws/install/px4_msgs/lib:/opt/ros/humble/opt/rviz_ogre_vendor/lib:/opt/ros/humble/lib/x86_64-linux-gnu:/opt/ros/humble/lib:/usr/local/lib PYTHONPATH=/home/hj926217/ros2ws/install/px4_msgs/local/lib/python3.10/dist-packages:${PYTHONPATH} /usr/bin/cmake --build /home/hj926217/ros2ws/build/px4_ros_com -- -j16 -l16
