[ 33%] [32mBuilding CXX object CMakeFiles/nmpc_node.dir/src/main.cpp.o[0m
[ 66%] [32mBuilding CXX object CMakeFiles/nmpc_node.dir/src/nmpc_node.cpp.o[0m
[100%] [32m[1mLinking CXX executable nmpc_node[0m
[100%] Built target nmpc_node
-- Install configuration: ""
-- Installing: /home/hj926217/ros2ws/install/nmpc_uav_avoidance/lib/nmpc_uav_avoidance/nmpc_node
-- Set runtime path of "/home/hj926217/ros2ws/install/nmpc_uav_avoidance/lib/nmpc_uav_avoidance/nmpc_node" to ""
-- Installing: /home/hj926217/ros2ws/install/nmpc_uav_avoidance/include
-- Installing: /home/hj926217/ros2ws/install/nmpc_uav_avoidance/include/nmpc_uav_avoidance
-- Installing: /home/hj926217/ros2ws/install/nmpc_uav_avoidance/include/nmpc_uav_avoidance/open_tcp_client.hpp
-- Installing: /home/hj926217/ros2ws/install/nmpc_uav_avoidance/include/nmpc_uav_avoidance/nmpc_node.hpp
-- Installing: /home/hj926217/ros2ws/install/nmpc_uav_avoidance/share/nmpc_uav_avoidance/launch
-- Installing: /home/hj926217/ros2ws/install/nmpc_uav_avoidance/share/nmpc_uav_avoidance/launch/nmpc_launch.py
-- Installing: /home/hj926217/ros2ws/install/nmpc_uav_avoidance/share/ament_index/resource_index/package_run_dependencies/nmpc_uav_avoidance
-- Installing: /home/hj926217/ros2ws/install/nmpc_uav_avoidance/share/ament_index/resource_index/parent_prefix_path/nmpc_uav_avoidance
-- Installing: /home/hj926217/ros2ws/install/nmpc_uav_avoidance/share/nmpc_uav_avoidance/environment/ament_prefix_path.sh
-- Installing: /home/hj926217/ros2ws/install/nmpc_uav_avoidance/share/nmpc_uav_avoidance/environment/ament_prefix_path.dsv
-- Installing: /home/hj926217/ros2ws/install/nmpc_uav_avoidance/share/nmpc_uav_avoidance/environment/path.sh
-- Installing: /home/hj926217/ros2ws/install/nmpc_uav_avoidance/share/nmpc_uav_avoidance/environment/path.dsv
-- Installing: /home/hj926217/ros2ws/install/nmpc_uav_avoidance/share/nmpc_uav_avoidance/local_setup.bash
-- Installing: /home/hj926217/ros2ws/install/nmpc_uav_avoidance/share/nmpc_uav_avoidance/local_setup.sh
-- Installing: /home/hj926217/ros2ws/install/nmpc_uav_avoidance/share/nmpc_uav_avoidance/local_setup.zsh
-- Installing: /home/hj926217/ros2ws/install/nmpc_uav_avoidance/share/nmpc_uav_avoidance/local_setup.dsv
-- Installing: /home/hj926217/ros2ws/install/nmpc_uav_avoidance/share/nmpc_uav_avoidance/package.dsv
-- Installing: /home/hj926217/ros2ws/install/nmpc_uav_avoidance/share/ament_index/resource_index/packages/nmpc_uav_avoidance
-- Installing: /home/hj926217/ros2ws/install/nmpc_uav_avoidance/share/nmpc_uav_avoidance/cmake/nmpc_uav_avoidanceConfig.cmake
-- Installing: /home/hj926217/ros2ws/install/nmpc_uav_avoidance/share/nmpc_uav_avoidance/cmake/nmpc_uav_avoidanceConfig-version.cmake
-- Installing: /home/hj926217/ros2ws/install/nmpc_uav_avoidance/share/nmpc_uav_avoidance/package.xml
