[35m[1mConsolidate compiler generated dependencies of target aruco_position_sub[0m
[  5%] Built target landing_target_sender_mavros
[ 11%] Built target ground_odom
[ 17%] Built target frame_transforms
[ 23%] Built target circle_flight
[ 29%] Built target vehicle_gps_position_listener
[ 35%] Built target sensor_combined_listener
[ 41%] Built target debug_vect_advertiser
[ 47%] Built target path_follower
[ 52%] Built target nav_path
[ 61%] Built target goal_marker_pub
[ 64%] Built target offboard_control
[ 70%] Built target goal_to_path
[ 76%] Built target vertiport_land
[ 79%] [32mBuilding CXX object CMakeFiles/aruco_position_sub.dir/src/aruco_position_sub.cpp.o[0m
[ 91%] Built target aruco_position_publisher_node
[ 91%] Built target tf2_control
[ 94%] Built target ament_cmake_python_copy_px4_ros_com
[ 97%] Built target offboard_control_srv
running egg_info
writing px4_ros_com.egg-info/PKG-INFO
writing dependency_links to px4_ros_com.egg-info/dependency_links.txt
writing top-level names to px4_ros_com.egg-info/top_level.txt
reading manifest file 'px4_ros_com.egg-info/SOURCES.txt'
writing manifest file 'px4_ros_com.egg-info/SOURCES.txt'
[ 97%] Built target ament_cmake_python_build_px4_ros_com_egg
[01m[K/home/hj926217/ros2ws/src/px4_ros_com/src/aruco_position_sub.cpp:[m[K In member function ‘[01m[Kvoid OffboardControl::publish_locked_setpoint()[m[K’:
[01m[K/home/hj926217/ros2ws/src/px4_ros_com/src/aruco_position_sub.cpp:230:28:[m[K [01;31m[Kerror: [m[Kredeclaration of ‘[01m[Kconstexpr const float LOW_ALTITUDE_ARUCO_M[m[K’
  230 |     static constexpr float [01;31m[KLOW_ALTITUDE_ARUCO_M[m[K = 1.0f;
      |                            [01;31m[K^~~~~~~~~~~~~~~~~~~~[m[K
[01m[K/home/hj926217/ros2ws/src/px4_ros_com/src/aruco_position_sub.cpp:225:28:[m[K [01;36m[Knote: [m[K‘[01m[Kconstexpr const float LOW_ALTITUDE_ARUCO_M[m[K’ previously declared here
  225 |     static constexpr float [01;36m[KLOW_ALTITUDE_ARUCO_M[m[K = 1.0f;
      |                            [01;36m[K^~~~~~~~~~~~~~~~~~~~[m[K
gmake[2]: *** [CMakeFiles/aruco_position_sub.dir/build.make:76: CMakeFiles/aruco_position_sub.dir/src/aruco_position_sub.cpp.o] Error 1
gmake[1]: *** [CMakeFiles/Makefile2:484: CMakeFiles/aruco_position_sub.dir/all] Error 2
gmake: *** [Makefile:146: all] Error 2
