[0.022s] Invoking command in '/home/hj926217/ros2ws/build/px4_ros_com': CMAKE_PREFIX_PATH=/home/hj926217/ros2ws/install/px4_msgs:/home/hj926217/ros2ws/install/px4_ros_com:/opt/ros/humble LD_LIBRARY_PATH=/home/hj926217/ros2ws/install/px4_msgs/lib:/home/hj926217/ros2ws/install/px4_ros_com/lib:/opt/ros/humble/opt/rviz_ogre_vendor/lib:/opt/ros/humble/lib/x86_64-linux-gnu:/opt/ros/humble/lib:/usr/local/lib /usr/bin/cmake --build /home/hj926217/ros2ws/build/px4_ros_com -- -j16 -l16
[0.107s] [35m[1mConsolidate compiler generated dependencies of target aruco_position_sub[0m
[0.123s] [  5%] Built target sensor_combined_listener
[0.128s] [ 11%] Built target vehicle_gps_position_listener
[0.129s] [ 17%] Built target landing_target_sender_mavros
[0.135s] [ 23%] Built target ground_odom
[0.136s] [ 29%] Built target path_follower
[0.137s] [ 35%] Built target tf2_control
[0.137s] [ 41%] Built target goal_marker_pub
[0.139s] [ 47%] Built target frame_transforms
[0.141s] [ 52%] Built target vertiport_land
[0.149s] [ 58%] Built target nav_path
[0.151s] [ 64%] Built target offboard_control
[0.153s] [ 73%] Built target aruco_position_publisher_node
[0.153s] [ 73%] [32mBuilding CXX object CMakeFiles/aruco_position_sub.dir/src/aruco_position_sub.cpp.o[0m
[0.153s] [ 79%] Built target debug_vect_advertiser
[0.156s] [ 85%] Built target circle_flight
[0.159s] [ 91%] Built target goal_to_path
[0.185s] [ 97%] Built target offboard_control_srv
[0.192s] [ 97%] Built target ament_cmake_python_copy_px4_ros_com
[0.640s] running egg_info
[0.643s] writing px4_ros_com.egg-info/PKG-INFO
[0.643s] writing dependency_links to px4_ros_com.egg-info/dependency_links.txt
[0.643s] writing top-level names to px4_ros_com.egg-info/top_level.txt
[0.648s] reading manifest file 'px4_ros_com.egg-info/SOURCES.txt'
[0.649s] writing manifest file 'px4_ros_com.egg-info/SOURCES.txt'
[0.701s] [ 97%] Built target ament_cmake_python_build_px4_ros_com_egg
[3.351s] [01m[K/home/hj926217/ros2ws/src/px4_ros_com/src/aruco_position_sub.cpp:311:5:[m[K [01;31m[Kerror: [m[K‘[01m[Kmsg[m[K’ does not name a type
[3.352s]   311 |     [01;31m[Kmsg[m[K.position[0] = target_x_;
[3.352s]       |     [01;31m[K^~~[m[K
[3.352s] [01m[K/home/hj926217/ros2ws/src/px4_ros_com/src/aruco_position_sub.cpp:312:5:[m[K [01;31m[Kerror: [m[K‘[01m[Kmsg[m[K’ does not name a type
[3.353s]   312 |     [01;31m[Kmsg[m[K.position[1] = target_y_;
[3.353s]       |     [01;31m[K^~~[m[K
[3.354s] [01m[K/home/hj926217/ros2ws/src/px4_ros_com/src/aruco_position_sub.cpp:313:5:[m[K [01;31m[Kerror: [m[K‘[01m[Kmsg[m[K’ does not name a type
[3.354s]   313 |     [01;31m[Kmsg[m[K.position[2] = target_z_;  // 계단식 1m step 목표 z
[3.354s]       |     [01;31m[K^~~[m[K
[3.355s] [01m[K/home/hj926217/ros2ws/src/px4_ros_com/src/aruco_position_sub.cpp:316:5:[m[K [01;31m[Kerror: [m[K‘[01m[Kmsg[m[K’ does not name a type
[3.355s]   316 |     [01;31m[Kmsg[m[K.velocity = {0.0f, 0.0f, 0.0f};
[3.355s]       |     [01;31m[K^~~[m[K
[3.363s] [01m[K/home/hj926217/ros2ws/src/px4_ros_com/src/aruco_position_sub.cpp:316:38:[m[K [01;35m[Kwarning: [m[Kextra ‘[01m[K;[m[K’ [[01;35m[K]8;;https://gcc.gnu.org/onlinedocs/gcc/Warning-Options.html#index-Wpedantic-Wpedantic]8;;[m[K]
[3.363s]   316 |     msg.velocity = {0.0f, 0.0f, 0.0f}[01;35m[K;[m[K
[3.363s]       |                                      [01;35m[K^[m[K
[3.363s]       |                                      [31m[K-[m[K
[3.363s] [01m[K/home/hj926217/ros2ws/src/px4_ros_com/src/aruco_position_sub.cpp:319:5:[m[K [01;31m[Kerror: [m[Kexpected unqualified-id before ‘[01m[Kif[m[K’
[3.364s]   319 |     [01;31m[Kif[m[K (descending_) {
[3.364s]       |     [01;31m[K^~[m[K
[3.364s] [01m[K/home/hj926217/ros2ws/src/px4_ros_com/src/aruco_position_sub.cpp:327:5:[m[K [01;31m[Kerror: [m[K‘[01m[Kmsg[m[K’ does not name a type
[3.364s]   327 |     [01;31m[Kmsg[m[K.yaw = 1.57f;
[3.364s]       |     [01;31m[K^~~[m[K
[3.365s] [01m[K/home/hj926217/ros2ws/src/px4_ros_com/src/aruco_position_sub.cpp:328:5:[m[K [01;31m[Kerror: [m[K‘[01m[Kmsg[m[K’ does not name a type
[3.366s]   328 |     [01;31m[Kmsg[m[K.timestamp = this->get_clock()->now().nanoseconds() / 1000;
[3.366s]       |     [01;31m[K^~~[m[K
[3.372s] [01m[K/home/hj926217/ros2ws/src/px4_ros_com/src/aruco_position_sub.cpp:329:5:[m[K [01;31m[Kerror: [m[K‘[01m[Ktrajectory_setpoint_publisher_[m[K’ does not name a type
[3.372s]   329 |     [01;31m[Ktrajectory_setpoint_publisher_[m[K->publish(msg);
[3.372s]       |     [01;31m[K^~~~~~~~~~~~~~~~~~~~~~~~~~~~~~[m[K
[3.372s] [01m[K/home/hj926217/ros2ws/src/px4_ros_com/src/aruco_position_sub.cpp:332:36:[m[K [01;31m[Kerror: [m[Kinvalid use of ‘[01m[Kthis[m[K’ at top level
[3.372s]   332 |     static rclcpp::Time last_log = [01;31m[Kthis[m[K->now();
[3.372s]       |                                    [01;31m[K^~~~[m[K
[3.372s] [01m[K/home/hj926217/ros2ws/src/px4_ros_com/src/aruco_position_sub.cpp:332:25:[m[K [01;31m[Kerror: [m[Kin-class initialization of static data member ‘[01m[Krclcpp::Time OffboardControl::last_log[m[K’ of non-literal type
[3.372s]   332 |     static rclcpp::Time [01;31m[Klast_log[m[K = this->now();
[3.372s]       |                         [01;31m[K^~~~~~~~[m[K
[3.372s] [01m[K/home/hj926217/ros2ws/src/px4_ros_com/src/aruco_position_sub.cpp:332:46:[m[K [01;31m[Kerror: [m[Knon-constant in-class initialization invalid for non-inline static member ‘[01m[KOffboardControl::last_log[m[K’
[3.372s]   332 |     static rclcpp::Time last_log = this->now([01;31m[K)[m[K;
[3.372s]       |                                              [01;31m[K^[m[K
[3.372s] [01m[K/home/hj926217/ros2ws/src/px4_ros_com/src/aruco_position_sub.cpp:332:46:[m[K [01;36m[Knote: [m[K(an out of class initialization is required)
[3.373s] [01m[K/home/hj926217/ros2ws/src/px4_ros_com/src/aruco_position_sub.cpp:333:5:[m[K [01;31m[Kerror: [m[Kexpected unqualified-id before ‘[01m[Kif[m[K’
[3.373s]   333 |     [01;31m[Kif[m[K ((this->now() - last_log).seconds() > 1.0) {
[3.373s]       |     [01;31m[K^~[m[K
[3.374s] [01m[K/home/hj926217/ros2ws/src/px4_ros_com/src/aruco_position_sub.cpp:341:4:[m[K [01;31m[Kerror: [m[Kexpected ‘[01m[K;[m[K’ after class definition
[3.374s]   341 |   }
[3.374s]       |    [01;31m[K^[m[K
[3.374s]       |    [32m[K;[m[K
[3.374s] [01m[K/home/hj926217/ros2ws/src/px4_ros_com/src/aruco_position_sub.cpp:[m[K In constructor ‘[01m[KOffboardControl::OffboardControl()[m[K’:
[3.375s] [01m[K/home/hj926217/ros2ws/src/px4_ros_com/src/aruco_position_sub.cpp:30:5:[m[K [01;31m[Kerror: [m[Kclass ‘[01m[KOffboardControl[m[K’ does not have any field named ‘[01m[Koffboard_setpoint_counter_[m[K’
[3.375s]    30 |     [01;31m[Koffboard_setpoint_counter_[m[K(0)
[3.375s]       |     [01;31m[K^~~~~~~~~~~~~~~~~~~~~~~~~~[m[K
[3.391s] [01m[K/home/hj926217/ros2ws/src/px4_ros_com/src/aruco_position_sub.cpp:33:5:[m[K [01;31m[Kerror: [m[K‘[01m[Koffboard_control_mode_publisher_[m[K’ was not declared in this scope
[3.391s]    33 |     [01;31m[Koffboard_control_mode_publisher_[m[K =
[3.391s]       |     [01;31m[K^~~~~~~~~~~~~~~~~~~~~~~~~~~~~~~~[m[K
[3.416s] [01m[K/home/hj926217/ros2ws/src/px4_ros_com/src/aruco_position_sub.cpp:35:5:[m[K [01;31m[Kerror: [m[K‘[01m[Ktrajectory_setpoint_publisher_[m[K’ was not declared in this scope
[3.416s]    35 |     [01;31m[Ktrajectory_setpoint_publisher_[m[K =
[3.416s]       |     [01;31m[K^~~~~~~~~~~~~~~~~~~~~~~~~~~~~~[m[K
[3.438s] [01m[K/home/hj926217/ros2ws/src/px4_ros_com/src/aruco_position_sub.cpp:37:5:[m[K [01;31m[Kerror: [m[K‘[01m[Kvehicle_command_publisher_[m[K’ was not declared in this scope
[3.438s]    37 |     [01;31m[Kvehicle_command_publisher_[m[K =
[3.438s]       |     [01;31m[K^~~~~~~~~~~~~~~~~~~~~~~~~~[m[K
[3.463s] [01m[K/home/hj926217/ros2ws/src/px4_ros_com/src/aruco_position_sub.cpp:40:5:[m[K [01;31m[Kerror: [m[K‘[01m[Kvehicle_thrust_setpoint_publisher_[m[K’ was not declared in this scope
[3.464s]    40 |     [01;31m[Kvehicle_thrust_setpoint_publisher_[m[K =
[3.464s]       |     [01;31m[K^~~~~~~~~~~~~~~~~~~~~~~~~~~~~~~~~~[m[K
[3.484s] [01m[K/home/hj926217/ros2ws/src/px4_ros_com/src/aruco_position_sub.cpp:44:5:[m[K [01;31m[Kerror: [m[K‘[01m[Kvehicle_local_position_sub_[m[K’ was not declared in this scope; did you mean ‘[01m[KVehicleLocalPosition[m[K’?
[3.484s]    44 |     [01;31m[Kvehicle_local_position_sub_[m[K = this->create_subscription<VehicleLocalPosition>(
[3.484s]       |     [01;31m[K^~~~~~~~~~~~~~~~~~~~~~~~~~~[m[K
[3.485s]       |     [32m[KVehicleLocalPosition[m[K
[3.557s] [01m[K/home/hj926217/ros2ws/src/px4_ros_com/src/aruco_position_sub.cpp:50:5:[m[K [01;31m[Kerror: [m[K‘[01m[Kland_detected_sub_[m[K’ was not declared in this scope; did you mean ‘[01m[KlandDetectedCb[m[K’?
[3.557s]    50 |     [01;31m[Kland_detected_sub_[m[K = this->create_subscription<VehicleLandDetected>(
[3.557s]       |     [01;31m[K^~~~~~~~~~~~~~~~~~[m[K
[3.557s]       |     [32m[KlandDetectedCb[m[K
[3.609s] [01m[K/home/hj926217/ros2ws/src/px4_ros_com/src/aruco_position_sub.cpp:56:5:[m[K [01;31m[Kerror: [m[K‘[01m[Karuco_pose_sub_[m[K’ was not declared in this scope; did you mean ‘[01m[KarucoPoseCb[m[K’?
[3.609s]    56 |     [01;31m[Karuco_pose_sub_[m[K = this->create_subscription<geometry_msgs::msg::PoseStamped>(
[3.610s]       |     [01;31m[K^~~~~~~~~~~~~~~[m[K
[3.610s]       |     [32m[KarucoPoseCb[m[K
[3.670s] [01m[K/home/hj926217/ros2ws/src/px4_ros_com/src/aruco_position_sub.cpp:63:5:[m[K [01;31m[Kerror: [m[K‘[01m[Ktimer_[m[K’ was not declared in this scope; did you mean ‘[01m[Ktimer_t[m[K’?
[3.671s]    63 |     [01;31m[Ktimer_[m[K = this->create_wall_timer(50ms, std::bind(&OffboardControl::onTimer, this));
[3.671s]       |     [01;31m[K^~~~~~[m[K
[3.671s]       |     [32m[Ktimer_t[m[K
[3.695s] [01m[K/home/hj926217/ros2ws/src/px4_ros_com/src/aruco_position_sub.cpp:[m[K In member function ‘[01m[Kvoid OffboardControl::vehiclePositionCb(px4_msgs::msg::VehicleLocalPosition_<std::allocator<void> >::SharedPtr)[m[K’:
[3.695s] [01m[K/home/hj926217/ros2ws/src/px4_ros_com/src/aruco_position_sub.cpp:73:5:[m[K [01;31m[Kerror: [m[K‘[01m[Kcurrent_x_[m[K’ was not declared in this scope
[3.695s]    73 |     [01;31m[Kcurrent_x_[m[K = msg->x;
[3.695s]       |     [01;31m[K^~~~~~~~~~[m[K
[3.704s] [01m[K/home/hj926217/ros2ws/src/px4_ros_com/src/aruco_position_sub.cpp:74:5:[m[K [01;31m[Kerror: [m[K‘[01m[Kcurrent_y_[m[K’ was not declared in this scope
[3.704s]    74 |     [01;31m[Kcurrent_y_[m[K = msg->y;
[3.704s]       |     [01;31m[K^~~~~~~~~~[m[K
[3.714s] [01m[K/home/hj926217/ros2ws/src/px4_ros_com/src/aruco_position_sub.cpp:75:5:[m[K [01;31m[Kerror: [m[K‘[01m[Kcurrent_z_[m[K’ was not declared in this scope
[3.715s]    75 |     [01;31m[Kcurrent_z_[m[K = msg->z;
[3.715s]       |     [01;31m[K^~~~~~~~~~[m[K
[3.730s] [01m[K/home/hj926217/ros2ws/src/px4_ros_com/src/aruco_position_sub.cpp:76:5:[m[K [01;31m[Kerror: [m[K‘[01m[Khave_vehicle_pos_[m[K’ was not declared in this scope
[3.730s]    76 |     [01;31m[Khave_vehicle_pos_[m[K = true;
[3.731s]       |     [01;31m[K^~~~~~~~~~~~~~~~~[m[K
[3.754s] [01m[K/home/hj926217/ros2ws/src/px4_ros_com/src/aruco_position_sub.cpp:[m[K In member function ‘[01m[Kvoid OffboardControl::landDetectedCb(px4_msgs::msg::VehicleLandDetected_<std::allocator<void> >::SharedPtr)[m[K’:
[3.754s] [01m[K/home/hj926217/ros2ws/src/px4_ros_com/src/aruco_position_sub.cpp:82:5:[m[K [01;31m[Kerror: [m[K‘[01m[Kclose_to_ground_or_skipped_check_[m[K’ was not declared in this scope
[3.755s]    82 |     [01;31m[Kclose_to_ground_or_skipped_check_[m[K = msg->close_to_ground_or_skipped_check;
[3.755s]       |     [01;31m[K^~~~~~~~~~~~~~~~~~~~~~~~~~~~~~~~~[m[K
[3.770s] [01m[K/home/hj926217/ros2ws/src/px4_ros_com/src/aruco_position_sub.cpp:[m[K In member function ‘[01m[Kvoid OffboardControl::arucoPoseCb(geometry_msgs::msg::PoseStamped_<std::allocator<void> >::SharedPtr)[m[K’:
[3.770s] [01m[K/home/hj926217/ros2ws/src/px4_ros_com/src/aruco_position_sub.cpp:88:5:[m[K [01;31m[Kerror: [m[K‘[01m[Karuco_rel_x_[m[K’ was not declared in this scope
[3.770s]    88 |     [01;31m[Karuco_rel_x_[m[K = static_cast<float>(msg->pose.position.x);
[3.770s]       |     [01;31m[K^~~~~~~~~~~~[m[K
[3.783s] [01m[K/home/hj926217/ros2ws/src/px4_ros_com/src/aruco_position_sub.cpp:89:5:[m[K [01;31m[Kerror: [m[K‘[01m[Karuco_rel_y_[m[K’ was not declared in this scope
[3.783s]    89 |     [01;31m[Karuco_rel_y_[m[K = static_cast<float>(msg->pose.position.y);
[3.783s]       |     [01;31m[K^~~~~~~~~~~~[m[K
[3.796s] [01m[K/home/hj926217/ros2ws/src/px4_ros_com/src/aruco_position_sub.cpp:90:5:[m[K [01;31m[Kerror: [m[K‘[01m[Karuco_rel_z_[m[K’ was not declared in this scope
[3.796s]    90 |     [01;31m[Karuco_rel_z_[m[K = static_cast<float>(msg->pose.position.z);
[3.796s]       |     [01;31m[K^~~~~~~~~~~~[m[K
[3.808s] [01m[K/home/hj926217/ros2ws/src/px4_ros_com/src/aruco_position_sub.cpp:92:5:[m[K [01;31m[Kerror: [m[K‘[01m[Khave_aruco_[m[K’ was not declared in this scope
[3.808s]    92 |     [01;31m[Khave_aruco_[m[K = true;
[3.808s]       |     [01;31m[K^~~~~~~~~~~[m[K
[3.820s] [01m[K/home/hj926217/ros2ws/src/px4_ros_com/src/aruco_position_sub.cpp:96:9:[m[K [01;31m[Kerror: [m[K‘[01m[Koffboard_ready_[m[K’ was not declared in this scope
[3.820s]    96 |     if ([01;31m[Koffboard_ready_[m[K && !offboard_started_) {
[3.820s]       |         [01;31m[K^~~~~~~~~~~~~~~[m[K
[3.832s] [01m[K/home/hj926217/ros2ws/src/px4_ros_com/src/aruco_position_sub.cpp:96:29:[m[K [01;31m[Kerror: [m[K‘[01m[Koffboard_started_[m[K’ was not declared in this scope
[3.832s]    96 |     if (offboard_ready_ && ![01;31m[Koffboard_started_[m[K) {
[3.832s]       |                             [01;31m[K^~~~~~~~~~~~~~~~~[m[K
[3.850s] [01m[K/home/hj926217/ros2ws/src/px4_ros_com/src/aruco_position_sub.cpp:97:7:[m[K [01;31m[Kerror: [m[K‘[01m[Kpublish_vehicle_command[m[K’ was not declared in this scope
[3.851s]    97 |       [01;31m[Kpublish_vehicle_command[m[K(VehicleCommand::VEHICLE_CMD_DO_SET_MODE, 1.0f, 6.0f); // Offboard
[3.851s]       |       [01;31m[K^~~~~~~~~~~~~~~~~~~~~~~[m[K
[3.863s] [01m[K/home/hj926217/ros2ws/src/px4_ros_com/src/aruco_position_sub.cpp:[m[K In member function ‘[01m[Kvoid OffboardControl::compute_offsets_from_aruco()[m[K’:
[3.863s] [01m[K/home/hj926217/ros2ws/src/px4_ros_com/src/aruco_position_sub.cpp:108:5:[m[K [01;31m[Kerror: [m[K‘[01m[Koffset_x_[m[K’ was not declared in this scope; did you mean ‘[01m[Koffsetof[m[K’?
[3.863s]   108 |     [01;31m[Koffset_x_[m[K = aruco_rel_x_;
[3.864s]       |     [01;31m[K^~~~~~~~~[m[K
[3.864s]       |     [32m[Koffsetof[m[K
[3.875s] [01m[K/home/hj926217/ros2ws/src/px4_ros_com/src/aruco_position_sub.cpp:108:17:[m[K [01;31m[Kerror: [m[K‘[01m[Karuco_rel_x_[m[K’ was not declared in this scope
[3.875s]   108 |     offset_x_ = [01;31m[Karuco_rel_x_[m[K;
[3.875s]       |                 [01;31m[K^~~~~~~~~~~~[m[K
[3.885s] [01m[K/home/hj926217/ros2ws/src/px4_ros_com/src/aruco_position_sub.cpp:109:5:[m[K [01;31m[Kerror: [m[K‘[01m[Koffset_y_[m[K’ was not declared in this scope; did you mean ‘[01m[Koffsetof[m[K’?
[3.885s]   109 |     [01;31m[Koffset_y_[m[K = aruco_rel_y_;
[3.886s]       |     [01;31m[K^~~~~~~~~[m[K
[3.886s]       |     [32m[Koffsetof[m[K
[3.898s] [01m[K/home/hj926217/ros2ws/src/px4_ros_com/src/aruco_position_sub.cpp:109:17:[m[K [01;31m[Kerror: [m[K‘[01m[Karuco_rel_y_[m[K’ was not declared in this scope
[3.898s]   109 |     offset_y_ = [01;31m[Karuco_rel_y_[m[K;
[3.898s]       |                 [01;31m[K^~~~~~~~~~~~[m[K
[3.914s] [01m[K/home/hj926217/ros2ws/src/px4_ros_com/src/aruco_position_sub.cpp:[m[K In member function ‘[01m[Kvoid OffboardControl::try_lock_target()[m[K’:
[3.914s] [01m[K/home/hj926217/ros2ws/src/px4_ros_com/src/aruco_position_sub.cpp:115:10:[m[K [01;31m[Kerror: [m[K‘[01m[Ktarget_locked_[m[K’ was not declared in this scope
[3.914s]   115 |     if (![01;31m[Ktarget_locked_[m[K && have_vehicle_pos_ && have_aruco_) {
[3.915s]       |          [01;31m[K^~~~~~~~~~~~~~[m[K
[3.932s] [01m[K/home/hj926217/ros2ws/src/px4_ros_com/src/aruco_position_sub.cpp:115:28:[m[K [01;31m[Kerror: [m[K‘[01m[Khave_vehicle_pos_[m[K’ was not declared in this scope
[3.932s]   115 |     if (!target_locked_ && [01;31m[Khave_vehicle_pos_[m[K && have_aruco_) {
[3.932s]       |                            [01;31m[K^~~~~~~~~~~~~~~~~[m[K
[3.945s] [01m[K/home/hj926217/ros2ws/src/px4_ros_com/src/aruco_position_sub.cpp:115:49:[m[K [01;31m[Kerror: [m[K‘[01m[Khave_aruco_[m[K’ was not declared in this scope
[3.945s]   115 |     if (!target_locked_ && have_vehicle_pos_ && [01;31m[Khave_aruco_[m[K) {
[3.945s]       |                                                 [01;31m[K^~~~~~~~~~~[m[K
[3.955s] [01m[K/home/hj926217/ros2ws/src/px4_ros_com/src/aruco_position_sub.cpp:118:7:[m[K [01;31m[Kerror: [m[K‘[01m[Ktarget_x_[m[K’ was not declared in this scope
[3.955s]   118 |       [01;31m[Ktarget_x_[m[K = current_x_ - offset_x_;
[3.955s]       |       [01;31m[K^~~~~~~~~[m[K
[3.966s] [01m[K/home/hj926217/ros2ws/src/px4_ros_com/src/aruco_position_sub.cpp:118:19:[m[K [01;31m[Kerror: [m[K‘[01m[Kcurrent_x_[m[K’ was not declared in this scope
[3.966s]   118 |       target_x_ = [01;31m[Kcurrent_x_[m[K - offset_x_;
[3.966s]       |                   [01;31m[K^~~~~~~~~~[m[K
[3.976s] [01m[K/home/hj926217/ros2ws/src/px4_ros_com/src/aruco_position_sub.cpp:118:32:[m[K [01;31m[Kerror: [m[K‘[01m[Koffset_x_[m[K’ was not declared in this scope; did you mean ‘[01m[Koffsetof[m[K’?
[3.976s]   118 |       target_x_ = current_x_ - [01;31m[Koffset_x_[m[K;
[3.976s]       |                                [01;31m[K^~~~~~~~~[m[K
[3.976s]       |                                [32m[Koffsetof[m[K
[3.986s] [01m[K/home/hj926217/ros2ws/src/px4_ros_com/src/aruco_position_sub.cpp:119:7:[m[K [01;31m[Kerror: [m[K‘[01m[Ktarget_y_[m[K’ was not declared in this scope
[3.986s]   119 |       [01;31m[Ktarget_y_[m[K = current_y_ - offset_y_;
[3.986s]       |       [01;31m[K^~~~~~~~~[m[K
[3.997s] [01m[K/home/hj926217/ros2ws/src/px4_ros_com/src/aruco_position_sub.cpp:119:19:[m[K [01;31m[Kerror: [m[K‘[01m[Kcurrent_y_[m[K’ was not declared in this scope
[3.997s]   119 |       target_y_ = [01;31m[Kcurrent_y_[m[K - offset_y_;
[3.997s]       |                   [01;31m[K^~~~~~~~~~[m[K
[4.006s] [01m[K/home/hj926217/ros2ws/src/px4_ros_com/src/aruco_position_sub.cpp:119:32:[m[K [01;31m[Kerror: [m[K‘[01m[Koffset_y_[m[K’ was not declared in this scope; did you mean ‘[01m[Koffsetof[m[K’?
[4.007s]   119 |       target_y_ = current_y_ - [01;31m[Koffset_y_[m[K;
[4.007s]       |                                [01;31m[K^~~~~~~~~[m[K
[4.007s]       |                                [32m[Koffsetof[m[K
[4.017s] [01m[K/home/hj926217/ros2ws/src/px4_ros_com/src/aruco_position_sub.cpp:120:7:[m[K [01;31m[Kerror: [m[K‘[01m[Ktarget_z_[m[K’ was not declared in this scope
[4.017s]   120 |       [01;31m[Ktarget_z_[m[K = current_z_;
[4.017s]       |       [01;31m[K^~~~~~~~~[m[K
[4.027s] [01m[K/home/hj926217/ros2ws/src/px4_ros_com/src/aruco_position_sub.cpp:120:19:[m[K [01;31m[Kerror: [m[K‘[01m[Kcurrent_z_[m[K’ was not declared in this scope
[4.027s]   120 |       target_z_ = [01;31m[Kcurrent_z_[m[K;
[4.027s]       |                   [01;31m[K^~~~~~~~~~[m[K
[4.037s] [01m[K/home/hj926217/ros2ws/src/px4_ros_com/src/aruco_position_sub.cpp:123:7:[m[K [01;31m[Kerror: [m[K‘[01m[Kdescending_[m[K’ was not declared in this scope
[4.037s]   123 |       [01;31m[Kdescending_[m[K = false;
[4.037s]       |       [01;31m[K^~~~~~~~~~~[m[K
[4.049s] In file included from [01m[K/opt/ros/humble/include/rclcpp/rclcpp/logging.hpp:24[m[K,
[4.049s]                  from [01m[K/opt/ros/humble/include/rclcpp/rclcpp/client.hpp:40[m[K,
[4.049s]                  from [01m[K/opt/ros/humble/include/rclcpp/rclcpp/callback_group.hpp:24[m[K,
[4.049s]                  from [01m[K/opt/ros/humble/include/rclcpp/rclcpp/any_executable.hpp:20[m[K,
[4.049s]                  from [01m[K/opt/ros/humble/include/rclcpp/rclcpp/memory_strategy.hpp:25[m[K,
[4.049s]                  from [01m[K/opt/ros/humble/include/rclcpp/rclcpp/memory_strategies.hpp:18[m[K,
[4.050s]                  from [01m[K/opt/ros/humble/include/rclcpp/rclcpp/executor_options.hpp:20[m[K,
[4.050s]                  from [01m[K/opt/ros/humble/include/rclcpp/rclcpp/executor.hpp:37[m[K,
[4.050s]                  from [01m[K/opt/ros/humble/include/rclcpp/rclcpp/executors/multi_threaded_executor.hpp:25[m[K,
[4.050s]                  from [01m[K/opt/ros/humble/include/rclcpp/rclcpp/executors.hpp:21[m[K,
[4.050s]                  from [01m[K/opt/ros/humble/include/rclcpp/rclcpp/rclcpp.hpp:155[m[K,
[4.050s]                  from [01m[K/home/hj926217/ros2ws/src/px4_ros_com/src/aruco_position_sub.cpp:10[m[K:
[4.050s] [01m[K/home/hj926217/ros2ws/src/px4_ros_com/src/aruco_position_sub.cpp:128:19:[m[K [01;31m[Kerror: [m[K‘[01m[Karuco_rel_x_[m[K’ was not declared in this scope
[4.050s]   128 |                   [01;31m[Karuco_rel_x_[m[K, aruco_rel_y_, aruco_rel_z_,
[4.050s]       |                   [01;31m[K^~~~~~~~~~~~[m[K
[4.060s] [01m[K/home/hj926217/ros2ws/src/px4_ros_com/src/aruco_position_sub.cpp:128:33:[m[K [01;31m[Kerror: [m[K‘[01m[Karuco_rel_y_[m[K’ was not declared in this scope
[4.060s]   128 |                   aruco_rel_x_, [01;31m[Karuco_rel_y_[m[K, aruco_rel_z_,
[4.060s]       |                                 [01;31m[K^~~~~~~~~~~~[m[K
[4.071s] [01m[K/home/hj926217/ros2ws/src/px4_ros_com/src/aruco_position_sub.cpp:128:47:[m[K [01;31m[Kerror: [m[K‘[01m[Karuco_rel_z_[m[K’ was not declared in this scope
[4.071s]   128 |                   aruco_rel_x_, aruco_rel_y_, [01;31m[Karuco_rel_z_[m[K,
[4.071s]       |                                               [01;31m[K^~~~~~~~~~~~[m[K
[4.086s] [01m[K/home/hj926217/ros2ws/src/px4_ros_com/src/aruco_position_sub.cpp:[m[K In member function ‘[01m[Kvoid OffboardControl::try_update_target()[m[K’:
[4.087s] [01m[K/home/hj926217/ros2ws/src/px4_ros_com/src/aruco_position_sub.cpp:136:9:[m[K [01;31m[Kerror: [m[K‘[01m[Khave_vehicle_pos_[m[K’ was not declared in this scope
[4.087s]   136 |     if ([01;31m[Khave_vehicle_pos_[m[K && have_aruco_) {
[4.087s]       |         [01;31m[K^~~~~~~~~~~~~~~~~[m[K
[4.098s] [01m[K/home/hj926217/ros2ws/src/px4_ros_com/src/aruco_position_sub.cpp:136:30:[m[K [01;31m[Kerror: [m[K‘[01m[Khave_aruco_[m[K’ was not declared in this scope
[4.098s]   136 |     if (have_vehicle_pos_ && [01;31m[Khave_aruco_[m[K) {
[4.098s]       |                              [01;31m[K^~~~~~~~~~~[m[K
[4.108s] [01m[K/home/hj926217/ros2ws/src/px4_ros_com/src/aruco_position_sub.cpp:139:7:[m[K [01;31m[Kerror: [m[K‘[01m[Ktarget_x_[m[K’ was not declared in this scope
[4.108s]   139 |       [01;31m[Ktarget_x_[m[K = current_x_ - offset_x_;
[4.108s]       |       [01;31m[K^~~~~~~~~[m[K
[4.118s] [01m[K/home/hj926217/ros2ws/src/px4_ros_com/src/aruco_position_sub.cpp:139:19:[m[K [01;31m[Kerror: [m[K‘[01m[Kcurrent_x_[m[K’ was not declared in this scope
[4.118s]   139 |       target_x_ = [01;31m[Kcurrent_x_[m[K - offset_x_;
[4.118s]       |                   [01;31m[K^~~~~~~~~~[m[K
[4.127s] [01m[K/home/hj926217/ros2ws/src/px4_ros_com/src/aruco_position_sub.cpp:139:32:[m[K [01;31m[Kerror: [m[K‘[01m[Koffset_x_[m[K’ was not declared in this scope; did you mean ‘[01m[Koffsetof[m[K’?
[4.128s]   139 |       target_x_ = current_x_ - [01;31m[Koffset_x_[m[K;
[4.128s]       |                                [01;31m[K^~~~~~~~~[m[K
[4.128s]       |                                [32m[Koffsetof[m[K
[4.138s] [01m[K/home/hj926217/ros2ws/src/px4_ros_com/src/aruco_position_sub.cpp:140:7:[m[K [01;31m[Kerror: [m[K‘[01m[Ktarget_y_[m[K’ was not declared in this scope
[4.138s]   140 |       [01;31m[Ktarget_y_[m[K = current_y_ - offset_y_;
[4.138s]       |       [01;31m[K^~~~~~~~~[m[K
[4.148s] [01m[K/home/hj926217/ros2ws/src/px4_ros_com/src/aruco_position_sub.cpp:140:19:[m[K [01;31m[Kerror: [m[K‘[01m[Kcurrent_y_[m[K’ was not declared in this scope
[4.148s]   140 |       target_y_ = [01;31m[Kcurrent_y_[m[K - offset_y_;
[4.148s]       |                   [01;31m[K^~~~~~~~~~[m[K
[4.157s] [01m[K/home/hj926217/ros2ws/src/px4_ros_com/src/aruco_position_sub.cpp:140:32:[m[K [01;31m[Kerror: [m[K‘[01m[Koffset_y_[m[K’ was not declared in this scope; did you mean ‘[01m[Koffsetof[m[K’?
[4.157s]   140 |       target_y_ = current_y_ - [01;31m[Koffset_y_[m[K;
[4.157s]       |                                [01;31m[K^~~~~~~~~[m[K
[4.157s]       |                                [32m[Koffsetof[m[K
[4.167s] In file included from [01m[K/opt/ros/humble/include/rclcpp/rclcpp/logging.hpp:24[m[K,
[4.167s]                  from [01m[K/opt/ros/humble/include/rclcpp/rclcpp/client.hpp:40[m[K,
[4.167s]                  from [01m[K/opt/ros/humble/include/rclcpp/rclcpp/callback_group.hpp:24[m[K,
[4.167s]                  from [01m[K/opt/ros/humble/include/rclcpp/rclcpp/any_executable.hpp:20[m[K,
[4.167s]                  from [01m[K/opt/ros/humble/include/rclcpp/rclcpp/memory_strategy.hpp:25[m[K,
[4.167s]                  from [01m[K/opt/ros/humble/include/rclcpp/rclcpp/memory_strategies.hpp:18[m[K,
[4.168s]                  from [01m[K/opt/ros/humble/include/rclcpp/rclcpp/executor_options.hpp:20[m[K,
[4.168s]                  from [01m[K/opt/ros/humble/include/rclcpp/rclcpp/executor.hpp:37[m[K,
[4.168s]                  from [01m[K/opt/ros/humble/include/rclcpp/rclcpp/executors/multi_threaded_executor.hpp:25[m[K,
[4.168s]                  from [01m[K/opt/ros/humble/include/rclcpp/rclcpp/executors.hpp:21[m[K,
[4.168s]                  from [01m[K/opt/ros/humble/include/rclcpp/rclcpp/rclcpp.hpp:155[m[K,
[4.168s]                  from [01m[K/home/hj926217/ros2ws/src/px4_ros_com/src/aruco_position_sub.cpp:10[m[K:
[4.168s] [01m[K/home/hj926217/ros2ws/src/px4_ros_com/src/aruco_position_sub.cpp:144:41:[m[K [01;31m[Kerror: [m[K‘[01m[Ktarget_z_[m[K’ was not declared in this scope
[4.168s]   144 |                   target_x_, target_y_, [01;31m[Ktarget_z_[m[K,
[4.169s]       |                                         [01;31m[K^~~~~~~~~[m[K
[4.178s] [01m[K/home/hj926217/ros2ws/src/px4_ros_com/src/aruco_position_sub.cpp:145:19:[m[K [01;31m[Kerror: [m[K‘[01m[Karuco_rel_x_[m[K’ was not declared in this scope
[4.178s]   145 |                   [01;31m[Karuco_rel_x_[m[K, aruco_rel_y_, aruco_rel_z_);
[4.178s]       |                   [01;31m[K^~~~~~~~~~~~[m[K
[4.189s] [01m[K/home/hj926217/ros2ws/src/px4_ros_com/src/aruco_position_sub.cpp:145:33:[m[K [01;31m[Kerror: [m[K‘[01m[Karuco_rel_y_[m[K’ was not declared in this scope
[4.189s]   145 |                   aruco_rel_x_, [01;31m[Karuco_rel_y_[m[K, aruco_rel_z_);
[4.189s]       |                                 [01;31m[K^~~~~~~~~~~~[m[K
[4.200s] [01m[K/home/hj926217/ros2ws/src/px4_ros_com/src/aruco_position_sub.cpp:145:47:[m[K [01;31m[Kerror: [m[K‘[01m[Karuco_rel_z_[m[K’ was not declared in this scope
[4.200s]   145 |                   aruco_rel_x_, aruco_rel_y_, [01;31m[Karuco_rel_z_[m[K);
[4.200s]       |                                               [01;31m[K^~~~~~~~~~~~[m[K
[4.213s] [01m[K/home/hj926217/ros2ws/src/px4_ros_com/src/aruco_position_sub.cpp:[m[K In member function ‘[01m[Kvoid OffboardControl::onTimer()[m[K’:
[4.213s] [01m[K/home/hj926217/ros2ws/src/px4_ros_com/src/aruco_position_sub.cpp:155:9:[m[K [01;31m[Kerror: [m[K‘[01m[Ktarget_locked_[m[K’ was not declared in this scope
[4.213s]   155 |     if ([01;31m[Ktarget_locked_[m[K) {
[4.213s]       |         [01;31m[K^~~~~~~~~~~~~~[m[K
[4.232s] [01m[K/home/hj926217/ros2ws/src/px4_ros_com/src/aruco_position_sub.cpp:161:9:[m[K [01;31m[Kerror: [m[K‘[01m[Koffboard_setpoint_counter_[m[K’ was not declared in this scope
[4.232s]   161 |     if ([01;31m[Koffboard_setpoint_counter_[m[K < 1000000) {
[4.232s]       |         [01;31m[K^~~~~~~~~~~~~~~~~~~~~~~~~~[m[K
[4.245s] [01m[K/home/hj926217/ros2ws/src/px4_ros_com/src/aruco_position_sub.cpp:166:10:[m[K [01;31m[Kerror: [m[K‘[01m[Koffboard_ready_[m[K’ was not declared in this scope
[4.245s]   166 |     if (![01;31m[Koffboard_ready_[m[K && offboard_setpoint_counter_ > 20) {
[4.245s]       |          [01;31m[K^~~~~~~~~~~~~~~[m[K
[4.264s] [01m[K/home/hj926217/ros2ws/src/px4_ros_com/src/aruco_position_sub.cpp:166:29:[m[K [01;31m[Kerror: [m[K‘[01m[Koffboard_setpoint_counter_[m[K’ was not declared in this scope
[4.264s]   166 |     if (!offboard_ready_ && [01;31m[Koffboard_setpoint_counter_[m[K > 20) {
[4.264s]       |                             [01;31m[K^~~~~~~~~~~~~~~~~~~~~~~~~~[m[K
[4.282s] [01m[K/home/hj926217/ros2ws/src/px4_ros_com/src/aruco_position_sub.cpp:[m[K In member function ‘[01m[Kvoid OffboardControl::arm()[m[K’:
[4.282s] [01m[K/home/hj926217/ros2ws/src/px4_ros_com/src/aruco_position_sub.cpp:175:5:[m[K [01;31m[Kerror: [m[K‘[01m[Kpublish_vehicle_command[m[K’ was not declared in this scope
[4.282s]   175 |     [01;31m[Kpublish_vehicle_command[m[K(VehicleCommand::VEHICLE_CMD_COMPONENT_ARM_DISARM, 1.0f);
[4.282s]       |     [01;31m[K^~~~~~~~~~~~~~~~~~~~~~~[m[K
[4.305s] [01m[K/home/hj926217/ros2ws/src/px4_ros_com/src/aruco_position_sub.cpp:[m[K In member function ‘[01m[Kvoid OffboardControl::publish_offboard_control_mode()[m[K’:
[4.305s] [01m[K/home/hj926217/ros2ws/src/px4_ros_com/src/aruco_position_sub.cpp:188:5:[m[K [01;31m[Kerror: [m[K‘[01m[Koffboard_control_mode_publisher_[m[K’ was not declared in this scope
[4.306s]   188 |     [01;31m[Koffboard_control_mode_publisher_[m[K->publish(msg);
[4.306s]       |     [01;31m[K^~~~~~~~~~~~~~~~~~~~~~~~~~~~~~~~[m[K
[4.321s] [01m[K/home/hj926217/ros2ws/src/px4_ros_com/src/aruco_position_sub.cpp:[m[K In member function ‘[01m[Kvoid OffboardControl::publish_hold_setpoint()[m[K’:
[4.321s] [01m[K/home/hj926217/ros2ws/src/px4_ros_com/src/aruco_position_sub.cpp:194:9:[m[K [01;31m[Kerror: [m[K‘[01m[Khave_vehicle_pos_[m[K’ was not declared in this scope
[4.322s]   194 |     if ([01;31m[Khave_vehicle_pos_[m[K) {
[4.322s]       |         [01;31m[K^~~~~~~~~~~~~~~~~[m[K
[4.335s] [01m[K/home/hj926217/ros2ws/src/px4_ros_com/src/aruco_position_sub.cpp:195:23:[m[K [01;31m[Kerror: [m[K‘[01m[Kcurrent_x_[m[K’ was not declared in this scope
[4.335s]   195 |       msg.position = {[01;31m[Kcurrent_x_[m[K, current_y_, current_z_};
[4.335s]       |                       [01;31m[K^~~~~~~~~~[m[K
[4.345s] [01m[K/home/hj926217/ros2ws/src/px4_ros_com/src/aruco_position_sub.cpp:195:35:[m[K [01;31m[Kerror: [m[K‘[01m[Kcurrent_y_[m[K’ was not declared in this scope
[4.345s]   195 |       msg.position = {current_x_, [01;31m[Kcurrent_y_[m[K, current_z_};
[4.345s]       |                                   [01;31m[K^~~~~~~~~~[m[K
[4.353s] [01m[K/home/hj926217/ros2ws/src/px4_ros_com/src/aruco_position_sub.cpp:195:47:[m[K [01;31m[Kerror: [m[K‘[01m[Kcurrent_z_[m[K’ was not declared in this scope
[4.354s]   195 |       msg.position = {current_x_, current_y_, [01;31m[Kcurrent_z_[m[K};
[4.354s]       |                                               [01;31m[K^~~~~~~~~~[m[K
[4.354s] [01m[K/home/hj926217/ros2ws/src/px4_ros_com/src/aruco_position_sub.cpp:195:57:[m[K [01;31m[Kerror: [m[Kno match for ‘[01m[Koperator=[m[K’ (operand types are ‘[01m[Kpx4_msgs::msg::TrajectorySetpoint_<std::allocator<void> >::_position_type[m[K’ {aka ‘[01m[Kstd::array<float, 3>[m[K’} and ‘[01m[K<brace-enclosed initializer list>[m[K’)
[4.354s]   195 |       msg.position = {current_x_, current_y_, current_z_[01;31m[K}[m[K;
[4.354s]       |                                                         [01;31m[K^[m[K
[4.354s] In file included from [01m[K/usr/include/c++/11/tuple:39[m[K,
[4.354s]                  from [01m[K/usr/include/c++/11/functional:54[m[K,
[4.354s]                  from [01m[K/usr/include/c++/11/pstl/glue_algorithm_defs.h:13[m[K,
[4.354s]                  from [01m[K/usr/include/c++/11/algorithm:74[m[K,
[4.354s]                  from [01m[K/home/hj926217/ros2ws/install/px4_msgs/include/px4_msgs/px4_msgs/msg/detail/offboard_control_mode__struct.hpp:8[m[K,
[4.354s]                  from [01m[K/home/hj926217/ros2ws/install/px4_msgs/include/px4_msgs/px4_msgs/msg/offboard_control_mode.hpp:7[m[K,
[4.354s]                  from [01m[K/home/hj926217/ros2ws/src/px4_ros_com/src/aruco_position_sub.cpp:1[m[K:
[4.354s] [01m[K/usr/include/c++/11/array:95:12:[m[K [01;36m[Knote: [m[Kcandidate: ‘[01m[Kconstexpr std::array<float, 3>& std::array<float, 3>::operator=(const std::array<float, 3>&)[m[K’
[4.354s]    95 |     struct [01;36m[Karray[m[K
[4.354s]       |            [01;36m[K^~~~~[m[K
[4.354s] [01m[K/usr/include/c++/11/array:95:12:[m[K [01;36m[Knote: [m[K  no known conversion for argument 1 from ‘[01m[K<brace-enclosed initializer list>[m[K’ to ‘[01m[Kconst std::array<float, 3>&[m[K’
[4.354s] [01m[K/usr/include/c++/11/array:95:12:[m[K [01;36m[Knote: [m[Kcandidate: ‘[01m[Kconstexpr std::array<float, 3>& std::array<float, 3>::operator=(std::array<float, 3>&&)[m[K’
[4.354s] [01m[K/usr/include/c++/11/array:95:12:[m[K [01;36m[Knote: [m[K  no known conversion for argument 1 from ‘[01m[K<brace-enclosed initializer list>[m[K’ to ‘[01m[Kstd::array<float, 3>&&[m[K’
[4.372s] [01m[K/home/hj926217/ros2ws/src/px4_ros_com/src/aruco_position_sub.cpp:204:5:[m[K [01;31m[Kerror: [m[K‘[01m[Ktrajectory_setpoint_publisher_[m[K’ was not declared in this scope
[4.373s]   204 |     [01;31m[Ktrajectory_setpoint_publisher_[m[K->publish(msg);
[4.373s]       |     [01;31m[K^~~~~~~~~~~~~~~~~~~~~~~~~~~~~~[m[K
[4.386s] [01m[K/home/hj926217/ros2ws/src/px4_ros_com/src/aruco_position_sub.cpp:[m[K In member function ‘[01m[Kvoid OffboardControl::publish_locked_setpoint()[m[K’:
[4.386s] [01m[K/home/hj926217/ros2ws/src/px4_ros_com/src/aruco_position_sub.cpp:216:10:[m[K [01;31m[Kerror: [m[K‘[01m[Khave_vehicle_pos_[m[K’ was not declared in this scope
[4.386s]   216 |     if (![01;31m[Khave_vehicle_pos_[m[K || !have_aruco_) {
[4.387s]       |          [01;31m[K^~~~~~~~~~~~~~~~~[m[K
[4.396s] [01m[K/home/hj926217/ros2ws/src/px4_ros_com/src/aruco_position_sub.cpp:216:32:[m[K [01;31m[Kerror: [m[K‘[01m[Khave_aruco_[m[K’ was not declared in this scope
[4.396s]   216 |     if (!have_vehicle_pos_ || ![01;31m[Khave_aruco_[m[K) {
[4.397s]       |                                [01;31m[K^~~~~~~~~~~[m[K
[4.407s] [01m[K/home/hj926217/ros2ws/src/px4_ros_com/src/aruco_position_sub.cpp:221:22:[m[K [01;31m[Kerror: [m[K‘[01m[Ktarget_x_[m[K’ was not declared in this scope
[4.407s]   221 |     const float dx = [01;31m[Ktarget_x_[m[K - current_x_;
[4.407s]       |                      [01;31m[K^~~~~~~~~[m[K
[4.417s] [01m[K/home/hj926217/ros2ws/src/px4_ros_com/src/aruco_position_sub.cpp:221:34:[m[K [01;31m[Kerror: [m[K‘[01m[Kcurrent_x_[m[K’ was not declared in this scope
[4.417s]   221 |     const float dx = target_x_ - [01;31m[Kcurrent_x_[m[K;
[4.417s]       |                                  [01;31m[K^~~~~~~~~~[m[K
[4.426s] [01m[K/home/hj926217/ros2ws/src/px4_ros_com/src/aruco_position_sub.cpp:222:22:[m[K [01;31m[Kerror: [m[K‘[01m[Ktarget_y_[m[K’ was not declared in this scope
[4.426s]   222 |     const float dy = [01;31m[Ktarget_y_[m[K - current_y_;
[4.426s]       |                      [01;31m[K^~~~~~~~~[m[K
[4.435s] [01m[K/home/hj926217/ros2ws/src/px4_ros_com/src/aruco_position_sub.cpp:222:34:[m[K [01;31m[Kerror: [m[K‘[01m[Kcurrent_y_[m[K’ was not declared in this scope
[4.436s]   222 |     const float dy = target_y_ - [01;31m[Kcurrent_y_[m[K;
[4.436s]       |                                  [01;31m[K^~~~~~~~~~[m[K
[4.444s] [01m[K/home/hj926217/ros2ws/src/px4_ros_com/src/aruco_position_sub.cpp:224:35:[m[K [01;31m[Kerror: [m[K‘[01m[Ktarget_z_[m[K’ was not declared in this scope
[4.444s]   224 |     const float z_err = std::fabs([01;31m[Ktarget_z_[m[K - current_z_);
[4.444s]       |                                   [01;31m[K^~~~~~~~~[m[K
[4.452s] [01m[K/home/hj926217/ros2ws/src/px4_ros_com/src/aruco_position_sub.cpp:224:47:[m[K [01;31m[Kerror: [m[K‘[01m[Kcurrent_z_[m[K’ was not declared in this scope
[4.452s]   224 |     const float z_err = std::fabs(target_z_ - [01;31m[Kcurrent_z_[m[K);
[4.452s]       |                                               [01;31m[K^~~~~~~~~~[m[K
[4.465s] [01m[K/home/hj926217/ros2ws/src/px4_ros_com/src/aruco_position_sub.cpp:228:9:[m[K [01;31m[Kerror: [m[K‘[01m[Kpublish_vehicle_command[m[K’ was not declared in this scope
[4.465s]   228 |         [01;31m[Kpublish_vehicle_command[m[K(VehicleCommand::VEHICLE_CMD_NAV_LAND, 0.0f, 0.0f);
[4.465s]       |         [01;31m[K^~~~~~~~~~~~~~~~~~~~~~~[m[K
[4.472s] [01m[K/home/hj926217/ros2ws/src/px4_ros_com/src/aruco_position_sub.cpp:236:10:[m[K [01;31m[Kerror: [m[K‘[01m[Kdescending_[m[K’ was not declared in this scope
[4.472s]   236 |     if (![01;31m[Kdescending_[m[K) {
[4.473s]       |          [01;31m[K^~~~~~~~~~~[m[K
[4.481s] [01m[K/home/hj926217/ros2ws/src/px4_ros_com/src/aruco_position_sub.cpp:275:9:[m[K [01;31m[Kerror: [m[K‘[01m[Kdescending_[m[K’ was not declared in this scope
[4.481s]   275 |     if ([01;31m[Kdescending_[m[K) {
[4.482s]       |         [01;31m[K^~~~~~~~~~~[m[K
[4.497s] [01m[K/home/hj926217/ros2ws/src/px4_ros_com/src/aruco_position_sub.cpp:294:5:[m[K [01;31m[Kerror: [m[K‘[01m[Ktrajectory_setpoint_publisher_[m[K’ was not declared in this scope
[4.497s]   294 |     [01;31m[Ktrajectory_setpoint_publisher_[m[K->publish(msg);
[4.497s]       |     [01;31m[K^~~~~~~~~~~~~~~~~~~~~~~~~~~~~~[m[K
[4.508s] In file included from [01m[K/opt/ros/humble/include/rclcpp/rclcpp/logging.hpp:24[m[K,
[4.508s]                  from [01m[K/opt/ros/humble/include/rclcpp/rclcpp/client.hpp:40[m[K,
[4.508s]                  from [01m[K/opt/ros/humble/include/rclcpp/rclcpp/callback_group.hpp:24[m[K,
[4.508s]                  from [01m[K/opt/ros/humble/include/rclcpp/rclcpp/any_executable.hpp:20[m[K,
[4.509s]                  from [01m[K/opt/ros/humble/include/rclcpp/rclcpp/memory_strategy.hpp:25[m[K,
[4.509s]                  from [01m[K/opt/ros/humble/include/rclcpp/rclcpp/memory_strategies.hpp:18[m[K,
[4.509s]                  from [01m[K/opt/ros/humble/include/rclcpp/rclcpp/executor_options.hpp:20[m[K,
[4.509s]                  from [01m[K/opt/ros/humble/include/rclcpp/rclcpp/executor.hpp:37[m[K,
[4.509s]                  from [01m[K/opt/ros/humble/include/rclcpp/rclcpp/executors/multi_threaded_executor.hpp:25[m[K,
[4.509s]                  from [01m[K/opt/ros/humble/include/rclcpp/rclcpp/executors.hpp:21[m[K,
[4.509s]                  from [01m[K/opt/ros/humble/include/rclcpp/rclcpp/rclcpp.hpp:155[m[K,
[4.509s]                  from [01m[K/home/hj926217/ros2ws/src/px4_ros_com/src/aruco_position_sub.cpp:10[m[K:
[4.510s] [01m[K/home/hj926217/ros2ws/src/px4_ros_com/src/aruco_position_sub.cpp:301:74:[m[K [01;31m[Kerror: [m[K‘[01m[Kdescending_[m[K’ was not declared in this scope
[4.510s]   301 |                     target_x_, target_y_, target_z_, xy_err, z_err, (int)[01;31m[Kdescending_[m[K,
[4.510s]       |                                                                          [01;31m[K^~~~~~~~~~~[m[K
[4.520s] [01m[K/home/hj926217/ros2ws/src/px4_ros_com/src/aruco_position_sub.cpp:302:21:[m[K [01;31m[Kerror: [m[K‘[01m[Karuco_rel_x_[m[K’ was not declared in this scope
[4.520s]   302 |                     [01;31m[Karuco_rel_x_[m[K, aruco_rel_y_, aruco_rel_z_,
[4.520s]       |                     [01;31m[K^~~~~~~~~~~~[m[K
[4.531s] [01m[K/home/hj926217/ros2ws/src/px4_ros_com/src/aruco_position_sub.cpp:302:35:[m[K [01;31m[Kerror: [m[K‘[01m[Karuco_rel_y_[m[K’ was not declared in this scope
[4.531s]   302 |                     aruco_rel_x_, [01;31m[Karuco_rel_y_[m[K, aruco_rel_z_,
[4.531s]       |                                   [01;31m[K^~~~~~~~~~~~[m[K
[4.542s] [01m[K/home/hj926217/ros2ws/src/px4_ros_com/src/aruco_position_sub.cpp:302:49:[m[K [01;31m[Kerror: [m[K‘[01m[Karuco_rel_z_[m[K’ was not declared in this scope
[4.543s]   302 |                     aruco_rel_x_, aruco_rel_y_, [01;31m[Karuco_rel_z_[m[K,
[4.543s]       |                                                 [01;31m[K^~~~~~~~~~~~[m[K
[4.564s] [01m[K/home/hj926217/ros2ws/src/px4_ros_com/src/aruco_position_sub.cpp:303:26:[m[K [01;31m[Kerror: [m[K‘[01m[Kclose_to_ground_or_skipped_check_[m[K’ was not declared in this scope
[4.564s]   303 |                     (int)[01;31m[Kclose_to_ground_or_skipped_check_[m[K, current_z_);
[4.564s]       |                          [01;31m[K^~~~~~~~~~~~~~~~~~~~~~~~~~~~~~~~~[m[K
[4.565s] [01m[K/home/hj926217/ros2ws/src/px4_ros_com/src/aruco_position_sub.cpp:[m[K In function ‘[01m[Kvoid publish_vehicle_command(uint16_t, float, float)[m[K’:
[4.565s] [01m[K/home/hj926217/ros2ws/src/px4_ros_com/src/aruco_position_sub.cpp:354:21:[m[K [01;31m[Kerror: [m[Kinvalid use of ‘[01m[Kthis[m[K’ in non-member function
[4.565s]   354 |     msg.timestamp = [01;31m[Kthis[m[K->get_clock()->now().nanoseconds() / 1000;
[4.566s]       |                     [01;31m[K^~~~[m[K
[4.577s] [01m[K/home/hj926217/ros2ws/src/px4_ros_com/src/aruco_position_sub.cpp:355:5:[m[K [01;31m[Kerror: [m[K‘[01m[Kvehicle_command_publisher_[m[K’ was not declared in this scope
[4.577s]   355 |     [01;31m[Kvehicle_command_publisher_[m[K->publish(msg);
[4.577s]       |     [01;31m[K^~~~~~~~~~~~~~~~~~~~~~~~~~[m[K
[4.589s] [01m[K/home/hj926217/ros2ws/src/px4_ros_com/src/aruco_position_sub.cpp:[m[K At global scope:
[4.589s] [01m[K/home/hj926217/ros2ws/src/px4_ros_com/src/aruco_position_sub.cpp:394:1:[m[K [01;31m[Kerror: [m[Kexpected declaration before ‘[01m[K}[m[K’ token
[4.589s]   394 | [01;31m[K}[m[K;
[4.589s]       | [01;31m[K^[m[K
[9.697s] gmake[2]: *** [CMakeFiles/aruco_position_sub.dir/build.make:76: CMakeFiles/aruco_position_sub.dir/src/aruco_position_sub.cpp.o] Error 1
[9.697s] gmake[1]: *** [CMakeFiles/Makefile2:484: CMakeFiles/aruco_position_sub.dir/all] Error 2
[9.697s] gmake: *** [Makefile:146: all] Error 2
[9.701s] Invoked command in '/home/hj926217/ros2ws/build/px4_ros_com' returned '2': CMAKE_PREFIX_PATH=/home/hj926217/ros2ws/install/px4_msgs:/home/hj926217/ros2ws/install/px4_ros_com:/opt/ros/humble LD_LIBRARY_PATH=/home/hj926217/ros2ws/install/px4_msgs/lib:/home/hj926217/ros2ws/install/px4_ros_com/lib:/opt/ros/humble/opt/rviz_ogre_vendor/lib:/opt/ros/humble/lib/x86_64-linux-gnu:/opt/ros/humble/lib:/usr/local/lib /usr/bin/cmake --build /home/hj926217/ros2ws/build/px4_ros_com -- -j16 -l16
