[0.025s] Invoking command in '/home/hj926217/ros2ws/build/px4_ros_com': CMAKE_PREFIX_PATH=/home/hj926217/ros2ws/install/px4_msgs:/home/hj926217/ros2ws/install/px4_ros_com:/opt/ros/humble LD_LIBRARY_PATH=/home/hj926217/ros2ws/install/px4_msgs/lib:/home/hj926217/ros2ws/install/px4_ros_com/lib:/opt/ros/humble/opt/rviz_ogre_vendor/lib:/opt/ros/humble/lib/x86_64-linux-gnu:/opt/ros/humble/lib:/usr/local/lib /usr/bin/cmake --build /home/hj926217/ros2ws/build/px4_ros_com -- -j16 -l16
[0.150s] [35m[1mConsolidate compiler generated dependencies of target path_follower[0m
[0.174s] [  5%] Built target gripper_send_zero
[0.180s] [ 10%] Built target gripper_send_two
[0.187s] [ 15%] Built target frame_transforms
[0.188s] [ 25%] Built target goal_marker_pub
[0.191s] [ 25%] Built target landing_target_sender_mavros
[0.193s] [ 30%] Built target sensor_combined_listener
[0.195s] [ 40%] Built target goal_to_path
[0.196s] [ 40%] Built target ground_odom
[0.198s] [ 45%] Built target circle_flight
[0.204s] [ 50%] Built target goal_astar_octomap_safe_node
[0.211s] [ 55%] Built target debug_vect_advertiser
[0.211s] [ 60%] Built target vehicle_gps_position_listener
[0.212s] [ 65%] Built target nav_path
[0.214s] [ 67%] [32mBuilding CXX object CMakeFiles/path_follower.dir/src/path_follower.cpp.o[0m
[0.214s] [ 72%] Built target aruco_position_sub
[0.239s] [ 77%] Built target tf2_control
[0.255s] [ 82%] Built target vertiport_land
[0.267s] [ 87%] Built target aruco_position_publisher_node
[0.271s] [ 92%] Built target offboard_control
[0.276s] [ 97%] Built target offboard_control_srv
[0.294s] [ 97%] Built target ament_cmake_python_copy_px4_ros_com
[0.908s] running egg_info
[0.910s] writing px4_ros_com.egg-info/PKG-INFO
[0.911s] writing dependency_links to px4_ros_com.egg-info/dependency_links.txt
[0.911s] writing top-level names to px4_ros_com.egg-info/top_level.txt
[0.919s] reading manifest file 'px4_ros_com.egg-info/SOURCES.txt'
[0.921s] writing manifest file 'px4_ros_com.egg-info/SOURCES.txt'
[0.981s] [ 97%] Built target ament_cmake_python_build_px4_ros_com_egg
[4.845s] [01m[K/home/hj926217/ros2ws/src/px4_ros_com/src/path_follower.cpp:[m[K In member function ‘[01m[Kuint64_t PathFollowerOffboardNode::nowMicros() const[m[K’:
[4.845s] [01m[K/home/hj926217/ros2ws/src/px4_ros_com/src/path_follower.cpp:64:56:[m[K [01;31m[Kerror: [m[Kpassing ‘[01m[Kstd::__shared_ptr_access<const rclcpp::Clock, __gnu_cxx::_S_atomic, false, false>::element_type[m[K’ {aka ‘[01m[Kconst rclcpp::Clock[m[K’} as ‘[01m[Kthis[m[K’ argument discards qualifiers [[01;31m[K]8;;https://gcc.gnu.org/onlinedocs/gcc/Warning-Options.html#index-fpermissive-fpermissive]8;;[m[K]
[4.846s]    64 |     return static_cast<uint64_t>([01;31m[Kthis->get_clock()->now()[m[K.nanoseconds() / 1000ULL);
[4.846s]       |                                  [01;31m[K~~~~~~~~~~~~~~~~~~~~~~^~[m[K
[4.846s] In file included from [01m[K/opt/ros/humble/include/rclcpp/rclcpp/timer.hpp:27[m[K,
[4.846s]                  from [01m[K/opt/ros/humble/include/rclcpp/rclcpp/callback_group.hpp:30[m[K,
[4.846s]                  from [01m[K/opt/ros/humble/include/rclcpp/rclcpp/any_executable.hpp:20[m[K,
[4.846s]                  from [01m[K/opt/ros/humble/include/rclcpp/rclcpp/memory_strategy.hpp:25[m[K,
[4.846s]                  from [01m[K/opt/ros/humble/include/rclcpp/rclcpp/memory_strategies.hpp:18[m[K,
[4.846s]                  from [01m[K/opt/ros/humble/include/rclcpp/rclcpp/executor_options.hpp:20[m[K,
[4.847s]                  from [01m[K/opt/ros/humble/include/rclcpp/rclcpp/executor.hpp:37[m[K,
[4.847s]                  from [01m[K/opt/ros/humble/include/rclcpp/rclcpp/executors/multi_threaded_executor.hpp:25[m[K,
[4.847s]                  from [01m[K/opt/ros/humble/include/rclcpp/rclcpp/executors.hpp:21[m[K,
[4.847s]                  from [01m[K/opt/ros/humble/include/rclcpp/rclcpp/rclcpp.hpp:155[m[K,
[4.848s]                  from [01m[K/home/hj926217/ros2ws/src/px4_ros_com/src/path_follower.cpp:1[m[K:
[4.848s] [01m[K/opt/ros/humble/include/rclcpp/rclcpp/clock.hpp:87:3:[m[K [01;36m[Knote: [m[K  in call to ‘[01m[Krclcpp::Time rclcpp::Clock::now()[m[K’
[4.848s]    87 |   [01;36m[Know[m[K();
[4.848s]       |   [01;36m[K^~~[m[K
[11.150s] gmake[2]: *** [CMakeFiles/path_follower.dir/build.make:76: CMakeFiles/path_follower.dir/src/path_follower.cpp.o] Error 1
[11.150s] gmake[1]: *** [CMakeFiles/Makefile2:308: CMakeFiles/path_follower.dir/all] Error 2
[11.151s] gmake: *** [Makefile:146: all] Error 2
[11.155s] Invoked command in '/home/hj926217/ros2ws/build/px4_ros_com' returned '2': CMAKE_PREFIX_PATH=/home/hj926217/ros2ws/install/px4_msgs:/home/hj926217/ros2ws/install/px4_ros_com:/opt/ros/humble LD_LIBRARY_PATH=/home/hj926217/ros2ws/install/px4_msgs/lib:/home/hj926217/ros2ws/install/px4_ros_com/lib:/opt/ros/humble/opt/rviz_ogre_vendor/lib:/opt/ros/humble/lib/x86_64-linux-gnu:/opt/ros/humble/lib:/usr/local/lib /usr/bin/cmake --build /home/hj926217/ros2ws/build/px4_ros_com -- -j16 -l16
