[0.048s] Invoking command in '/home/hj926217/ros2ws/build/px4_ros_com': CMAKE_PREFIX_PATH=/home/hj926217/ros2ws/install/px4_msgs:/home/hj926217/ros2ws/install/px4_ros_com:/opt/ros/humble LD_LIBRARY_PATH=/home/hj926217/ros2ws/install/px4_msgs/lib:/home/hj926217/ros2ws/install/px4_ros_com/lib:/opt/ros/humble/opt/rviz_ogre_vendor/lib:/opt/ros/humble/lib/x86_64-linux-gnu:/opt/ros/humble/lib:/usr/local/lib /usr/bin/cmake --build /home/hj926217/ros2ws/build/px4_ros_com -- -j16 -l16
[0.279s] [  5%] Built target frame_transforms
[0.279s] [  7%] [32mBuilding CXX object CMakeFiles/path_follower.dir/src/path_follower.cpp.o[0m
[0.280s] [ 12%] Built target gripper_send_two
[0.283s] [ 17%] Built target gripper_send_zero
[0.284s] [ 22%] Built target vehicle_gps_position_listener
[0.293s] [ 27%] Built target sensor_combined_listener
[0.293s] [ 37%] Built target debug_vect_advertiser
[0.295s] [ 37%] Built target goal_marker_pub
[0.306s] [ 42%] Built target landing_target_sender_mavros
[0.318s] [ 60%] Built target tf2_control
[0.324s] [ 60%] [32mBuilding CXX object CMakeFiles/goal_astar_octomap_safe_node.dir/src/goal_astar_octomap_safe_node.cpp.o[0m
[0.324s] [ 60%] Built target goal_to_path
[0.325s] [ 60%] Built target ground_odom
[0.326s] [ 65%] Built target circle_flight
[0.329s] [ 70%] Built target nav_path
[0.335s] [ 75%] Built target aruco_position_sub
[0.391s] [ 80%] Built target offboard_control
[0.401s] [ 85%] Built target offboard_control_srv
[0.402s] [ 90%] Built target vertiport_land
[0.414s] [ 95%] Built target aruco_position_publisher_node
[0.420s] [ 95%] Built target ament_cmake_python_copy_px4_ros_com
[1.551s] running egg_info
[1.555s] writing px4_ros_com.egg-info/PKG-INFO
[1.555s] writing dependency_links to px4_ros_com.egg-info/dependency_links.txt
[1.557s] writing top-level names to px4_ros_com.egg-info/top_level.txt
[1.565s] reading manifest file 'px4_ros_com.egg-info/SOURCES.txt'
[1.566s] writing manifest file 'px4_ros_com.egg-info/SOURCES.txt'
[1.663s] [ 95%] Built target ament_cmake_python_build_px4_ros_com_egg
[10.377s] [01m[K/home/hj926217/ros2ws/src/px4_ros_com/src/goal_astar_octomap_safe_node.cpp:[m[K In member function ‘[01m[Kvoid GoalAStarOctomapSafeNode::onOctomap(octomap_msgs::msg::Octomap_<std::allocator<void> >::SharedPtr)[m[K’:
[10.377s] [01m[K/home/hj926217/ros2ws/src/px4_ros_com/src/goal_astar_octomap_safe_node.cpp:240:14:[m[K [01;35m[Kwarning: [m[Kvariable ‘[01m[Khas_path[m[K’ set but not used [[01;35m[K]8;;https://gcc.gnu.org/onlinedocs/gcc/Warning-Options.html#index-Wunused-but-set-variable-Wunused-but-set-variable]8;;[m[K]
[10.378s]   240 |         bool [01;35m[Khas_path[m[K = false;
[10.378s]       |              [01;35m[K^~~~~~~~[m[K
[10.463s] [01m[K/home/hj926217/ros2ws/src/px4_ros_com/src/goal_astar_octomap_safe_node.cpp:[m[K In member function ‘[01m[Kvoid GoalAStarOctomapSafeNode::publishStopSetpoint()[m[K’:
[10.463s] [01m[K/home/hj926217/ros2ws/src/px4_ros_com/src/goal_astar_octomap_safe_node.cpp:504:45:[m[K [01;31m[Kerror: [m[Kno match for ‘[01m[Koperator=[m[K’ (operand types are ‘[01m[Kpx4_msgs::msg::TrajectorySetpoint_<std::allocator<void> >::_position_type[m[K’ {aka ‘[01m[Kstd::array<float, 3>[m[K’} and ‘[01m[Kgeometry_msgs::msg::Pose_<std::allocator<void> >::_position_type[m[K’ {aka ‘[01m[Kgeometry_msgs::msg::Point_<std::allocator<void> >[m[K’})
[10.463s]   504 |         stop_sp.position = start_pose_.pose.[01;31m[Kposition[m[K;
[10.463s]       |                                             [01;31m[K^~~~~~~~[m[K
[10.464s] In file included from [01m[K/usr/include/c++/11/tuple:39[m[K,
[10.464s]                  from [01m[K/usr/include/c++/11/bits/unique_ptr.h:37[m[K,
[10.464s]                  from [01m[K/usr/include/c++/11/memory:76[m[K,
[10.464s]                  from [01m[K/opt/ros/humble/include/rclcpp/rclcpp/rclcpp.hpp:153[m[K,
[10.464s]                  from [01m[K/home/hj926217/ros2ws/src/px4_ros_com/src/goal_astar_octomap_safe_node.cpp:1[m[K:
[10.465s] [01m[K/usr/include/c++/11/array:95:12:[m[K [01;36m[Knote: [m[Kcandidate: ‘[01m[Kconstexpr std::array<float, 3>& std::array<float, 3>::operator=(const std::array<float, 3>&)[m[K’
[10.465s]    95 |     struct [01;36m[Karray[m[K
[10.465s]       |            [01;36m[K^~~~~[m[K
[10.465s] [01m[K/usr/include/c++/11/array:95:12:[m[K [01;36m[Knote: [m[K  no known conversion for argument 1 from ‘[01m[Kgeometry_msgs::msg::Pose_<std::allocator<void> >::_position_type[m[K’ {aka ‘[01m[Kgeometry_msgs::msg::Point_<std::allocator<void> >[m[K’} to ‘[01m[Kconst std::array<float, 3>&[m[K’
[10.466s] [01m[K/usr/include/c++/11/array:95:12:[m[K [01;36m[Knote: [m[Kcandidate: ‘[01m[Kconstexpr std::array<float, 3>& std::array<float, 3>::operator=(std::array<float, 3>&&)[m[K’
[10.466s] [01m[K/usr/include/c++/11/array:95:12:[m[K [01;36m[Knote: [m[K  no known conversion for argument 1 from ‘[01m[Kgeometry_msgs::msg::Pose_<std::allocator<void> >::_position_type[m[K’ {aka ‘[01m[Kgeometry_msgs::msg::Point_<std::allocator<void> >[m[K’} to ‘[01m[Kstd::array<float, 3>&&[m[K’
[10.471s] [01m[K/home/hj926217/ros2ws/src/px4_ros_com/src/goal_astar_octomap_safe_node.cpp:508:17:[m[K [01;31m[Kerror: [m[K‘[01m[Kusing TrajectorySetpoint = struct px4_msgs::msg::TrajectorySetpoint_<std::allocator<void> >[m[K’ {aka ‘[01m[Kstruct px4_msgs::msg::TrajectorySetpoint_<std::allocator<void> >[m[K’} has no member named ‘[01m[Ktype_mask[m[K’
[10.471s]   508 |         stop_sp.[01;31m[Ktype_mask[m[K = px4_msgs::msg::TrajectorySetpoint::POSITION_VALID |
[10.472s]       |                 [01;31m[K^~~~~~~~~[m[K
[10.472s] [01m[K/home/hj926217/ros2ws/src/px4_ros_com/src/goal_astar_octomap_safe_node.cpp:508:64:[m[K [01;31m[Kerror: [m[K‘[01m[KPOSITION_VALID[m[K’ is not a member of ‘[01m[Kpx4_msgs::msg::TrajectorySetpoint[m[K’ {aka ‘[01m[Kpx4_msgs::msg::TrajectorySetpoint_<std::allocator<void> >[m[K’}
[10.472s]   508 |         stop_sp.type_mask = px4_msgs::msg::TrajectorySetpoint::[01;31m[KPOSITION_VALID[m[K |
[10.472s]       |                                                                [01;31m[K^~~~~~~~~~~~~~[m[K
[10.473s] [01m[K/home/hj926217/ros2ws/src/px4_ros_com/src/goal_astar_octomap_safe_node.cpp:509:63:[m[K [01;31m[Kerror: [m[K‘[01m[KVELOCITY_VALID[m[K’ is not a member of ‘[01m[Kpx4_msgs::msg::TrajectorySetpoint[m[K’ {aka ‘[01m[Kpx4_msgs::msg::TrajectorySetpoint_<std::allocator<void> >[m[K’}
[10.473s]   509 |                            px4_msgs::msg::TrajectorySetpoint::[01;31m[KVELOCITY_VALID[m[K |
[10.473s]       |                                                               [01;31m[K^~~~~~~~~~~~~~[m[K
[10.473s] [01m[K/home/hj926217/ros2ws/src/px4_ros_com/src/goal_astar_octomap_safe_node.cpp:510:63:[m[K [01;31m[Kerror: [m[K‘[01m[KYAW_VALID[m[K’ is not a member of ‘[01m[Kpx4_msgs::msg::TrajectorySetpoint[m[K’ {aka ‘[01m[Kpx4_msgs::msg::TrajectorySetpoint_<std::allocator<void> >[m[K’}
[10.474s]   510 |                            px4_msgs::msg::TrajectorySetpoint::[01;31m[KYAW_VALID[m[K;
[10.474s]       |                                                               [01;31m[K^~~~~~~~~[m[K
[10.491s] [01m[K/home/hj926217/ros2ws/src/px4_ros_com/src/goal_astar_octomap_safe_node.cpp:[m[K In member function ‘[01m[Kvoid GoalAStarOctomapSafeNode::onPublishTimer()[m[K’:
[10.491s] [01m[K/home/hj926217/ros2ws/src/px4_ros_com/src/goal_astar_octomap_safe_node.cpp:647:50:[m[K [01;31m[Kerror: [m[Kno match for ‘[01m[Koperator=[m[K’ (operand types are ‘[01m[Kpx4_msgs::msg::TrajectorySetpoint_<std::allocator<void> >::_position_type[m[K’ {aka ‘[01m[Kstd::array<float, 3>[m[K’} and ‘[01m[Kgeometry_msgs::msg::Pose_<std::allocator<void> >::_position_type[m[K’ {aka ‘[01m[Kgeometry_msgs::msg::Point_<std::allocator<void> >[m[K’})
[10.492s]   647 |             hover_sp.position = current_pos.pose.[01;31m[Kposition[m[K;
[10.493s]       |                                                  [01;31m[K^~~~~~~~[m[K
[10.493s] In file included from [01m[K/usr/include/c++/11/tuple:39[m[K,
[10.494s]                  from [01m[K/usr/include/c++/11/bits/unique_ptr.h:37[m[K,
[10.494s]                  from [01m[K/usr/include/c++/11/memory:76[m[K,
[10.494s]                  from [01m[K/opt/ros/humble/include/rclcpp/rclcpp/rclcpp.hpp:153[m[K,
[10.495s]                  from [01m[K/home/hj926217/ros2ws/src/px4_ros_com/src/goal_astar_octomap_safe_node.cpp:1[m[K:
[10.495s] [01m[K/usr/include/c++/11/array:95:12:[m[K [01;36m[Knote: [m[Kcandidate: ‘[01m[Kconstexpr std::array<float, 3>& std::array<float, 3>::operator=(const std::array<float, 3>&)[m[K’
[10.495s]    95 |     struct [01;36m[Karray[m[K
[10.496s]       |            [01;36m[K^~~~~[m[K
[10.497s] [01m[K/usr/include/c++/11/array:95:12:[m[K [01;36m[Knote: [m[K  no known conversion for argument 1 from ‘[01m[Kgeometry_msgs::msg::Pose_<std::allocator<void> >::_position_type[m[K’ {aka ‘[01m[Kgeometry_msgs::msg::Point_<std::allocator<void> >[m[K’} to ‘[01m[Kconst std::array<float, 3>&[m[K’
[10.497s] [01m[K/usr/include/c++/11/array:95:12:[m[K [01;36m[Knote: [m[Kcandidate: ‘[01m[Kconstexpr std::array<float, 3>& std::array<float, 3>::operator=(std::array<float, 3>&&)[m[K’
[10.498s] [01m[K/usr/include/c++/11/array:95:12:[m[K [01;36m[Knote: [m[K  no known conversion for argument 1 from ‘[01m[Kgeometry_msgs::msg::Pose_<std::allocator<void> >::_position_type[m[K’ {aka ‘[01m[Kgeometry_msgs::msg::Point_<std::allocator<void> >[m[K’} to ‘[01m[Kstd::array<float, 3>&&[m[K’
[10.498s] [01m[K/home/hj926217/ros2ws/src/px4_ros_com/src/goal_astar_octomap_safe_node.cpp:650:22:[m[K [01;31m[Kerror: [m[K‘[01m[Kusing TrajectorySetpoint = struct px4_msgs::msg::TrajectorySetpoint_<std::allocator<void> >[m[K’ {aka ‘[01m[Kstruct px4_msgs::msg::TrajectorySetpoint_<std::allocator<void> >[m[K’} has no member named ‘[01m[Ktype_mask[m[K’
[10.498s]   650 |             hover_sp.[01;31m[Ktype_mask[m[K = px4_msgs::msg::TrajectorySetpoint::POSITION_VALID |
[10.498s]       |                      [01;31m[K^~~~~~~~~[m[K
[10.498s] [01m[K/home/hj926217/ros2ws/src/px4_ros_com/src/goal_astar_octomap_safe_node.cpp:650:69:[m[K [01;31m[Kerror: [m[K‘[01m[KPOSITION_VALID[m[K’ is not a member of ‘[01m[Kpx4_msgs::msg::TrajectorySetpoint[m[K’ {aka ‘[01m[Kpx4_msgs::msg::TrajectorySetpoint_<std::allocator<void> >[m[K’}
[10.498s]   650 |             hover_sp.type_mask = px4_msgs::msg::TrajectorySetpoint::[01;31m[KPOSITION_VALID[m[K |
[10.499s]       |                                                                     [01;31m[K^~~~~~~~~~~~~~[m[K
[10.499s] [01m[K/home/hj926217/ros2ws/src/px4_ros_com/src/goal_astar_octomap_safe_node.cpp:651:68:[m[K [01;31m[Kerror: [m[K‘[01m[KYAW_VALID[m[K’ is not a member of ‘[01m[Kpx4_msgs::msg::TrajectorySetpoint[m[K’ {aka ‘[01m[Kpx4_msgs::msg::TrajectorySetpoint_<std::allocator<void> >[m[K’}
[10.499s]   651 |                                 px4_msgs::msg::TrajectorySetpoint::[01;31m[KYAW_VALID[m[K;
[10.499s]       |                                                                    [01;31m[K^~~~~~~~~[m[K
[10.499s] [01m[K/home/hj926217/ros2ws/src/px4_ros_com/src/goal_astar_octomap_safe_node.cpp:663:40:[m[K [01;31m[Kerror: [m[Kno match for ‘[01m[Koperator=[m[K’ (operand types are ‘[01m[Kpx4_msgs::msg::TrajectorySetpoint_<std::allocator<void> >::_position_type[m[K’ {aka ‘[01m[Kstd::array<float, 3>[m[K’} and ‘[01m[Kgeometry_msgs::msg::Pose_<std::allocator<void> >::_position_type[m[K’ {aka ‘[01m[Kgeometry_msgs::msg::Point_<std::allocator<void> >[m[K’})
[10.499s]   663 |         sp.position = target_pose.pose.[01;31m[Kposition[m[K;
[10.500s]       |                                        [01;31m[K^~~~~~~~[m[K
[10.500s] In file included from [01m[K/usr/include/c++/11/tuple:39[m[K,
[10.500s]                  from [01m[K/usr/include/c++/11/bits/unique_ptr.h:37[m[K,
[10.500s]                  from [01m[K/usr/include/c++/11/memory:76[m[K,
[10.500s]                  from [01m[K/opt/ros/humble/include/rclcpp/rclcpp/rclcpp.hpp:153[m[K,
[10.500s]                  from [01m[K/home/hj926217/ros2ws/src/px4_ros_com/src/goal_astar_octomap_safe_node.cpp:1[m[K:
[10.501s] [01m[K/usr/include/c++/11/array:95:12:[m[K [01;36m[Knote: [m[Kcandidate: ‘[01m[Kconstexpr std::array<float, 3>& std::array<float, 3>::operator=(const std::array<float, 3>&)[m[K’
[10.501s]    95 |     struct [01;36m[Karray[m[K
[10.501s]       |            [01;36m[K^~~~~[m[K
[10.501s] [01m[K/usr/include/c++/11/array:95:12:[m[K [01;36m[Knote: [m[K  no known conversion for argument 1 from ‘[01m[Kgeometry_msgs::msg::Pose_<std::allocator<void> >::_position_type[m[K’ {aka ‘[01m[Kgeometry_msgs::msg::Point_<std::allocator<void> >[m[K’} to ‘[01m[Kconst std::array<float, 3>&[m[K’
[10.501s] [01m[K/usr/include/c++/11/array:95:12:[m[K [01;36m[Knote: [m[Kcandidate: ‘[01m[Kconstexpr std::array<float, 3>& std::array<float, 3>::operator=(std::array<float, 3>&&)[m[K’
[10.502s] [01m[K/usr/include/c++/11/array:95:12:[m[K [01;36m[Knote: [m[K  no known conversion for argument 1 from ‘[01m[Kgeometry_msgs::msg::Pose_<std::allocator<void> >::_position_type[m[K’ {aka ‘[01m[Kgeometry_msgs::msg::Point_<std::allocator<void> >[m[K’} to ‘[01m[Kstd::array<float, 3>&&[m[K’
[10.502s] [01m[K/home/hj926217/ros2ws/src/px4_ros_com/src/goal_astar_octomap_safe_node.cpp:666:12:[m[K [01;31m[Kerror: [m[K‘[01m[Kusing TrajectorySetpoint = struct px4_msgs::msg::TrajectorySetpoint_<std::allocator<void> >[m[K’ {aka ‘[01m[Kstruct px4_msgs::msg::TrajectorySetpoint_<std::allocator<void> >[m[K’} has no member named ‘[01m[Ktype_mask[m[K’
[10.502s]   666 |         sp.[01;31m[Ktype_mask[m[K = px4_msgs::msg::TrajectorySetpoint::POSITION_VALID |
[10.502s]       |            [01;31m[K^~~~~~~~~[m[K
[10.503s] [01m[K/home/hj926217/ros2ws/src/px4_ros_com/src/goal_astar_octomap_safe_node.cpp:666:59:[m[K [01;31m[Kerror: [m[K‘[01m[KPOSITION_VALID[m[K’ is not a member of ‘[01m[Kpx4_msgs::msg::TrajectorySetpoint[m[K’ {aka ‘[01m[Kpx4_msgs::msg::TrajectorySetpoint_<std::allocator<void> >[m[K’}
[10.503s]   666 |         sp.type_mask = px4_msgs::msg::TrajectorySetpoint::[01;31m[KPOSITION_VALID[m[K |
[10.503s]       |                                                           [01;31m[K^~~~~~~~~~~~~~[m[K
[10.503s] [01m[K/home/hj926217/ros2ws/src/px4_ros_com/src/goal_astar_octomap_safe_node.cpp:667:58:[m[K [01;31m[Kerror: [m[K‘[01m[KYAW_VALID[m[K’ is not a member of ‘[01m[Kpx4_msgs::msg::TrajectorySetpoint[m[K’ {aka ‘[01m[Kpx4_msgs::msg::TrajectorySetpoint_<std::allocator<void> >[m[K’}
[10.503s]   667 |                       px4_msgs::msg::TrajectorySetpoint::[01;31m[KYAW_VALID[m[K;
[10.503s]       |                                                          [01;31m[K^~~~~~~~~[m[K
[10.504s] [01m[K/home/hj926217/ros2ws/src/px4_ros_com/src/goal_astar_octomap_safe_node.cpp:680:41:[m[K [01;31m[Kerror: [m[K‘[01m[Kusing _position_type = struct std::array<float, 3>[m[K’ {aka ‘[01m[Kstruct std::array<float, 3>[m[K’} has no member named ‘[01m[Kx[m[K’
[10.504s]   680 |                 double dx = sp.position.[01;31m[Kx[m[K - current_pos.pose.position.x;
[10.504s]       |                                         [01;31m[K^[m[K
[10.504s] [01m[K/home/hj926217/ros2ws/src/px4_ros_com/src/goal_astar_octomap_safe_node.cpp:681:41:[m[K [01;31m[Kerror: [m[K‘[01m[Kusing _position_type = struct std::array<float, 3>[m[K’ {aka ‘[01m[Kstruct std::array<float, 3>[m[K’} has no member named ‘[01m[Ky[m[K’
[10.504s]   681 |                 double dy = sp.position.[01;31m[Ky[m[K - current_pos.pose.position.y;
[10.504s]       |                                         [01;31m[K^[m[K
[10.505s] [01m[K/home/hj926217/ros2ws/src/px4_ros_com/src/goal_astar_octomap_safe_node.cpp:682:41:[m[K [01;31m[Kerror: [m[K‘[01m[Kusing _position_type = struct std::array<float, 3>[m[K’ {aka ‘[01m[Kstruct std::array<float, 3>[m[K’} has no member named ‘[01m[Kz[m[K’
[10.505s]   682 |                 double dz = sp.position.[01;31m[Kz[m[K - current_pos.pose.position.z;
[10.505s]       |                                         [01;31m[K^[m[K
[27.910s] gmake[2]: *** [CMakeFiles/goal_astar_octomap_safe_node.dir/build.make:76: CMakeFiles/goal_astar_octomap_safe_node.dir/src/goal_astar_octomap_safe_node.cpp.o] Error 1
[27.911s] gmake[1]: *** [CMakeFiles/Makefile2:178: CMakeFiles/goal_astar_octomap_safe_node.dir/all] Error 2
[27.911s] gmake[1]: *** Waiting for unfinished jobs....
[39.706s] [ 97%] [32m[1mLinking CXX executable path_follower[0m
[43.617s] [ 97%] Built target path_follower
[43.619s] gmake: *** [Makefile:146: all] Error 2
[43.626s] Invoked command in '/home/hj926217/ros2ws/build/px4_ros_com' returned '2': CMAKE_PREFIX_PATH=/home/hj926217/ros2ws/install/px4_msgs:/home/hj926217/ros2ws/install/px4_ros_com:/opt/ros/humble LD_LIBRARY_PATH=/home/hj926217/ros2ws/install/px4_msgs/lib:/home/hj926217/ros2ws/install/px4_ros_com/lib:/opt/ros/humble/opt/rviz_ogre_vendor/lib:/opt/ros/humble/lib/x86_64-linux-gnu:/opt/ros/humble/lib:/usr/local/lib /usr/bin/cmake --build /home/hj926217/ros2ws/build/px4_ros_com -- -j16 -l16
