[0.048s] Invoking command in '/home/hj926217/ros2ws/build/px4_ros_com': CMAKE_PREFIX_PATH=/home/hj926217/ros2ws/install/px4_msgs:/home/hj926217/ros2ws/install/px4_ros_com:/opt/ros/humble LD_LIBRARY_PATH=/home/hj926217/ros2ws/install/px4_msgs/lib:/home/hj926217/ros2ws/install/px4_ros_com/lib:/opt/ros/humble/opt/rviz_ogre_vendor/lib:/opt/ros/humble/lib/x86_64-linux-gnu:/opt/ros/humble/lib:/usr/local/lib /usr/bin/cmake --build /home/hj926217/ros2ws/build/px4_ros_com -- -j16 -l16
[0.288s] [  5%] Built target frame_transforms
[0.294s] [ 10%] Built target gripper_send_two
[0.296s] [ 12%] [32mBuilding CXX object CMakeFiles/goal_astar_octomap_safe_node.dir/src/goal_astar_octomap_safe_node.cpp.o[0m
[0.299s] [ 17%] Built target goal_to_path
[0.303s] [ 22%] Built target debug_vect_advertiser
[0.310s] [ 27%] Built target landing_target_sender_mavros
[0.310s] [ 32%] Built target goal_marker_pub
[0.310s] [ 37%] Built target circle_flight
[0.311s] [ 42%] Built target nav_path
[0.311s] [ 47%] Built target gripper_send_zero
[0.320s] [ 57%] Built target ground_odom
[0.320s] [ 67%] Built target tf2_control
[0.321s] [ 67%] Built target vehicle_gps_position_listener
[0.321s] [ 72%] Built target aruco_position_sub
[0.321s] [ 57%] Built target path_follower
[0.324s] [ 77%] Built target sensor_combined_listener
[0.372s] [ 87%] Built target offboard_control
[0.373s] [ 87%] Built target vertiport_land
[0.377s] [ 92%] Built target offboard_control_srv
[0.381s] [ 92%] Built target ament_cmake_python_copy_px4_ros_com
[0.386s] [ 97%] Built target aruco_position_publisher_node
[1.173s] running egg_info
[1.176s] writing px4_ros_com.egg-info/PKG-INFO
[1.177s] writing dependency_links to px4_ros_com.egg-info/dependency_links.txt
[1.177s] writing top-level names to px4_ros_com.egg-info/top_level.txt
[1.185s] reading manifest file 'px4_ros_com.egg-info/SOURCES.txt'
[1.187s] writing manifest file 'px4_ros_com.egg-info/SOURCES.txt'
[1.263s] [ 97%] Built target ament_cmake_python_build_px4_ros_com_egg
[37.708s] [100%] [32m[1mLinking CXX executable goal_astar_octomap_safe_node[0m
[39.747s] [100%] Built target goal_astar_octomap_safe_node
[39.779s] Invoked command in '/home/hj926217/ros2ws/build/px4_ros_com' returned '0': CMAKE_PREFIX_PATH=/home/hj926217/ros2ws/install/px4_msgs:/home/hj926217/ros2ws/install/px4_ros_com:/opt/ros/humble LD_LIBRARY_PATH=/home/hj926217/ros2ws/install/px4_msgs/lib:/home/hj926217/ros2ws/install/px4_ros_com/lib:/opt/ros/humble/opt/rviz_ogre_vendor/lib:/opt/ros/humble/lib/x86_64-linux-gnu:/opt/ros/humble/lib:/usr/local/lib /usr/bin/cmake --build /home/hj926217/ros2ws/build/px4_ros_com -- -j16 -l16
[39.810s] Invoking command in '/home/hj926217/ros2ws/build/px4_ros_com': CMAKE_PREFIX_PATH=/home/hj926217/ros2ws/install/px4_msgs:/home/hj926217/ros2ws/install/px4_ros_com:/opt/ros/humble LD_LIBRARY_PATH=/home/hj926217/ros2ws/install/px4_msgs/lib:/home/hj926217/ros2ws/install/px4_ros_com/lib:/opt/ros/humble/opt/rviz_ogre_vendor/lib:/opt/ros/humble/lib/x86_64-linux-gnu:/opt/ros/humble/lib:/usr/local/lib /usr/bin/cmake --install /home/hj926217/ros2ws/build/px4_ros_com
[39.826s] -- Install configuration: ""
[39.827s] -- Installing: /home/hj926217/ros2ws/install/px4_ros_com/lib/px4_ros_com/goal_astar_octomap_safe_node
[39.847s] -- Set runtime path of "/home/hj926217/ros2ws/install/px4_ros_com/lib/px4_ros_com/goal_astar_octomap_safe_node" to ""
[39.847s] -- Up-to-date: /home/hj926217/ros2ws/install/px4_ros_com/lib/px4_ros_com/landing_target_sender_mavros
[39.849s] -- Up-to-date: /home/hj926217/ros2ws/install/px4_ros_com/lib/px4_ros_com/gripper_send_zero
[39.850s] -- Up-to-date: /home/hj926217/ros2ws/install/px4_ros_com/lib/px4_ros_com/gripper_send_two
[39.852s] -- Up-to-date: /home/hj926217/ros2ws/install/px4_ros_com/lib/px4_ros_com/path_follower
[39.853s] -- Up-to-date: /home/hj926217/ros2ws/install/px4_ros_com/lib/px4_ros_com/goal_marker_pub
[39.855s] -- Up-to-date: /home/hj926217/ros2ws/install/px4_ros_com/lib/px4_ros_com/goal_to_path
[39.857s] -- Up-to-date: /home/hj926217/ros2ws/install/px4_ros_com/lib/px4_ros_com/ground_odom
[39.858s] -- Up-to-date: /home/hj926217/ros2ws/install/px4_ros_com/lib/px4_ros_com/sensor_combined_listener
[39.860s] -- Up-to-date: /home/hj926217/ros2ws/install/px4_ros_com/lib/px4_ros_com/vehicle_gps_position_listener
[39.860s] -- Up-to-date: /home/hj926217/ros2ws/install/px4_ros_com/lib/px4_ros_com/debug_vect_advertiser
[39.861s] -- Up-to-date: /home/hj926217/ros2ws/install/px4_ros_com/lib/px4_ros_com/nav_path
[39.862s] -- Up-to-date: /home/hj926217/ros2ws/install/px4_ros_com/lib/px4_ros_com/circle_flight
[39.862s] -- Up-to-date: /home/hj926217/ros2ws/install/px4_ros_com/lib/px4_ros_com/tf2_control
[39.863s] -- Up-to-date: /home/hj926217/ros2ws/install/px4_ros_com/lib/px4_ros_com/aruco_position_sub
[39.865s] -- Up-to-date: /home/hj926217/ros2ws/install/px4_ros_com/lib/px4_ros_com/vertiport_land
[39.866s] -- Up-to-date: /home/hj926217/ros2ws/install/px4_ros_com/lib/px4_ros_com/aruco_position_publisher_node
[39.867s] -- Up-to-date: /home/hj926217/ros2ws/install/px4_ros_com/lib/px4_ros_com/offboard_control
[39.869s] -- Up-to-date: /home/hj926217/ros2ws/install/px4_ros_com/lib/px4_ros_com/offboard_control_srv
[39.869s] -- Up-to-date: /home/hj926217/ros2ws/install/px4_ros_com/share/px4_ros_com/environment/library_path.sh
[39.869s] -- Up-to-date: /home/hj926217/ros2ws/install/px4_ros_com/share/px4_ros_com/environment/library_path.dsv
[39.870s] -- Up-to-date: /home/hj926217/ros2ws/install/px4_ros_com/include/px4_ros_com
[39.870s] -- Up-to-date: /home/hj926217/ros2ws/install/px4_ros_com/include/px4_ros_com/frame_transforms.h
[39.870s] -- Up-to-date: /home/hj926217/ros2ws/install/px4_ros_com/lib/libframe_transforms.so
[39.871s] -- Up-to-date: /home/hj926217/ros2ws/install/px4_ros_com/share/px4_ros_com//launch
[39.871s] -- Up-to-date: /home/hj926217/ros2ws/install/px4_ros_com/share/px4_ros_com//launch/lidar_octomap_launch.py
[39.871s] -- Up-to-date: /home/hj926217/ros2ws/install/px4_ros_com/share/px4_ros_com//launch/rtab_points.launch.py
[39.872s] -- Up-to-date: /home/hj926217/ros2ws/install/px4_ros_com/share/px4_ros_com//launch/path_follower_launch.py
[39.872s] -- Up-to-date: /home/hj926217/ros2ws/install/px4_ros_com/share/px4_ros_com//launch/offboard_control_launch.yaml
[39.872s] -- Up-to-date: /home/hj926217/ros2ws/install/px4_ros_com/share/px4_ros_com//launch/sensor_combined_listener.launch.py
[39.872s] -- Up-to-date: /home/hj926217/ros2ws/install/px4_ros_com/share/px4_ros_com//test
[39.872s] -- Up-to-date: /home/hj926217/ros2ws/install/px4_ros_com/share/px4_ros_com//test/test_output.py
[39.872s] -- Up-to-date: /home/hj926217/ros2ws/install/px4_ros_com/share/px4_ros_com//test/__init__.py
[39.873s] -- Up-to-date: /home/hj926217/ros2ws/install/px4_ros_com/share/px4_ros_com//test/pipeline_io_test.py
[39.873s] -- Up-to-date: /home/hj926217/ros2ws/install/px4_ros_com/share/px4_ros_com//test/test_input.py
[39.873s] -- Up-to-date: /home/hj926217/ros2ws/install/px4_ros_com/share/px4_ros_com/environment/pythonpath.sh
[39.873s] -- Up-to-date: /home/hj926217/ros2ws/install/px4_ros_com/share/px4_ros_com/environment/pythonpath.dsv
[39.874s] -- Up-to-date: /home/hj926217/ros2ws/install/px4_ros_com/local/lib/python3.10/dist-packages/px4_ros_com-0.1.0-py3.10.egg-info
[39.874s] -- Installing: /home/hj926217/ros2ws/install/px4_ros_com/local/lib/python3.10/dist-packages/px4_ros_com-0.1.0-py3.10.egg-info/SOURCES.txt
[39.874s] -- Installing: /home/hj926217/ros2ws/install/px4_ros_com/local/lib/python3.10/dist-packages/px4_ros_com-0.1.0-py3.10.egg-info/PKG-INFO
[39.874s] -- Installing: /home/hj926217/ros2ws/install/px4_ros_com/local/lib/python3.10/dist-packages/px4_ros_com-0.1.0-py3.10.egg-info/top_level.txt
[39.874s] -- Installing: /home/hj926217/ros2ws/install/px4_ros_com/local/lib/python3.10/dist-packages/px4_ros_com-0.1.0-py3.10.egg-info/dependency_links.txt
[39.875s] -- Up-to-date: /home/hj926217/ros2ws/install/px4_ros_com/local/lib/python3.10/dist-packages/px4_ros_com
[39.875s] -- Up-to-date: /home/hj926217/ros2ws/install/px4_ros_com/local/lib/python3.10/dist-packages/px4_ros_com/module_to_import.py
[39.875s] -- Up-to-date: /home/hj926217/ros2ws/install/px4_ros_com/local/lib/python3.10/dist-packages/px4_ros_com/__init__.py
[39.965s] Listing '/home/hj926217/ros2ws/install/px4_ros_com/local/lib/python3.10/dist-packages/px4_ros_com'...
[39.981s] -- Up-to-date: /home/hj926217/ros2ws/install/px4_ros_com/lib/px4_ros_com/offboard_control.py
[39.982s] -- Up-to-date: /home/hj926217/ros2ws/install/px4_ros_com/share/ament_index/resource_index/package_run_dependencies/px4_ros_com
[39.983s] -- Up-to-date: /home/hj926217/ros2ws/install/px4_ros_com/share/ament_index/resource_index/parent_prefix_path/px4_ros_com
[39.983s] -- Up-to-date: /home/hj926217/ros2ws/install/px4_ros_com/share/px4_ros_com/environment/ament_prefix_path.sh
[39.983s] -- Up-to-date: /home/hj926217/ros2ws/install/px4_ros_com/share/px4_ros_com/environment/ament_prefix_path.dsv
[39.983s] -- Up-to-date: /home/hj926217/ros2ws/install/px4_ros_com/share/px4_ros_com/environment/path.sh
[39.983s] -- Up-to-date: /home/hj926217/ros2ws/install/px4_ros_com/share/px4_ros_com/environment/path.dsv
[39.985s] -- Up-to-date: /home/hj926217/ros2ws/install/px4_ros_com/share/px4_ros_com/local_setup.bash
[39.985s] -- Up-to-date: /home/hj926217/ros2ws/install/px4_ros_com/share/px4_ros_com/local_setup.sh
[39.986s] -- Up-to-date: /home/hj926217/ros2ws/install/px4_ros_com/share/px4_ros_com/local_setup.zsh
[39.986s] -- Up-to-date: /home/hj926217/ros2ws/install/px4_ros_com/share/px4_ros_com/local_setup.dsv
[39.987s] -- Installing: /home/hj926217/ros2ws/install/px4_ros_com/share/px4_ros_com/package.dsv
[39.987s] -- Up-to-date: /home/hj926217/ros2ws/install/px4_ros_com/share/ament_index/resource_index/packages/px4_ros_com
[39.987s] -- Up-to-date: /home/hj926217/ros2ws/install/px4_ros_com/share/px4_ros_com/cmake/export_frame_transformsExport.cmake
[39.987s] -- Up-to-date: /home/hj926217/ros2ws/install/px4_ros_com/share/px4_ros_com/cmake/export_frame_transformsExport-noconfig.cmake
[39.988s] -- Up-to-date: /home/hj926217/ros2ws/install/px4_ros_com/share/px4_ros_com/cmake/ament_cmake_export_dependencies-extras.cmake
[39.990s] -- Up-to-date: /home/hj926217/ros2ws/install/px4_ros_com/share/px4_ros_com/cmake/ament_cmake_export_targets-extras.cmake
[39.990s] -- Up-to-date: /home/hj926217/ros2ws/install/px4_ros_com/share/px4_ros_com/cmake/ament_cmake_export_include_directories-extras.cmake
[39.991s] -- Up-to-date: /home/hj926217/ros2ws/install/px4_ros_com/share/px4_ros_com/cmake/ament_cmake_export_libraries-extras.cmake
[39.992s] -- Up-to-date: /home/hj926217/ros2ws/install/px4_ros_com/share/px4_ros_com/cmake/px4_ros_comConfig.cmake
[39.992s] -- Up-to-date: /home/hj926217/ros2ws/install/px4_ros_com/share/px4_ros_com/cmake/px4_ros_comConfig-version.cmake
[39.993s] -- Up-to-date: /home/hj926217/ros2ws/install/px4_ros_com/share/px4_ros_com/package.xml
[39.993s] Invoked command in '/home/hj926217/ros2ws/build/px4_ros_com' returned '0': CMAKE_PREFIX_PATH=/home/hj926217/ros2ws/install/px4_msgs:/home/hj926217/ros2ws/install/px4_ros_com:/opt/ros/humble LD_LIBRARY_PATH=/home/hj926217/ros2ws/install/px4_msgs/lib:/home/hj926217/ros2ws/install/px4_ros_com/lib:/opt/ros/humble/opt/rviz_ogre_vendor/lib:/opt/ros/humble/lib/x86_64-linux-gnu:/opt/ros/humble/lib:/usr/local/lib /usr/bin/cmake --install /home/hj926217/ros2ws/build/px4_ros_com
