[0.015s] Invoking command in '/home/hj926217/ros2ws/build/px4_ros_com': AMENT_PREFIX_PATH=/home/hj926217/ros2ws/install/px4_msgs:${AMENT_PREFIX_PATH} CMAKE_PREFIX_PATH=/home/hj926217/ros2ws/install/px4_msgs:/opt/ros/humble LD_LIBRARY_PATH=/home/hj926217/ros2ws/install/px4_msgs/lib:/opt/ros/humble/opt/rviz_ogre_vendor/lib:/opt/ros/humble/lib/x86_64-linux-gnu:/opt/ros/humble/lib:/usr/local/lib PYTHONPATH=/home/hj926217/ros2ws/install/px4_msgs/local/lib/python3.10/dist-packages:${PYTHONPATH} /usr/bin/cmake --build /home/hj926217/ros2ws/build/px4_ros_com -- -j16 -l16
[0.036s] -- Found ament_cmake: 1.3.12 (/opt/ros/humble/share/ament_cmake/cmake)
[0.158s] -- Found builtin_interfaces: 1.2.2 (/opt/ros/humble/share/builtin_interfaces/cmake)
[0.183s] -- Found rosidl_generator_c: 3.1.7 (/opt/ros/humble/share/rosidl_generator_c/cmake)
[0.186s] -- Found rosidl_adapter: 3.1.7 (/opt/ros/humble/share/rosidl_adapter/cmake)
[0.191s] -- Found rosidl_generator_cpp: 3.1.7 (/opt/ros/humble/share/rosidl_generator_cpp/cmake)
[0.202s] -- Using all available rosidl_typesupport_c: rosidl_typesupport_fastrtps_c;rosidl_typesupport_introspection_c
[0.215s] -- Using all available rosidl_typesupport_cpp: rosidl_typesupport_fastrtps_cpp;rosidl_typesupport_introspection_cpp
[0.225s] -- Found eigen3_cmake_module: 0.1.1 (/opt/ros/humble/share/eigen3_cmake_module/cmake)
[0.226s] -- Found geometry_msgs: 4.9.0 (/opt/ros/humble/share/geometry_msgs/cmake)
[0.252s] -- Found px4_msgs: 2.0.1 (/home/hj926217/ros2ws/install/px4_msgs/share/px4_msgs/cmake)
[0.268s] -- Found rclcpp: 16.0.15 (/opt/ros/humble/share/rclcpp/cmake)
[0.297s] -- Found rmw_implementation_cmake: 6.1.2 (/opt/ros/humble/share/rmw_implementation_cmake/cmake)
[0.299s] -- Found rmw_fastrtps_cpp: 6.2.9 (/opt/ros/humble/share/rmw_fastrtps_cpp/cmake)
[0.400s] -- Using RMW implementation 'rmw_fastrtps_cpp' as default
[0.439s] -- Found sensor_msgs: 4.9.0 (/opt/ros/humble/share/sensor_msgs/cmake)
[0.457s] -- Found rclpy: 3.3.17 (/opt/ros/humble/share/rclpy/cmake)
[0.457s] -- Found tf2: 0.25.16 (/opt/ros/humble/share/tf2/cmake)
[0.462s] -- Found tf2_ros: 0.25.16 (/opt/ros/humble/share/tf2_ros/cmake)
[0.541s] -- Found tf2_geometry_msgs: 0.25.16 (/opt/ros/humble/share/tf2_geometry_msgs/cmake)
[0.547s] -- Ensuring Eigen3 include directory is part of orocos-kdl CMake target
[0.550s] -- Found nav_msgs: 4.9.0 (/opt/ros/humble/share/nav_msgs/cmake)
[0.574s] -- Found cv_bridge: 4.1.0 (/home/hj926217/aruco/install/cv_bridge/share/cv_bridge/cmake)
[0.610s] -- Found ament_lint_auto: 0.12.14 (/opt/ros/humble/share/ament_lint_auto/cmake)
[0.684s] -- Added test 'copyright' to check source files copyright and LICENSE
[0.692s] -- Added test 'cppcheck' to perform static code analysis on C / C++ code
[0.693s] -- Configured cppcheck include dirs: /home/hj926217/ros2ws/src/px4_ros_com/include;$<BUILD_INTERFACE:/home/hj926217/ros2ws/src/px4_ros_com/include/px4_ros_com>;/home/hj926217/ros2ws/src/px4_ros_com/third_party/c_library_v2
[0.693s] -- Configured cppcheck exclude dirs and/or files: 
[0.698s] -- Added test 'cpplint' to check C / C++ code against the Google style
[0.698s] -- Configured cpplint exclude dirs and/or files: 
[0.699s] -- Added test 'flake8' to check Python code syntax and style conventions
[0.700s] -- Added test 'lint_cmake' to check CMake code style
[0.700s] -- Added test 'pep257' to check Python code against some of the docstring style conventions in PEP 257
[0.705s] -- Added test 'uncrustify' to check C / C++ code style
[0.705s] -- Configured uncrustify additional arguments: 
[0.706s] -- Added test 'xmllint' to check XML markup files
[0.708s] -- Configuring done
[0.762s] -- Generating done
[0.782s] -- Build files have been written to: /home/hj926217/ros2ws/build/px4_ros_com
[0.813s] [35m[1mConsolidate compiler generated dependencies of target frame_transforms[0m
[0.813s] [35m[1mConsolidate compiler generated dependencies of target offboard_control[0m
[0.813s] [35m[1mConsolidate compiler generated dependencies of target vehicle_gps_position_listener[0m
[0.814s] [35m[1mConsolidate compiler generated dependencies of target ground_odom[0m
[0.815s] [35m[1mConsolidate compiler generated dependencies of target aruco_position_sub[0m
[0.815s] [35m[1mConsolidate compiler generated dependencies of target sensor_combined_listener[0m
[0.815s] [35m[1mConsolidate compiler generated dependencies of target tf2_control[0m
[0.816s] [35m[1mConsolidate compiler generated dependencies of target vertiport_land[0m
[0.816s] [35m[1mConsolidate compiler generated dependencies of target debug_vect_advertiser[0m
[0.819s] [35m[1mConsolidate compiler generated dependencies of target offboard_control_srv[0m
[0.823s] [35m[1mConsolidate compiler generated dependencies of target aruco_position_publisher_node[0m
[0.829s] [  4%] [32mBuilding CXX object CMakeFiles/precisionland.dir/src/precisionland.cpp.o[0m
[0.847s] [  4%] Built target ament_cmake_python_copy_px4_ros_com
[0.848s] [ 12%] Built target frame_transforms
[0.852s] [ 25%] Built target sensor_combined_listener
[0.852s] [ 29%] Built target offboard_control_srv
[0.852s] [ 37%] Built target debug_vect_advertiser
[0.853s] [ 54%] Built target aruco_position_sub
[0.853s] [ 54%] Built target vertiport_land
[0.853s] [ 79%] Built target offboard_control
[0.853s] [ 79%] Built target vehicle_gps_position_listener
[0.853s] [ 79%] Built target aruco_position_publisher_node
[0.854s] [ 87%] Built target ground_odom
[0.854s] [ 95%] Built target tf2_control
[1.232s] running egg_info
[1.233s] writing px4_ros_com.egg-info/PKG-INFO
[1.233s] writing dependency_links to px4_ros_com.egg-info/dependency_links.txt
[1.234s] writing top-level names to px4_ros_com.egg-info/top_level.txt
[1.237s] reading manifest file 'px4_ros_com.egg-info/SOURCES.txt'
[1.238s] writing manifest file 'px4_ros_com.egg-info/SOURCES.txt'
[1.259s] [01m[K/home/hj926217/ros2ws/src/px4_ros_com/src/precisionland.cpp:15:10:[m[K [01;31m[Kfatal error: [m[Kpx4_msgs/msg/vehicle_local_position_v1.hpp: No such file or directory
[1.260s]    15 | #include [01;31m[K"px4_msgs/msg/vehicle_local_position_v1.hpp"[m[K
[1.260s]       |          [01;31m[K^~~~~~~~~~~~~~~~~~~~~~~~~~~~~~~~~~~~~~~~~~~~[m[K
[1.260s] compilation terminated.
[1.264s] gmake[2]: *** [CMakeFiles/precisionland.dir/build.make:76: CMakeFiles/precisionland.dir/src/precisionland.cpp.o] Error 1
[1.264s] gmake[1]: *** [CMakeFiles/Makefile2:292: CMakeFiles/precisionland.dir/all] Error 2
[1.264s] gmake[1]: *** Waiting for unfinished jobs....
[1.274s] [ 95%] Built target ament_cmake_python_build_px4_ros_com_egg
[1.276s] gmake: *** [Makefile:146: all] Error 2
[1.279s] Invoked command in '/home/hj926217/ros2ws/build/px4_ros_com' returned '2': AMENT_PREFIX_PATH=/home/hj926217/ros2ws/install/px4_msgs:${AMENT_PREFIX_PATH} CMAKE_PREFIX_PATH=/home/hj926217/ros2ws/install/px4_msgs:/opt/ros/humble LD_LIBRARY_PATH=/home/hj926217/ros2ws/install/px4_msgs/lib:/opt/ros/humble/opt/rviz_ogre_vendor/lib:/opt/ros/humble/lib/x86_64-linux-gnu:/opt/ros/humble/lib:/usr/local/lib PYTHONPATH=/home/hj926217/ros2ws/install/px4_msgs/local/lib/python3.10/dist-packages:${PYTHONPATH} /usr/bin/cmake --build /home/hj926217/ros2ws/build/px4_ros_com -- -j16 -l16
