[0.013s] Invoking command in '/home/hj926217/ros2ws/build/px4_ros_com': AMENT_PREFIX_PATH=/home/hj926217/ros2ws/install/px4_msgs:${AMENT_PREFIX_PATH} CMAKE_PREFIX_PATH=/home/hj926217/ros2ws/install/px4_msgs:/opt/ros/humble LD_LIBRARY_PATH=/home/hj926217/ros2ws/install/px4_msgs/lib:/opt/ros/humble/opt/rviz_ogre_vendor/lib:/opt/ros/humble/lib/x86_64-linux-gnu:/opt/ros/humble/lib:/usr/local/lib PYTHONPATH=/home/hj926217/ros2ws/install/px4_msgs/local/lib/python3.10/dist-packages:${PYTHONPATH} /usr/bin/cmake --build /home/hj926217/ros2ws/build/px4_ros_com -- -j16 -l16
[0.040s] -- Found ament_cmake: 1.3.12 (/opt/ros/humble/share/ament_cmake/cmake)
[0.172s] -- Found builtin_interfaces: 1.2.2 (/opt/ros/humble/share/builtin_interfaces/cmake)
[0.194s] -- Found rosidl_generator_c: 3.1.7 (/opt/ros/humble/share/rosidl_generator_c/cmake)
[0.196s] -- Found rosidl_adapter: 3.1.7 (/opt/ros/humble/share/rosidl_adapter/cmake)
[0.201s] -- Found rosidl_generator_cpp: 3.1.7 (/opt/ros/humble/share/rosidl_generator_cpp/cmake)
[0.207s] -- Using all available rosidl_typesupport_c: rosidl_typesupport_fastrtps_c;rosidl_typesupport_introspection_c
[0.218s] -- Using all available rosidl_typesupport_cpp: rosidl_typesupport_fastrtps_cpp;rosidl_typesupport_introspection_cpp
[0.229s] -- Found eigen3_cmake_module: 0.1.1 (/opt/ros/humble/share/eigen3_cmake_module/cmake)
[0.230s] -- Found geometry_msgs: 4.9.0 (/opt/ros/humble/share/geometry_msgs/cmake)
[0.256s] -- Found px4_msgs: 2.0.1 (/home/hj926217/ros2ws/install/px4_msgs/share/px4_msgs/cmake)
[0.267s] -- Found rclcpp: 16.0.15 (/opt/ros/humble/share/rclcpp/cmake)
[0.288s] -- Found rmw_implementation_cmake: 6.1.2 (/opt/ros/humble/share/rmw_implementation_cmake/cmake)
[0.290s] -- Found rmw_fastrtps_cpp: 6.2.9 (/opt/ros/humble/share/rmw_fastrtps_cpp/cmake)
[0.401s] -- Using RMW implementation 'rmw_fastrtps_cpp' as default
[0.441s] -- Found sensor_msgs: 4.9.0 (/opt/ros/humble/share/sensor_msgs/cmake)
[0.455s] -- Found rclpy: 3.3.17 (/opt/ros/humble/share/rclpy/cmake)
[0.455s] -- Found tf2: 0.25.16 (/opt/ros/humble/share/tf2/cmake)
[0.458s] -- Found tf2_ros: 0.25.16 (/opt/ros/humble/share/tf2_ros/cmake)
[0.545s] -- Found tf2_geometry_msgs: 0.25.16 (/opt/ros/humble/share/tf2_geometry_msgs/cmake)
[0.551s] -- Ensuring Eigen3 include directory is part of orocos-kdl CMake target
[0.553s] -- Found nav_msgs: 4.9.0 (/opt/ros/humble/share/nav_msgs/cmake)
[0.574s] -- Found cv_bridge: 4.1.0 (/home/hj926217/aruco/install/cv_bridge/share/cv_bridge/cmake)
[0.606s] -- Found ament_lint_auto: 0.12.14 (/opt/ros/humble/share/ament_lint_auto/cmake)
[0.681s] -- Added test 'copyright' to check source files copyright and LICENSE
[0.685s] -- Added test 'cppcheck' to perform static code analysis on C / C++ code
[0.685s] -- Configured cppcheck include dirs: /home/hj926217/ros2ws/src/px4_ros_com/include;$<BUILD_INTERFACE:/home/hj926217/ros2ws/src/px4_ros_com/include/px4_ros_com>
[0.685s] -- Configured cppcheck exclude dirs and/or files: 
[0.689s] -- Added test 'cpplint' to check C / C++ code against the Google style
[0.689s] -- Configured cpplint exclude dirs and/or files: 
[0.689s] -- Added test 'flake8' to check Python code syntax and style conventions
[0.690s] -- Added test 'lint_cmake' to check CMake code style
[0.691s] -- Added test 'pep257' to check Python code against some of the docstring style conventions in PEP 257
[0.695s] -- Added test 'uncrustify' to check C / C++ code style
[0.695s] -- Configured uncrustify additional arguments: 
[0.695s] -- Added test 'xmllint' to check XML markup files
[0.697s] -- Configuring done
[0.758s] -- Generating done
[0.779s] -- Build files have been written to: /home/hj926217/ros2ws/build/px4_ros_com
[0.818s] [35m[1mConsolidate compiler generated dependencies of target vehicle_gps_position_listener[0m
[0.819s] [35m[1mConsolidate compiler generated dependencies of target offboard_control_srv[0m
[0.819s] [35m[1mConsolidate compiler generated dependencies of target tf2_control[0m
[0.819s] [35m[1mConsolidate compiler generated dependencies of target aruco_position_sub[0m
[0.819s] [35m[1mConsolidate compiler generated dependencies of target frame_transforms[0m
[0.819s] [35m[1mConsolidate compiler generated dependencies of target nav_path[0m
[0.820s] [35m[1mConsolidate compiler generated dependencies of target ground_odom[0m
[0.820s] [35m[1mConsolidate compiler generated dependencies of target vertiport_land[0m
[0.823s] [35m[1mConsolidate compiler generated dependencies of target debug_vect_advertiser[0m
[0.823s] [35m[1mConsolidate compiler generated dependencies of target aruco_position_publisher_node[0m
[0.825s] [35m[1mConsolidate compiler generated dependencies of target sensor_combined_listener[0m
[0.828s] [35m[1mConsolidate compiler generated dependencies of target offboard_control[0m
[0.835s] [  3%] [32mBuilding CXX object CMakeFiles/circle_flight.dir/src/circle_flight.cpp.o[0m
[0.848s] [  3%] Built target ament_cmake_python_copy_px4_ros_com
[0.856s] [ 11%] Built target frame_transforms
[0.859s] [ 19%] Built target nav_path
[0.860s] [ 26%] Built target offboard_control
[0.860s] [ 38%] Built target offboard_control_srv
[0.860s] [ 53%] Built target tf2_control
[0.860s] [ 53%] Built target vehicle_gps_position_listener
[0.860s] [ 69%] Built target debug_vect_advertiser
[0.861s] [ 69%] Built target vertiport_land
[0.861s] [ 73%] Built target ground_odom
[0.861s] [ 80%] Built target aruco_position_sub
[0.861s] [ 88%] Built target sensor_combined_listener
[0.861s] [ 96%] Built target aruco_position_publisher_node
[1.152s] running egg_info
[1.153s] writing px4_ros_com.egg-info/PKG-INFO
[1.153s] writing dependency_links to px4_ros_com.egg-info/dependency_links.txt
[1.154s] writing top-level names to px4_ros_com.egg-info/top_level.txt
[1.157s] reading manifest file 'px4_ros_com.egg-info/SOURCES.txt'
[1.158s] writing manifest file 'px4_ros_com.egg-info/SOURCES.txt'
[1.200s] [ 96%] Built target ament_cmake_python_build_px4_ros_com_egg
[3.518s] [01m[K/home/hj926217/ros2ws/src/px4_ros_com/src/circle_flight.cpp:[m[K In member function ‘[01m[Kuint64_t OffboardCircle::nowMicros() const[m[K’:
[3.519s] [01m[K/home/hj926217/ros2ws/src/px4_ros_com/src/circle_flight.cpp:82:56:[m[K [01;31m[Kerror: [m[Kpassing ‘[01m[Kstd::__shared_ptr_access<const rclcpp::Clock, __gnu_cxx::_S_atomic, false, false>::element_type[m[K’ {aka ‘[01m[Kconst rclcpp::Clock[m[K’} as ‘[01m[Kthis[m[K’ argument discards qualifiers [[01;31m[K]8;;https://gcc.gnu.org/onlinedocs/gcc/Warning-Options.html#index-fpermissive-fpermissive]8;;[m[K]
[3.519s]    82 |     return static_cast<uint64_t>([01;31m[Kthis->get_clock()->now()[m[K.nanoseconds() / 1000ULL);
[3.519s]       |                                  [01;31m[K~~~~~~~~~~~~~~~~~~~~~~^~[m[K
[3.519s] In file included from [01m[K/opt/ros/humble/include/rclcpp/rclcpp/timer.hpp:27[m[K,
[3.519s]                  from [01m[K/opt/ros/humble/include/rclcpp/rclcpp/callback_group.hpp:30[m[K,
[3.519s]                  from [01m[K/opt/ros/humble/include/rclcpp/rclcpp/any_executable.hpp:20[m[K,
[3.519s]                  from [01m[K/opt/ros/humble/include/rclcpp/rclcpp/memory_strategy.hpp:25[m[K,
[3.519s]                  from [01m[K/opt/ros/humble/include/rclcpp/rclcpp/memory_strategies.hpp:18[m[K,
[3.519s]                  from [01m[K/opt/ros/humble/include/rclcpp/rclcpp/executor_options.hpp:20[m[K,
[3.519s]                  from [01m[K/opt/ros/humble/include/rclcpp/rclcpp/executor.hpp:37[m[K,
[3.519s]                  from [01m[K/opt/ros/humble/include/rclcpp/rclcpp/executors/multi_threaded_executor.hpp:25[m[K,
[3.519s]                  from [01m[K/opt/ros/humble/include/rclcpp/rclcpp/executors.hpp:21[m[K,
[3.519s]                  from [01m[K/opt/ros/humble/include/rclcpp/rclcpp/rclcpp.hpp:155[m[K,
[3.519s]                  from [01m[K/home/hj926217/ros2ws/src/px4_ros_com/src/circle_flight.cpp:6[m[K:
[3.520s] [01m[K/opt/ros/humble/include/rclcpp/rclcpp/clock.hpp:87:3:[m[K [01;36m[Knote: [m[K  in call to ‘[01m[Krclcpp::Time rclcpp::Clock::now()[m[K’
[3.520s]    87 |   [01;36m[Know[m[K();
[3.520s]       |   [01;36m[K^~~[m[K
[6.318s] gmake[2]: *** [CMakeFiles/circle_flight.dir/build.make:76: CMakeFiles/circle_flight.dir/src/circle_flight.cpp.o] Error 1
[6.319s] gmake[1]: *** [CMakeFiles/Makefile2:320: CMakeFiles/circle_flight.dir/all] Error 2
[6.319s] gmake: *** [Makefile:146: all] Error 2
[6.321s] Invoked command in '/home/hj926217/ros2ws/build/px4_ros_com' returned '2': AMENT_PREFIX_PATH=/home/hj926217/ros2ws/install/px4_msgs:${AMENT_PREFIX_PATH} CMAKE_PREFIX_PATH=/home/hj926217/ros2ws/install/px4_msgs:/opt/ros/humble LD_LIBRARY_PATH=/home/hj926217/ros2ws/install/px4_msgs/lib:/opt/ros/humble/opt/rviz_ogre_vendor/lib:/opt/ros/humble/lib/x86_64-linux-gnu:/opt/ros/humble/lib:/usr/local/lib PYTHONPATH=/home/hj926217/ros2ws/install/px4_msgs/local/lib/python3.10/dist-packages:${PYTHONPATH} /usr/bin/cmake --build /home/hj926217/ros2ws/build/px4_ros_com -- -j16 -l16
